<?xml version="1.0" encoding="utf-8"?>
<testsuites time="901.818" tests="195" failures="0">
  <testsuite id="0" name="DynamoCoreWpfTests.dll" tests="195" failures="0" time="901.818">
    <testcase classname="DynamoCoreWpfTests.RecordedTests" name="_SnowPeashooter" time="5.2248089" />
    <testcase classname="DynamoCoreWpfTests.RecordedTests" name="CombinationOfConnectorHotKeys" time="7.0075990" />
    <testcase classname="DynamoCoreWpfTests.RecordedTests" name="CreateAndUseCustomNode" time="4.9894060" />
    <testcase classname="DynamoCoreWpfTests.RecordedTests" name="Defect_MAGN_1143_CN" time="4.8370900" />
    <testcase classname="DynamoCoreWpfTests.RecordedTests" name="Defect_MAGN_2144_CN" time="5.5977629" />
    <testcase classname="DynamoCoreWpfTests.RecordedTests" name="Defect_MAGN_6821_multipleInput" time="6.8497330" />
    <testcase classname="DynamoCoreWpfTests.RecordedTests" name="Defect_MAGN_6821_multipleInstance" time="5.7238950" />
    <testcase classname="DynamoCoreWpfTests.RecordedTests" name="Defect_MAGN_6821_nestedCustomNode" time="5.3226100" />
    <testcase classname="DynamoCoreWpfTests.RecordedTests" name="Defect_MAGN_6821_withInput" time="5.7160149" />
    <testcase classname="DynamoCoreWpfTests.RecordedTests" name="Defect_MAGN_6821_withoutInput" time="3.4675320" />
    <testcase classname="DynamoCoreWpfTests.RecordedTests" name="MultiPassValidationSample" time="3.8678580" />
    <testcase classname="DynamoCoreWpfTests.RecordedTests" name="TestAddingAndRemovingConnectors" time="3.7539730" />
    <testcase classname="DynamoCoreWpfTests.RecordedTests" name="TestCreateAndConnectNodeCommand" time="2.2962980" />
    <testcase classname="DynamoCoreWpfTests.RecordedTests" name="TestCreateCustomNodeCommand" time="2.9527790" />
    <testcase classname="DynamoCoreWpfTests.RecordedTests" name="TestCreateNodeCommand" time="3.0518770" />
    <testcase classname="DynamoCoreWpfTests.RecordedTests" name="TestCreateNodeCommandWithMultiGuids" time="4.3206550" />
    <testcase classname="DynamoCoreWpfTests.RecordedTests" name="TestCreateNoteCommand" time="2.9014650" />
    <testcase classname="DynamoCoreWpfTests.RecordedTests" name="TestCreateNoteCommandWithMultiGuids" time="3.7187920" />
    <testcase classname="DynamoCoreWpfTests.RecordedTests" name="TestCtrlClickInputConnections" time="4.8787210" />
    <testcase classname="DynamoCoreWpfTests.RecordedTests" name="TestCtrlClickInputConnectionsUndo" time="4.8129830" />
    <testcase classname="DynamoCoreWpfTests.RecordedTests" name="TestCtrlClickInputConnectionsUndoRedo" time="4.8256740" />
    <testcase classname="DynamoCoreWpfTests.RecordedTests" name="TestCtrlConnections" time="4.4348080" />
    <testcase classname="DynamoCoreWpfTests.RecordedTests" name="TestCtrlConnectionsUndo" time="4.4212210" />
    <testcase classname="DynamoCoreWpfTests.RecordedTests" name="TestCtrlConnectionsUndoRedo" time="4.3362540" />
    <testcase classname="DynamoCoreWpfTests.RecordedTests" name="TestCustomNode" time="5.8499700" />
    <testcase classname="DynamoCoreWpfTests.RecordedTests" name="TestCustomNodeSyntaxError_DoesNotCrash" time="4.4935230" />
    <testcase classname="DynamoCoreWpfTests.RecordedTests" name="TestCustomNodeUI" time="10.4219020" />
    <testcase classname="DynamoCoreWpfTests.RecordedTests" name="TestDeleteModelCommand" time="3.4416620" />
    <testcase classname="DynamoCoreWpfTests.RecordedTests" name="TestDeleteModelCommandWithMultiGuids" time="4.2014170" />
    <testcase classname="DynamoCoreWpfTests.RecordedTests" name="TestDragSelectionCommand" time="3.0862440" />
    <testcase classname="DynamoCoreWpfTests.RecordedTests" name="TestMakeConnectionCommand" time="3.7140370" />
    <testcase classname="DynamoCoreWpfTests.RecordedTests" name="TestMakeConnectionCommandWithMultiGuids" time="4.9991390" />
    <testcase classname="DynamoCoreWpfTests.RecordedTests" name="TestModelEventCommandWithMultiGuids" time="4.7165460" />
    <testcase classname="DynamoCoreWpfTests.RecordedTests" name="TestModifyPythonNodes" time="4.5045470" />
    <testcase classname="DynamoCoreWpfTests.RecordedTests" name="TestModifyPythonNodesUndo" time="4.5178930" />
    <testcase classname="DynamoCoreWpfTests.RecordedTests" name="TestModifyPythonNodesUndoRedo" time="4.3507619" />
    <testcase classname="DynamoCoreWpfTests.RecordedTests" name="TestNodeDeletionWhileMakingConnectionToOtherNode" time="4.4473030" />
    <testcase classname="DynamoCoreWpfTests.RecordedTests" name="TestPausePlaybackCommand" time="3.3466660" />
    <testcase classname="DynamoCoreWpfTests.RecordedTests" name="TestPreviewToggleConnectionMultiOutputNode" time="7.1013880" />
    <testcase classname="DynamoCoreWpfTests.RecordedTests" name="TestReconnectionUndo" time="4.4153460" />
    <testcase classname="DynamoCoreWpfTests.RecordedTests" name="TestRunCancelCommand" time="2.8593829" />
    <testcase classname="DynamoCoreWpfTests.RecordedTests" name="TestRunEnabledButtonCanBeDisabled" time="4.1648390" />
    <testcase classname="DynamoCoreWpfTests.RecordedTests" name="TestSelectInRegionCommand" time="2.7004220" />
    <testcase classname="DynamoCoreWpfTests.RecordedTests" name="TestSelectiveShiftClickdOutputUndo" time="7.9222400" />
    <testcase classname="DynamoCoreWpfTests.RecordedTests" name="TestSelectiveShiftClickdOutputUndoRedo" time="10.8265590" />
    <testcase classname="DynamoCoreWpfTests.RecordedTests" name="TestSelectiveShiftClickOutput" time="6.6065120" />
    <testcase classname="DynamoCoreWpfTests.RecordedTests" name="TestSelectModelCommand" time="3.2383580" />
    <testcase classname="DynamoCoreWpfTests.RecordedTests" name="TestSelectModelCommandWithMultiGuids" time="5.1058730" />
    <testcase classname="DynamoCoreWpfTests.RecordedTests" name="TestShiftReconnections" time="5.7267390" />
    <testcase classname="DynamoCoreWpfTests.RecordedTests" name="TestShiftReconnectionsCancel" time="4.5191229" />
    <testcase classname="DynamoCoreWpfTests.RecordedTests" name="TestShiftReconnectionsUndo" time="4.7423230" />
    <testcase classname="DynamoCoreWpfTests.RecordedTests" name="TestShiftReconnectionsUndoRedo" time="4.1150090" />
    <testcase classname="DynamoCoreWpfTests.RecordedTests" name="TestSwitchTabCommand" time="2.6268130" />
    <testcase classname="DynamoCoreWpfTests.RecordedTests" name="TestUndoRedoCommand" time="2.8257600" />
    <testcase classname="DynamoCoreWpfTests.RecordedTests" name="TestUngroupModelCommandWithMultiGuids" time="4.1919860" />
    <testcase classname="DynamoCoreWpfTests.RecordedTests" name="TestUpdateModelValueCommand0" time="1.9525190" />
    <testcase classname="DynamoCoreWpfTests.RecordedTests" name="TestUpdateModelValueCommand1" time="3.2428590" />
    <testcase classname="DynamoCoreWpfTests.RecordedTests" name="TestUpdateModelValueCommandWithMultiGuids" time="3.2970560" />
    <testcase classname="DynamoCoreWpfTests.RecordedTestsDSEngine" name="Array_CBN_3921" time="4.6148900" />
    <testcase classname="DynamoCoreWpfTests.RecordedTestsDSEngine" name="Defect_MAGN_1344_PythonEditor" time="4.7227750" />
    <testcase classname="DynamoCoreWpfTests.RecordedTestsDSEngine" name="Defect_MAGN_1412_CreateList" time="4.6231020" />
    <testcase classname="DynamoCoreWpfTests.RecordedTestsDSEngine" name="Defect_MAGN_1463" time="21.1434860" />
    <testcase classname="DynamoCoreWpfTests.RecordedTestsDSEngine" name="Defect_MAGN_159" time="4.1834690" />
    <testcase classname="DynamoCoreWpfTests.RecordedTestsDSEngine" name="Defect_MAGN_159_AnotherScenario" time="3.7339190" />
    <testcase classname="DynamoCoreWpfTests.RecordedTestsDSEngine" name="Defect_MAGN_164" time="3.8129930" />
    <testcase classname="DynamoCoreWpfTests.RecordedTestsDSEngine" name="Defect_MAGN_190" time="4.4404199" />
    <testcase classname="DynamoCoreWpfTests.RecordedTestsDSEngine" name="Defect_MAGN_190_DS" time="4.7617850" />
    <testcase classname="DynamoCoreWpfTests.RecordedTestsDSEngine" name="Defect_MAGN_1956" time="3.5571660" />
    <testcase classname="DynamoCoreWpfTests.RecordedTestsDSEngine" name="Defect_MAGN_2100" time="3.4091030" />
    <testcase classname="DynamoCoreWpfTests.RecordedTestsDSEngine" name="Defect_MAGN_2102" time="3.9726750" />
    <testcase classname="DynamoCoreWpfTests.RecordedTestsDSEngine" name="Defect_MAGN_2201_WatchCBN" time="3.1635749" />
    <testcase classname="DynamoCoreWpfTests.RecordedTestsDSEngine" name="Defect_MAGN_2208_DeleteCBN" time="2.9570550" />
    <testcase classname="DynamoCoreWpfTests.RecordedTestsDSEngine" name="Defect_MAGN_2247" time="4.8806890" />
    <testcase classname="DynamoCoreWpfTests.RecordedTestsDSEngine" name="Defect_MAGN_225" time="3.5817280" />
    <testcase classname="DynamoCoreWpfTests.RecordedTestsDSEngine" name="Defect_MAGN_225_DS" time="3.9715190" />
    <testcase classname="DynamoCoreWpfTests.RecordedTestsDSEngine" name="Defect_MAGN_2279" time="4.2957740" />
    <testcase classname="DynamoCoreWpfTests.RecordedTestsDSEngine" name="Defect_MAGN_2311" time="3.9015410" />
    <testcase classname="DynamoCoreWpfTests.RecordedTestsDSEngine" name="Defect_MAGN_2373" time="4.7742650" />
    <testcase classname="DynamoCoreWpfTests.RecordedTestsDSEngine" name="Defect_MAGN_2453" time="3.7345320" />
    <testcase classname="DynamoCoreWpfTests.RecordedTestsDSEngine" name="Defect_MAGN_2521" time="4.8160020" />
    <testcase classname="DynamoCoreWpfTests.RecordedTestsDSEngine" name="Defect_MAGN_2528" time="3.5060170" />
    <testcase classname="DynamoCoreWpfTests.RecordedTestsDSEngine" name="Defect_MAGN_2563" time="3.3094130" />
    <testcase classname="DynamoCoreWpfTests.RecordedTestsDSEngine" name="Defect_MAGN_2593" time="12.0327450" />
    <testcase classname="DynamoCoreWpfTests.RecordedTestsDSEngine" name="Defect_MAGN_3113" time="3.9930610" />
    <testcase classname="DynamoCoreWpfTests.RecordedTestsDSEngine" name="Defect_MAGN_3116" time="3.7964430" />
    <testcase classname="DynamoCoreWpfTests.RecordedTestsDSEngine" name="Defect_MAGN_3166" time="5.3847900" />
    <testcase classname="DynamoCoreWpfTests.RecordedTestsDSEngine" name="Defect_MAGN_3212" time="4.1702730" />
    <testcase classname="DynamoCoreWpfTests.RecordedTestsDSEngine" name="Defect_MAGN_3580" time="5.7981200" />
    <testcase classname="DynamoCoreWpfTests.RecordedTestsDSEngine" name="Defect_MAGN_3599" time="3.8502040" />
    <testcase classname="DynamoCoreWpfTests.RecordedTestsDSEngine" name="Defect_MAGN_397" time="4.2446270" />
    <testcase classname="DynamoCoreWpfTests.RecordedTestsDSEngine" name="Defect_MAGN_397_DS" time="5.0691300" />
    <testcase classname="DynamoCoreWpfTests.RecordedTestsDSEngine" name="Defect_MAGN_411" time="4.0430260" />
    <testcase classname="DynamoCoreWpfTests.RecordedTestsDSEngine" name="Defect_MAGN_422" time="4.6156879" />
    <testcase classname="DynamoCoreWpfTests.RecordedTestsDSEngine" name="Defect_MAGN_422_1" time="4.5977620" />
    <testcase classname="DynamoCoreWpfTests.RecordedTestsDSEngine" name="Defect_MAGN_429" time="5.1837770" />
    <testcase classname="DynamoCoreWpfTests.RecordedTestsDSEngine" name="Defect_MAGN_429_DS" time="4.4409190" />
    <testcase classname="DynamoCoreWpfTests.RecordedTestsDSEngine" name="Defect_MAGN_4659" time="4.6971370" />
    <testcase classname="DynamoCoreWpfTests.RecordedTestsDSEngine" name="Defect_MAGN_4710" time="4.2822620" />
    <testcase classname="DynamoCoreWpfTests.RecordedTestsDSEngine" name="Defect_MAGN_478" time="3.2306980" />
    <testcase classname="DynamoCoreWpfTests.RecordedTestsDSEngine" name="Defect_MAGN_478_DS" time="3.0881230" />
    <testcase classname="DynamoCoreWpfTests.RecordedTestsDSEngine" name="Defect_MAGN_491" time="5.3622439" />
    <testcase classname="DynamoCoreWpfTests.RecordedTestsDSEngine" name="Defect_MAGN_491_DS" time="5.2427400" />
    <testcase classname="DynamoCoreWpfTests.RecordedTestsDSEngine" name="Defect_MAGN_520" time="5.4224160" />
    <testcase classname="DynamoCoreWpfTests.RecordedTestsDSEngine" name="Defect_MAGN_520_DS" time="4.5260809" />
    <testcase classname="DynamoCoreWpfTests.RecordedTestsDSEngine" name="Defect_MAGN_520_WithCrossSelection" time="3.9757710" />
    <testcase classname="DynamoCoreWpfTests.RecordedTestsDSEngine" name="Defect_MAGN_520_WithCrossSelection_DS" time="4.2238270" />
    <testcase classname="DynamoCoreWpfTests.RecordedTestsDSEngine" name="Defect_MAGN_57" time="5.9357630" />
    <testcase classname="DynamoCoreWpfTests.RecordedTestsDSEngine" name="Defect_MAGN_581" time="5.7351550" />
    <testcase classname="DynamoCoreWpfTests.RecordedTestsDSEngine" name="Defect_MAGN_581_DS" time="5.6061580" />
    <testcase classname="DynamoCoreWpfTests.RecordedTestsDSEngine" name="Defect_MAGN_585" time="4.2969900" />
    <testcase classname="DynamoCoreWpfTests.RecordedTestsDSEngine" name="Defect_MAGN_589_1" time="4.3875960" />
    <testcase classname="DynamoCoreWpfTests.RecordedTestsDSEngine" name="Defect_MAGN_589_2" time="4.8910040" />
    <testcase classname="DynamoCoreWpfTests.RecordedTestsDSEngine" name="Defect_MAGN_589_3" time="3.4938600" />
    <testcase classname="DynamoCoreWpfTests.RecordedTestsDSEngine" name="Defect_MAGN_590" time="3.9583660" />
    <testcase classname="DynamoCoreWpfTests.RecordedTestsDSEngine" name="Defect_MAGN_590_1" time="3.5022810" />
    <testcase classname="DynamoCoreWpfTests.RecordedTestsDSEngine" name="Defect_MAGN_605" time="3.6649760" />
    <testcase classname="DynamoCoreWpfTests.RecordedTestsDSEngine" name="Defect_MAGN_613" time="3.7991590" />
    <testcase classname="DynamoCoreWpfTests.RecordedTestsDSEngine" name="Defect_MAGN_624_1" time="4.0561780" />
    <testcase classname="DynamoCoreWpfTests.RecordedTestsDSEngine" name="Defect_MAGN_747_MultiReference" time="3.6264620" />
    <testcase classname="DynamoCoreWpfTests.RecordedTestsDSEngine" name="Defect_MAGN_775" time="3.5241950" />
    <testcase classname="DynamoCoreWpfTests.RecordedTestsDSEngine" name="Defect_MAGN_803" time="3.1928020" />
    <testcase classname="DynamoCoreWpfTests.RecordedTestsDSEngine" name="Defect_MAGN_828" time="3.1545220" />
    <testcase classname="DynamoCoreWpfTests.RecordedTestsDSEngine" name="Defect_MAGN_830" time="2.5747860" />
    <testcase classname="DynamoCoreWpfTests.RecordedTestsDSEngine" name="Defect_MAGN_902" time="1.3224640" />
    <testcase classname="DynamoCoreWpfTests.RecordedTestsDSEngine" name="Defect_MAGN_904" time="4.6590720" />
    <testcase classname="DynamoCoreWpfTests.RecordedTestsDSEngine" name="DeleteInput_887" time="3.9487270" />
    <testcase classname="DynamoCoreWpfTests.RecordedTestsDSEngine" name="DS_FunctionRedef01" time="3.6460280" />
    <testcase classname="DynamoCoreWpfTests.RecordedTestsDSEngine" name="DS_FunctionRedef01_2" time="4.4268789" />
    <testcase classname="DynamoCoreWpfTests.RecordedTestsDSEngine" name="DS_FunctionRedef02" time="4.1571460" />
    <testcase classname="DynamoCoreWpfTests.RecordedTestsDSEngine" name="DS_FunctionRedef02_2" time="3.5253840" />
    <testcase classname="DynamoCoreWpfTests.RecordedTestsDSEngine" name="DS_FunctionRedef03" time="3.0054010" />
    <testcase classname="DynamoCoreWpfTests.RecordedTestsDSEngine" name="DS_FunctionRedef03_2" time="3.3100170" />
    <testcase classname="DynamoCoreWpfTests.RecordedTestsDSEngine" name="DS_FunctionRedef04" time="2.4732860" />
    <testcase classname="DynamoCoreWpfTests.RecordedTestsDSEngine" name="DS_FunctionRedef04_2" time="2.6116640" />
    <testcase classname="DynamoCoreWpfTests.RecordedTestsDSEngine" name="EmptyCBN_Save_5454" time="2.1402530" />
    <testcase classname="DynamoCoreWpfTests.RecordedTestsDSEngine" name="EqualEqualTest_Defect6694" time="4.9944950" />
    <testcase classname="DynamoCoreWpfTests.RecordedTestsDSEngine" name="ErrorInCBN_3872" time="2.0441480" />
    <testcase classname="DynamoCoreWpfTests.RecordedTestsDSEngine" name="Lacing_Deffect_5759" time="3.2762950" />
    <testcase classname="DynamoCoreWpfTests.RecordedTestsDSEngine" name="MAGN_7159_ImagePixel" time="5.2646040" />
    <testcase classname="DynamoCoreWpfTests.RecordedTestsDSEngine" name="MAGN_7348_AttractorPoint" time="9.8094110" />
    <testcase classname="DynamoCoreWpfTests.RecordedTestsDSEngine" name="MAGN_7348_Basket1" time="14.7653390" />
    <testcase classname="DynamoCoreWpfTests.RecordedTestsDSEngine" name="MAGN_7348_Core_Python" time="5.8342810" />
    <testcase classname="DynamoCoreWpfTests.RecordedTestsDSEngine" name="MAGN_7348_Count" time="7.0860280" />
    <testcase classname="DynamoCoreWpfTests.RecordedTestsDSEngine" name="MAGN_7348_ListLacing" time="7.4359080" />
    <testcase classname="DynamoCoreWpfTests.RecordedTestsDSEngine" name="MAGN_7348_Math" time="13.9962250" />
    <testcase classname="DynamoCoreWpfTests.RecordedTestsDSEngine" name="MAGN_7348_Math_Point" time="6.2104710" />
    <testcase classname="DynamoCoreWpfTests.RecordedTestsDSEngine" name="MAGN_7348_Math_Point_Formula" time="12.2647549" />
    <testcase classname="DynamoCoreWpfTests.RecordedTestsDSEngine" name="MAGN_7348_MinMax" time="7.3637090" />
    <testcase classname="DynamoCoreWpfTests.RecordedTestsDSEngine" name="MAGN_7348_PassingFunction" time="13.0599260" />
    <testcase classname="DynamoCoreWpfTests.RecordedTestsDSEngine" name="MAGN_7348_RangeSyntax" time="6.5426690" />
    <testcase classname="DynamoCoreWpfTests.RecordedTestsDSEngine" name="MAGN_7348_ReadFromCSV" time="5.2386340" />
    <testcase classname="DynamoCoreWpfTests.RecordedTestsDSEngine" name="MAGN_7348_Reverse" time="6.6546139" />
    <testcase classname="DynamoCoreWpfTests.RecordedTestsDSEngine" name="MAGN_7348_Sort" time="3.8637330" />
    <testcase classname="DynamoCoreWpfTests.RecordedTestsDSEngine" name="MAGN_7348_SortGeometry" time="6.7627280" />
    <testcase classname="DynamoCoreWpfTests.RecordedTestsDSEngine" name="MAGN_7348_Surface" time="13.4509590" />
    <testcase classname="DynamoCoreWpfTests.RecordedTestsDSEngine" name="MAGN_7348_Transpose" time="4.7525480" />
    <testcase classname="DynamoCoreWpfTests.RecordedTestsDSEngine" name="MAGN_7348_Vignette_01_Plane_Offset" time="5.1341610" />
    <testcase classname="DynamoCoreWpfTests.RecordedTestsDSEngine" name="MAGN_7348_Vignette_01_Wireframe_Section" time="20.0243400" />
    <testcase classname="DynamoCoreWpfTests.RecordedTestsDSEngine" name="MAGN_7348_WriteToExcel" time="8.5434819" />
    <testcase classname="DynamoCoreWpfTests.RecordedTestsDSEngine" name="MAGN_7638_assignValueToVariable" time="4.2884960" />
    <testcase classname="DynamoCoreWpfTests.RecordedTestsDSEngine" name="MAGN_7883_01" time="2.6974690" />
    <testcase classname="DynamoCoreWpfTests.RecordedTestsDSEngine" name="MAGN_7883_02" time="3.5364620" />
    <testcase classname="DynamoCoreWpfTests.RecordedTestsDSEngine" name="modifyCN_6191" time="6.3959050" />
    <testcase classname="DynamoCoreWpfTests.RecordedTestsDSEngine" name="PointDoesntUpdateProperlyWithRageChange_MAGN7635" time="3.9843720" />
    <testcase classname="DynamoCoreWpfTests.RecordedTestsDSEngine" name="recursion_6415" time="3.1964360" />
    <testcase classname="DynamoCoreWpfTests.RecordedTestsDSEngine" name="RedoDeletedNodeShowsConnector" time="2.9658710" />
    <testcase classname="DynamoCoreWpfTests.RecordedTestsDSEngine" name="ReExecuteASTTest" time="2.9757070" />
    <testcase classname="DynamoCoreWpfTests.RecordedTestsDSEngine" name="RunAutomatically_On_5068" time="2.6124560" />
    <testcase classname="DynamoCoreWpfTests.RecordedTestsDSEngine" name="ShiftSelectAllNode" time="2.7541890" />
    <testcase classname="DynamoCoreWpfTests.RecordedTestsDSEngine" name="TestCallsiteMapModifyFunctionParamValue" time="3.4399550" />
    <testcase classname="DynamoCoreWpfTests.RecordedTestsDSEngine" name="TestCallsiteMapModifyInputConnection" time="4.0991750" />
    <testcase classname="DynamoCoreWpfTests.RecordedTestsDSEngine" name="TestCBNWithNodeToCode" time="1.1320400" />
    <testcase classname="DynamoCoreWpfTests.RecordedTestsDSEngine" name="TestCBNWithNodeToCode_2" time="0.8713110" />
    <testcase classname="DynamoCoreWpfTests.RecordedTestsDSEngine" name="TestCBNWithNodeToCode_3" time="0.9666380" />
    <testcase classname="DynamoCoreWpfTests.RecordedTestsDSEngine" name="TestCodeBlockNodeConnectionOnCodeChange" time="1.8819820" />
    <testcase classname="DynamoCoreWpfTests.RecordedTestsDSEngine" name="TestCommentsInCodeBlockNode" time="1.8185700" />
    <testcase classname="DynamoCoreWpfTests.RecordedTestsDSEngine" name="TestConnectedCBNInErrorStateDoesNotCrash" time="2.2164609" />
    <testcase classname="DynamoCoreWpfTests.RecordedTestsDSEngine" name="TestConvertAllNodesToCode" time="0.9352460" />
    <testcase classname="DynamoCoreWpfTests.RecordedTestsDSEngine" name="TestConvertAllNodesToCodeUndo" time="1.2517120" />
    <testcase classname="DynamoCoreWpfTests.RecordedTestsDSEngine" name="TestConvertAllNodesToCodeUndoRedo" time="0.9303800" />
    <testcase classname="DynamoCoreWpfTests.RecordedTestsDSEngine" name="TestCreateConnectors" time="2.8698850" />
    <testcase classname="DynamoCoreWpfTests.RecordedTestsDSEngine" name="TestCreateNodes" time="3.0061270" />
    <testcase classname="DynamoCoreWpfTests.RecordedTestsDSEngine" name="TestCreateNodesAndRunExpression" time="2.5047690" />
    <testcase classname="DynamoCoreWpfTests.RecordedTestsDSEngine" name="TestListMapUpdateForCustomNode" time="2.0482660" />
    <testcase classname="DynamoCoreWpfTests.RecordedTestsDSEngine" name="TestNodeToCallsitesObjMapModifyInputConnection" time="3.3772880" />
    <testcase classname="DynamoCoreWpfTests.RecordedTestsDSEngine" name="TestNoLacingOnListJoin" time="2.8185570" />
    <testcase classname="DynamoCoreWpfTests.RecordedTestsDSEngine" name="TestScopeIf_6322" time="3.7905050" />
    <testcase classname="DynamoCoreWpfTests.RecordedTestsDSEngine" name="TestUndoRedoNodesAndConnections" time="2.9567130" />
    <testcase classname="DynamoCoreWpfTests.RecordedTestsDSEngine" name="TestUnresolvedCodeBlockNodeUndo" time="3.8057060" />
    <testcase classname="DynamoCoreWpfTests.RecordedTestsDSEngine" name="TestUpdateNodeCaptions" time="2.3661190" />
    <testcase classname="DynamoCoreWpfTests.RecordedTestsDSEngine" name="TestUpdateNodeCaptions_DS" time="2.6735430" />
    <testcase classname="DynamoCoreWpfTests.RecordedTestsDSEngine" name="TestUpdateNodeContents" time="3.0730240" />
    <testcase classname="DynamoCoreWpfTests.RecordedTestsDSEngine" name="TestVerifyRuntimeValues" time="3.7868020" />
    <testcase classname="DynamoCoreWpfTests.RecordedTestsDSEngine" name="UpdatingCbnShouldCauseDownstreamExecution" time="2.9966200" />
    <testcase classname="DynamoCoreWpfTests.RecordedTestsDSEngine" name="workspace_5919" time="5.0707980" />
  </testsuite>
</testsuites>