<?xml version="1.0" encoding="utf-8"?>
<testsuites time="3,536.670" tests="150" failures="0">
  <testsuite id="0" name="DynamoCoreWpf2Tests.dll" tests="29" failures="0" time="211.027">
    <testcase classname="DynamoCoreWpfTests.DocumentationBrowserViewExtensionTests" name="AddGraphInSpecificLocationToWorkspace" time="8.5753799" />
    <testcase classname="DynamoCoreWpfTests.DocumentationBrowserViewExtensionTests" name="CanCreateNodeDocumenationHtmlFromNodeAnnotationEventArgsWithOOTBNodeWithoutAddtionalDocumentation" time="4.5935530" />
    <testcase classname="DynamoCoreWpfTests.DocumentationBrowserViewExtensionTests" name="CanCreateNodeDocumenationHtmlFromNodeAnnotationEventArgsWithPackageNodeWithAddtionalDocumentation" time="4.9405950" />
    <testcase classname="DynamoCoreWpfTests.DocumentationBrowserViewExtensionTests" name="CanCreatePackageNodeDocumentationAndLoadImages" time="4.5410820" />
    <testcase classname="DynamoCoreWpfTests.DocumentationBrowserViewExtensionTests" name="CanGetNodeDocumentationMarkdownFromPackageDocumentationManager" time="3.6789620" />
    <testcase classname="DynamoCoreWpfTests.DocumentationBrowserViewExtensionTests" name="CanHandleDocsEventTriggeredFromDynamoViewModel" time="3.7960830" />
    <testcase classname="DynamoCoreWpfTests.DocumentationBrowserViewExtensionTests" name="CanHandleDocsEventTriggeredFromDynamoViewModelMultipleTimes" time="4.7306380" />
    <testcase classname="DynamoCoreWpfTests.DocumentationBrowserViewExtensionTests" name="CanHandleDocsEventWithValidLink" time="4.3682700" />
    <testcase classname="DynamoCoreWpfTests.DocumentationBrowserViewExtensionTests" name="ClickingMenuItemLaunchesSidebarWithIndexContent" time="4.3834950" />
    <testcase classname="DynamoCoreWpfTests.DocumentationBrowserViewExtensionTests" name="DisplayNeutralCultureContentWhenSpecificCultureContentIsNotAvailable" time="3.7803940" />
    <testcase classname="DynamoCoreWpfTests.DocumentationBrowserViewExtensionTests" name="Displays404PageOnMissingDocFile" time="4.7066900" />
    <testcase classname="DynamoCoreWpfTests.DocumentationBrowserViewExtensionTests" name="Displays404PageWhenLinkPointsToAssemblyThatCannotBeFound" time="4.6096259" />
    <testcase classname="DynamoCoreWpfTests.DocumentationBrowserViewExtensionTests" name="DisplaysHtmlEmbeddedInLoadedAssemblies" time="4.2735970" />
    <testcase classname="DynamoCoreWpfTests.DocumentationBrowserViewExtensionTests" name="DisplaysInvariantContentWhenNoCompatibleLocalizedContentIsAvailable" time="4.5680460" />
    <testcase classname="DynamoCoreWpfTests.DocumentationBrowserViewExtensionTests" name="DisplaysLocalizedContentWhenAvailable" time="5.4561510" />
    <testcase classname="DynamoCoreWpfTests.DocumentationBrowserViewExtensionTests" name="DisplaySpecificCultureContentWhenNeutralCultureContentIsNotAvailable" time="6.0522710" />
    <testcase classname="DynamoCoreWpfTests.DocumentationBrowserViewExtensionTests" name="DocsAreLoadedFromHostPathBeforeCorePath" time="6.2343940" />
    <testcase classname="DynamoCoreWpfTests.DocumentationBrowserViewExtensionTests" name="DocsCanBeLoadedForCoreNodeModelNodesFrom_FallBackPath" time="6.3823470" />
    <testcase classname="DynamoCoreWpfTests.DocumentationBrowserViewExtensionTests" name="DocsCanBeLoadedForDSNonPackageNodesFrom_FallBackPath" time="5.3948070" />
    <testcase classname="DynamoCoreWpfTests.DocumentationBrowserViewExtensionTests" name="DocsExtensionAddsMenuItem" time="4.8758150" />
    <testcase classname="DynamoCoreWpfTests.DocumentationBrowserViewExtensionTests" name="DPIScriptExists" time="4.9015890" />
    <testcase classname="DynamoCoreWpfTests.DocumentationBrowserViewExtensionTests" name="GetResourceNameWithCultureNameReturnsSameAsInputWhenCultureIsNull" time="4.1848780" />
    <testcase classname="DynamoCoreWpfTests.DocumentationBrowserViewExtensionTests" name="GetResourceNameWithCultureNameReturnsSameAsInputWhenItDoesNotHaveAnExtension" time="5.9165590" />
    <testcase classname="DynamoCoreWpfTests.DocumentationBrowserViewExtensionTests" name="GetResourceNameWithCultureNameWorksWithValidCultureAndInputName" time="5.2496700" />
    <testcase classname="DynamoCoreWpfTests.DocumentationBrowserViewExtensionTests" name="RemovesScriptTagsFromLoadedHtml" time="6.9839270" />
    <testcase classname="DynamoCoreWpfTests.DocumentationBrowserViewExtensionTests" name="ShowingStartPageHidesBrowser" time="5.3964950" />
    <testcase classname="DynamoCoreWpfTests.DocumentationBrowserViewExtensionTests" name="Validate_GetGraphLinkFromMDLocation" time="6.9446870" />
    <testcase classname="DynamoCoreWpfTests.DocumentationBrowserViewExtensionTests" name="Validate_GetGraphLinkFromPackage" time="5.9422160" />
    <testcase classname="DynamoCoreWpfTests.DocumentationBrowserViewExtensionTests" name="ViewExtensionIgnoresExternalEvents" time="65.5646580" />
  </testsuite>
  <testsuite id="1" name="DynamoCoreWpf3Tests.dll" tests="121" failures="0" time="3,325.643">
    <testcase classname="DynamoCoreWpfTests.NodeAutoCompleteSearchTests" name="CloseNodeAutocompleteWhenParentNodeDeleted" time="8.2468890" />
    <testcase classname="DynamoCoreWpfTests.NodeAutoCompleteSearchTests" name="NodeSearchElementComparerSortsBasedOnTypeDistance" time="5.9453710" />
    <testcase classname="DynamoCoreWpfTests.NodeAutoCompleteSearchTests" name="NodeSearchElementComparerSortsBasedOnTypeDistance_MultiReturnNodeModel" time="5.9215010" />
    <testcase classname="DynamoCoreWpfTests.NodeAutoCompleteSearchTests" name="NodeSearchElementComparerSortsBasedOnTypeDistance_MultiReturnNodeModelEqual" time="5.0947680" />
    <testcase classname="DynamoCoreWpfTests.NodeAutoCompleteSearchTests" name="NodeSearchElementComparerSortsBasedOnTypeDistance_NonExact" time="5.6191259" />
    <testcase classname="DynamoCoreWpfTests.NodeAutoCompleteSearchTests" name="NodeSuggestions_CanAutoCompleteInCustomNodeWorkspace" time="5.9675770" />
    <testcase classname="DynamoCoreWpfTests.NodeAutoCompleteSearchTests" name="NodeSuggestions_CanAutoCompleteOnCustomNodes" time="5.4573660" />
    <testcase classname="DynamoCoreWpfTests.NodeAutoCompleteSearchTests" name="NodeSuggestions_CanAutoCompleteOnCustomNodesOutPort" time="6.3731250" />
    <testcase classname="DynamoCoreWpfTests.NodeAutoCompleteSearchTests" name="NodeSuggestions_CanAutoCompleteOnCustomNodesOutPort_WithSpaceInPortName" time="5.3265540" />
    <testcase classname="DynamoCoreWpfTests.NodeAutoCompleteSearchTests" name="NodeSuggestions_CanAutoCompleteOnCustomNodesOutPort_WithWhiteSpaceStartingPortName" time="4.2250569" />
    <testcase classname="DynamoCoreWpfTests.NodeAutoCompleteSearchTests" name="NodeSuggestions_DefaultSuggestions" time="4.0218910" />
    <testcase classname="DynamoCoreWpfTests.NodeAutoCompleteSearchTests" name="NodeSuggestions_GeometryNodes_SortedBy_NodeGroup_CreateActionQuery" time="4.4205970" />
    <testcase classname="DynamoCoreWpfTests.NodeAutoCompleteSearchTests" name="NodeSuggestions_InputPortBuiltInNode_AreCorrect" time="4.2807490" />
    <testcase classname="DynamoCoreWpfTests.NodeAutoCompleteSearchTests" name="NodeSuggestions_InputPortZeroTouchNode_AreCorrect" time="4.2294800" />
    <testcase classname="DynamoCoreWpfTests.NodeAutoCompleteSearchTests" name="NodeSuggestions_InputPortZeroTouchNodeForProperty_AreCorrect" time="4.4407660" />
    <testcase classname="DynamoCoreWpfTests.NodeAutoCompleteSearchTests" name="NodeSuggestions_MultipleOutputPortCBN_AreCorrect" time="4.4231830" />
    <testcase classname="DynamoCoreWpfTests.NodeAutoCompleteSearchTests" name="NodeSuggestions_OutputPortBuiltInNode_AreCorrect" time="3.5824970" />
    <testcase classname="DynamoCoreWpfTests.NodeAutoCompleteSearchTests" name="NodeSuggestions_SkippedSuggestions" time="4.2117490" />
    <testcase classname="DynamoCoreWpfTests.NodeAutoCompleteSearchTests" name="NodeSuggestionsAreSortedBasedOnGroupAndAlphabetically" time="4.6913490" />
    <testcase classname="DynamoCoreWpfTests.NodeAutoCompleteSearchTests" name="NoMLAutocompleteRecommendations" time="5.1043000" />
    <testcase classname="DynamoCoreWpfTests.NodeAutoCompleteSearchTests" name="SearchNodeAutocompletionSuggestions" time="4.9676740" />
    <testcase classname="DynamoCoreWpfTests.NodeViewCustomizationTests" name="AreaFromStringHasTextBoxWithCorrectValue" time="64.4818780" />
    <testcase classname="DynamoCoreWpfTests.NodeViewCustomizationTests" name="ArrayExprShouldNotCrashColorRangeNode" time="124.2170290" />
    <testcase classname="DynamoCoreWpfTests.NodeViewCustomizationTests" name="BoolSelectorHasRadioButtonsAndProperlySetValues" time="64.6741289" />
    <testcase classname="DynamoCoreWpfTests.NodeViewCustomizationTests" name="CustomNodeIsCustomized" time="63.7204870" />
    <testcase classname="DynamoCoreWpfTests.NodeViewCustomizationTests" name="DirectoryHasButton" time="62.4878810" />
    <testcase classname="DynamoCoreWpfTests.NodeViewCustomizationTests" name="DoubleInputHasTextBoxAndCorrectValue" time="63.2033040" />
    <testcase classname="DynamoCoreWpfTests.NodeViewCustomizationTests" name="doubleInputNodeWillNotAcceptIds" time="122.8501540" />
    <testcase classname="DynamoCoreWpfTests.NodeViewCustomizationTests" name="doubleInputNodeWillNotAcceptRangeSyntax" time="123.5042800" />
    <testcase classname="DynamoCoreWpfTests.NodeViewCustomizationTests" name="DoubleSliderHasSliderAndCorrectValues" time="63.2219650" />
    <testcase classname="DynamoCoreWpfTests.NodeViewCustomizationTests" name="DSVarArgFunctionNodeHasButtons" time="63.1885660" />
    <testcase classname="DynamoCoreWpfTests.NodeViewCustomizationTests" name="FilenameHasButton" time="62.2832530" />
    <testcase classname="DynamoCoreWpfTests.NodeViewCustomizationTests" name="INodeViewCustomizationCheckUsingReflectionIsCorrect" time="2.0300700" />
    <testcase classname="DynamoCoreWpfTests.NodeViewCustomizationTests" name="IntegerSliderHasSliderAndCorrectValues" time="62.4900110" />
    <testcase classname="DynamoCoreWpfTests.NodeViewCustomizationTests" name="InvalidInputShouldNotCrashColorRangeNode" time="63.2599250" />
    <testcase classname="DynamoCoreWpfTests.NodeViewCustomizationTests" name="InvalidValueShouldNotCrashColorRangeNode" time="182.1412240" />
    <testcase classname="DynamoCoreWpfTests.NodeViewCustomizationTests" name="LengthFromStringHasTextBoxWithCorrectValue" time="62.5576430" />
    <testcase classname="DynamoCoreWpfTests.NodeViewCustomizationTests" name="PythonNodeHasButtonsAndCorrectNumberOfInputs" time="62.7909400" />
    <testcase classname="DynamoCoreWpfTests.NodeViewCustomizationTests" name="PythonStringNodeHasButtonsAndCorrectNumberOfInputs" time="86.3641300" />
    <testcase classname="DynamoCoreWpfTests.NodeViewCustomizationTests" name="StringInputHasTextboxAndCorrectValue" time="62.2880840" />
    <testcase classname="DynamoCoreWpfTests.NodeViewCustomizationTests" name="TestColorRangeNodeOnMultipleFilesWithoutClosing" time="122.2874840" />
    <testcase classname="DynamoCoreWpfTests.NodeViewCustomizationTests" name="TestEditReadOnlyCustomNodeProperty" time="61.7262190" />
    <testcase classname="DynamoCoreWpfTests.NodeViewCustomizationTests" name="validateNumericFailsOnNonNumericInputs" time="1.9385640" />
    <testcase classname="DynamoCoreWpfTests.NodeViewCustomizationTests" name="validateNumericPassesOnNumericInputs" time="2.0288100" />
    <testcase classname="DynamoCoreWpfTests.NodeViewCustomizationTests" name="VolumeFromStringHasTextBoxWithCorrectValue" time="61.9838120" />
    <testcase classname="DynamoCoreWpfTests.NodeViewCustomizationTests" name="Watch3DHasViewer" time="61.9932190" />
    <testcase classname="DynamoCoreWpfTests.NodeViewCustomizationTests" name="WatchConnectDisconnectTest" time="243.0761240" />
    <testcase classname="DynamoCoreWpfTests.NodeViewCustomizationTests" name="WatchContainsExpectedUiElements" time="122.1564350" />
    <testcase classname="DynamoCoreWpfTests.NodeViewCustomizationTests" name="WatchImageCoreContainsImage" time="122.1098170" />
    <testcase classname="DynamoCoreWpfTests.NodeViewCustomizationTests" name="WatchIsEmptyWhenLoaded" time="62.1925580" />
    <testcase classname="DynamoCoreWpfTests.NodeViewTests" name="CheckDummyNodeName" time="2.7581530" />
    <testcase classname="DynamoCoreWpfTests.NodeViewTests" name="CheckLoadedCustomNodeOriginalName" time="2.8157580" />
    <testcase classname="DynamoCoreWpfTests.NodeViewTests" name="CheckNotLoadedCustomNodeOriginalName" time="2.6014580" />
    <testcase classname="DynamoCoreWpfTests.NodeViewTests" name="ColorRange_InputPortsShowBlueIndicatorForDefaultValues" time="2.7258920" />
    <testcase classname="DynamoCoreWpfTests.NodeViewTests" name="GettingNodeNameDoesNotTriggerPropertyChangeCycle" time="1.9053990" />
    <testcase classname="DynamoCoreWpfTests.NodeViewTests" name="InputPortType_NodeModelNode_AreCorrect" time="2.9068190" />
    <testcase classname="DynamoCoreWpfTests.NodeViewTests" name="NodesHaveCorrectLocationsIndpendentOfCulture" time="2.8387470" />
    <testcase classname="DynamoCoreWpfTests.NodeViewTests" name="SettingNodeAsInputOrOutputMarksGraphAsModified" time="2.2132470" />
    <testcase classname="DynamoCoreWpfTests.NodeViewTests" name="SettingOriginalNodeName" time="2.4080800" />
    <testcase classname="DynamoCoreWpfTests.NodeViewTests" name="SettingOriginalNodeNameOnCustomNode" time="2.3019540" />
    <testcase classname="DynamoCoreWpfTests.NodeViewTests" name="TestPortColors_NodeModel" time="2.1640280" />
    <testcase classname="DynamoCoreWpfTests.NodeViewTests" name="TestPortDefaultValueMarket_Visibility" time="1.9435060" />
    <testcase classname="DynamoCoreWpfTests.NodeViewTests" name="TestSelectNeighborPins" time="2.9185180" />
    <testcase classname="DynamoCoreWpfTests.NodeViewTests" name="WarningColorReflectsElementState" time="2.2459140" />
    <testcase classname="DynamoCoreWpfTests.NodeViewTests" name="ZoomChangeVisibilityTest" time="2.7588810" />
    <testcase classname="DynamoCoreWpfTests.NodeViewTests" name="ZoomNodeColorReflectElementState" time="2.2316200" />
    <testcase classname="DynamoCoreWpfTests.NodeViewTests" name="ZoomNodeGlyphStatesCheck" time="2.4608200" />
    <testcase classname="DynamoCoreWpfTests.PreviewBubbleTests" name="GeometryScalingInfoBubble" time="2.2508870" />
    <testcase classname="DynamoCoreWpfTests.PreviewBubbleTests" name="InfoBubble_AvoidDuplicatedWarningMessages" time="2.3438350" />
    <testcase classname="DynamoCoreWpfTests.PreviewBubbleTests" name="InfoBubble_ShowsError_CopyPastedCBN_UndoRedo" time="2.5492290" />
    <testcase classname="DynamoCoreWpfTests.PreviewBubbleTests" name="InfoBubble_ShowsWarningError_CopyPastedCBN" time="2.3568060" />
    <testcase classname="DynamoCoreWpfTests.PreviewBubbleTests" name="InfoBubble_ShowsWarningErrorCBN" time="2.3073720" />
    <testcase classname="DynamoCoreWpfTests.PreviewBubbleTests" name="InfoBubble_ShowsWarningOnCopyPastedCBN" time="1.9448500" />
    <testcase classname="DynamoCoreWpfTests.PreviewBubbleTests" name="InfoBubble_ShowsWarningOnDeprecatedNode" time="1.8756640" />
    <testcase classname="DynamoCoreWpfTests.PreviewBubbleTests" name="InfoBubble_ShowsWarningOnDummyNodes" time="1.8911730" />
    <testcase classname="DynamoCoreWpfTests.PreviewBubbleTests" name="InfoBubble_ShowsWarningOnDupVariableInCodeBlock" time="1.6702240" />
    <testcase classname="DynamoCoreWpfTests.PreviewBubbleTests" name="InfoBubble_ShowsWarningOnNode2Code" time="1.9585340" />
    <testcase classname="DynamoCoreWpfTests.PreviewBubbleTests" name="InfoBubble_ShowsWarningOnObsoleteZeroTouchNode" time="1.4850470" />
    <testcase classname="DynamoCoreWpfTests.PreviewBubbleTests" name="PreviewBubble_CloseWhenFocusInCodeBlock" time="1.8706570" />
    <testcase classname="DynamoCoreWpfTests.PreviewBubbleTests" name="PreviewBubble_CodeBlockIsNotInFocus" time="1.8219020" />
    <testcase classname="DynamoCoreWpfTests.PreviewBubbleTests" name="PreviewBubble_HiddenDummyVerticalBoundaries" time="1.9310990" />
    <testcase classname="DynamoCoreWpfTests.PreviewBubbleTests" name="PreviewBubble_IsExpandedChangedInWatchTree" time="1.8597450" />
    <testcase classname="DynamoCoreWpfTests.PreviewBubbleTests" name="PreviewBubble_ListMargin" time="1.9579750" />
    <testcase classname="DynamoCoreWpfTests.PreviewBubbleTests" name="PreviewBubble_NoCrashWithCodeBlock" time="1.9984550" />
    <testcase classname="DynamoCoreWpfTests.PreviewBubbleTests" name="PreviewBubble_NumberMargin" time="2.3509330" />
    <testcase classname="DynamoCoreWpfTests.PreviewBubbleTests" name="PreviewBubble_ShowExpandedPreview_MultiReturnNode" time="2.4879450" />
    <testcase classname="DynamoCoreWpfTests.PreviewBubbleTests" name="PreviewBubble_ShowExpandedPreviewOnPinIconHover" time="182.5954659" />
    <testcase classname="DynamoCoreWpfTests.PreviewBubbleTests" name="PreviewBubble_ShownForColorRange" time="2.5879490" />
    <testcase classname="DynamoCoreWpfTests.PreviewBubbleTests" name="PreviewBubble_ToggleShowPreviewBubbles" time="2.6528040" />
    <testcase classname="DynamoCoreWpfTests.PreviewBubbleTests" name="PreviewBubble_UnpinAllPreviewBubble" time="543.9301809" />
    <testcase classname="DynamoCoreWpfTests.PreviewBubbleTests" name="PreviewBubbleHidden_OnFrozenNode" time="2.6547540" />
    <testcase classname="DynamoCoreWpfTests.PreviewBubbleTests" name="PreviewBubbleVisible_MouseMoveOutOfNode" time="2.5984759" />
    <testcase classname="DynamoCoreWpfTests.PreviewBubbleTests" name="PreviewBubbleVisible_MouseMoveOverNode" time="2.3333660" />
    <testcase classname="DynamoCoreWpfTests.PreviewBubbleTests" name="PreviewBubbleVisible_MouseMoveOverNode_InCustomWorkspace" time="2.2459290" />
    <testcase classname="DynamoCoreWpfTests.PreviewBubbleTests" name="Watch_ColorRange" time="3.5996260" />
    <testcase classname="DynamoCoreWpfTests.PreviewBubbleTests" name="Watch_DefaultSize" time="2.6013590" />
    <testcase classname="DynamoCoreWpfTests.PreviewBubbleTests" name="Watch_Dictionary" time="2.7375610" />
    <testcase classname="DynamoCoreWpfTests.PreviewBubbleTests" name="Watch_ListSize" time="2.9024510" />
    <testcase classname="DynamoCoreWpfTests.PreviewBubbleTests" name="Watch_MaxWidthSize" time="2.5573650" />
    <testcase classname="DynamoCoreWpfTests.PreviewBubbleTests" name="Watch_MultilineString" time="2.6470940" />
    <testcase classname="DynamoCoreWpfTests.PreviewBubbleTests" name="Watch_PreviewAllowanceDisabled" time="2.4013280" />
    <testcase classname="DynamoCoreWpfTests.PreviewBubbleTests" name="Watch_SingleValueSize" time="3.0086050" />
    <testcase classname="DynamoCoreWpfTests.PythonNodeCustomizationTests" name="AvalonEditTabFoldingStrategyTest" time="2.5145909" />
    <testcase classname="DynamoCoreWpfTests.PythonNodeCustomizationTests" name="CanChangeEngineFromScriptEditorDropDown" time="2.3436830" />
    <testcase classname="DynamoCoreWpfTests.PythonNodeCustomizationTests" name="CanChangePythonEngineFromContextMenuOnPythonFromStringNode" time="2.1417690" />
    <testcase classname="DynamoCoreWpfTests.PythonNodeCustomizationTests" name="ChangingDropdownEngineDoesNotSavesCodeOrRun" time="2.1575479" />
    <testcase classname="DynamoCoreWpfTests.PythonNodeCustomizationTests" name="EditScriptContent_ReActivateTest" time="2.2196200" />
    <testcase classname="DynamoCoreWpfTests.PythonNodeCustomizationTests" name="OnCloseWithoutSaveShouldRevertEventsTest" time="2.7472470" />
    <testcase classname="DynamoCoreWpfTests.PythonNodeCustomizationTests" name="OnlyUniqueEnginesAddedToUI" time="1.6632579" />
    <testcase classname="DynamoCoreWpfTests.PythonNodeCustomizationTests" name="OnlyUniqueEnginesAddedToUI2" time="1.8650940" />
    <testcase classname="DynamoCoreWpfTests.PythonNodeCustomizationTests" name="OnMoreInfoEventTest" time="3.3451200" />
    <testcase classname="DynamoCoreWpfTests.PythonNodeCustomizationTests" name="OnSaveRunRevertEventsTest" time="2.4491550" />
    <testcase classname="DynamoCoreWpfTests.PythonNodeCustomizationTests" name="OnTextAreaTextEnteringEventTest" time="5.7394920" />
    <testcase classname="DynamoCoreWpfTests.PythonNodeCustomizationTests" name="OpenPythonLearningMaterial_PythonNodeFromStringValidationTest" time="3.3606900" />
    <testcase classname="DynamoCoreWpfTests.PythonNodeCustomizationTests" name="OpenPythonLearningMaterialValidationTest" time="3.3577390" />
    <testcase classname="DynamoCoreWpfTests.PythonNodeCustomizationTests" name="PythonEditorDockingTest" time="2.3407400" />
    <testcase classname="DynamoCoreWpfTests.PythonNodeCustomizationTests" name="PythonNodeErrorBubblePersists" time="2.2313570" />
    <testcase classname="DynamoCoreWpfTests.PythonNodeCustomizationTests" name="PythonNodeHasLabelDisplayingCurrentEngine" time="1.8464620" />
    <testcase classname="DynamoCoreWpfTests.PythonNodeCustomizationTests" name="RestoreWindowOnEditorOpenTest" time="2.8545510" />
    <testcase classname="DynamoCoreWpfTests.PythonNodeCustomizationTests" name="TabWithSpacesMatchesEngine" time="3.1454080" />
    <testcase classname="DynamoCoreWpfTests.PythonNodeCustomizationTests" name="UpdateToPython3Engine_PythonStringNodeTest" time="2.3549690" />
  </testsuite>
</testsuites>