<?xml version="1.0" encoding="utf-8"?>
<testsuites time="583.813" tests="296" failures="19">
  <testsuite id="0" name="CommandLineTests.dll" tests="13" failures="0" time="28.064">
    <testcase classname="Dynamo.Tests.CommandLineTests" name="CanImportDependencyBeforeRunningGraph" time="3.0913430" />
    <testcase classname="Dynamo.Tests.CommandLineTests" name="CanImportMultipleDepsBeforeRunningGraph" time="1.4727790" />
    <testcase classname="Dynamo.Tests.CommandLineTests" name="CanOpenAndRunDynamoModelWithCommandLineRunner" time="1.2114490" />
    <testcase classname="Dynamo.Tests.CommandLineTests" name="CanOpenAndRunDynamoModelWithWPFCommandLineRunner" time="1.3508240" />
    <testcase classname="Dynamo.Tests.CommandLineTests" name="CanOpenAndRunFileWihtListsCorrectlyToOutputFileFromDynamoCLIexe" time="2.2628540" />
    <testcase classname="Dynamo.Tests.CommandLineTests" name="CanOpenAndRunFileWihtListsCorrectlyToOutputFileFromDynamoWPFCLIexe" time="2.6426720" />
    <testcase classname="Dynamo.Tests.CommandLineTests" name="CanOpenAndRunFileWithCustomNodeAndOutputGeometryFromDynamoWPFCLIexe" time="2.6568070" />
    <testcase classname="Dynamo.Tests.CommandLineTests" name="CanOpenAndRunFileWithDictionaryCorrectlyToOutputFileFromDynamoCLIexe" time="2.6424240" />
    <testcase classname="Dynamo.Tests.CommandLineTests" name="CanOpenAndRunFileWithDictionaryCorrectlyToOutputFileFromDynamoWPFCLIexe" time="3.2225419" />
    <testcase classname="Dynamo.Tests.CommandLineTests" name="CanSetHostNameWithCommandLineRunner" time="1.9233430" />
    <testcase classname="Dynamo.Tests.CommandLineTests" name="CanSetParentIdWithCommandLineRunner" time="1.6568040" />
    <testcase classname="Dynamo.Tests.CommandLineTests" name="CanSetSessionIdWithCommandLineRunner" time="1.5367710" />
    <testcase classname="Dynamo.Tests.CommandLineTests" name="ImportingAnAssemblyDoesNotEffectCustomNodePaths" time="2.3938140" />
  </testsuite>
  <testsuite id="1" name="DynamoCoreTests.dll" tests="13" failures="0" time="23.828">
    <testcase classname="Dynamo.Tests.SchedulerIntegrationTests" name="TestShutdownWithDynamoModel00" time="2.7519619" />
    <testcase classname="Dynamo.Tests.SchedulerIntegrationTests" name="TestShutdownWithDynamoModel01" time="1.1346270" />
    <testcase classname="Dynamo.Tests.SchedulerIntegrationTests" name="TestTaskQueuePreProcessing00" time="1.4021120" />
    <testcase classname="Dynamo.Tests.SchedulerIntegrationTests" name="TestTaskQueuePreProcessing01" time="0.9333460" />
    <testcase classname="Dynamo.Tests.SchedulerIntegrationTests" name="TestTaskQueuePreProcessing02" time="1.1827060" />
    <testcase classname="Dynamo.Tests.SchedulerIntegrationTests" name="TestTaskQueuePreProcessing03" time="2.3320249" />
    <testcase classname="Dynamo.Tests.SearchModelHostIntegrationTests" name="ValidateCivil3DChooseTextStyleNodesInSearch" time="2.0940070" />
    <testcase classname="Dynamo.Tests.SearchModelHostIntegrationTests" name="ValidateListCreateNodeInSearch" time="2.2682090" />
    <testcase classname="Dynamo.Tests.SearchModelHostIntegrationTests" name="ValidateRevitGetParameterNodeInSearch" time="2.1939380" />
    <testcase classname="Dynamo.Tests.SearchModelHostIntegrationTests" name="ValidateRevitSetParameterNodeInSearch" time="1.6235550" />
    <testcase classname="Dynamo.Tests.SearchModelHostIntegrationTests" name="ValidateSeveralRevitNodesInSearch" time="2.0003430" />
    <testcase classname="Dynamo.Tests.SearchModelHostIntegrationTests" name="ValidateTranslateNodeInSearch" time="2.2148360" />
    <testcase classname="Dynamo.Tests.SearchModelHostIntegrationTests" name="ValidateTSplineNodesInSearch" time="1.6966530" />
  </testsuite>
  <testsuite id="2" name="DynamoCoreWpf2Tests.dll" tests="17" failures="0" time="84.612">
    <testcase classname="DynamoCoreWpfTests.DocumentationBrowserViewExtensionContentTests" name="CheckThatExtendedCharactersAreCorrectlyInHTML(&quot;en-US&quot;)" time="0.4825460" />
    <testcase classname="DynamoCoreWpfTests.DocumentationBrowserViewExtensionContentTests" name="CheckThatExtendedCharactersAreCorrectlyInHTML(&quot;cs-CZ&quot;)" time="0.4656100" />
    <testcase classname="DynamoCoreWpfTests.DocumentationBrowserViewExtensionContentTests" name="CheckThatExtendedCharactersAreCorrectlyInHTML(&quot;ko-KR&quot;)" time="0.4483810" />
    <testcase classname="DynamoCoreWpfTests.WorkspaceDependencyViewExtensionTests" name="APItoCloseViewExtensionTabTest" time="12.5623510" />
    <testcase classname="DynamoCoreWpfTests.WorkspaceDependencyViewExtensionTests" name="ClickingToCloseViewExtensionTabTest" time="6.1088420" />
    <testcase classname="DynamoCoreWpfTests.WorkspaceDependencyViewExtensionTests" name="CloseViewExtensionTabOnClosingWorkspace" time="5.3144090" />
    <testcase classname="DynamoCoreWpfTests.WorkspaceDependencyViewExtensionTests" name="DependencyRegenCrashingDynamoTest" time="6.1210760" />
    <testcase classname="DynamoCoreWpfTests.WorkspaceDependencyViewExtensionTests" name="DownloadSpecifiedVersionOfPackageTest" time="5.2759900" />
    <testcase classname="DynamoCoreWpfTests.WorkspaceDependencyViewExtensionTests" name="GetExternalFilesShouldBailIfGraphExecuting" time="4.3935449" />
    <testcase classname="DynamoCoreWpfTests.WorkspaceDependencyViewExtensionTests" name="KeepInstalledVersionOfPackageTest" time="5.9338390" />
    <testcase classname="DynamoCoreWpfTests.WorkspaceDependencyViewExtensionTests" name="OnViewExtensionClosedTest" time="4.7675370" />
    <testcase classname="DynamoCoreWpfTests.WorkspaceDependencyViewExtensionTests" name="RestartBannerDefaultStateTest" time="4.6531870" />
    <testcase classname="DynamoCoreWpfTests.WorkspaceDependencyViewExtensionTests" name="TestPropertiesWithCodeInIt" time="5.4799280" />
    <testcase classname="DynamoCoreWpfTests.WorkspaceDependencyViewExtensionTests" name="VerifyDynamoLoadingOnOpeningWorkspaceWithMissingCustomNodes" time="5.6049239" />
    <testcase classname="DynamoCoreWpfTests.WorkspaceDependencyViewExtensionTests" name="VerifyExternalFileReferences" time="6.2551550" />
    <testcase classname="DynamoCoreWpfTests.WorkspaceDependencyViewExtensionTests" name="VerifyLocalDefinitions" time="5.1085980" />
    <testcase classname="DynamoCoreWpfTests.WorkspaceDependencyViewExtensionTests" name="WillNotAddDupWorkspaceDependencyViewExtensionLoadTest" time="5.6362640" />
  </testsuite>
  <testsuite id="3" name="DynamoCoreWpfTests.dll" tests="84" failures="1" time="293.261">
    <testcase classname="DynamoCoreWpfTests.AnnotationViewModelTests" name="AddingNodeToGroupWithNestedGroupsWillAddNodeToParentGroup" time="3.5802160" />
    <testcase classname="DynamoCoreWpfTests.AnnotationViewModelTests" name="CanAddGroupAndGroupedNodesToSelection" time="2.7878640" />
    <testcase classname="DynamoCoreWpfTests.AnnotationViewModelTests" name="CanAddGroupToOtherGroup" time="3.6181810" />
    <testcase classname="DynamoCoreWpfTests.AnnotationViewModelTests" name="CanAddToGroupForNodes" time="2.2708970" />
    <testcase classname="DynamoCoreWpfTests.AnnotationViewModelTests" name="CanAddToGroupForNodeWhichIsAlreadyInAGroup" time="2.7406790" />
    <testcase classname="DynamoCoreWpfTests.AnnotationViewModelTests" name="CanAddToGroupForNotes" time="2.1029210" />
    <testcase classname="DynamoCoreWpfTests.AnnotationViewModelTests" name="CanAddToGroupForNoteWhichIsAlreadyInAGroup" time="2.2727360" />
    <testcase classname="DynamoCoreWpfTests.AnnotationViewModelTests" name="CanCreateGroupIfANodeIsAlreadyInAGroup" time="2.0170689" />
    <testcase classname="DynamoCoreWpfTests.AnnotationViewModelTests" name="CanCreateGroupIfANoteIsAlreadyInAGroup" time="2.5421410" />
    <testcase classname="DynamoCoreWpfTests.AnnotationViewModelTests" name="CanFreezeAndUnfreezeAllNodesInAGroup" time="2.2136310" />
    <testcase classname="DynamoCoreWpfTests.AnnotationViewModelTests" name="CanFreezeAndUnfreezeCollapsedGroups" time="2.3101219" />
    <testcase classname="DynamoCoreWpfTests.AnnotationViewModelTests" name="CannotAddGroupToOtherGroupIfTheGroupAlreadyBelongsToAGroup" time="1.8091500" />
    <testcase classname="DynamoCoreWpfTests.AnnotationViewModelTests" name="CannotCreateGroupIfNoModelsAreSelectedInTheCanvas" time="1.7549310" />
    <testcase classname="DynamoCoreWpfTests.AnnotationViewModelTests" name="CanToggleVisibilityOfAllNodesInAGroup" time="2.1239760" />
    <testcase classname="DynamoCoreWpfTests.AnnotationViewModelTests" name="CanUnfreezeSingleNodeInFrozenAGroup" time="2.9570140" />
    <testcase classname="DynamoCoreWpfTests.AnnotationViewModelTests" name="CanUngroupNodeFromAGroup" time="2.1404310" />
    <testcase classname="DynamoCoreWpfTests.AnnotationViewModelTests" name="CanUngroupNodeFromAGroupIfGroupContainsNote" time="1.9508430" />
    <testcase classname="DynamoCoreWpfTests.AnnotationViewModelTests" name="CanUngroupNodeWhichIsNotInAGroup" time="1.8529810" />
    <testcase classname="DynamoCoreWpfTests.AnnotationViewModelTests" name="CanUngroupNoteFromAGroup" time="2.0791680" />
    <testcase classname="DynamoCoreWpfTests.AnnotationViewModelTests" name="ChangingIsExpandedMarksGraphAsModified" time="2.2453610" />
    <testcase classname="DynamoCoreWpfTests.AnnotationViewModelTests" name="CheckEmptySelectionListAfterUndos" time="2.3066300" />
    <testcase classname="DynamoCoreWpfTests.AnnotationViewModelTests" name="CollapsedGroupDisplaysWarningIfNodeInWarningState" time="2.4940900" />
    <testcase classname="DynamoCoreWpfTests.AnnotationViewModelTests" name="CollapsedGroupsUnhidesContentBeforeBeingUngrouped" time="2.8047490" />
    <testcase classname="DynamoCoreWpfTests.AnnotationViewModelTests" name="CollapsingAGroupWillAlsoCollapsAllOfItsNodes" time="2.0683729" />
    <testcase classname="DynamoCoreWpfTests.AnnotationViewModelTests" name="CollapsingGroupWillCreateInportAndOuportCollections" time="2.7016130" />
    <testcase classname="DynamoCoreWpfTests.AnnotationViewModelTests" name="ConnectorPinsCanBeRemovedFromGroup" time="2.2411150" />
    <testcase classname="DynamoCoreWpfTests.AnnotationViewModelTests" name="ConnectorPinsGetsAddedToTheGroup" time="1.9135780" />
    <testcase classname="DynamoCoreWpfTests.AnnotationViewModelTests" name="ConnectorsRemainCollapsedOnUndoCollapsedGroup" time="2.0078000" />
    <testcase classname="DynamoCoreWpfTests.AnnotationViewModelTests" name="CreateDeleteGroupAroundNodes" time="2.2627220" />
    <testcase classname="DynamoCoreWpfTests.AnnotationViewModelTests" name="CreateDeleteGroupAroundNotes" time="1.9311260" />
    <testcase classname="DynamoCoreWpfTests.AnnotationViewModelTests" name="CreateGroupAroundNodes" time="2.0199080" />
    <testcase classname="DynamoCoreWpfTests.AnnotationViewModelTests" name="CreateGroupAroundNotes" time="2.5064340" />
    <testcase classname="DynamoCoreWpfTests.AnnotationViewModelTests" name="DeletingTheGroupShouldDeleteTheGroupAndModels" time="2.3984910" />
    <testcase classname="DynamoCoreWpfTests.AnnotationViewModelTests" name="NestedCollapsedGroupWiresDisplayCorrectlyWhenParentGroupExpands" time="2.5704189" />
    <testcase classname="DynamoCoreWpfTests.AnnotationViewModelTests" name="NestedExpandedGroupWiresDisplayCorrectlyWhenParentGroupExpands" time="2.2124190" />
    <testcase classname="DynamoCoreWpfTests.AnnotationViewModelTests" name="NestedGroupTestForNodes" time="3.2393540" />
    <testcase classname="DynamoCoreWpfTests.AnnotationViewModelTests" name="NestedGroupTestForNotes" time="3.1807770" />
    <testcase classname="DynamoCoreWpfTests.AnnotationViewModelTests" name="NodesCantBeAddedToCollapsedGroups" time="3.1869120" />
    <testcase classname="DynamoCoreWpfTests.AnnotationViewModelTests" name="SelectAllCommandSelectGroupTest" time="3.5339380" />
    <testcase classname="DynamoCoreWpfTests.AnnotationViewModelTests" name="SelectingTheGroupShouldSelectTheModels" time="2.3583560" />
    <testcase classname="DynamoCoreWpfTests.AnnotationViewModelTests" name="ShowGroupContentsTest" time="2.6451460" />
    <testcase classname="DynamoCoreWpfTests.AnnotationViewModelTests" name="TestCrossSelectingGroups" time="2.6651090" />
    <testcase classname="DynamoCoreWpfTests.AnnotationViewModelTests" name="TestOpeningMalformedAnnotation" time="3.9585620" />
    <testcase classname="DynamoCoreWpfTests.AnnotationViewModelTests" name="UndoDeletingTheGroupShouldBringTheGroupAndModelsBack" time="1.9931330" />
    <testcase classname="DynamoCoreWpfTests.AnnotationViewModelTests" name="UndoGroupCollapseAndRenameShouldRestorePreviousStates" time="2.3939920" />
    <testcase classname="DynamoCoreWpfTests.AnnotationViewModelTests" name="UndoMovingNoteInsideGroup" time="2.4854020" />
    <testcase classname="DynamoCoreWpfTests.CoreUserInterfaceTests" name="CanCreateANote" time="8.5639470" />
    <testcase classname="DynamoCoreWpfTests.CoreUserInterfaceTests" name="CanDeleteANote" time="5.4160400" />
    <testcase classname="DynamoCoreWpfTests.CoreUserInterfaceTests" name="CanFitView" time="5.2427690" />
    <testcase classname="DynamoCoreWpfTests.CoreUserInterfaceTests" name="CanFitViewResetByPan" time="4.6409110" />
    <testcase classname="DynamoCoreWpfTests.CoreUserInterfaceTests" name="CanFitViewResetByZoom" time="3.1474880" />
    <testcase classname="DynamoCoreWpfTests.CoreUserInterfaceTests" name="CanFitViewTwiceForActualZoom" time="3.2593070" />
    <testcase classname="DynamoCoreWpfTests.CoreUserInterfaceTests" name="CanHideConsoleWhenShown" time="4.1179680" />
    <testcase classname="DynamoCoreWpfTests.CoreUserInterfaceTests" name="CannotSaveImageWithBadPath" time="3.6955090" />
    <testcase classname="DynamoCoreWpfTests.CoreUserInterfaceTests" name="CanPanDown" time="3.5227140" />
    <testcase classname="DynamoCoreWpfTests.CoreUserInterfaceTests" name="CanPanLeft" time="2.7877690" />
    <testcase classname="DynamoCoreWpfTests.CoreUserInterfaceTests" name="CanPanRight" time="2.8283210" />
    <testcase classname="DynamoCoreWpfTests.CoreUserInterfaceTests" name="CanPanUp" time="2.9596100" />
    <testcase classname="DynamoCoreWpfTests.CoreUserInterfaceTests" name="CanSaveImage" time="4.7362660" />
    <testcase classname="DynamoCoreWpfTests.CoreUserInterfaceTests" name="CanShowConsoleWhenHidden" time="4.2492560" />
    <testcase classname="DynamoCoreWpfTests.CoreUserInterfaceTests" name="CanZoom" time="3.5854980" />
    <testcase classname="DynamoCoreWpfTests.CoreUserInterfaceTests" name="Collapse" time="0.0005560" />
    <testcase classname="DynamoCoreWpfTests.CoreUserInterfaceTests" name="ConsoleIsHiddenOnOpen" time="4.3522020" />
    <testcase classname="DynamoCoreWpfTests.CoreUserInterfaceTests" name="FitViewStressTest" time="4.7706020" />
    <testcase classname="DynamoCoreWpfTests.CoreUserInterfaceTests" name="FitViewWithNoNodes" time="2.9902430" />
    <testcase classname="DynamoCoreWpfTests.CoreUserInterfaceTests" name="InCanvasSearchTextChangeTriggersDebouncer" time="26.4083140" />
    <testcase classname="DynamoCoreWpfTests.CoreUserInterfaceTests" name="InCanvasSearchTextChangeTriggersOneSearchCommand" time="5.5685390">
      <error message="  Expected: True&#xD;&#xA;  But was:  False&#xD;&#xA;">   at DynamoCoreWpfTests.CoreUserInterfaceTests.InCanvasSearchTextChangeTriggersOneSearchCommand() in C:\Users\DeyanNenov\Documents\GitHub\Dynamo\test\DynamoCoreWpfTests\CoreUITests.cs:line 974
</error>
    </testcase>
    <testcase classname="DynamoCoreWpfTests.CoreUserInterfaceTests" name="InCanvasSearchTextChangeTriggersOneSearchCommandWithDebounce" time="5.9712370" />
    <testcase classname="DynamoCoreWpfTests.CoreUserInterfaceTests" name="InCanvasSearchTextWithDebouncer" time="5.8268000" />
    <testcase classname="DynamoCoreWpfTests.CoreUserInterfaceTests" name="PreferenceSetting" time="3.5490670" />
    <testcase classname="DynamoCoreWpfTests.CoreUserInterfaceTests" name="PreferenceSetting_BackgroundPreview_1_0API" time="3.2889420" />
    <testcase classname="DynamoCoreWpfTests.CoreUserInterfaceTests" name="PreferenceSetting_GroupStyles" time="3.5663330" />
    <testcase classname="DynamoCoreWpfTests.CoreUserInterfaceTests" name="PreferenceSetting_RenderPrecision" time="4.3034260" />
    <testcase classname="DynamoCoreWpfTests.CoreUserInterfaceTests" name="PreferenceSettings_IsFirstRun_And_HideReportOptions" time="3.4376390" />
    <testcase classname="DynamoCoreWpfTests.CoreUserInterfaceTests" name="PreferenceSettings_ShowEdges_DefaultFalse" time="3.4020250" />
    <testcase classname="DynamoCoreWpfTests.CoreUserInterfaceTests" name="PreferenceSettings_ShowEdges_Save" time="3.4923860" />
    <testcase classname="DynamoCoreWpfTests.CoreUserInterfaceTests" name="PreferenceSettings_ShowEdges_Toggle" time="3.4680050" />
    <testcase classname="DynamoCoreWpfTests.CoreUserInterfaceTests" name="PreferenceSettingsConnectorTypeRevertsToBezier" time="3.7966890" />
    <testcase classname="DynamoCoreWpfTests.CoreUserInterfaceTests" name="TestDraggedNode" time="3.7230470" />
    <testcase classname="DynamoCoreWpfTests.CoreUserInterfaceTests" name="TestImportDefaultScaleFactor" time="3.7524150" />
    <testcase classname="DynamoCoreWpfTests.CoreUserInterfaceTests" name="UpdateInfoBubble_ErrorBubble" time="3.7725230" />
    <testcase classname="DynamoCoreWpfTests.CoreUserInterfaceTests" name="WarningShowsWhenSavingWithLinterWarningsOrErrors" time="4.3243859" />
    <testcase classname="DynamoCoreWpfTests.CoreUserInterfaceTests" name="WorkspaceContextMenu_TestIfNotOpenOnNodeRightClick" time="6.1961830" />
    <testcase classname="DynamoCoreWpfTests.CoreUserInterfaceTests" name="WorkspaceContextMenu_TestIfOpenOnRightClick" time="7.0957210" />
  </testsuite>
  <testsuite id="4" name="DynamoPythonTests.dll" tests="94" failures="18" time="137.140">
    <testcase classname="DSPythonTests.PythonEvalTests" name="BindingsWork" time="0.2987440" />
    <testcase classname="DSPythonTests.PythonEvalTests" name="CPythonEngineIncludesTraceBack" time="0.0269260" />
    <testcase classname="DSPythonTests.PythonEvalTests" name="CPythonEngineWithErrorRaisesCorrectEvent" time="0.0084010" />
    <testcase classname="DSPythonTests.PythonEvalTests" name="DataMarshaling_Input" time="0.0056190" />
    <testcase classname="DSPythonTests.PythonEvalTests" name="DataMarshaling_Output" time="0.0039179" />
    <testcase classname="DSPythonTests.PythonEvalTests" name="EvaluatorWorks" time="0.0022080" />
    <testcase classname="DSPythonTests.PythonEvalTests" name="ImportedLibrariesReloadedOnNewEvaluation" time="0.0330540" />
    <testcase classname="DSPythonTests.PythonEvalTests" name="NonListIterablesCanBeOutput" time="0.0020280" />
    <testcase classname="DSPythonTests.PythonEvalTests" name="OutputPythonObjectDoesNotThrow" time="0.0115920" />
    <testcase classname="DSPythonTests.PythonEvalTests" name="OutputPythonObjectHasProperToString" time="0.0039210" />
    <testcase classname="DSPythonTests.PythonEvalTests" name="PythonObjectWithDynamoSkipisNotMarshaled" time="0.0054250" />
    <testcase classname="DSPythonTests.PythonEvalTests" name="SliceOperator_Output" time="0.0019849" />
    <testcase classname="Dynamo.Tests.PythonEditTests" name="BigInteger_CanBeMarshaledAsInt64" time="3.0701750" />
    <testcase classname="Dynamo.Tests.PythonEditTests" name="Cpython_reloaded_class_instances" time="5.5237980" />
    <testcase classname="Dynamo.Tests.PythonEditTests" name="Cpython_reloaded_class_instances_AUTO" time="7.2795460" />
    <testcase classname="Dynamo.Tests.PythonEditTests" name="CPythonClassCanBeModifiedInDownStreamNode" time="2.4303720" />
    <testcase classname="Dynamo.Tests.PythonEditTests" name="CPythonClassCanBeReturnedAndSafelyDisposedInDownStreamNode" time="2.8088620" />
    <testcase classname="Dynamo.Tests.PythonEditTests" name="CPythonClassCanBeUsedInDownStreamNode" time="2.1790230" />
    <testcase classname="Dynamo.Tests.PythonEditTests" name="CpythonRestart_ReloadsModules" time="6.6719570" />
    <testcase classname="Dynamo.Tests.PythonEditTests" name="InputDynamoDictionary_AsPythonDictionary" time="2.5428280" />
    <testcase classname="Dynamo.Tests.PythonEditTests" name="Python_CanReferenceDynamoServicesExecutionSession" time="3.8579590" />
    <testcase classname="Dynamo.Tests.PythonEditTests" name="PythonGeometryTest" time="2.5881400">
      <error message="System.NullReferenceException : Object reference not set to an instance of an object.">   at Dynamo.Tests.PythonEditTests.PythonGeometryTest() in C:\Users\DeyanNenov\Documents\GitHub\Dynamo\test\Libraries\DynamoPythonTests\PythonEditTests.cs:line 382
   at System.RuntimeMethodHandle.InvokeMethod(Object target, Void** arguments, Signature sig, Boolean isConstructor)
   at System.Reflection.MethodBaseInvoker.InvokeWithNoArgs(Object obj, BindingFlags invokeAttr)</error>
    </testcase>
    <testcase classname="Dynamo.Tests.PythonEditTests" name="PythonNodeEnginePropertyChangeTest" time="2.2101430">
      <error message="System.TypeInitializationException : The type initializer for 'Autodesk.LibG.LibGPINVOKE' threw an exception.&#xD;&#xA;  ----&gt; System.TypeInitializationException : The type initializer for 'SWIGExceptionHelper' threw an exception.&#xD;&#xA;  ----&gt; System.DllNotFoundException : Unable to load DLL 'LibG' or one of its dependencies: The specified module could not be found. (0x8007007E)">   at Dynamo.ViewModels.DynamoViewModel.Open(Object parameters) in C:\Users\DeyanNenov\Documents\GitHub\Dynamo\src\DynamoCoreWpf\ViewModels\Core\DynamoViewModel.cs:line 2203
   at Dynamo.UI.Commands.DelegateCommand.Execute(Object parameter) in C:\Users\DeyanNenov\Documents\GitHub\Dynamo\src\DynamoCoreWpf\Utilities\DelegateCommand.cs:line 38
   at Dynamo.Tests.PythonEditTests.PythonNodeEnginePropertyChangeTest() in C:\Users\DeyanNenov\Documents\GitHub\Dynamo\test\Libraries\DynamoPythonTests\PythonEditTests.cs:line 394
   at System.RuntimeMethodHandle.InvokeMethod(Object target, Void** arguments, Signature sig, Boolean isConstructor)
   at System.Reflection.MethodBaseInvoker.InvokeWithNoArgs(Object obj, BindingFlags invokeAttr)
--TypeInitializationException
   at Autodesk.LibG.LibGPINVOKE.SWIGExceptionHelper..ctor()
   at Autodesk.LibG.LibGPINVOKE..cctor() in C:\Jenkins\workspace\Dynamo\LibG\ASM231\LibGCore\swig\windows\LibGPINVOKE.cs:line 125
--DllNotFoundException
   at Autodesk.LibG.LibGPINVOKE.SWIGExceptionHelper.SWIGRegisterExceptionCallbacks_LibG(ExceptionDelegate applicationDelegate, ExceptionDelegate arithmeticDelegate, ExceptionDelegate divideByZeroDelegate, ExceptionDelegate indexOutOfRangeDelegate, ExceptionDelegate invalidCastDelegate, ExceptionDelegate invalidOperationDelegate, ExceptionDelegate ioDelegate, ExceptionDelegate nullReferenceDelegate, ExceptionDelegate outOfMemoryDelegate, ExceptionDelegate overflowDelegate, ExceptionDelegate systemExceptionDelegate)
   at Autodesk.LibG.LibGPINVOKE.SWIGExceptionHelper..cctor() in C:\Jenkins\workspace\Dynamo\LibG\ASM231\LibGCore\swig\windows\LibGPINVOKE.cs:line 105</error>
    </testcase>
    <testcase classname="Dynamo.Tests.PythonEditTests" name="PythonNodeEnginePropertyTest" time="1.9393300">
      <error message="System.TypeInitializationException : The type initializer for 'Autodesk.LibG.LibGPINVOKE' threw an exception.&#xD;&#xA;  ----&gt; System.TypeInitializationException : The type initializer for 'SWIGExceptionHelper' threw an exception.&#xD;&#xA;  ----&gt; System.DllNotFoundException : Unable to load DLL 'LibG' or one of its dependencies: The specified module could not be found. (0x8007007E)">   at Dynamo.ViewModels.DynamoViewModel.Open(Object parameters) in C:\Users\DeyanNenov\Documents\GitHub\Dynamo\src\DynamoCoreWpf\ViewModels\Core\DynamoViewModel.cs:line 2203
   at Dynamo.UI.Commands.DelegateCommand.Execute(Object parameter) in C:\Users\DeyanNenov\Documents\GitHub\Dynamo\src\DynamoCoreWpf\Utilities\DelegateCommand.cs:line 38
   at Dynamo.Tests.PythonEditTests.PythonNodeEnginePropertyTest() in C:\Users\DeyanNenov\Documents\GitHub\Dynamo\test\Libraries\DynamoPythonTests\PythonEditTests.cs:line 117
   at System.RuntimeMethodHandle.InvokeMethod(Object target, Void** arguments, Signature sig, Boolean isConstructor)
   at System.Reflection.MethodBaseInvoker.InvokeWithNoArgs(Object obj, BindingFlags invokeAttr)
--TypeInitializationException
   at Autodesk.LibG.LibGPINVOKE.SWIGExceptionHelper..ctor()
   at Autodesk.LibG.LibGPINVOKE..cctor() in C:\Jenkins\workspace\Dynamo\LibG\ASM231\LibGCore\swig\windows\LibGPINVOKE.cs:line 125
--DllNotFoundException
   at Autodesk.LibG.LibGPINVOKE.SWIGExceptionHelper.SWIGRegisterExceptionCallbacks_LibG(ExceptionDelegate applicationDelegate, ExceptionDelegate arithmeticDelegate, ExceptionDelegate divideByZeroDelegate, ExceptionDelegate indexOutOfRangeDelegate, ExceptionDelegate invalidCastDelegate, ExceptionDelegate invalidOperationDelegate, ExceptionDelegate ioDelegate, ExceptionDelegate nullReferenceDelegate, ExceptionDelegate outOfMemoryDelegate, ExceptionDelegate overflowDelegate, ExceptionDelegate systemExceptionDelegate)
   at Autodesk.LibG.LibGPINVOKE.SWIGExceptionHelper..cctor() in C:\Jenkins\workspace\Dynamo\LibG\ASM231\LibGCore\swig\windows\LibGPINVOKE.cs:line 105</error>
    </testcase>
    <testcase classname="Dynamo.Tests.PythonEditTests" name="PythonScriptEdit_ConvertTabsToSpacesButton" time="2.0960720">
      <error message="System.NullReferenceException : Object reference not set to an instance of an object.">   at Dynamo.ViewModels.DynamoViewModel.Open(Object parameters) in C:\Users\DeyanNenov\Documents\GitHub\Dynamo\src\DynamoCoreWpf\ViewModels\Core\DynamoViewModel.cs:line 2203
   at Dynamo.UI.Commands.DelegateCommand.Execute(Object parameter) in C:\Users\DeyanNenov\Documents\GitHub\Dynamo\src\DynamoCoreWpf\Utilities\DelegateCommand.cs:line 38
   at Dynamo.Tests.PythonEditTests.PythonScriptEdit_ConvertTabsToSpacesButton() in C:\Users\DeyanNenov\Documents\GitHub\Dynamo\test\Libraries\DynamoPythonTests\PythonEditTests.cs:line 230
   at System.RuntimeMethodHandle.InvokeMethod(Object target, Void** arguments, Signature sig, Boolean isConstructor)
   at System.Reflection.MethodBaseInvoker.InvokeWithNoArgs(Object obj, BindingFlags invokeAttr)</error>
    </testcase>
    <testcase classname="Dynamo.Tests.PythonEditTests" name="PythonScriptEdit_CustomNode" time="2.2913090">
      <error message="System.TypeInitializationException : The type initializer for 'Autodesk.LibG.LibGPINVOKE' threw an exception.&#xD;&#xA;  ----&gt; System.TypeInitializationException : The type initializer for 'SWIGExceptionHelper' threw an exception.&#xD;&#xA;  ----&gt; System.DllNotFoundException : Unable to load DLL 'LibG' or one of its dependencies: The specified module could not be found. (0x8007007E)">   at Dynamo.ViewModels.DynamoViewModel.Open(Object parameters) in C:\Users\DeyanNenov\Documents\GitHub\Dynamo\src\DynamoCoreWpf\ViewModels\Core\DynamoViewModel.cs:line 2203
   at Dynamo.UI.Commands.DelegateCommand.Execute(Object parameter) in C:\Users\DeyanNenov\Documents\GitHub\Dynamo\src\DynamoCoreWpf\Utilities\DelegateCommand.cs:line 38
   at Dynamo.Tests.PythonEditTests.PythonScriptEdit_CustomNode() in C:\Users\DeyanNenov\Documents\GitHub\Dynamo\test\Libraries\DynamoPythonTests\PythonEditTests.cs:line 148
   at System.RuntimeMethodHandle.InvokeMethod(Object target, Void** arguments, Signature sig, Boolean isConstructor)
   at System.Reflection.MethodBaseInvoker.InvokeWithNoArgs(Object obj, BindingFlags invokeAttr)
--TypeInitializationException
   at Autodesk.LibG.LibGPINVOKE.SWIGExceptionHelper..ctor()
   at Autodesk.LibG.LibGPINVOKE..cctor() in C:\Jenkins\workspace\Dynamo\LibG\ASM231\LibGCore\swig\windows\LibGPINVOKE.cs:line 125
--DllNotFoundException
   at Autodesk.LibG.LibGPINVOKE.SWIGExceptionHelper.SWIGRegisterExceptionCallbacks_LibG(ExceptionDelegate applicationDelegate, ExceptionDelegate arithmeticDelegate, ExceptionDelegate divideByZeroDelegate, ExceptionDelegate indexOutOfRangeDelegate, ExceptionDelegate invalidCastDelegate, ExceptionDelegate invalidOperationDelegate, ExceptionDelegate ioDelegate, ExceptionDelegate nullReferenceDelegate, ExceptionDelegate outOfMemoryDelegate, ExceptionDelegate overflowDelegate, ExceptionDelegate systemExceptionDelegate)
   at Autodesk.LibG.LibGPINVOKE.SWIGExceptionHelper..cctor() in C:\Jenkins\workspace\Dynamo\LibG\ASM231\LibGCore\swig\windows\LibGPINVOKE.cs:line 105</error>
    </testcase>
    <testcase classname="Dynamo.Tests.PythonEditTests" name="PythonScriptEdit_UndoRedo" time="2.0737560">
      <error message="System.TypeInitializationException : The type initializer for 'Autodesk.LibG.LibGPINVOKE' threw an exception.&#xD;&#xA;  ----&gt; System.TypeInitializationException : The type initializer for 'SWIGExceptionHelper' threw an exception.&#xD;&#xA;  ----&gt; System.DllNotFoundException : Unable to load DLL 'LibG' or one of its dependencies: The specified module could not be found. (0x8007007E)">   at Dynamo.ViewModels.DynamoViewModel.Open(Object parameters) in C:\Users\DeyanNenov\Documents\GitHub\Dynamo\src\DynamoCoreWpf\ViewModels\Core\DynamoViewModel.cs:line 2203
   at Dynamo.UI.Commands.DelegateCommand.Execute(Object parameter) in C:\Users\DeyanNenov\Documents\GitHub\Dynamo\src\DynamoCoreWpf\Utilities\DelegateCommand.cs:line 38
   at Dynamo.Tests.PythonEditTests.PythonScriptEdit_UndoRedo() in C:\Users\DeyanNenov\Documents\GitHub\Dynamo\test\Libraries\DynamoPythonTests\PythonEditTests.cs:line 195
   at System.RuntimeMethodHandle.InvokeMethod(Object target, Void** arguments, Signature sig, Boolean isConstructor)
   at System.Reflection.MethodBaseInvoker.InvokeWithNoArgs(Object obj, BindingFlags invokeAttr)
--TypeInitializationException
   at Autodesk.LibG.LibGPINVOKE.SWIGExceptionHelper..ctor()
   at Autodesk.LibG.LibGPINVOKE..cctor() in C:\Jenkins\workspace\Dynamo\LibG\ASM231\LibGCore\swig\windows\LibGPINVOKE.cs:line 125
--DllNotFoundException
   at Autodesk.LibG.LibGPINVOKE.SWIGExceptionHelper.SWIGRegisterExceptionCallbacks_LibG(ExceptionDelegate applicationDelegate, ExceptionDelegate arithmeticDelegate, ExceptionDelegate divideByZeroDelegate, ExceptionDelegate indexOutOfRangeDelegate, ExceptionDelegate invalidCastDelegate, ExceptionDelegate invalidOperationDelegate, ExceptionDelegate ioDelegate, ExceptionDelegate nullReferenceDelegate, ExceptionDelegate outOfMemoryDelegate, ExceptionDelegate overflowDelegate, ExceptionDelegate systemExceptionDelegate)
   at Autodesk.LibG.LibGPINVOKE.SWIGExceptionHelper..cctor() in C:\Jenkins\workspace\Dynamo\LibG\ASM231\LibGCore\swig\windows\LibGPINVOKE.cs:line 105</error>
    </testcase>
    <testcase classname="Dynamo.Tests.PythonEditTests" name="PythonScriptEdit_WorkspaceChangesReflected" time="1.9497640">
      <error message="System.TypeInitializationException : The type initializer for 'Autodesk.LibG.LibGPINVOKE' threw an exception.&#xD;&#xA;  ----&gt; System.TypeInitializationException : The type initializer for 'SWIGExceptionHelper' threw an exception.&#xD;&#xA;  ----&gt; System.DllNotFoundException : Unable to load DLL 'LibG' or one of its dependencies: The specified module could not be found. (0x8007007E)">   at Dynamo.ViewModels.DynamoViewModel.Open(Object parameters) in C:\Users\DeyanNenov\Documents\GitHub\Dynamo\src\DynamoCoreWpf\ViewModels\Core\DynamoViewModel.cs:line 2203
   at Dynamo.UI.Commands.DelegateCommand.Execute(Object parameter) in C:\Users\DeyanNenov\Documents\GitHub\Dynamo\src\DynamoCoreWpf\Utilities\DelegateCommand.cs:line 38
   at Dynamo.Tests.PythonEditTests.PythonScriptEdit_WorkspaceChangesReflected() in C:\Users\DeyanNenov\Documents\GitHub\Dynamo\test\Libraries\DynamoPythonTests\PythonEditTests.cs:line 96
   at System.RuntimeMethodHandle.InvokeMethod(Object target, Void** arguments, Signature sig, Boolean isConstructor)
   at System.Reflection.MethodBaseInvoker.InvokeWithNoArgs(Object obj, BindingFlags invokeAttr)
--TypeInitializationException
   at Autodesk.LibG.LibGPINVOKE.SWIGExceptionHelper..ctor()
   at Autodesk.LibG.LibGPINVOKE..cctor() in C:\Jenkins\workspace\Dynamo\LibG\ASM231\LibGCore\swig\windows\LibGPINVOKE.cs:line 125
--DllNotFoundException
   at Autodesk.LibG.LibGPINVOKE.SWIGExceptionHelper.SWIGRegisterExceptionCallbacks_LibG(ExceptionDelegate applicationDelegate, ExceptionDelegate arithmeticDelegate, ExceptionDelegate divideByZeroDelegate, ExceptionDelegate indexOutOfRangeDelegate, ExceptionDelegate invalidCastDelegate, ExceptionDelegate invalidOperationDelegate, ExceptionDelegate ioDelegate, ExceptionDelegate nullReferenceDelegate, ExceptionDelegate outOfMemoryDelegate, ExceptionDelegate overflowDelegate, ExceptionDelegate systemExceptionDelegate)
   at Autodesk.LibG.LibGPINVOKE.SWIGExceptionHelper..cctor() in C:\Jenkins\workspace\Dynamo\LibG\ASM231\LibGCore\swig\windows\LibGPINVOKE.cs:line 105</error>
    </testcase>
    <testcase classname="Dynamo.Tests.PythonEditTests" name="ReturnIronPythonDictionary_AsDynamoDictionary" time="1.9118740">
      <error message="System.TypeInitializationException : The type initializer for 'Autodesk.LibG.LibGPINVOKE' threw an exception.&#xD;&#xA;  ----&gt; System.TypeInitializationException : The type initializer for 'SWIGExceptionHelper' threw an exception.&#xD;&#xA;  ----&gt; System.DllNotFoundException : Unable to load DLL 'LibG' or one of its dependencies: The specified module could not be found. (0x8007007E)">   at Dynamo.ViewModels.DynamoViewModel.Open(Object parameters) in C:\Users\DeyanNenov\Documents\GitHub\Dynamo\src\DynamoCoreWpf\ViewModels\Core\DynamoViewModel.cs:line 2203
   at Dynamo.UI.Commands.DelegateCommand.Execute(Object parameter) in C:\Users\DeyanNenov\Documents\GitHub\Dynamo\src\DynamoCoreWpf\Utilities\DelegateCommand.cs:line 38
   at Dynamo.Tests.PythonEditTests.ReturnIronPythonDictionary_AsDynamoDictionary() in C:\Users\DeyanNenov\Documents\GitHub\Dynamo\test\Libraries\DynamoPythonTests\PythonEditTests.cs:line 426
   at System.RuntimeMethodHandle.InvokeMethod(Object target, Void** arguments, Signature sig, Boolean isConstructor)
   at System.Reflection.MethodBaseInvoker.InvokeWithNoArgs(Object obj, BindingFlags invokeAttr)
--TypeInitializationException
   at Autodesk.LibG.LibGPINVOKE.SWIGExceptionHelper..ctor()
   at Autodesk.LibG.LibGPINVOKE..cctor() in C:\Jenkins\workspace\Dynamo\LibG\ASM231\LibGCore\swig\windows\LibGPINVOKE.cs:line 125
--DllNotFoundException
   at Autodesk.LibG.LibGPINVOKE.SWIGExceptionHelper.SWIGRegisterExceptionCallbacks_LibG(ExceptionDelegate applicationDelegate, ExceptionDelegate arithmeticDelegate, ExceptionDelegate divideByZeroDelegate, ExceptionDelegate indexOutOfRangeDelegate, ExceptionDelegate invalidCastDelegate, ExceptionDelegate invalidOperationDelegate, ExceptionDelegate ioDelegate, ExceptionDelegate nullReferenceDelegate, ExceptionDelegate outOfMemoryDelegate, ExceptionDelegate overflowDelegate, ExceptionDelegate systemExceptionDelegate)
   at Autodesk.LibG.LibGPINVOKE.SWIGExceptionHelper..cctor() in C:\Jenkins\workspace\Dynamo\LibG\ASM231\LibGCore\swig\windows\LibGPINVOKE.cs:line 105</error>
    </testcase>
    <testcase classname="Dynamo.Tests.PythonEditTests" name="ReturnPythonDictionary_AsDynamoDictionary" time="1.7997860">
      <error message="System.TypeInitializationException : The type initializer for 'Autodesk.LibG.LibGPINVOKE' threw an exception.&#xD;&#xA;  ----&gt; System.TypeInitializationException : The type initializer for 'SWIGExceptionHelper' threw an exception.&#xD;&#xA;  ----&gt; System.DllNotFoundException : Unable to load DLL 'LibG' or one of its dependencies: The specified module could not be found. (0x8007007E)">   at Dynamo.ViewModels.DynamoViewModel.Open(Object parameters) in C:\Users\DeyanNenov\Documents\GitHub\Dynamo\src\DynamoCoreWpf\ViewModels\Core\DynamoViewModel.cs:line 2203
   at Dynamo.UI.Commands.DelegateCommand.Execute(Object parameter) in C:\Users\DeyanNenov\Documents\GitHub\Dynamo\src\DynamoCoreWpf\Utilities\DelegateCommand.cs:line 38
   at Dynamo.Tests.PythonEditTests.ReturnPythonDictionary_AsDynamoDictionary() in C:\Users\DeyanNenov\Documents\GitHub\Dynamo\test\Libraries\DynamoPythonTests\PythonEditTests.cs:line 313
   at System.RuntimeMethodHandle.InvokeMethod(Object target, Void** arguments, Signature sig, Boolean isConstructor)
   at System.Reflection.MethodBaseInvoker.InvokeWithNoArgs(Object obj, BindingFlags invokeAttr)
--TypeInitializationException
   at Autodesk.LibG.LibGPINVOKE.SWIGExceptionHelper..ctor()
   at Autodesk.LibG.LibGPINVOKE..cctor() in C:\Jenkins\workspace\Dynamo\LibG\ASM231\LibGCore\swig\windows\LibGPINVOKE.cs:line 125
--DllNotFoundException
   at Autodesk.LibG.LibGPINVOKE.SWIGExceptionHelper.SWIGRegisterExceptionCallbacks_LibG(ExceptionDelegate applicationDelegate, ExceptionDelegate arithmeticDelegate, ExceptionDelegate divideByZeroDelegate, ExceptionDelegate indexOutOfRangeDelegate, ExceptionDelegate invalidCastDelegate, ExceptionDelegate invalidOperationDelegate, ExceptionDelegate ioDelegate, ExceptionDelegate nullReferenceDelegate, ExceptionDelegate outOfMemoryDelegate, ExceptionDelegate overflowDelegate, ExceptionDelegate systemExceptionDelegate)
   at Autodesk.LibG.LibGPINVOKE.SWIGExceptionHelper..cctor() in C:\Jenkins\workspace\Dynamo\LibG\ASM231\LibGCore\swig\windows\LibGPINVOKE.cs:line 105</error>
    </testcase>
    <testcase classname="Dynamo.Tests.PythonEditTests" name="Test_Hidden_Properties_Python" time="1.8222580">
      <error message="System.TypeInitializationException : The type initializer for 'Autodesk.LibG.LibGPINVOKE' threw an exception.&#xD;&#xA;  ----&gt; System.TypeInitializationException : The type initializer for 'SWIGExceptionHelper' threw an exception.&#xD;&#xA;  ----&gt; System.DllNotFoundException : Unable to load DLL 'LibG' or one of its dependencies: The specified module could not be found. (0x8007007E)">   at Dynamo.ViewModels.DynamoViewModel.Open(Object parameters) in C:\Users\DeyanNenov\Documents\GitHub\Dynamo\src\DynamoCoreWpf\ViewModels\Core\DynamoViewModel.cs:line 2203
   at Dynamo.UI.Commands.DelegateCommand.Execute(Object parameter) in C:\Users\DeyanNenov\Documents\GitHub\Dynamo\src\DynamoCoreWpf\Utilities\DelegateCommand.cs:line 38
   at Dynamo.Tests.DynamoViewModelUnitTest.OpenModel(String relativeFilePath) in C:\Users\DeyanNenov\Documents\GitHub\Dynamo\test\DynamoCoreWpfTests\DynamoViewModelUnitTest.cs:line 170
   at Dynamo.Tests.DynamoViewModelUnitTest.RunModel(String relativeDynFilePath) in C:\Users\DeyanNenov\Documents\GitHub\Dynamo\test\DynamoCoreWpfTests\DynamoViewModelUnitTest.cs:line 181
   at Dynamo.Tests.PythonEditTests.Test_Hidden_Properties_Python() in C:\Users\DeyanNenov\Documents\GitHub\Dynamo\test\Libraries\DynamoPythonTests\PythonEditTests.cs:line 652
   at System.RuntimeMethodHandle.InvokeMethod(Object target, Void** arguments, Signature sig, Boolean isConstructor)
   at System.Reflection.MethodBaseInvoker.InvokeWithNoArgs(Object obj, BindingFlags invokeAttr)
--TypeInitializationException
   at Autodesk.LibG.LibGPINVOKE.SWIGExceptionHelper..ctor()
   at Autodesk.LibG.LibGPINVOKE..cctor() in C:\Jenkins\workspace\Dynamo\LibG\ASM231\LibGCore\swig\windows\LibGPINVOKE.cs:line 125
--DllNotFoundException
   at Autodesk.LibG.LibGPINVOKE.SWIGExceptionHelper.SWIGRegisterExceptionCallbacks_LibG(ExceptionDelegate applicationDelegate, ExceptionDelegate arithmeticDelegate, ExceptionDelegate divideByZeroDelegate, ExceptionDelegate indexOutOfRangeDelegate, ExceptionDelegate invalidCastDelegate, ExceptionDelegate invalidOperationDelegate, ExceptionDelegate ioDelegate, ExceptionDelegate nullReferenceDelegate, ExceptionDelegate outOfMemoryDelegate, ExceptionDelegate overflowDelegate, ExceptionDelegate systemExceptionDelegate)
   at Autodesk.LibG.LibGPINVOKE.SWIGExceptionHelper..cctor() in C:\Jenkins\workspace\Dynamo\LibG\ASM231\LibGCore\swig\windows\LibGPINVOKE.cs:line 105</error>
    </testcase>
    <testcase classname="Dynamo.Tests.PythonEditTests" name="Test_With_Exception_IDisposeCheck_Python" time="1.7612620">
      <error message="System.NullReferenceException : Object reference not set to an instance of an object.">   at Dynamo.ViewModels.DynamoViewModel.Open(Object parameters) in C:\Users\DeyanNenov\Documents\GitHub\Dynamo\src\DynamoCoreWpf\ViewModels\Core\DynamoViewModel.cs:line 2203
   at Dynamo.UI.Commands.DelegateCommand.Execute(Object parameter) in C:\Users\DeyanNenov\Documents\GitHub\Dynamo\src\DynamoCoreWpf\Utilities\DelegateCommand.cs:line 38
   at Dynamo.Tests.PythonEditTests.Test_With_Exception_IDisposeCheck_Python() in C:\Users\DeyanNenov\Documents\GitHub\Dynamo\test\Libraries\DynamoPythonTests\PythonEditTests.cs:line 702
   at System.RuntimeMethodHandle.InvokeMethod(Object target, Void** arguments, Signature sig, Boolean isConstructor)
   at System.Reflection.MethodBaseInvoker.InvokeWithNoArgs(Object obj, BindingFlags invokeAttr)</error>
    </testcase>
    <testcase classname="Dynamo.Tests.PythonEditTests" name="Test_With_Exception_Python" time="1.6781670">
      <error message="System.NullReferenceException : Object reference not set to an instance of an object.">   at Dynamo.ViewModels.DynamoViewModel.Open(Object parameters) in C:\Users\DeyanNenov\Documents\GitHub\Dynamo\src\DynamoCoreWpf\ViewModels\Core\DynamoViewModel.cs:line 2203
   at Dynamo.UI.Commands.DelegateCommand.Execute(Object parameter) in C:\Users\DeyanNenov\Documents\GitHub\Dynamo\src\DynamoCoreWpf\Utilities\DelegateCommand.cs:line 38
   at Dynamo.Tests.PythonEditTests.Test_With_Exception_Python() in C:\Users\DeyanNenov\Documents\GitHub\Dynamo\test\Libraries\DynamoPythonTests\PythonEditTests.cs:line 667
   at System.RuntimeMethodHandle.InvokeMethod(Object target, Void** arguments, Signature sig, Boolean isConstructor)
   at System.Reflection.MethodBaseInvoker.InvokeWithNoArgs(Object obj, BindingFlags invokeAttr)</error>
    </testcase>
    <testcase classname="Dynamo.Tests.PythonEditTests" name="TestWorkspaceWithMultiplePythonEngines" time="1.7605030">
      <error message="System.TypeInitializationException : The type initializer for 'Autodesk.LibG.LibGPINVOKE' threw an exception.&#xD;&#xA;  ----&gt; System.TypeInitializationException : The type initializer for 'SWIGExceptionHelper' threw an exception.&#xD;&#xA;  ----&gt; System.DllNotFoundException : Unable to load DLL 'LibG' or one of its dependencies: The specified module could not be found. (0x8007007E)">   at Dynamo.ViewModels.DynamoViewModel.Open(Object parameters) in C:\Users\DeyanNenov\Documents\GitHub\Dynamo\src\DynamoCoreWpf\ViewModels\Core\DynamoViewModel.cs:line 2203
   at Dynamo.UI.Commands.DelegateCommand.Execute(Object parameter) in C:\Users\DeyanNenov\Documents\GitHub\Dynamo\src\DynamoCoreWpf\Utilities\DelegateCommand.cs:line 38
   at Dynamo.Tests.PythonEditTests.TestWorkspaceWithMultiplePythonEngines() in C:\Users\DeyanNenov\Documents\GitHub\Dynamo\test\Libraries\DynamoPythonTests\PythonEditTests.cs:line 476
   at System.RuntimeMethodHandle.InvokeMethod(Object target, Void** arguments, Signature sig, Boolean isConstructor)
   at System.Reflection.MethodBaseInvoker.InvokeWithNoArgs(Object obj, BindingFlags invokeAttr)
--TypeInitializationException
   at Autodesk.LibG.LibGPINVOKE.SWIGExceptionHelper..ctor()
   at Autodesk.LibG.LibGPINVOKE..cctor() in C:\Jenkins\workspace\Dynamo\LibG\ASM231\LibGCore\swig\windows\LibGPINVOKE.cs:line 125
--DllNotFoundException
   at Autodesk.LibG.LibGPINVOKE.SWIGExceptionHelper.SWIGRegisterExceptionCallbacks_LibG(ExceptionDelegate applicationDelegate, ExceptionDelegate arithmeticDelegate, ExceptionDelegate divideByZeroDelegate, ExceptionDelegate indexOutOfRangeDelegate, ExceptionDelegate invalidCastDelegate, ExceptionDelegate invalidOperationDelegate, ExceptionDelegate ioDelegate, ExceptionDelegate nullReferenceDelegate, ExceptionDelegate outOfMemoryDelegate, ExceptionDelegate overflowDelegate, ExceptionDelegate systemExceptionDelegate)
   at Autodesk.LibG.LibGPINVOKE.SWIGExceptionHelper..cctor() in C:\Jenkins\workspace\Dynamo\LibG\ASM231\LibGCore\swig\windows\LibGPINVOKE.cs:line 105</error>
    </testcase>
    <testcase classname="Dynamo.Tests.PythonEditTests" name="TwoCPythonHandlesReturnedFromDifferentNodesHaveSameHandleID" time="1.6662189">
      <error message="System.TypeInitializationException : The type initializer for 'Autodesk.LibG.LibGPINVOKE' threw an exception.&#xD;&#xA;  ----&gt; System.TypeInitializationException : The type initializer for 'SWIGExceptionHelper' threw an exception.&#xD;&#xA;  ----&gt; System.DllNotFoundException : Unable to load DLL 'LibG' or one of its dependencies: The specified module could not be found. (0x8007007E)">   at Dynamo.ViewModels.DynamoViewModel.Open(Object parameters) in C:\Users\DeyanNenov\Documents\GitHub\Dynamo\src\DynamoCoreWpf\ViewModels\Core\DynamoViewModel.cs:line 2203
   at Dynamo.UI.Commands.DelegateCommand.Execute(Object parameter) in C:\Users\DeyanNenov\Documents\GitHub\Dynamo\src\DynamoCoreWpf\Utilities\DelegateCommand.cs:line 38
   at Dynamo.Tests.PythonEditTests.TwoCPythonHandlesReturnedFromDifferentNodesHaveSameHandleID() in C:\Users\DeyanNenov\Documents\GitHub\Dynamo\test\Libraries\DynamoPythonTests\PythonEditTests.cs:line 573
   at System.RuntimeMethodHandle.InvokeMethod(Object target, Void** arguments, Signature sig, Boolean isConstructor)
   at System.Reflection.MethodBaseInvoker.InvokeWithNoArgs(Object obj, BindingFlags invokeAttr)
--TypeInitializationException
   at Autodesk.LibG.LibGPINVOKE.SWIGExceptionHelper..ctor()
   at Autodesk.LibG.LibGPINVOKE..cctor() in C:\Jenkins\workspace\Dynamo\LibG\ASM231\LibGCore\swig\windows\LibGPINVOKE.cs:line 125
--DllNotFoundException
   at Autodesk.LibG.LibGPINVOKE.SWIGExceptionHelper.SWIGRegisterExceptionCallbacks_LibG(ExceptionDelegate applicationDelegate, ExceptionDelegate arithmeticDelegate, ExceptionDelegate divideByZeroDelegate, ExceptionDelegate indexOutOfRangeDelegate, ExceptionDelegate invalidCastDelegate, ExceptionDelegate invalidOperationDelegate, ExceptionDelegate ioDelegate, ExceptionDelegate nullReferenceDelegate, ExceptionDelegate outOfMemoryDelegate, ExceptionDelegate overflowDelegate, ExceptionDelegate systemExceptionDelegate)
   at Autodesk.LibG.LibGPINVOKE.SWIGExceptionHelper..cctor() in C:\Jenkins\workspace\Dynamo\LibG\ASM231\LibGCore\swig\windows\LibGPINVOKE.cs:line 105</error>
    </testcase>
    <testcase classname="Dynamo.Tests.PythonEditTests" name="TwoCPythonHandlesReturnedFromSameNodeHaveSameHandleID" time="1.9754080">
      <error message="System.TypeInitializationException : The type initializer for 'Autodesk.LibG.LibGPINVOKE' threw an exception.&#xD;&#xA;  ----&gt; System.TypeInitializationException : The type initializer for 'SWIGExceptionHelper' threw an exception.&#xD;&#xA;  ----&gt; System.DllNotFoundException : Unable to load DLL 'LibG' or one of its dependencies: The specified module could not be found. (0x8007007E)">   at Dynamo.ViewModels.DynamoViewModel.Open(Object parameters) in C:\Users\DeyanNenov\Documents\GitHub\Dynamo\src\DynamoCoreWpf\ViewModels\Core\DynamoViewModel.cs:line 2203
   at Dynamo.UI.Commands.DelegateCommand.Execute(Object parameter) in C:\Users\DeyanNenov\Documents\GitHub\Dynamo\src\DynamoCoreWpf\Utilities\DelegateCommand.cs:line 38
   at Dynamo.Tests.PythonEditTests.TwoCPythonHandlesReturnedFromSameNodeHaveSameHandleID() in C:\Users\DeyanNenov\Documents\GitHub\Dynamo\test\Libraries\DynamoPythonTests\PythonEditTests.cs:line 558
   at System.RuntimeMethodHandle.InvokeMethod(Object target, Void** arguments, Signature sig, Boolean isConstructor)
   at System.Reflection.MethodBaseInvoker.InvokeWithNoArgs(Object obj, BindingFlags invokeAttr)
--TypeInitializationException
   at Autodesk.LibG.LibGPINVOKE.SWIGExceptionHelper..ctor()
   at Autodesk.LibG.LibGPINVOKE..cctor() in C:\Jenkins\workspace\Dynamo\LibG\ASM231\LibGCore\swig\windows\LibGPINVOKE.cs:line 125
--DllNotFoundException
   at Autodesk.LibG.LibGPINVOKE.SWIGExceptionHelper.SWIGRegisterExceptionCallbacks_LibG(ExceptionDelegate applicationDelegate, ExceptionDelegate arithmeticDelegate, ExceptionDelegate divideByZeroDelegate, ExceptionDelegate indexOutOfRangeDelegate, ExceptionDelegate invalidCastDelegate, ExceptionDelegate invalidOperationDelegate, ExceptionDelegate ioDelegate, ExceptionDelegate nullReferenceDelegate, ExceptionDelegate outOfMemoryDelegate, ExceptionDelegate overflowDelegate, ExceptionDelegate systemExceptionDelegate)
   at Autodesk.LibG.LibGPINVOKE.SWIGExceptionHelper..cctor() in C:\Jenkins\workspace\Dynamo\LibG\ASM231\LibGCore\swig\windows\LibGPINVOKE.cs:line 105</error>
    </testcase>
    <testcase classname="Dynamo.Tests.PythonEditTests" name="VarInPythonScriptEdit_UndoRedo" time="1.4510200">
      <error message="System.TypeInitializationException : The type initializer for 'Autodesk.LibG.LibGPINVOKE' threw an exception.&#xD;&#xA;  ----&gt; System.TypeInitializationException : The type initializer for 'SWIGExceptionHelper' threw an exception.&#xD;&#xA;  ----&gt; System.DllNotFoundException : Unable to load DLL 'LibG' or one of its dependencies: The specified module could not be found. (0x8007007E)">   at Dynamo.ViewModels.DynamoViewModel.Open(Object parameters) in C:\Users\DeyanNenov\Documents\GitHub\Dynamo\src\DynamoCoreWpf\ViewModels\Core\DynamoViewModel.cs:line 2203
   at Dynamo.UI.Commands.DelegateCommand.Execute(Object parameter) in C:\Users\DeyanNenov\Documents\GitHub\Dynamo\src\DynamoCoreWpf\Utilities\DelegateCommand.cs:line 38
   at Dynamo.Tests.PythonEditTests.VarInPythonScriptEdit_UndoRedo() in C:\Users\DeyanNenov\Documents\GitHub\Dynamo\test\Libraries\DynamoPythonTests\PythonEditTests.cs:line 279
   at System.RuntimeMethodHandle.InvokeMethod(Object target, Void** arguments, Signature sig, Boolean isConstructor)
   at System.Reflection.MethodBaseInvoker.InvokeWithNoArgs(Object obj, BindingFlags invokeAttr)
--TypeInitializationException
   at Autodesk.LibG.LibGPINVOKE.SWIGExceptionHelper..ctor()
   at Autodesk.LibG.LibGPINVOKE..cctor() in C:\Jenkins\workspace\Dynamo\LibG\ASM231\LibGCore\swig\windows\LibGPINVOKE.cs:line 125
--DllNotFoundException
   at Autodesk.LibG.LibGPINVOKE.SWIGExceptionHelper.SWIGRegisterExceptionCallbacks_LibG(ExceptionDelegate applicationDelegate, ExceptionDelegate arithmeticDelegate, ExceptionDelegate divideByZeroDelegate, ExceptionDelegate indexOutOfRangeDelegate, ExceptionDelegate invalidCastDelegate, ExceptionDelegate invalidOperationDelegate, ExceptionDelegate ioDelegate, ExceptionDelegate nullReferenceDelegate, ExceptionDelegate outOfMemoryDelegate, ExceptionDelegate overflowDelegate, ExceptionDelegate systemExceptionDelegate)
   at Autodesk.LibG.LibGPINVOKE.SWIGExceptionHelper..cctor() in C:\Jenkins\workspace\Dynamo\LibG\ASM231\LibGCore\swig\windows\LibGPINVOKE.cs:line 105</error>
    </testcase>
    <testcase classname="Dynamo.Tests.PythonEditTests" name="VarInPythonScriptEdit_WorkspaceChangesReflected" time="1.6145820">
      <error message="System.TypeInitializationException : The type initializer for 'Autodesk.LibG.LibGPINVOKE' threw an exception.&#xD;&#xA;  ----&gt; System.TypeInitializationException : The type initializer for 'SWIGExceptionHelper' threw an exception.&#xD;&#xA;  ----&gt; System.DllNotFoundException : Unable to load DLL 'LibG' or one of its dependencies: The specified module could not be found. (0x8007007E)">   at Dynamo.ViewModels.DynamoViewModel.Open(Object parameters) in C:\Users\DeyanNenov\Documents\GitHub\Dynamo\src\DynamoCoreWpf\ViewModels\Core\DynamoViewModel.cs:line 2203
   at Dynamo.UI.Commands.DelegateCommand.Execute(Object parameter) in C:\Users\DeyanNenov\Documents\GitHub\Dynamo\src\DynamoCoreWpf\Utilities\DelegateCommand.cs:line 38
   at Dynamo.Tests.PythonEditTests.VarInPythonScriptEdit_WorkspaceChangesReflected() in C:\Users\DeyanNenov\Documents\GitHub\Dynamo\test\Libraries\DynamoPythonTests\PythonEditTests.cs:line 260
   at System.RuntimeMethodHandle.InvokeMethod(Object target, Void** arguments, Signature sig, Boolean isConstructor)
   at System.Reflection.MethodBaseInvoker.InvokeWithNoArgs(Object obj, BindingFlags invokeAttr)
--TypeInitializationException
   at Autodesk.LibG.LibGPINVOKE.SWIGExceptionHelper..ctor()
   at Autodesk.LibG.LibGPINVOKE..cctor() in C:\Jenkins\workspace\Dynamo\LibG\ASM231\LibGCore\swig\windows\LibGPINVOKE.cs:line 125
--DllNotFoundException
   at Autodesk.LibG.LibGPINVOKE.SWIGExceptionHelper.SWIGRegisterExceptionCallbacks_LibG(ExceptionDelegate applicationDelegate, ExceptionDelegate arithmeticDelegate, ExceptionDelegate divideByZeroDelegate, ExceptionDelegate indexOutOfRangeDelegate, ExceptionDelegate invalidCastDelegate, ExceptionDelegate invalidOperationDelegate, ExceptionDelegate ioDelegate, ExceptionDelegate nullReferenceDelegate, ExceptionDelegate outOfMemoryDelegate, ExceptionDelegate overflowDelegate, ExceptionDelegate systemExceptionDelegate)
   at Autodesk.LibG.LibGPINVOKE.SWIGExceptionHelper..cctor() in C:\Jenkins\workspace\Dynamo\LibG\ASM231\LibGCore\swig\windows\LibGPINVOKE.cs:line 105</error>
    </testcase>
    <testcase classname="Dynamo.Tests.PythonEditTests" name="VerifySysPathValueForCPythonEngine" time="1.4511810">
      <error message="System.TypeInitializationException : The type initializer for 'Autodesk.LibG.LibGPINVOKE' threw an exception.&#xD;&#xA;  ----&gt; System.TypeInitializationException : The type initializer for 'SWIGExceptionHelper' threw an exception.&#xD;&#xA;  ----&gt; System.DllNotFoundException : Unable to load DLL 'LibG' or one of its dependencies: The specified module could not be found. (0x8007007E)">   at Dynamo.ViewModels.DynamoViewModel.Open(Object parameters) in C:\Users\DeyanNenov\Documents\GitHub\Dynamo\src\DynamoCoreWpf\ViewModels\Core\DynamoViewModel.cs:line 2203
   at Dynamo.UI.Commands.DelegateCommand.Execute(Object parameter) in C:\Users\DeyanNenov\Documents\GitHub\Dynamo\src\DynamoCoreWpf\Utilities\DelegateCommand.cs:line 38
   at Dynamo.Tests.PythonEditTests.VerifySysPathValueForCPythonEngine() in C:\Users\DeyanNenov\Documents\GitHub\Dynamo\test\Libraries\DynamoPythonTests\PythonEditTests.cs:line 630
   at System.RuntimeMethodHandle.InvokeMethod(Object target, Void** arguments, Signature sig, Boolean isConstructor)
   at System.Reflection.MethodBaseInvoker.InvokeWithNoArgs(Object obj, BindingFlags invokeAttr)
--TypeInitializationException
   at Autodesk.LibG.LibGPINVOKE.SWIGExceptionHelper..ctor()
   at Autodesk.LibG.LibGPINVOKE..cctor() in C:\Jenkins\workspace\Dynamo\LibG\ASM231\LibGCore\swig\windows\LibGPINVOKE.cs:line 125
--DllNotFoundException
   at Autodesk.LibG.LibGPINVOKE.SWIGExceptionHelper.SWIGRegisterExceptionCallbacks_LibG(ExceptionDelegate applicationDelegate, ExceptionDelegate arithmeticDelegate, ExceptionDelegate divideByZeroDelegate, ExceptionDelegate indexOutOfRangeDelegate, ExceptionDelegate invalidCastDelegate, ExceptionDelegate invalidOperationDelegate, ExceptionDelegate ioDelegate, ExceptionDelegate nullReferenceDelegate, ExceptionDelegate outOfMemoryDelegate, ExceptionDelegate overflowDelegate, ExceptionDelegate systemExceptionDelegate)
   at Autodesk.LibG.LibGPINVOKE.SWIGExceptionHelper..cctor() in C:\Jenkins\workspace\Dynamo\LibG\ASM231\LibGCore\swig\windows\LibGPINVOKE.cs:line 105</error>
    </testcase>
    <testcase classname="DynamoPythonTests.CodeCompletionTests" name="CanFindAllTypeImports" time="0.0050620" />
    <testcase classname="DynamoPythonTests.CodeCompletionTests" name="CanFindDifferentTypesOfImportsAndLoad" time="0.0148090" />
    <testcase classname="DynamoPythonTests.CodeCompletionTests" name="CanFindSystemCollectionsAssignmentAndType" time="1.2035910" />
    <testcase classname="DynamoPythonTests.CodeCompletionTests" name="CanFindTypeSpecificAutodeskImportsSingleTypeSingleLine" time="0.0006669" />
    <testcase classname="DynamoPythonTests.CodeCompletionTests" name="CanFindTypeSpecificImportsMultipleTypesSingleLine" time="0.0001979" />
    <testcase classname="DynamoPythonTests.CodeCompletionTests" name="CanFindTypeSpecificImportsSingleTypeSingleLine" time="0.0001310" />
    <testcase classname="DynamoPythonTests.CodeCompletionTests" name="CanGetCompletionDataForArrayListVariable" time="0.0357499" />
    <testcase classname="DynamoPythonTests.CodeCompletionTests" name="CanGetCompletionDataForPyBuiltInTypes" time="0.0077400" />
    <testcase classname="DynamoPythonTests.CodeCompletionTests" name="CanIdentifyVariableTypeAndGetCompletionData" time="0.0014210" />
    <testcase classname="DynamoPythonTests.CodeCompletionTests" name="CanImportLibrary" time="0.0023609" />
    <testcase classname="DynamoPythonTests.CodeCompletionTests" name="CanImportSystemCollectionsLibraryAndGetCompletionData" time="0.0310270" />
    <testcase classname="DynamoPythonTests.CodeCompletionTests" name="CanImportSystemLibraryAndGetCompletionData" time="0.0749450" />
    <testcase classname="DynamoPythonTests.CodeCompletionTests" name="CanMatchAllVariablesSingleLine" time="0.0040320" />
    <testcase classname="DynamoPythonTests.CodeCompletionTests" name="CanMatchAllVariableTypes" time="0.0020320" />
    <testcase classname="DynamoPythonTests.CodeCompletionTests" name="CanMatchBasicArrayVarSingleLine" time="0.0004580" />
    <testcase classname="DynamoPythonTests.CodeCompletionTests" name="CanMatchBasicDictVarSingleLine" time="0.0002020" />
    <testcase classname="DynamoPythonTests.CodeCompletionTests" name="CanMatchBasicImportStatement" time="0.0003260" />
    <testcase classname="DynamoPythonTests.CodeCompletionTests" name="CanMatchBasicImportStatementMultiLine" time="0.0001250" />
    <testcase classname="DynamoPythonTests.CodeCompletionTests" name="CanMatchBasicNumVarSingleLine" time="0.0002000" />
    <testcase classname="DynamoPythonTests.CodeCompletionTests" name="CanMatchComplexDictVarMultiLine" time="0.0001330" />
    <testcase classname="DynamoPythonTests.CodeCompletionTests" name="CanMatchComplexDictVarSingleLine" time="0.0001090" />
    <testcase classname="DynamoPythonTests.CodeCompletionTests" name="CanMatchImportSystemAndLoadLibraryAndWithComment" time="0.0017410" />
    <testcase classname="DynamoPythonTests.CodeCompletionTests" name="CanMatchImportSystemLibraryWithComment" time="0.0001580" />
    <testcase classname="DynamoPythonTests.CodeCompletionTests" name="CanMatchIntSingleLine" time="0.0002050" />
    <testcase classname="DynamoPythonTests.CodeCompletionTests" name="DoesntMatchBadVariable" time="0.0001280" />
    <testcase classname="DynamoPythonTests.CodeCompletionTests" name="DuplicateCallsToImportShouldBeFine" time="0.0014980" />
    <testcase classname="DynamoPythonTests.CodeCompletionTests" name="VerifyPythonLoadedAssemblies" time="0.0002550" />
    <testcase classname="DynamoPythonTests.PythonEngineSelectorTests" name="CanCopydAndPasteAndUndoPythonEngine" time="3.3447920" />
    <testcase classname="DynamoPythonTests.PythonEngineSelectorTests" name="CPytonEngineManagerAPITest" time="1.2138050" />
    <testcase classname="DynamoPythonTests.PythonEngineSelectorTests" name="TestEngineSelectorInitialization" time="1.1201680" />
    <testcase classname="DynamoPythonTests.PythonEvalTestsWithLibraries" name="TestArrayEncoding" time="2.2727680" />
    <testcase classname="DynamoPythonTests.PythonEvalTestsWithLibraries" name="TestBigIntegerEncodingDecoding" time="3.2615420" />
    <testcase classname="DynamoPythonTests.PythonEvalTestsWithLibraries" name="TestDictionaryDecodingCPython" time="2.3339900" />
    <testcase classname="DynamoPythonTests.PythonEvalTestsWithLibraries" name="TestDictionaryViewsDecoding" time="2.8858120" />
    <testcase classname="DynamoPythonTests.PythonEvalTestsWithLibraries" name="TestDir" time="2.8483139" />
    <testcase classname="DynamoPythonTests.PythonEvalTestsWithLibraries" name="TestListDecoding" time="2.5480710" />
    <testcase classname="DynamoPythonTests.PythonEvalTestsWithLibraries" name="TestRangeDecodingCPython" time="2.2903110" />
    <testcase classname="DynamoPythonTests.PythonEvalTestsWithLibraries" name="TestSetDecodingCPython" time="1.4103100" />
    <testcase classname="DynamoPythonTests.PythonEvalTestsWithLibraries" name="TestTupleDecoding" time="1.5665480" />
    <testcase classname="DynamoPythonTests.PythonMigrationAssistantTests" name="CanMigrateDotNoneToPython3GetAttr" time="0.2779490" />
    <testcase classname="DynamoPythonTests.PythonMigrationAssistantTests" name="CanMigrateFixAddReferenceToFileAndPathToPython3AddReference" time="0.0966159" />
    <testcase classname="DynamoPythonTests.PythonMigrationAssistantTests" name="CanMigratePyton2CodeToPython3Code" time="0.0933960" />
    <testcase classname="DynamoPythonTests.PythonMigrationAssistantTests" name="MigrationWillNormalizeWhiteSpaceIfCodeContainsTabs" time="0.1344810" />
    <testcase classname="DynamoPythonTests.PythonMigrationAssistantTests" name="MigrationWillNotChangePython3CompatibleCode" time="0.0933490" />
    <testcase classname="DynamoPythonTests.PythonMigrationAssistantTests" name="MigrationWontChangeWhiteSpaceIfCodeDoesNotContainTabs" time="0.1268540" />
    <testcase classname="DynamoPythonTests.PythonModulesTests" name="TestMatplotlibPythonModuleEncoding" time="6.6924520" />
    <testcase classname="DynamoPythonTests.PythonModulesTests" name="TestNumpyPythonModuleEncoding" time="2.6593720" />
    <testcase classname="DynamoPythonTests.PythonModulesTests" name="TestOpenpyxlPythonModuleEncoding" time="6.0255550" />
    <testcase classname="DynamoPythonTests.PythonModulesTests" name="TestPandasPythonModuleEncoding" time="6.9758040" />
    <testcase classname="DynamoPythonTests.PythonModulesTests" name="TestPillowPythonModuleEncoding" time="2.2112210" />
    <testcase classname="DynamoPythonTests.PythonModulesTests" name="TestScypiPythonModuleEncoding" time="4.8651609" />
    <testcase classname="DynamoPythonTests.PythonTestsWithLogging" name="DynamoPrintLogsToConsole" time="2.6798460" />
    <testcase classname="DynamoPythonTests.PythonTestsWithLogging" name="ResetCypythonLogsToConsoleAfterRun" time="4.3452500" />
    <testcase classname="DynamoPythonTests.SharedCodeCompletionProviderTests" name="SharedCoreCanFindLoadedProviders" time="0.4709600" />
    <testcase classname="DynamoPythonTests.SharedCodeCompletionProviderTests" name="SharedCoreCanReturnCLRCompletionData" time="0.0964160" />
  </testsuite>
  <testsuite id="5" name="DynamoUtilitiesTests.dll" tests="30" failures="0" time="8.395">
    <testcase classname="DynamoUtilitiesTests.ASCLookUpTests" name="GetASCInstallDirectoryBadVersion" time="0.0123260" />
    <testcase classname="DynamoUtilitiesTests.ASCLookUpTests" name="GetASCInstallDirectoryEmptyVersion" time="0.0003050" />
    <testcase classname="DynamoUtilitiesTests.ASCLookUpTests" name="GetASCInstallDirectoryNonWorking" time="0.0005910" />
    <testcase classname="DynamoUtilitiesTests.ASCLookUpTests" name="GetASCInstallDirectoryWorking" time="0.0004090" />
    <testcase classname="DynamoUtilitiesTests.CertificateVerificationTests" name="CheckAssemblyForValidCertificateTest_NoCertificate" time="0.0402780" />
    <testcase classname="DynamoUtilitiesTests.CertificateVerificationTests" name="CheckAssemblyForValidCertificateTest_TransferredCertificate" time="0.0229709" />
    <testcase classname="DynamoUtilitiesTests.CertificateVerificationTests" name="CheckAssemblyForValidCertificateTest_ValidCertificate" time="0.1562020" />
    <testcase classname="DynamoUtilitiesTests.CLIWrapperTests" name="CLIGetsDataIfDoesNotTimeout" time="0.0031290" />
    <testcase classname="DynamoUtilitiesTests.CLIWrapperTests" name="CLIWrapperDoesNotHangIfProcessDoesNotWriteFullSequenceToStdOut" time="4.0065270" />
    <testcase classname="DynamoUtilitiesTests.CLIWrapperTests" name="CLIWrapperTimesOutIfGetDataIsSlow" time="4.0148580" />
    <testcase classname="DynamoUtilitiesTests.DataMarshalerTests" name="MarshalEnumerables" time="0.0045380" />
    <testcase classname="DynamoUtilitiesTests.DataMarshalerTests" name="MarshalSubclass" time="0.0008090" />
    <testcase classname="DynamoUtilitiesTests.DataMarshalerTests" name="MarshalTest" time="0.0015560" />
    <testcase classname="DynamoUtilitiesTests.ProductLookUpTests" name="CompareProducts" time="0.0905200" />
    <testcase classname="DynamoUtilitiesTests.ProductLookUpTests" name="DynamoProductsOverrideWithDebugPath" time="0.0123860" />
    <testcase classname="DynamoUtilitiesTests.ProductLookUpTests" name="FindProductsWhenProductNameLookupFails" time="0.0133410" />
    <testcase classname="DynamoUtilitiesTests.ProductLookUpTests" name="GetDistinctInstalledProducts" time="0.0037800" />
    <testcase classname="DynamoUtilitiesTests.ProductLookUpTests" name="GetInstalledDynamoProducts" time="0.0019020" />
    <testcase classname="DynamoUtilitiesTests.ProductLookUpTests" name="GetInstalledProducts" time="0.0016470" />
    <testcase classname="DynamoUtilitiesTests.ProductLookUpTests" name="GetProductFromInstallPath" time="0.0010490" />
    <testcase classname="DynamoUtilitiesTests.ProductLookUpTests" name="GetProductFromProductCode" time="0.0014270" />
    <testcase classname="DynamoUtilitiesTests.ProductLookUpTests" name="GetProductFromProductName" time="0.0011230" />
    <testcase classname="DynamoUtilitiesTests.ProductLookUpTests" name="NoProductFromInstallPath" time="0.0006630" />
    <testcase classname="DynamoUtilitiesTests.ProductLookUpTests" name="NoProductFromProductCode" time="0.0011240" />
    <testcase classname="DynamoUtilitiesTests.ProductLookUpTests" name="NoProductFromProductName" time="0.0004070" />
    <testcase classname="DynamoUtilitiesTests.XmlHelperTests" name="AddAttributeTest" time="0.0006120" />
    <testcase classname="DynamoUtilitiesTests.XmlHelperTests" name="AddNodeElementAndTextNodeTest" time="0.0004380" />
    <testcase classname="DynamoUtilitiesTests.XmlHelperTests" name="AddNodeElementOnlyTest" time="0.0001270" />
    <testcase classname="DynamoUtilitiesTests.XmlHelperTests" name="AddNodeWithInvalidInputTest" time="0.0000840" />
    <testcase classname="DynamoUtilitiesTests.XmlHelperTests" name="CreateDocumentTest" time="0.0003210" />
  </testsuite>
  <testsuite id="6" name="IntegrationTests.dll" tests="45" failures="0" time="8.512">
    <testcase classname="IntegrationTests.CallsiteRegen+IncrementingTraceTests" name="EnsureSerialisationDataNonNull" time="0.4264540" />
    <testcase classname="IntegrationTests.CallsiteRegen+IncrementingTraceTests" name="LoadSave_R2R_2" time="0.0677109" />
    <testcase classname="IntegrationTests.CallsiteRegen+IncrementingTraceTests" name="SerialisationDataLoadSave" time="0.0134060" />
    <testcase classname="IntegrationTests.CallsiteRegen+IncrementingTraceTests" name="SerialisationDataLoadSave_Negative" time="0.0519830" />
    <testcase classname="IntegrationTests.CallsiteRegen+IncrementingTraceTests" name="TestGuidStability" time="0.0135360" />
    <testcase classname="IntegrationTests.DynamoApplicationTests" name="DynamoMakeModelWithHostName" time="2.9546810" />
    <testcase classname="IntegrationTests.DynamoApplicationTests" name="DynamoModelStartedWithNoNetworkMode_AlsoDisablesAnalytics" time="0.5653170" />
    <testcase classname="IntegrationTests.DynamoApplicationTests" name="DynamoModelStartedWithNoNetworkModeFalse_DisablesAnalyticsCanBeTrue" time="0.5243710" />
    <testcase classname="IntegrationTests.DynamoApplicationTests" name="DynamoSandboxLoadsASMFromValidPath" time="1.5970260" />
    <testcase classname="IntegrationTests.DynamoApplicationTests" name="GetVersionFromASMPath_returnsFileVersionForMockdll" time="0.0013070" />
    <testcase classname="IntegrationTests.DynamoApplicationTests" name="IfASMPathInvalidExceptionNotThrown" time="0.2734809" />
    <testcase classname="IntegrationTests.ExecutionEventsObserver" name="TestPreAndPostExec" time="1.0638770" />
    <testcase classname="IntegrationTests.IncrementingTraceTests" name="IncrementerIDTest" time="0.0351490" />
    <testcase classname="IntegrationTests.IncrementingTraceTests" name="IncrementerIDTestUpdate" time="0.0331770" />
    <testcase classname="IntegrationTests.IncrementingTraceTests" name="MultipleCallsToFEPFromDifferentCallsites" time="0.0149840" />
    <testcase classname="IntegrationTests.IncrementingTraceTests" name="R2R" time="0.0440820" />
    <testcase classname="IntegrationTests.IncrementingTraceTests" name="R2R_2" time="0.0308730" />
    <testcase classname="IntegrationTests.IncrementingTraceTests" name="R2R_2_2Arg" time="0.0189080" />
    <testcase classname="IntegrationTests.IncrementingTraceTests" name="R2R_2Arg" time="0.0518820" />
    <testcase classname="IntegrationTests.IncrementingTraceTests" name="R2R_2Arg_Rep" time="0.0422229" />
    <testcase classname="IntegrationTests.IncrementingTraceTests" name="R2R_3" time="0.0194860" />
    <testcase classname="IntegrationTests.IncrementingTraceTests" name="R2R_3_2Arg" time="0.0349030" />
    <testcase classname="IntegrationTests.IncrementingTraceTests" name="R2R_4" time="0.0369900" />
    <testcase classname="IntegrationTests.IncrementingTraceTests" name="R2R_4_2Arg" time="0.0181140" />
    <testcase classname="IntegrationTests.IncrementingTraceTests" name="ReplicatedCallsToFEPFromSameCallsite" time="0.0502000" />
    <testcase classname="IntegrationTests.IncrementingTraceTests" name="ReplicatedCallsToFEPWithIDs" time="0.0311180" />
    <testcase classname="IntegrationTests.IncrementingTraceTests" name="ReplicatedToSomeExceptionToReplicated" time="0.0285340" />
    <testcase classname="IntegrationTests.IncrementingTraceTests" name="S2R" time="0.0468990" />
    <testcase classname="IntegrationTests.IncrementingTraceTests" name="S2R_2Arg" time="0.0379030" />
    <testcase classname="IntegrationTests.IncrementingTraceTests" name="S2R2S" time="0.0175920" />
    <testcase classname="IntegrationTests.IncrementingTraceTests" name="S2R2S_2Arg" time="0.0943630" />
    <testcase classname="IntegrationTests.IncrementingTraceTests" name="S2R2S2R" time="0.0328230" />
    <testcase classname="IntegrationTests.IncrementingTraceTests" name="S2R2S2R_2Arg" time="0.0460160" />
    <testcase classname="IntegrationTests.IncrementingTraceTests" name="S2S" time="0.0145780" />
    <testcase classname="IntegrationTests.IncrementingTraceTests" name="S2S_2Arg" time="0.0283660" />
    <testcase classname="IntegrationTests.IncrementingTraceTests" name="S2SMultiThread" time="0.0287710" />
    <testcase classname="IntegrationTests.IncrementingTraceTests" name="SanityCheckArgChangeCallsiteReuse" time="0.0050090" />
    <testcase classname="IntegrationTests.IncrementingTraceTests" name="SingleToExceptionToSingle" time="0.0196920" />
    <testcase classname="IntegrationTests.IncrementingTraceTests" name="TestCallsiteReuseOnModifiedFunctionArgVariable01" time="0.0277810" />
    <testcase classname="IntegrationTests.MinimalTraceTests" name="ExecTraceClassVerifyCleanThread" time="0.0007350" />
    <testcase classname="IntegrationTests.MinimalTraceTests" name="ExecTraceClassWithoutSupport" time="0.0002400" />
    <testcase classname="IntegrationTests.MinimalTraceTests" name="ExecTraceClassWithoutSupport2" time="0.0000730" />
    <testcase classname="IntegrationTests.MinimalTraceTests" name="ExecTraceVMClassVerifyCleanThread" time="0.0431170" />
    <testcase classname="IntegrationTests.MinimalTraceTests" name="ExecTraceVMClassVerifyTLSCleared" time="0.0202750" />
    <testcase classname="IntegrationTests.MinimalTraceTests" name="SanityCheckVMExecution" time="0.0035660" />
  </testsuite>
</testsuites>