<?xml version="1.0" encoding="utf-8"?>
<testsuites time="1,799.883" tests="2036" failures="4">
  <testsuite id="0" name="AnalysisTests.dll" tests="11" failures="0" time="7.488">
    <testcase classname="AnalysisTests.AnalysisTests" name="PointAnalysisDataByPointsAndResults_BadArgs" time="1.3199240" />
    <testcase classname="AnalysisTests.AnalysisTests" name="PointAnalysisDataByPointsAndResults_ValidArgs" time="0.6875530" />
    <testcase classname="AnalysisTests.AnalysisTests" name="SurfaceAnalysisDataBySurfacePointAndResults_BadArgs" time="0.6338760" />
    <testcase classname="AnalysisTests.AnalysisTests" name="SurfaceAnalysisDataBySurfacePointsAndResults_ValidArgs" time="0.7148520" />
    <testcase classname="AnalysisTests.AnalysisTests" name="VectorAnalysisDataByPointsAndResults_BadArgs" time="0.8402510" />
    <testcase classname="AnalysisTests.AnalysisTests" name="VectorAnalysisDataByPointsAndResults_ValidArgs" time="0.8650690" />
    <testcase classname="AnalysisTests.SurfaceDataTests" name="AnalysisExtensionsIsAlmostEqualToTest" time="0.8123680" />
    <testcase classname="AnalysisTests.SurfaceDataTests" name="SurfaceAnalysisDataBySurfaceAndPointsTest_Exceptions" time="0.7844110" />
    <testcase classname="AnalysisTests.SurfaceDataTests" name="SurfaceAnalysisDataBySurfacePointsAndResults_ValuesException" time="0.8129520" />
    <testcase classname="AnalysisTests.UtilsTests" name="CreateGradientColorMapTest" time="0.0148370" />
    <testcase classname="AnalysisTests.UtilsTests" name="CreateGradientValueMapTest" time="0.0023780" />
  </testsuite>
  <testsuite id="1" name="DisplayTests.dll" tests="37" failures="0" time="67.323">
    <testcase classname="DisplayTests.ByMeshColorsTests" name="ByMeshColors_Construction_NoColors_ThrowsException" time="2.0039390" />
    <testcase classname="DisplayTests.ByMeshColorsTests" name="ByMeshColors_Construction_NonQaudMesh_OneColor_CreatesCorrectNumberTriangles" time="1.0329230" />
    <testcase classname="DisplayTests.ByMeshColorsTests" name="ByMeshColors_Construction_NonQuadMesh_FaceColor_CreatesCorrectNumberTriangles" time="1.0576440" />
    <testcase classname="DisplayTests.ByMeshColorsTests" name="ByMeshColors_Construction_NonQuadMesh_PerTriangleVertexColor_CreatesCorrectNumberTriangles" time="0.8351830" />
    <testcase classname="DisplayTests.ByMeshColorsTests" name="ByMeshColors_Construction_NullColors_ThrowsException" time="0.7719049" />
    <testcase classname="DisplayTests.ByMeshColorsTests" name="ByMeshColors_Construction_NullMesh_ThrowsException" time="0.8869540" />
    <testcase classname="DisplayTests.ByMeshColorsTests" name="ByMeshColors_Construction_QuadMesh_FaceColor_CreatesCorrectNumberTriangles" time="1.2441840" />
    <testcase classname="DisplayTests.ByMeshColorsTests" name="ByMeshColors_Construction_QuadMesh_OneColor_CreatesCorrectNumberTriangles" time="1.4505450" />
    <testcase classname="DisplayTests.ByMeshColorsTests" name="ByMeshColors_Construction_QuadMesh_PerTriangleVertexColor_CreatesCorrectNumberTriangles" time="1.1074900" />
    <testcase classname="DisplayTests.ByMeshColorsTests" name="ByMeshColors_Construction_WrongNumberOfColors_ThrowsException" time="1.1342730" />
    <testcase classname="DisplayTests.ByMeshColorsTests" name="ByMeshColors_Contruction_ColorByFace_AllGood" time="1.7238950" />
    <testcase classname="DisplayTests.ByMeshColorsTests" name="ByMeshColors_Contruction_ColorByPerTriangleVertex_AllGood" time="1.2161080" />
    <testcase classname="DisplayTests.ByMeshColorsTests" name="ByMeshColors_Contruction_ColorByVertex_AllGood" time="1.1856199" />
    <testcase classname="DisplayTests.ByMeshColorsTests" name="ByMeshColors_Contruction_OneColor_AllGood" time="1.4460420" />
    <testcase classname="DisplayTests.BySurfaceUvsColorsTests" name="BySurfaceUVsColors_Construction_AllGood" time="1.5279980" />
    <testcase classname="DisplayTests.BySurfaceUvsColorsTests" name="BySurfaceUvsColors_Construction_JaggedArrayColors_ThrowsException" time="1.0245340" />
    <testcase classname="DisplayTests.BySurfaceUvsColorsTests" name="BySurfaceUvsColors_Construction_NoColors_ThrowsException" time="1.2368590" />
    <testcase classname="DisplayTests.BySurfaceUvsColorsTests" name="BySurfaceUvsColors_Construction_NullColors_ThrowsException" time="1.1357790" />
    <testcase classname="DisplayTests.BySurfaceUvsColorsTests" name="BySurfaceUvsColors_Construction_NullSurface_ThrowsException" time="1.4773030" />
    <testcase classname="DisplayTests.BySurfaceUvsColorsTests" name="BySurfaceUvsColors_Construction_SingleDimensionColors_ThrowsException" time="1.2259400" />
    <testcase classname="DisplayTests.DisplayTest" name="RegressMagn9666_DisplayCrash" time="3.9210240" />
    <testcase classname="GeometryColorTests.ByPointsColorsTests" name="Construction_AllGood" time="1.8398250" />
    <testcase classname="GeometryColorTests.ByPointsColorsTests" name="Construction_EmptyColors_ThrowsException" time="1.3990370" />
    <testcase classname="GeometryColorTests.ByPointsColorsTests" name="Construction_EmptyVertices_ThrowsException" time="1.2333400" />
    <testcase classname="GeometryColorTests.ByPointsColorsTests" name="Construction_NullColors_ThrowsException" time="1.7720660" />
    <testcase classname="GeometryColorTests.ByPointsColorsTests" name="Construction_NullVertices_ThrowsException" time="1.5236720" />
    <testcase classname="GeometryColorTests.ByPointsColorsTests" name="Construction_ThreePointsInALine_DoesNotDrawTriangle" time="1.5495620" />
    <testcase classname="GeometryColorTests.ByPointsColorsTests" name="Construction_TWoPointInSamePlace_DoesNotDrawTriangle" time="1.3154760" />
    <testcase classname="GeometryColorTests.ByPointsColorsTests" name="Construction_UnequalPointsAndColors_ThrowsException" time="1.4617300" />
    <testcase classname="GeometryTests.GeometryImportHelperTests" name="SABImportWithNullImportsAsUnitless" time="1.9147600" />
    <testcase classname="GeometryTests.GeometryImportHelperTests" name="SABImportWithSameUnits_ImportsAtSameSize" time="11.7838500" />
    <testcase classname="GeometryTests.GeometryImportHelperTests" name="SABImportWithSmallerUnits_ImportsAsLargerSize" time="1.6807730" />
    <testcase classname="GeometryTests.GeometryImportHelperTests" name="SABImportWithWrongUnitType_Throws" time="1.6328680" />
    <testcase classname="GeometryTests.GeometryImportHelperTests" name="SATImportWithNullImportsAsUnitless" time="1.8729140" />
    <testcase classname="GeometryTests.GeometryImportHelperTests" name="SATImportWithSameUnits_ImportsAtSameSize" time="2.6079640" />
    <testcase classname="GeometryTests.GeometryImportHelperTests" name="SATImportWithSmallerUnits_ImportsAsLargerSize" time="2.4249230" />
    <testcase classname="GeometryTests.GeometryImportHelperTests" name="SATImportWithWrongUnitType_Throws" time="2.6641320" />
  </testsuite>
  <testsuite id="2" name="DSCoreNodesTests.dll" tests="270" failures="2" time="95.293">
    <testcase classname="DSCoreNodesTests.ColorTests" name="TestAddColor" time="2.0964220" />
    <testcase classname="DSCoreNodesTests.ColorTests" name="TestBlerp1" time="1.4628210" />
    <testcase classname="DSCoreNodesTests.ColorTests" name="TestBlerp3" time="1.7951600" />
    <testcase classname="DSCoreNodesTests.ColorTests" name="TestBrightness" time="0.8932280" />
    <testcase classname="DSCoreNodesTests.ColorTests" name="TestBuildColorFrom1DRange" time="0.6715160" />
    <testcase classname="DSCoreNodesTests.ColorTests" name="TestBuildColorFrom2DRange" time="1.5137060" />
    <testcase classname="DSCoreNodesTests.ColorTests" name="TestComponents" time="2.4650480" />
    <testcase classname="DSCoreNodesTests.ColorTests" name="TestConstructorByARGB" time="1.6904140" />
    <testcase classname="DSCoreNodesTests.ColorTests" name="TestDivideColor" time="1.7323930" />
    <testcase classname="DSCoreNodesTests.ColorTests" name="TestDivideColorByZero" time="1.7811360" />
    <testcase classname="DSCoreNodesTests.ColorTests" name="TestHue" time="1.6970060" />
    <testcase classname="DSCoreNodesTests.ColorTests" name="TestMultiplyColor" time="2.8322040" />
    <testcase classname="DSCoreNodesTests.ColorTests" name="TestSaturation" time="2.6765610" />
    <testcase classname="DSCoreNodesTests.ComparisonTests" name="GreaterThan_Doubles" time="0.0041690" />
    <testcase classname="DSCoreNodesTests.ComparisonTests" name="GreaterThan_DoublesAndInts" time="0.0004460" />
    <testcase classname="DSCoreNodesTests.ComparisonTests" name="GreaterThan_Ints" time="0.0002380" />
    <testcase classname="DSCoreNodesTests.ComparisonTests" name="GreaterThan_Strings" time="0.0001890" />
    <testcase classname="DSCoreNodesTests.ComparisonTests" name="GreaterThanOrEqual_Doubles" time="0.0004180" />
    <testcase classname="DSCoreNodesTests.ComparisonTests" name="GreaterThanOrEqual_DoublesAndInts" time="0.0003860" />
    <testcase classname="DSCoreNodesTests.ComparisonTests" name="GreaterThanOrEqual_Ints" time="0.0001910" />
    <testcase classname="DSCoreNodesTests.ComparisonTests" name="GreaterThanOrEqual_Strings" time="0.0001730" />
    <testcase classname="DSCoreNodesTests.ComparisonTests" name="LessThan_Doubles" time="0.0001620" />
    <testcase classname="DSCoreNodesTests.ComparisonTests" name="LessThan_DoublesAndInts" time="0.0001710" />
    <testcase classname="DSCoreNodesTests.ComparisonTests" name="LessThan_Ints" time="0.0001560" />
    <testcase classname="DSCoreNodesTests.ComparisonTests" name="LessThan_Strings" time="0.0001410" />
    <testcase classname="DSCoreNodesTests.ComparisonTests" name="LessThanOrEqual_Doubles" time="0.0001750" />
    <testcase classname="DSCoreNodesTests.ComparisonTests" name="LessThanOrEqual_DoublesAndInts" time="0.0002060" />
    <testcase classname="DSCoreNodesTests.ComparisonTests" name="LessThanOrEqual_Ints" time="0.0001860" />
    <testcase classname="DSCoreNodesTests.ComparisonTests" name="LessThanOrEqual_Strings" time="0.0002640" />
    <testcase classname="DSCoreNodesTests.DateTimeTests" name="DateTimeComponents" time="0.0070550" />
    <testcase classname="DSCoreNodesTests.DateTimeTests" name="DateTimeWrappers" time="0.0665680">
      <error message="  Expected: 1000-10-03 00:00:00&#xD;&#xA;  But was:  1000-03-10 00:00:00&#xD;&#xA;">   at DSCoreNodesTests.DateTimeTests.DateTimeWrappers() in C:\Users\DeyanNenov\Documents\GitHub\Dynamo\test\Libraries\CoreNodesTests\DateTimeTests.cs:line 29
</error>
    </testcase>
    <testcase classname="DSCoreNodesTests.DateTimeTests" name="MaxValueTimeSpan" time="0.0004100" />
    <testcase classname="DSCoreNodesTests.DateTimeTests" name="MinValueTimeSpan" time="0.0006669" />
    <testcase classname="DSCoreNodesTests.DateTimeTests" name="NegateTimeSpan" time="0.0003120" />
    <testcase classname="DSCoreNodesTests.DateTimeTests" name="TestDateTime_DayOfWeek" time="0.0006730" />
    <testcase classname="DSCoreNodesTests.DateTimeTests" name="TestDateTime_Format" time="0.0028310">
      <error message="  String lengths are both 11. Strings differ at index 0.&#xD;&#xA;  Expected: &quot;03 Oct 1000&quot;&#xD;&#xA;  But was:  &quot;10 Mar 1000&quot;&#xD;&#xA;  -----------^&#xD;&#xA;">   at DSCoreNodesTests.DateTimeTests.TestDateTime_Format() in C:\Users\DeyanNenov\Documents\GitHub\Dynamo\test\Libraries\CoreNodesTests\DateTimeTests.cs:line 54
</error>
    </testcase>
    <testcase classname="DSCoreNodesTests.DateTimeTests" name="TestDateTime_Today" time="0.0002790" />
    <testcase classname="DSCoreNodesTests.DateTimeTests" name="TimeSpanComponents" time="0.0004360" />
    <testcase classname="DSCoreNodesTests.DateTimeTests" name="TimeSpanCreation" time="0.0002520" />
    <testcase classname="DSCoreNodesTests.DateTimeTests" name="TimeSpanScaling" time="0.0001820" />
    <testcase classname="DSCoreNodesTests.DateTimeTests" name="TimeSpanWrappers" time="0.0009890" />
    <testcase classname="DSCoreNodesTests.DateTimeTests" name="ZeroTimeSpan" time="0.0001979" />
    <testcase classname="DSCoreNodesTests.DropDownTests" name="OpenXmlDYNwithInvalidSelectedIndex" time="4.1287510" />
    <testcase classname="DSCoreNodesTests.DropDownTests" name="OpenXmlDYNwithInvalidSelectedIndex2" time="1.9575660" />
    <testcase classname="DSCoreNodesTests.DropDownTests" name="OpenXmlDYNwithInvalidSelectedIndex3" time="2.1095870" />
    <testcase classname="DSCoreNodesTests.DropDownTests" name="OpenXmlDYNwithSelectionNode" time="1.9090720" />
    <testcase classname="DSCoreNodesTests.EnumAsStringTests" name="BuildOutputAstTest" time="0.3071610" />
    <testcase classname="DSCoreNodesTests.EnumAsStringTests" name="DeserializeTest" time="0.0042640" />
    <testcase classname="DSCoreNodesTests.EnumAsStringTests" name="PopulateItemsCoreTest" time="0.0005770" />
    <testcase classname="DSCoreNodesTests.EnumAsStringTests" name="SelectedIndexTest" time="0.0003330" />
    <testcase classname="DSCoreNodesTests.EnumAsStringTests" name="SerializeTest" time="0.0004660" />
    <testcase classname="DSCoreNodesTests.EnumAsStringTests" name="UpdateValueCoreTest" time="0.0049890" />
    <testcase classname="DSCoreNodesTests.ListTests" name="AddToList" time="0.0005120" />
    <testcase classname="DSCoreNodesTests.ListTests" name="AllIndicesOf" time="0.0051820" />
    <testcase classname="DSCoreNodesTests.ListTests" name="AllIndicesOfNullTest" time="0.0009570" />
    <testcase classname="DSCoreNodesTests.ListTests" name="Chop1" time="0.0020270" />
    <testcase classname="DSCoreNodesTests.ListTests" name="Chop2" time="0.0007610" />
    <testcase classname="DSCoreNodesTests.ListTests" name="Chop3" time="0.0005380" />
    <testcase classname="DSCoreNodesTests.ListTests" name="Chop4" time="0.0005390" />
    <testcase classname="DSCoreNodesTests.ListTests" name="Chop5" time="0.0005550" />
    <testcase classname="DSCoreNodesTests.ListTests" name="Chop6" time="0.0005800" />
    <testcase classname="DSCoreNodesTests.ListTests" name="CleanNullsChangeIndices" time="0.0020320" />
    <testcase classname="DSCoreNodesTests.ListTests" name="CleanNullsChangeIndicesEdgeCases" time="0.0002999" />
    <testcase classname="DSCoreNodesTests.ListTests" name="CleanNullsPreserveIndices" time="0.0004760" />
    <testcase classname="DSCoreNodesTests.ListTests" name="CleanNullsPreserveIndicesEdgeCases" time="0.0002330" />
    <testcase classname="DSCoreNodesTests.ListTests" name="DropEveryNthValueFromList" time="0.0015600" />
    <testcase classname="DSCoreNodesTests.ListTests" name="DropValuesFromList" time="0.0005400" />
    <testcase classname="DSCoreNodesTests.ListTests" name="EmptyList" time="0.0002160" />
    <testcase classname="DSCoreNodesTests.ListTests" name="FilterListByMask" time="0.0045590" />
    <testcase classname="DSCoreNodesTests.ListTests" name="FirstIndexOf" time="0.0007410" />
    <testcase classname="DSCoreNodesTests.ListTests" name="FirstInList" time="0.0005380" />
    <testcase classname="DSCoreNodesTests.ListTests" name="FlattenListByAmount" time="0.0019930" />
    <testcase classname="DSCoreNodesTests.ListTests" name="FlattenListCompletely" time="0.0013660" />
    <testcase classname="DSCoreNodesTests.ListTests" name="GetFromList" time="0.0006430" />
    <testcase classname="DSCoreNodesTests.ListTests" name="GetNegtiveIndexItemFromList" time="0.0002630" />
    <testcase classname="DSCoreNodesTests.ListTests" name="GetNegtiveIndexItemFromListCouldThrow" time="0.0011520" />
    <testcase classname="DSCoreNodesTests.ListTests" name="GetPositiveIndexItemFromListCouldThrow" time="0.0008260" />
    <testcase classname="DSCoreNodesTests.ListTests" name="GroupByKey1" time="0.0037920" />
    <testcase classname="DSCoreNodesTests.ListTests" name="GroupByKey2" time="0.0005040" />
    <testcase classname="DSCoreNodesTests.ListTests" name="GroupByKey3" time="0.0036950" />
    <testcase classname="DSCoreNodesTests.ListTests" name="GroupByKey4" time="0.0008840" />
    <testcase classname="DSCoreNodesTests.ListTests" name="GroupBySimilarity" time="0.0051900" />
    <testcase classname="DSCoreNodesTests.ListTests" name="GroupBySimilarity_WithDecimals" time="0.0009690" />
    <testcase classname="DSCoreNodesTests.ListTests" name="GroupBySimilarity_WithDecimals_Tolerance0_1" time="0.0009890" />
    <testcase classname="DSCoreNodesTests.ListTests" name="GroupBySimilarity_WithEmptyItems" time="0.0010090" />
    <testcase classname="DSCoreNodesTests.ListTests" name="GroupBySimilarity_WithIntegers_ConsiderAdjacencyFalse" time="0.0007500" />
    <testcase classname="DSCoreNodesTests.ListTests" name="GroupBySimilarity_WithIntegers_Tolerance1" time="0.0006060" />
    <testcase classname="DSCoreNodesTests.ListTests" name="GroupBySimilarity_WithIntegers_Tolerance2" time="0.0005870" />
    <testcase classname="DSCoreNodesTests.ListTests" name="GroupBySimilarity_WithMixedList_ThrowsException" time="0.0005910" />
    <testcase classname="DSCoreNodesTests.ListTests" name="GroupBySimilarity_WithNegativeDecimals_Tolerance0_2" time="0.0004980" />
    <testcase classname="DSCoreNodesTests.ListTests" name="GroupBySimilarity_WithNegativeIntegers" time="0.0004970" />
    <testcase classname="DSCoreNodesTests.ListTests" name="GroupBySimilarity_WithStrings" time="0.0004620" />
    <testcase classname="DSCoreNodesTests.ListTests" name="GroupBySimilarity_WithStrings_ConsiderAdjacencyFalse" time="0.0004450" />
    <testcase classname="DSCoreNodesTests.ListTests" name="GroupBySimilarity_WithStrings_Tolerance1_5" time="0.0004600" />
    <testcase classname="DSCoreNodesTests.ListTests" name="GroupBySimilarity_WithStrings_Tolerance11" time="0.0005300" />
    <testcase classname="DSCoreNodesTests.ListTests" name="GroupBySimilarity_WithStrings_Tolerance2" time="0.0004420" />
    <testcase classname="DSCoreNodesTests.ListTests" name="InsertToList" time="0.0004120" />
    <testcase classname="DSCoreNodesTests.ListTests" name="IsEmptyList" time="0.0006080" />
    <testcase classname="DSCoreNodesTests.ListTests" name="JoinLists" time="0.0005070" />
    <testcase classname="DSCoreNodesTests.ListTests" name="LastInList" time="0.0003310" />
    <testcase classname="DSCoreNodesTests.ListTests" name="ListAnyFalse" time="0.0016630" />
    <testcase classname="DSCoreNodesTests.ListTests" name="ListAnyTrue" time="0.0022039" />
    <testcase classname="DSCoreNodesTests.ListTests" name="ListCombinations" time="0.0058389" />
    <testcase classname="DSCoreNodesTests.ListTests" name="ListContainsInSublists" time="0.0016180" />
    <testcase classname="DSCoreNodesTests.ListTests" name="ListContainsNumbers" time="0.0003470" />
    <testcase classname="DSCoreNodesTests.ListTests" name="ListCount" time="0.0003880" />
    <testcase classname="DSCoreNodesTests.ListTests" name="ListCountFalse" time="0.0007500" />
    <testcase classname="DSCoreNodesTests.ListTests" name="ListCountTrue" time="0.0007130" />
    <testcase classname="DSCoreNodesTests.ListTests" name="ListDiagonalLeft" time="0.0041320" />
    <testcase classname="DSCoreNodesTests.ListTests" name="ListDiagonalRight" time="0.0014030" />
    <testcase classname="DSCoreNodesTests.ListTests" name="ListIndexOf" time="0.0107990" />
    <testcase classname="DSCoreNodesTests.ListTests" name="ListIsHomogeneous" time="0.0012250" />
    <testcase classname="DSCoreNodesTests.ListTests" name="ListIsRectangular" time="0.0011860" />
    <testcase classname="DSCoreNodesTests.ListTests" name="ListIsUniformDepth" time="0.0009970" />
    <testcase classname="DSCoreNodesTests.ListTests" name="ListMaximumValue" time="0.0006130" />
    <testcase classname="DSCoreNodesTests.ListTests" name="ListMaximumValueMixed" time="0.0002340" />
    <testcase classname="DSCoreNodesTests.ListTests" name="ListMinimumValue" time="0.0004000" />
    <testcase classname="DSCoreNodesTests.ListTests" name="ListMinimumValueMixed" time="0.0002180" />
    <testcase classname="DSCoreNodesTests.ListTests" name="ListPermutations" time="0.0046910" />
    <testcase classname="DSCoreNodesTests.ListTests" name="ListSetDifference" time="0.0007339" />
    <testcase classname="DSCoreNodesTests.ListTests" name="ListSetIntersection" time="0.0007720" />
    <testcase classname="DSCoreNodesTests.ListTests" name="ListSetUnion" time="0.0006980" />
    <testcase classname="DSCoreNodesTests.ListTests" name="NormalizeDepthWithRank" time="0.0009350" />
    <testcase classname="DSCoreNodesTests.ListTests" name="PartitionList" time="0.0002730" />
    <testcase classname="DSCoreNodesTests.ListTests" name="RemoveMultipleValuesFromList" time="0.0011260" />
    <testcase classname="DSCoreNodesTests.ListTests" name="RemoveMultipleValuesFromNestedList" time="0.0006390" />
    <testcase classname="DSCoreNodesTests.ListTests" name="RemoveValueFromList" time="0.0004220" />
    <testcase classname="DSCoreNodesTests.ListTests" name="ReorderList" time="0.0011490" />
    <testcase classname="DSCoreNodesTests.ListTests" name="RepeatObject" time="0.0028540" />
    <testcase classname="DSCoreNodesTests.ListTests" name="ReplaceItemAtIndex" time="0.0022130" />
    <testcase classname="DSCoreNodesTests.ListTests" name="ReplaceItemAtIndices" time="0.0043570" />
    <testcase classname="DSCoreNodesTests.ListTests" name="RestOfList" time="0.0007050" />
    <testcase classname="DSCoreNodesTests.ListTests" name="ReverseList" time="0.0008530" />
    <testcase classname="DSCoreNodesTests.ListTests" name="ShiftListIndices" time="0.0016980" />
    <testcase classname="DSCoreNodesTests.ListTests" name="ShuffleList" time="0.0036530" />
    <testcase classname="DSCoreNodesTests.ListTests" name="SortByKey1" time="0.0053630" />
    <testcase classname="DSCoreNodesTests.ListTests" name="SortByKey2" time="0.0005910" />
    <testcase classname="DSCoreNodesTests.ListTests" name="SortByKey3" time="0.0005280" />
    <testcase classname="DSCoreNodesTests.ListTests" name="SortByKey4" time="0.0004140" />
    <testcase classname="DSCoreNodesTests.ListTests" name="SortByKey5" time="0.0007440" />
    <testcase classname="DSCoreNodesTests.ListTests" name="SortByKey6" time="0.0004880" />
    <testcase classname="DSCoreNodesTests.ListTests" name="SortByKey7" time="0.0006530" />
    <testcase classname="DSCoreNodesTests.ListTests" name="SortIndexByValue" time="0.0043380" />
    <testcase classname="DSCoreNodesTests.ListTests" name="SortList" time="0.0025170" />
    <testcase classname="DSCoreNodesTests.ListTests" name="SortMixedList1" time="0.0007180" />
    <testcase classname="DSCoreNodesTests.ListTests" name="SortMixedList2" time="0.0012179" />
    <testcase classname="DSCoreNodesTests.ListTests" name="SplitList" time="0.0050710" />
    <testcase classname="DSCoreNodesTests.ListTests" name="Sublists" time="0.0043660" />
    <testcase classname="DSCoreNodesTests.ListTests" name="TakeEveryNthValueFromList" time="0.0007530" />
    <testcase classname="DSCoreNodesTests.ListTests" name="TakeListSlice" time="0.0011940" />
    <testcase classname="DSCoreNodesTests.ListTests" name="TakeValuesFromList" time="0.0004610" />
    <testcase classname="DSCoreNodesTests.ListTests" name="TransposeJaggedListOfLists" time="0.0036620" />
    <testcase classname="DSCoreNodesTests.ListTests" name="TransposeListOfLists" time="0.0006489" />
    <testcase classname="DSCoreNodesTests.ListTests" name="UniqueInBooleanList" time="0.0054100" />
    <testcase classname="DSCoreNodesTests.ListTests" name="UniqueInCharList" time="0.0015070" />
    <testcase classname="DSCoreNodesTests.ListTests" name="UniqueInCombineList" time="0.0059520" />
    <testcase classname="DSCoreNodesTests.ListTests" name="UniqueInList" time="0.0061490" />
    <testcase classname="DSCoreNodesTests.ListTests" name="UniqueInListWithPoints" time="0.0020480" />
    <testcase classname="DSCoreNodesTests.ListTests" name="UniqueInNullList" time="0.0002290" />
    <testcase classname="DSCoreNodesTests.ListTests" name="UniqueInStringList" time="0.0002390" />
    <testcase classname="DSCoreNodesTests.LogicTests" name="Xor" time="0.0003900" />
    <testcase classname="DSCoreNodesTests.MathTests" name="Factorial" time="0.0019270" />
    <testcase classname="DSCoreNodesTests.MathTests" name="GoldenRatio" time="0.0002470" />
    <testcase classname="DSCoreNodesTests.MathTests" name="Log" time="0.0002550" />
    <testcase classname="DSCoreNodesTests.MathTests" name="Log_Infinity" time="0.0001399" />
    <testcase classname="DSCoreNodesTests.MathTests" name="Log_NegativeInput" time="0.0001210" />
    <testcase classname="DSCoreNodesTests.MathTests" name="Map" time="0.0002980" />
    <testcase classname="DSCoreNodesTests.MathTests" name="MapTo" time="0.0002640" />
    <testcase classname="DSCoreNodesTests.MathTests" name="Sum" time="0.0038410" />
    <testcase classname="DSCoreNodesTests.MathTests" name="Tan_NaN" time="0.0008360" />
    <testcase classname="DSCoreNodesTests.MathTests" name="Test_RemapRange" time="0.0033200" />
    <testcase classname="DSCoreNodesTests.NodeWithUITests" name="IntegerSliderMaxValue" time="0.0044420" />
    <testcase classname="DSCoreNodesTests.NodeWithUITests" name="SliderASTGeneration" time="0.0054630" />
    <testcase classname="DSCoreNodesTests.NodeWithUITests" name="SliderMaxValue" time="0.0016890" />
    <testcase classname="DSCoreNodesTests.NodeWithUITests" name="SliderMaxValueWithBigNum" time="0.0005880" />
    <testcase classname="DSCoreNodesTests.NumberTests" name="SettingValueToLetterSucceeds" time="0.0103680" />
    <testcase classname="DSCoreNodesTests.NumberTests" name="SettingValueToNumberSucceeds" time="0.0005620" />
    <testcase classname="DSCoreNodesTests.NumberTests" name="SettingValueToRangeExpressionSucceeds" time="0.0009240" />
    <testcase classname="DSCoreNodesTests.ObjectTests" name="Test_Identity" time="0.0004270" />
    <testcase classname="DSCoreNodesTests.ObjectTests" name="Type" time="0.0020569" />
    <testcase classname="DSCoreNodesTests.ProtoNodesTests" name="CanDoSimpleLoft" time="3.2465090" />
    <testcase classname="DSCoreNodesTests.QuadtreeTests" name="Node_FindAllNodesUpLevel_FromLeafNode" time="1.9723500" />
    <testcase classname="DSCoreNodesTests.QuadtreeTests" name="Node_FindAllNodesUpLevel_FromRootNode" time="2.5255570" />
    <testcase classname="DSCoreNodesTests.QuadtreeTests" name="Node_FindNodeWhichContains_BadArgs" time="2.3044610" />
    <testcase classname="DSCoreNodesTests.QuadtreeTests" name="Node_FindNodeWhichContains_GoodArgs" time="1.7984710" />
    <testcase classname="DSCoreNodesTests.QuadtreeTests" name="Node_TryFind_BadArgs" time="3.4344340" />
    <testcase classname="DSCoreNodesTests.QuadtreeTests" name="Node_TryFind_GoodArgs" time="1.6188140" />
    <testcase classname="DSCoreNodesTests.QuadtreeTests" name="QuadTree_FindPointsInRectangle" time="1.8826360" />
    <testcase classname="DSCoreNodesTests.QuadtreeTests" name="Quadtree_FindPointsWithinRadius_BadArgs" time="1.9812350" />
    <testcase classname="DSCoreNodesTests.QuadtreeTests" name="Quadtree_FindPointsWithinRadius_GoodArgs" time="1.6556080" />
    <testcase classname="DSCoreNodesTests.QuadtreeTests" name="QuadtreeByUVs_BadArgs" time="3.6182600" />
    <testcase classname="DSCoreNodesTests.QuadtreeTests" name="QuadtreeByUVs_GoodArgs" time="2.3094700" />
    <testcase classname="DSCoreNodesTests.QuadtreeTests" name="UVExtensions_Area" time="1.9953300" />
    <testcase classname="DSCoreNodesTests.SelectionTests" name="ClearSelectionTest" time="2.7184430" />
    <testcase classname="DSCoreNodesTests.SelectionTests" name="ConstructorWithPortsTest" time="3.4635090" />
    <testcase classname="DSCoreNodesTests.SelectionTests" name="DeserializeCoreTest" time="3.2766630" />
    <testcase classname="DSCoreNodesTests.SelectionTests" name="GetSelectionOutputTest" time="2.2714430" />
    <testcase classname="DSCoreNodesTests.SelectionTests" name="SelectionIdentifierTest" time="2.7844750" />
    <testcase classname="DSCoreNodesTests.SelectionTests" name="SelectTest" time="2.0470040" />
    <testcase classname="DSCoreNodesTests.SelectionTests" name="SerializeCoreTest" time="2.3106560" />
    <testcase classname="DSCoreNodesTests.SelectionTests" name="ToStringTest" time="1.8155030" />
    <testcase classname="DSCoreNodesTests.SelectionTests" name="UpdateValueCoreTest" time="2.6892610" />
    <testcase classname="DSCoreNodesTests.StringTests" name="AllIndicesOf" time="0.0102469" />
    <testcase classname="DSCoreNodesTests.StringTests" name="Center" time="0.0060549" />
    <testcase classname="DSCoreNodesTests.StringTests" name="ChangeCase" time="0.0003869" />
    <testcase classname="DSCoreNodesTests.StringTests" name="Concat" time="0.0002970" />
    <testcase classname="DSCoreNodesTests.StringTests" name="Contains" time="0.0003190" />
    <testcase classname="DSCoreNodesTests.StringTests" name="CountOccurences" time="0.0005910" />
    <testcase classname="DSCoreNodesTests.StringTests" name="EndsWith" time="0.0003360" />
    <testcase classname="DSCoreNodesTests.StringTests" name="GetNumber" time="0.0003770" />
    <testcase classname="DSCoreNodesTests.StringTests" name="IndexOf" time="0.0006880" />
    <testcase classname="DSCoreNodesTests.StringTests" name="Insert" time="0.0003770" />
    <testcase classname="DSCoreNodesTests.StringTests" name="Join" time="0.0003710" />
    <testcase classname="DSCoreNodesTests.StringTests" name="Length" time="0.0002580" />
    <testcase classname="DSCoreNodesTests.StringTests" name="PadLeft" time="0.0027970" />
    <testcase classname="DSCoreNodesTests.StringTests" name="PadRight" time="0.0005060" />
    <testcase classname="DSCoreNodesTests.StringTests" name="Remove" time="0.0020840" />
    <testcase classname="DSCoreNodesTests.StringTests" name="Replace" time="0.0003490" />
    <testcase classname="DSCoreNodesTests.StringTests" name="Split" time="0.0037260" />
    <testcase classname="DSCoreNodesTests.StringTests" name="StartsWith" time="0.0004030" />
    <testcase classname="DSCoreNodesTests.StringTests" name="Substring" time="0.0018590" />
    <testcase classname="DSCoreNodesTests.StringTests" name="ToLower" time="0.0003160" />
    <testcase classname="DSCoreNodesTests.StringTests" name="ToNumber" time="0.0004240" />
    <testcase classname="DSCoreNodesTests.StringTests" name="ToTitle" time="0.0003530" />
    <testcase classname="DSCoreNodesTests.StringTests" name="ToUpper" time="0.0002799" />
    <testcase classname="DSCoreNodesTests.StringTests" name="TrimLeadingWhitespace" time="0.0003579" />
    <testcase classname="DSCoreNodesTests.StringTests" name="TrimTrailingWhitespace" time="0.0002980" />
    <testcase classname="DSCoreNodesTests.StringTests" name="TrimWhitespace" time="0.0003200" />
    <testcase classname="DSCoreNodesTests.WebTests" name="WebRequest_BadArgs" time="0.0034580" />
    <testcase classname="DSCoreNodesTests.WebTests" name="WebRequest_EmptyUrl" time="0.0005720" />
    <testcase classname="DSCoreNodesTests.WebTests" name="WebRequest_GitHubAPI" time="0.0383620" />
    <testcase classname="Dynamo.Tests.ColorRangeTests" name="ColorRange1D_ByColorsAndParameters_HandlesNullColors" time="0.0007500" />
    <testcase classname="Dynamo.Tests.ColorRangeTests" name="ColorRange1D_ByColorsAndParameters_HandlesNullParameters" time="0.0002780" />
    <testcase classname="Dynamo.Tests.ColorRangeTests" name="ColorRange1D_ByColorsAndParameters_HasSomeColorsIfNoneProvided" time="0.0002980" />
    <testcase classname="Dynamo.Tests.ColorRangeTests" name="ColorRange1D_ByColorsAndParameters_HasSomeColorsIfNothingProvided" time="0.0002620" />
    <testcase classname="Dynamo.Tests.ColorRangeTests" name="ColorRange1D_ByColorsAndParameters_HasSomeParametersIfNoneProvided" time="0.0005060" />
    <testcase classname="Dynamo.Tests.ColorRangeTests" name="ColorRange1D_ByColorsAndParameters_MakesSolidColorRangeWithOneColor" time="0.0009870" />
    <testcase classname="Dynamo.Tests.ColorRangeTests" name="ColorRange1D_ByColorsAndParameters_RemapsParametersThatAreOutOfRange" time="0.0002999" />
    <testcase classname="Dynamo.Tests.ColorRangeTests" name="ColorRange1D_ByColorsAndParameters_ValidArgs" time="0.0002910" />
    <testcase classname="Dynamo.Tests.FileLibraryTests" name="Directory_Contents" time="0.0078890" />
    <testcase classname="Dynamo.Tests.FileLibraryTests" name="Directory_ContentsRecursive" time="0.0079410" />
    <testcase classname="Dynamo.Tests.FileLibraryTests" name="Directory_Copy" time="0.0112599" />
    <testcase classname="Dynamo.Tests.FileLibraryTests" name="Directory_Delete" time="0.0091930" />
    <testcase classname="Dynamo.Tests.FileLibraryTests" name="Directory_Exists" time="0.0048600" />
    <testcase classname="Dynamo.Tests.FileLibraryTests" name="Directory_FromPath" time="0.0064450" />
    <testcase classname="Dynamo.Tests.FileLibraryTests" name="Directory_Move" time="0.0087800" />
    <testcase classname="Dynamo.Tests.FileLibraryTests" name="File_AbsolutePath_Exists" time="0.0115710" />
    <testcase classname="Dynamo.Tests.FileLibraryTests" name="File_AbsolutePath_RelativePathDontExist" time="0.0041740" />
    <testcase classname="Dynamo.Tests.FileLibraryTests" name="File_AbsolutePath_WithFullPathInput_ReturnsInput" time="0.0021980" />
    <testcase classname="Dynamo.Tests.FileLibraryTests" name="File_AbsolutePath_WithoutSession_ReturnsHintPath" time="0.0029650" />
    <testcase classname="Dynamo.Tests.FileLibraryTests" name="File_AbsolutePath_WithValidHintPath_ReturnsHintPath" time="0.0034000" />
    <testcase classname="Dynamo.Tests.FileLibraryTests" name="File_AppendText" time="0.0178220" />
    <testcase classname="Dynamo.Tests.FileLibraryTests" name="File_Copy" time="0.0058290" />
    <testcase classname="Dynamo.Tests.FileLibraryTests" name="File_Delete" time="0.0030100" />
    <testcase classname="Dynamo.Tests.FileLibraryTests" name="File_Exists" time="0.0047590" />
    <testcase classname="Dynamo.Tests.FileLibraryTests" name="File_FromPath" time="0.0025910" />
    <testcase classname="Dynamo.Tests.FileLibraryTests" name="File_Move" time="0.0061800" />
    <testcase classname="Dynamo.Tests.FileLibraryTests" name="File_ReadText" time="0.0030770" />
    <testcase classname="Dynamo.Tests.FileLibraryTests" name="File_WriteText" time="0.0044079" />
    <testcase classname="Dynamo.Tests.FileLibraryTests" name="FilePath_FileName" time="0.0026210" />
    <testcase classname="Dynamo.Tests.FileLibraryTests" name="Image_Dimensions" time="0.0271410" />
    <testcase classname="Dynamo.Tests.FileLibraryTests" name="Image_FromPixels" time="0.0532840" />
    <testcase classname="Dynamo.Tests.FileLibraryTests" name="Image_FromPixels_ThrowsWhenDataTooLarge" time="0.0034850" />
    <testcase classname="Dynamo.Tests.FileLibraryTests" name="Image_Pixels" time="0.0833660" />
    <testcase classname="Dynamo.Tests.FileLibraryTests" name="Image_ReadFromFile" time="0.0211330" />
    <testcase classname="Dynamo.Tests.FileLibraryTests" name="Image_Write" time="0.0707340" />
    <testcase classname="Dynamo.Tests.FileLibraryTests" name="SimpleWrappers" time="0.0037650" />
    <testcase classname="Dynamo.Tests.FileWritingTests" name="FileWriter" time="2.5209769" />
    <testcase classname="Dynamo.Tests.FileWritingTests" name="ImageFileWriter" time="2.2581440" />
    <testcase classname="Dynamo.Tests.ZeroTouchMigrationFileTests" name="TestZeroTouchMigrationFile" time="2.2906300" />
  </testsuite>
  <testsuite id="3" name="DynamoCoreTests.dll" tests="1378" failures="0" time="1,256.238">
    <testcase classname="Dynamo.NodeConstructionTests" name="DerivedTestNodeHasToolTipsOnInputPorts" time="0.0155560" />
    <testcase classname="Dynamo.NodeConstructionTests" name="TestNodeCanLoadInputPortsFromAttributes" time="0.0142700" />
    <testcase classname="Dynamo.NodeConstructionTests" name="TestNodeCanLoadOutputPortsFromAttributes" time="0.0008440" />
    <testcase classname="Dynamo.NodeConstructionTests" name="TestNodeHasToolTipsOnInputPorts" time="0.0001870" />
    <testcase classname="Dynamo.NodeConstructionTests" name="TestNodeHasToolTipsOnOutputPorts" time="0.0001220" />
    <testcase classname="Dynamo.Tests.AnalyticsTests" name="EventTrackingEnabled" time="3.7964760" />
    <testcase classname="Dynamo.Tests.AnalyticsTests" name="EventTrackingDisabled" time="2.3282190" />
    <testcase classname="Dynamo.Tests.AnnotationModelTest" name="AddModelToAnExistingGroup" time="1.4680210" />
    <testcase classname="Dynamo.Tests.AnnotationModelTest" name="CanAddAnnotation" time="1.9367290" />
    <testcase classname="Dynamo.Tests.AnnotationModelTest" name="CanAddAnnotationWithAnnotationSelected" time="2.3450020" />
    <testcase classname="Dynamo.Tests.AnnotationModelTest" name="CanDeleteAnnotation" time="2.1929720" />
    <testcase classname="Dynamo.Tests.AnnotationModelTest" name="ChangeFontSizeForAGroup" time="2.5330960" />
    <testcase classname="Dynamo.Tests.AnnotationModelTest" name="ChangeTheBackgroundForAGroup" time="2.7142460" />
    <testcase classname="Dynamo.Tests.AnnotationModelTest" name="CopyPasteTextWithCarriageIntoAGroup" time="2.4530170" />
    <testcase classname="Dynamo.Tests.AnnotationModelTest" name="RedoAddModelToAGroup" time="2.4754580" />
    <testcase classname="Dynamo.Tests.AnnotationModelTest" name="TestCopyPasteGroup_IfItsNodeDeletedAfterCopying" time="2.6417670" />
    <testcase classname="Dynamo.Tests.AnnotationModelTest" name="TestCopyPasteGroups" time="1.9291620" />
    <testcase classname="Dynamo.Tests.AnnotationModelTest" name="TestCopyPasteNestedGroup" time="2.1308840" />
    <testcase classname="Dynamo.Tests.AnnotationModelTest" name="TestDefaultColorForAGroup" time="2.0349670" />
    <testcase classname="Dynamo.Tests.AnnotationModelTest" name="TestDefaultFontSizeForAGroup" time="2.2857960" />
    <testcase classname="Dynamo.Tests.AnnotationModelTest" name="TestRedoForGroups" time="1.8996150" />
    <testcase classname="Dynamo.Tests.AnnotationModelTest" name="UndoAModelDeleteShouldGetTheModelInThatGroup" time="2.3334810" />
    <testcase classname="Dynamo.Tests.AnnotationModelTest" name="UndoAnnotationText" time="2.4519620" />
    <testcase classname="Dynamo.Tests.AnnotationModelTest" name="UndoDeleteAllTheModelsShouldBringTheModelsAndGroupBack" time="2.7110740" />
    <testcase classname="Dynamo.Tests.AnnotationModelTest" name="UndoEdditedTitleGroup" time="2.1109740" />
    <testcase classname="Dynamo.Tests.AnnotationModelTest" name="UndoRedoCopyPasteGroups" time="2.8991360" />
    <testcase classname="Dynamo.Tests.AnnotationModelTest" name="UndoUngroupAllTheModelShouldGetTheGroupWithModels" time="3.0731430" />
    <testcase classname="Dynamo.Tests.AnnotationModelTest" name="UngroupAllTheModelsShouldDeleteTheGroup" time="3.7962410" />
    <testcase classname="Dynamo.Tests.AnnotationModelTest" name="UngroupAModelDeleteShouldGetTheModelInThatGroup" time="2.8582980" />
    <testcase classname="Dynamo.Tests.AnnotationModelTests" name="AddToSelectedModels_NotInAnnotationArea_ShouldNotAddTheNodeToTheAnnotation" time="3.1885690" />
    <testcase classname="Dynamo.Tests.AnnotationModelTests" name="CanAddAnotherAnnotationModelToAnnotaionModel" time="2.1497490" />
    <testcase classname="Dynamo.Tests.AnnotationModelTests" name="CanChangeGroupDescriptionText" time="3.1332870" />
    <testcase classname="Dynamo.Tests.AnnotationModelTests" name="GroupAdaptsToSizeAdjustments" time="2.4675850" />
    <testcase classname="Dynamo.Tests.AnnotationModelTests" name="GroupDoesNotExpandBeyondUserSetSizeWhenNodeIsInside" time="2.5891880" />
    <testcase classname="Dynamo.Tests.AnnotationModelTests" name="GroupExpandsWhenNodeExceedsUserSetSize_AndShrinksBackOnRemoval" time="2.0628330" />
    <testcase classname="Dynamo.Tests.AnnotationModelTests" name="ModelRectEqualsWidthAndHeight" time="2.5669630" />
    <testcase classname="Dynamo.Tests.AnnotationModelTests" name="TextPropertyTest" time="2.2784900" />
    <testcase classname="Dynamo.Tests.AnnotationModelTests" name="UndoAddAnnotationModelsToAnnotaionModel" time="2.8604480" />
    <testcase classname="Dynamo.Tests.AnnotationModelTests" name="UpdateValueCoreTest" time="2.4788549" />
    <testcase classname="Dynamo.Tests.AsyncTaskExtensionsTests" name="AllComplete_ExecutesCallbackImmediatelyWhenPassedZeroLength" time="0.0005260" />
    <testcase classname="Dynamo.Tests.AsyncTaskExtensionsTests" name="AllComplete_ExecutesCallbackWhenAllAreCompleted" time="0.0037670" />
    <testcase classname="Dynamo.Tests.AsyncTaskExtensionsTests" name="AllComplete_ExecutesCallbackWhenAllAreDiscarded" time="0.0007970" />
    <testcase classname="Dynamo.Tests.AsyncTaskExtensionsTests" name="AllComplete_ExecutesCallbackWhenSomeDiscardedSomeCompleted" time="0.0003920" />
    <testcase classname="Dynamo.Tests.AsyncTaskExtensionsTests" name="AllComplete_ReturnsDisposableThatDisposesAllRegistrations" time="0.0008640" />
    <testcase classname="Dynamo.Tests.AtLevelTest" name="TestAtLevelForTranspose" time="2.6663090" />
    <testcase classname="Dynamo.Tests.AttributeTest" name="TestKeepReferenceThisAttribute" time="3.6310100" />
    <testcase classname="Dynamo.Tests.AuthenticationManagerTests" name="Login_CausesLoginMethodToBeInvokedOnAuthProvider" time="0.0152110" />
    <testcase classname="Dynamo.Tests.AuthenticationManagerTests" name="Logout_CausesLogoutMethodToBeInvokedOnAuthProvider" time="0.0034380" />
    <testcase classname="Dynamo.Tests.AuthenticationManagerTests" name="Property_AuthProvider" time="0.0003850" />
    <testcase classname="Dynamo.Tests.AuthenticationManagerTests" name="Property_HasAuthProvider" time="0.0001590" />
    <testcase classname="Dynamo.Tests.AuthenticationManagerTests" name="Property_LoginState" time="0.0001260" />
    <testcase classname="Dynamo.Tests.AuthenticationManagerTests" name="Property_Username" time="0.0022720" />
    <testcase classname="Dynamo.Tests.AuthenticationManagerTests" name="ToggleLoginState" time="0.0006340" />
    <testcase classname="Dynamo.Tests.AuthServicesTests" name="Test_OnRequestAuthProvider_FindsAuthProvider" time="1.8952590" />
    <testcase classname="Dynamo.Tests.BinaryVersionTests" name="EqualOperatorTestTest" time="2.8301680" />
    <testcase classname="Dynamo.Tests.BinaryVersionTests" name="EqualsTest" time="2.2067060" />
    <testcase classname="Dynamo.Tests.BinaryVersionTests" name="FromStringTest" time="2.2297910" />
    <testcase classname="Dynamo.Tests.BinaryVersionTests" name="GetHashCodeTest" time="2.3571980" />
    <testcase classname="Dynamo.Tests.BinaryVersionTests" name="GreaterOrEqualOperatorTest" time="1.3789130" />
    <testcase classname="Dynamo.Tests.BinaryVersionTests" name="GreaterThanOperatorTest" time="1.8575620" />
    <testcase classname="Dynamo.Tests.BinaryVersionTests" name="LessOrEqualOperatorTest" time="1.4620260" />
    <testcase classname="Dynamo.Tests.BinaryVersionTests" name="LessThanOperatorTest" time="1.5902810" />
    <testcase classname="Dynamo.Tests.BinaryVersionTests" name="NotEqualOperatorTestTest" time="2.0681540" />
    <testcase classname="Dynamo.Tests.CallsiteTests" name="Callsite_DeleteNodeBeforeRun" time="2.4027530" />
    <testcase classname="Dynamo.Tests.CallsiteTests" name="Callsite_ElementBinding" time="2.2891870" />
    <testcase classname="Dynamo.Tests.CallsiteTests" name="Callsite_ElementBinding_CustomNodes" time="2.0277110" />
    <testcase classname="Dynamo.Tests.CallsiteTests" name="Callsite_ElementBinding_CustomNodes_multiple" time="2.3902940" />
    <testcase classname="Dynamo.Tests.CallsiteTests" name="Callsite_ElementBinding_CustomNodes_MultipleRunsShouldResetInvocationCount" time="1.9564040" />
    <testcase classname="Dynamo.Tests.CallsiteTests" name="Callsite_ElementBinding_CustomNodes_ShouldReturnUniqueIds" time="2.1755180" />
    <testcase classname="Dynamo.Tests.CallsiteTests" name="Callsite_ElementBinding_CustomNodes2dReplication_ShouldReturnUniqueIds" time="1.8057640" />
    <testcase classname="Dynamo.Tests.CallsiteTests" name="Callsite_ElementBinding_Functions_UniqueIds_ForReplicationOfInnerAndOuterFunction" time="2.3388750" />
    <testcase classname="Dynamo.Tests.CallsiteTests" name="Callsite_ElementBinding_ShouldReturnUniqueIds" time="1.9846050" />
    <testcase classname="Dynamo.Tests.CallsiteTests" name="Callsite_ElementBinding_Timing" time="3.1062830" />
    <testcase classname="Dynamo.Tests.CallsiteTests" name="Callsite_MultiDimensionDecreaseDimensionOnOpenAndRun_OrphanCountCorrect" time="2.6120930" />
    <testcase classname="Dynamo.Tests.CallsiteTests" name="CallSite_MultiDimensionIncreaseDimensionOnOpenAndRun" time="2.6068690" />
    <testcase classname="Dynamo.Tests.CallsiteTests" name="Callsite_RunWithTraceDataFromUnresolvedNodes_DoesNotCrash" time="2.7183230" />
    <testcase classname="Dynamo.Tests.CallsiteTests" name="Callsite_SingleDimensionDecreaseDimensionOnOpenAndRun" time="3.1157530" />
    <testcase classname="Dynamo.Tests.CallsiteTests" name="Callsite_SingleDimensionIncreaseDimensionOnOpenAndRun" time="2.8358610" />
    <testcase classname="Dynamo.Tests.CallsiteTests" name="CanDetectLegacyTraceFormat" time="2.7534220" />
    <testcase classname="Dynamo.Tests.CallsiteTests" name="CanWarnAboutLegacyTraceData" time="2.2492920" />
    <testcase classname="Dynamo.Tests.CallsiteTests" name="JsonTraceSerializationTest" time="1.7493880" />
    <testcase classname="Dynamo.Tests.CallsiteTests" name="Single_CallSite_Should_Rebind" time="1.8731060" />
    <testcase classname="Dynamo.Tests.CodeBlockCompletionTests" name="TestBuiltInMethodSignatureCompletion" time="0.0473430" />
    <testcase classname="Dynamo.Tests.CodeBlockCompletionTests" name="TestClassMemberCompletion" time="0.0998250" />
    <testcase classname="Dynamo.Tests.CodeBlockCompletionTests" name="TestCodeCompletionForFullyQualifiedVariableType" time="0.0154760" />
    <testcase classname="Dynamo.Tests.CodeBlockCompletionTests" name="TestCodeCompletionParser" time="0.0406630" />
    <testcase classname="Dynamo.Tests.CodeBlockCompletionTests" name="TestCodeCompletionParserForAllMultiLineContexts" time="0.0539670" />
    <testcase classname="Dynamo.Tests.CodeBlockCompletionTests" name="TestCodeCompletionParserForCharContext" time="0.0299550" />
    <testcase classname="Dynamo.Tests.CodeBlockCompletionTests" name="TestCodeCompletionParserForFunctions" time="0.0214200" />
    <testcase classname="Dynamo.Tests.CodeBlockCompletionTests" name="TestCodeCompletionParserForMultiLineCodeCommentContext" time="0.0153230" />
    <testcase classname="Dynamo.Tests.CodeBlockCompletionTests" name="TestCodeCompletionParserForMultiLineCommentContext" time="0.0293610" />
    <testcase classname="Dynamo.Tests.CodeBlockCompletionTests" name="TestCodeCompletionParserForMultiLineSingleCommentContext" time="0.0537300" />
    <testcase classname="Dynamo.Tests.CodeBlockCompletionTests" name="TestCodeCompletionParserForMultiLineStringContext" time="0.0307030" />
    <testcase classname="Dynamo.Tests.CodeBlockCompletionTests" name="TestCodeCompletionParserForSingleLineCommentContext" time="0.0265000" />
    <testcase classname="Dynamo.Tests.CodeBlockCompletionTests" name="TestCodeCompletionParserForStringContext" time="0.0222540" />
    <testcase classname="Dynamo.Tests.CodeBlockCompletionTests" name="TestCodeCompletionParserForVariableType" time="0.0359460" />
    <testcase classname="Dynamo.Tests.CodeBlockCompletionTests" name="TestCompletionForPrimitiveTypes" time="0.0285820" />
    <testcase classname="Dynamo.Tests.CodeBlockCompletionTests" name="TestCompletionOnBaseTypeReturnsOnlyBaseType" time="0.0365000" />
    <testcase classname="Dynamo.Tests.CodeBlockCompletionTests" name="TestCompletionOnDerivedTypeReturnsBaseType" time="0.0432849" />
    <testcase classname="Dynamo.Tests.CodeBlockCompletionTests" name="TestCompletionOnDerivedTypeReturnsNonHiddenBaseMethods" time="0.0250400" />
    <testcase classname="Dynamo.Tests.CodeBlockCompletionTests" name="TestCompletionOnType1" time="0.0417830" />
    <testcase classname="Dynamo.Tests.CodeBlockCompletionTests" name="TestCompletionOnType2" time="0.0479240" />
    <testcase classname="Dynamo.Tests.CodeBlockCompletionTests" name="TestCompletionWhenTyping" time="0.0444260" />
    <testcase classname="Dynamo.Tests.CodeBlockCompletionTests" name="TestCompletionWithGlobalClassWhenTyping" time="0.0527340" />
    <testcase classname="Dynamo.Tests.CodeBlockCompletionTests" name="TestCtorSignatureCompletion" time="0.0340260" />
    <testcase classname="Dynamo.Tests.CodeBlockCompletionTests" name="TestHiddenClassCompletionWhenTyping" time="0.0491959" />
    <testcase classname="Dynamo.Tests.CodeBlockCompletionTests" name="TestHiddenConflictingClassCompletionWhenTyping" time="0.0632590" />
    <testcase classname="Dynamo.Tests.CodeBlockCompletionTests" name="TestInstanceMemberCompletion" time="0.0278120" />
    <testcase classname="Dynamo.Tests.CodeBlockCompletionTests" name="TestMethodKeywordCompletionWhenTyping" time="0.0461380" />
    <testcase classname="Dynamo.Tests.CodeBlockCompletionTests" name="TestMethodSignatureCompletion" time="0.0200020" />
    <testcase classname="Dynamo.Tests.CodeBlockCompletionTests" name="TestMethodSignatureReturnTypeCompletion" time="0.0372640" />
    <testcase classname="Dynamo.Tests.CodeBlockCompletionTests" name="TestPropertySignatureCompletion" time="0.0377619" />
    <testcase classname="Dynamo.Tests.CodeBlockCompletionTests" name="TestStaticMethodSignatureCompletion" time="0.0266670" />
    <testcase classname="Dynamo.Tests.CodeBlockNodeRenamingTests" name="CodeBlockNodeModelOutputPortLabels" time="1.9836350" />
    <testcase classname="Dynamo.Tests.CodeBlockNodeRenamingTests" name="TestDeprecatedListSyntaxMigration" time="1.7414260" />
    <testcase classname="Dynamo.Tests.CodeBlockNodeRenamingTests" name="TestDictionaryAndListInitializationSyntax" time="1.5644410" />
    <testcase classname="Dynamo.Tests.CodeBlockNodeRenamingTests" name="TestImperativeArrayIndexing" time="1.6924350" />
    <testcase classname="Dynamo.Tests.CodeBlockNodeRenamingTests" name="TestImperativeBinaryExpression" time="1.8244680" />
    <testcase classname="Dynamo.Tests.CodeBlockNodeRenamingTests" name="TestImperativeExpressionList" time="1.7378570" />
    <testcase classname="Dynamo.Tests.CodeBlockNodeRenamingTests" name="TestImperativeForLoop" time="1.7605720" />
    <testcase classname="Dynamo.Tests.CodeBlockNodeRenamingTests" name="TestImperativeFunctionParameter" time="1.6955890" />
    <testcase classname="Dynamo.Tests.CodeBlockNodeRenamingTests" name="TestImperativeIf" time="1.6752300" />
    <testcase classname="Dynamo.Tests.CodeBlockNodeRenamingTests" name="TestImperativeLanguageBlock" time="0.0005370" />
    <testcase classname="Dynamo.Tests.CodeBlockNodeRenamingTests" name="TestImperativePropertyAccessing" time="1.8353880" />
    <testcase classname="Dynamo.Tests.CodeBlockNodeRenamingTests" name="TestImperativeRangeExpression" time="1.6435680" />
    <testcase classname="Dynamo.Tests.CodeBlockNodeRenamingTests" name="TestImperativeUnaryExpression" time="1.9344500" />
    <testcase classname="Dynamo.Tests.CodeBlockNodeRenamingTests" name="TestImperativeWhileLoop" time="1.5195500" />
    <testcase classname="Dynamo.Tests.CodeBlockNodeRenamingTests" name="TestPropertyAccessing" time="1.9329110" />
    <testcase classname="Dynamo.Tests.CodeBlockNodeRenamingTests" name="TestReplicationGuidesWithASTRewrite" time="1.8349080" />
    <testcase classname="Dynamo.Tests.ComparisonTests" name="testCompare_BooleanBoolean" time="1.3071510" />
    <testcase classname="Dynamo.Tests.ComparisonTests" name="testCompare_BooleanInteger" time="1.7169440" />
    <testcase classname="Dynamo.Tests.ComparisonTests" name="testCompare_DoubleInteger" time="1.4447020" />
    <testcase classname="Dynamo.Tests.ComparisonTests" name="testCompare_StringDouble" time="1.3926420" />
    <testcase classname="Dynamo.Tests.ComparisonTests" name="testCompare_StringInteger" time="1.3842130" />
    <testcase classname="Dynamo.Tests.ComparisonTests" name="testEqual_InvalidInput" time="1.3742390" />
    <testcase classname="Dynamo.Tests.ComparisonTests" name="testEqual_NumberInput" time="1.5211020" />
    <testcase classname="Dynamo.Tests.ComparisonTests" name="testEqual_StringInput" time="1.7923960" />
    <testcase classname="Dynamo.Tests.ComparisonTests" name="testGreaterThan_InvalidInput" time="1.3116800" />
    <testcase classname="Dynamo.Tests.ComparisonTests" name="testGreaterThan_NumberInput" time="1.9478610" />
    <testcase classname="Dynamo.Tests.ComparisonTests" name="testGreaterThan_StringInput" time="1.5292360" />
    <testcase classname="Dynamo.Tests.ComparisonTests" name="testGreaterThanOrEqual_InvalidInput" time="1.5513630" />
    <testcase classname="Dynamo.Tests.ComparisonTests" name="testGreaterThanOrEqual_NumberInput" time="1.8722260" />
    <testcase classname="Dynamo.Tests.ComparisonTests" name="testGreaterThanOrEqual_StringInput" time="1.6438670" />
    <testcase classname="Dynamo.Tests.ComparisonTests" name="testLessThan_InvalidInput" time="2.0344640" />
    <testcase classname="Dynamo.Tests.ComparisonTests" name="testLessThan_NumberInput" time="1.5902200" />
    <testcase classname="Dynamo.Tests.ComparisonTests" name="testLessThan_StringInput" time="2.7196990" />
    <testcase classname="Dynamo.Tests.ComparisonTests" name="testLessThanOrEqual_InvalidInput" time="1.6291970" />
    <testcase classname="Dynamo.Tests.ComparisonTests" name="testLessThanOrEqual_NumberInput" time="1.8253880" />
    <testcase classname="Dynamo.Tests.ComparisonTests" name="testLessThanOrEqual_StringInput" time="1.7056590" />
    <testcase classname="Dynamo.Tests.ComparisonTests" name="testToleranceEquals_defaultTolerance" time="1.5979560" />
    <testcase classname="Dynamo.Tests.ComparisonTests" name="testToleranceEquals_lacing" time="1.6078550" />
    <testcase classname="Dynamo.Tests.ComparisonTests" name="testToleranceEquals_map" time="1.8856890" />
    <testcase classname="Dynamo.Tests.ComparisonTests" name="testToleranceEquals_map2" time="1.6611620" />
    <testcase classname="Dynamo.Tests.ConditionalTest" name="testAnd_NumberInput" time="1.7478700" />
    <testcase classname="Dynamo.Tests.ConditionalTest" name="testIf_StringInput" time="1.7903590" />
    <testcase classname="Dynamo.Tests.ConditionalTest" name="testNot_NumberInput" time="1.8006350" />
    <testcase classname="Dynamo.Tests.ConditionalTest" name="testOr_NumberInput" time="2.0417869" />
    <testcase classname="Dynamo.Tests.ConditionalTest" name="testVariableInput_OrAnd_Lacing" time="1.8910570" />
    <testcase classname="Dynamo.Tests.ConditionalTest" name="testVariableInput_OrAnd_ListAtLevel" time="1.5836880" />
    <testcase classname="Dynamo.Tests.ConditionalTest" name="testXor_NumberInput" time="2.0970030" />
    <testcase classname="Dynamo.Tests.Configuration.ContextTests" name="TestIsUnix" time="1.3674230" />
    <testcase classname="Dynamo.Tests.Configuration.DebugModesTests" name="TestLoadDebugModes" time="2.1416360" />
    <testcase classname="Dynamo.Tests.Configuration.DebugModesTests" name="TestLoadNoDebugModes" time="1.6334230" />
    <testcase classname="Dynamo.Tests.Configuration.DebugModesTests" name="TestMissingConfig" time="1.8649990" />
    <testcase classname="Dynamo.Tests.Configuration.ExecutionSessionTests" name="TestExecutionSession" time="2.3441380" />
    <testcase classname="Dynamo.Tests.Configuration.ExecutionSessionTests" name="TestExecutionSessionPackagePaths" time="2.3313850" />
    <testcase classname="Dynamo.Tests.Core.AssemblyLoadedEventArgsTests" name="AssemblyLoadedEventArgsConstructorTests" time="0.0004200" />
    <testcase classname="Dynamo.Tests.Core.CrashPromptArgsTests" name="CrashPromptArgsConstructorTest" time="1.9596970" />
    <testcase classname="Dynamo.Tests.Core.DynamoSelectionTests" name="SelectionAddRangeTest" time="0.0033490" />
    <testcase classname="Dynamo.Tests.Core.DynamoSelectionTests" name="SelectionDeferTest" time="0.0032620" />
    <testcase classname="Dynamo.Tests.Core.DynamoSelectionTests" name="SelectionPropertyTest" time="0.0005210" />
    <testcase classname="Dynamo.Tests.Core.DynamoSelectionTests" name="SelectionRemoveRangeTest" time="0.0013800" />
    <testcase classname="Dynamo.Tests.Core.DynamoSelectionTests" name="SelectionSetCollectionTest" time="0.0015000" />
    <testcase classname="Dynamo.Tests.Core.DynamoSelectionTests" name="SmartCollectionConstructorTest" time="0.0013320" />
    <testcase classname="Dynamo.Tests.Core.NotificationObjectTests" name="RaisePropertyChangedTest" time="2.0801680" />
    <testcase classname="Dynamo.Tests.Core.PropertiesTests" name="NotifyPropertyChangedInvocatorAttributeTest" time="2.7673970" />
    <testcase classname="Dynamo.Tests.Core.UtilitiesTests" name="HashTest" time="1.8739640" />
    <testcase classname="Dynamo.Tests.Core.UtilitiesTests" name="ResourceLoaderLoadManyTest" time="2.0452499" />
    <testcase classname="Dynamo.Tests.Core.UtilitiesTests" name="ResourceLoaderLoadOneTest" time="2.3642230" />
    <testcase classname="Dynamo.Tests.CoreDynTests" name="Add" time="2.8661040" />
    <testcase classname="Dynamo.Tests.CoreDynTests" name="AddSubtractMapReduceFilterBasic" time="3.6952630" />
    <testcase classname="Dynamo.Tests.CoreDynTests" name="AndNode" time="2.1056370" />
    <testcase classname="Dynamo.Tests.CoreDynTests" name="CanOpenBadFile" time="3.2755390" />
    <testcase classname="Dynamo.Tests.CoreDynTests" name="CanOpenGoodFileWithoutExtension" time="2.9615580" />
    <testcase classname="Dynamo.Tests.CoreDynTests" name="Ceiling" time="3.0028010" />
    <testcase classname="Dynamo.Tests.CoreDynTests" name="Constants" time="2.6948830" />
    <testcase classname="Dynamo.Tests.CoreDynTests" name="Cosine" time="2.5141480" />
    <testcase classname="Dynamo.Tests.CoreDynTests" name="DefaultIntegerSlider" time="2.3540770" />
    <testcase classname="Dynamo.Tests.CoreDynTests" name="DefaultNumberSlider" time="1.2711060" />
    <testcase classname="Dynamo.Tests.CoreDynTests" name="DefaultRange" time="1.6487490" />
    <testcase classname="Dynamo.Tests.CoreDynTests" name="DefaultSequence" time="1.6165880" />
    <testcase classname="Dynamo.Tests.CoreDynTests" name="Divide" time="1.4974000" />
    <testcase classname="Dynamo.Tests.CoreDynTests" name="Floor" time="1.6756770" />
    <testcase classname="Dynamo.Tests.CoreDynTests" name="Formula" time="2.1117309" />
    <testcase classname="Dynamo.Tests.CoreDynTests" name="IfNode" time="2.7037550" />
    <testcase classname="Dynamo.Tests.CoreDynTests" name="InfinityInputDoesNotThrowWarning" time="3.3338770" />
    <testcase classname="Dynamo.Tests.CoreDynTests" name="Modulo" time="2.1677630" />
    <testcase classname="Dynamo.Tests.CoreDynTests" name="ModuloDivisionByZero" time="2.6108020" />
    <testcase classname="Dynamo.Tests.CoreDynTests" name="MultipleOutputs" time="2.4714750" />
    <testcase classname="Dynamo.Tests.CoreDynTests" name="Multiply" time="2.1751980" />
    <testcase classname="Dynamo.Tests.CoreDynTests" name="MultithreadingWithFutureAndNow" time="2.3383930" />
    <testcase classname="Dynamo.Tests.CoreDynTests" name="OpeningDynWithDyfMissingIsOkayAndRunsOkay" time="2.0830280" />
    <testcase classname="Dynamo.Tests.CoreDynTests" name="OrNode" time="2.0474430" />
    <testcase classname="Dynamo.Tests.CoreDynTests" name="PartialApplicationWithMultipleOutputs" time="2.0959960" />
    <testcase classname="Dynamo.Tests.CoreDynTests" name="PerformAllNode" time="2.6471120" />
    <testcase classname="Dynamo.Tests.CoreDynTests" name="Power" time="2.7601630" />
    <testcase classname="Dynamo.Tests.CoreDynTests" name="ReadImageFile" time="2.1466010" />
    <testcase classname="Dynamo.Tests.CoreDynTests" name="Repeat" time="1.9081380" />
    <testcase classname="Dynamo.Tests.CoreDynTests" name="RepeatFail" time="3.2251310" />
    <testcase classname="Dynamo.Tests.CoreDynTests" name="Round" time="2.8378830" />
    <testcase classname="Dynamo.Tests.CoreDynTests" name="Sequence" time="3.9190080" />
    <testcase classname="Dynamo.Tests.CoreDynTests" name="Sine" time="2.2183340" />
    <testcase classname="Dynamo.Tests.CoreDynTests" name="Sorting" time="2.5895810" />
    <testcase classname="Dynamo.Tests.CoreDynTests" name="StringInputNodeWorksWithSpecialCharacters" time="2.4170950" />
    <testcase classname="Dynamo.Tests.CoreDynTests" name="Subtract" time="2.1043430" />
    <testcase classname="Dynamo.Tests.CoreDynTests" name="Tangent" time="2.6295590" />
    <testcase classname="Dynamo.Tests.CoreDynTests" name="TestBigNumber" time="2.3875910" />
    <testcase classname="Dynamo.Tests.CoreDynTests" name="TestExportToCSVFile" time="2.0813040" />
    <testcase classname="Dynamo.Tests.CoreDynTests" name="TestExportToCSVFile_Negativ" time="2.2599440" />
    <testcase classname="Dynamo.Tests.CoreDynTests" name="TestNumber_RangeExpr01" time="2.3132760" />
    <testcase classname="Dynamo.Tests.CoreDynTests" name="TestNumber_RangeExpr02" time="1.9929310" />
    <testcase classname="Dynamo.Tests.CoreDynTests" name="TestNumber_RangeExpr03" time="2.1535180" />
    <testcase classname="Dynamo.Tests.CoreDynTests" name="TestNumber_RangeExpr04" time="2.0954550" />
    <testcase classname="Dynamo.Tests.CoreDynTests" name="TestRangeMap" time="1.9199910" />
    <testcase classname="Dynamo.Tests.CoreDynTests" name="TestSequenceMap" time="2.2028819" />
    <testcase classname="Dynamo.Tests.CoreDynTests" name="Thunks" time="1.8854910" />
    <testcase classname="Dynamo.Tests.CoreDynTests" name="UsingDefaultValue" time="2.1170910" />
    <testcase classname="Dynamo.Tests.CoreDynTests" name="verifyNodeStates" time="1.9067070" />
    <testcase classname="Dynamo.Tests.CoreTests" name="CanAdd100NodesToClipboard" time="8.7061250" />
    <testcase classname="Dynamo.Tests.CoreTests" name="CanAdd100NodesToClipboardAndPaste" time="8.7847090" />
    <testcase classname="Dynamo.Tests.CoreTests" name="CanAdd100NodesToClipboardAndPaste3Times" time="11.4700930" />
    <testcase classname="Dynamo.Tests.CoreTests" name="CanAdd1NodeToClipboardAndPaste" time="0.9477110" />
    <testcase classname="Dynamo.Tests.CoreTests" name="CanAddANodeByName" time="1.0823879" />
    <testcase classname="Dynamo.Tests.CoreTests" name="CanAddANote" time="0.8303330" />
    <testcase classname="Dynamo.Tests.CoreTests" name="CanAddOneNodeToClipboard" time="1.0494030" />
    <testcase classname="Dynamo.Tests.CoreTests" name="CanAddToSelectionAndNotThrowExceptionWhenPassedIncorrectType" time="0.8855250" />
    <testcase classname="Dynamo.Tests.CoreTests" name="CanAddToSelectionCommand" time="5.3849100" />
    <testcase classname="Dynamo.Tests.CoreTests" name="CanClearLog" time="1.2005500" />
    <testcase classname="Dynamo.Tests.CoreTests" name="CanClearWorkspaceWithEmptyWorkspace" time="0.8343480" />
    <testcase classname="Dynamo.Tests.CoreTests" name="CanClearWorkspaceWithNodes" time="0.8419270" />
    <testcase classname="Dynamo.Tests.CoreTests" name="CanCopyAndPaste2NodesWithRightOffset" time="1.1349040" />
    <testcase classname="Dynamo.Tests.CoreTests" name="CanCopyAndPasteAndUndoInputState" time="0.9005960" />
    <testcase classname="Dynamo.Tests.CoreTests" name="CanCopyAndPasteAndUndoOutputState" time="0.8272210" />
    <testcase classname="Dynamo.Tests.CoreTests" name="CanCopyAndPasteAndUndoShowLabels" time="1.1341520" />
    <testcase classname="Dynamo.Tests.CoreTests" name="CanCopyAndPasteDSVarArgFunctionNode" time="0.8763670" />
    <testcase classname="Dynamo.Tests.CoreTests" name="CanCopyAndPasteNodeWithRightOffset" time="0.8809370" />
    <testcase classname="Dynamo.Tests.CoreTests" name="CannotRemoveDefaultDSVarArgFunctionPorts" time="0.7884530" />
    <testcase classname="Dynamo.Tests.CoreTests" name="CannotSaveEmptyWorkspaceIfSaveIsCalledWithoutSettingPath" time="1.0022500" />
    <testcase classname="Dynamo.Tests.CoreTests" name="CannotSavePopulatedWorkspaceIfSaveIsCalledWithoutSettingPath" time="5.2743440" />
    <testcase classname="Dynamo.Tests.CoreTests" name="CanOpenDoubleInputFile" time="1.0474460" />
    <testcase classname="Dynamo.Tests.CoreTests" name="CanOpenDSVarArgFunctionFile" time="0.9939480" />
    <testcase classname="Dynamo.Tests.CoreTests" name="CanOpenGoodFile" time="0.8592660" />
    <testcase classname="Dynamo.Tests.CoreTests" name="CanReadPythonTemplateSetting" time="0.7927020" />
    <testcase classname="Dynamo.Tests.CoreTests" name="CanSaveAsEmptyFile" time="0.8977690" />
    <testcase classname="Dynamo.Tests.CoreTests" name="CanSaveAsFileWithNodesInIt" time="4.6140640" />
    <testcase classname="Dynamo.Tests.CoreTests" name="CanSelectAndNotThrowExceptionWhenPassedIncorrectType" time="0.6054760" />
    <testcase classname="Dynamo.Tests.CoreTests" name="CanStayHomeWhenInHomeWorkspace" time="0.6010460" />
    <testcase classname="Dynamo.Tests.CoreTests" name="CanSumTwoNumbers" time="0.8820720" />
    <testcase classname="Dynamo.Tests.CoreTests" name="CanUpdatePythonTemplateSettings" time="1.1839950" />
    <testcase classname="Dynamo.Tests.CoreTests" name="Defect_MAGN_3166" time="0.8355950" />
    <testcase classname="Dynamo.Tests.CoreTests" name="ModelEventCommand_SetInPortCount_nPortsRequested_nPortsCreated" time="0.7167650" />
    <testcase classname="Dynamo.Tests.CoreTests" name="ModelEventCommand_SetInPortCount_Zero_LeavesOnePort" time="0.7637950" />
    <testcase classname="Dynamo.Tests.CoreTests" name="PasteInputAndOutputNodeInHomeWorkspace" time="0.6394460" />
    <testcase classname="Dynamo.Tests.CoreTests" name="SelectionDoesNotChangeWhenAddingAlreadySelectedNode" time="4.4793300" />
    <testcase classname="Dynamo.Tests.CoreTests" name="TestBooleanCoercion" time="0.5359350" />
    <testcase classname="Dynamo.Tests.CoreTests" name="TestFileDirtyOnLacingChange" time="0.7815970" />
    <testcase classname="Dynamo.Tests.CoreTests" name="TestHasUnsavedChangesOnNodeRemovalEdgeCase" time="0.5745260" />
    <testcase classname="Dynamo.Tests.CoreTests" name="TestRecordAndDeleteModelsWithEmptyInput" time="0.5891490" />
    <testcase classname="Dynamo.Tests.CoreTests" name="TestRecordCreatedModelsWithEmptyInput" time="0.6792670" />
    <testcase classname="Dynamo.Tests.CoreTests" name="TestRecordModelsForModificationWithEmptyInput" time="0.6099940" />
    <testcase classname="Dynamo.Tests.CoreTests" name="UndoMoveDoesNotForceExecution" time="0.7815770" />
    <testcase classname="Dynamo.Tests.CoreTests" name="UpdateModelValue_EmptyList_ThrowsException" time="0.5082740" />
    <testcase classname="Dynamo.Tests.CoreTests" name="UpdateModelValue_MissingNode_ThrowsException" time="0.4953560" />
    <testcase classname="Dynamo.Tests.CoreTests" name="UpdatingAWorkspaceWithExtraViewInfo_DoesNotDupliateNotesAndGroups" time="0.5218490" />
    <testcase classname="Dynamo.Tests.CoreTests" name="UpstreamNodesComputedCorrectly" time="0.7188059" />
    <testcase classname="Dynamo.Tests.CoreTests" name="ValidateConnectionsDoesNotClearError" time="0.5709620" />
    <testcase classname="Dynamo.Tests.CoreTests" name="ValidateWrongConnectionIsNotCreated" time="0.5111320" />
    <testcase classname="Dynamo.Tests.CoreTests" name="WorkspaceModelHasCorrectDependencies" time="0.4816070" />
    <testcase classname="Dynamo.Tests.CrashProtectionTests" name="FlagIsFalseWhenEvaluationStarted" time="0.4724970" />
    <testcase classname="Dynamo.Tests.CrashProtectionTests" name="FlagIsSetToTrueAfterRunSuccessfullyCompletes" time="0.5492060" />
    <testcase classname="Dynamo.Tests.CrashProtectionTests" name="MAGN_7146" time="0.5604340" />
    <testcase classname="Dynamo.Tests.CrashProtectionTests" name="RunAutoFileWithFalseFlagOpensInManual" time="0.5613200" />
    <testcase classname="Dynamo.Tests.CrashProtectionTests" name="RunAutoFileWithoutFlagOpensInManual" time="0.5974800" />
    <testcase classname="Dynamo.Tests.CrashProtectionTests" name="RunAutoFileWithSuccessfulRunSavesFlag" time="0.6079770" />
    <testcase classname="Dynamo.Tests.CrashProtectionTests" name="RunAutoFileWithTrueFlagOpensInAuto" time="0.5763549" />
    <testcase classname="Dynamo.Tests.CustomNodeEvaluationViewModel" name="CustomNodeConditional" time="0.6386180" />
    <testcase classname="Dynamo.Tests.CustomNodeEvaluationViewModel" name="CustomNodeNoInput01" time="0.5611520" />
    <testcase classname="Dynamo.Tests.CustomNodeEvaluationViewModel" name="CustomNodeWithInput02" time="0.5972860" />
    <testcase classname="Dynamo.Tests.CustomNodeEvaluationViewModel" name="CustomNodeWithSimpleGeometry" time="0.7361990" />
    <testcase classname="Dynamo.Tests.CustomNodeEvaluationViewModel" name="LogicUINodesDeleted" time="0.5745880" />
    <testcase classname="Dynamo.Tests.CustomNodeEvaluationViewModel" name="TestProxyCustomNode" time="0.5871490" />
    <testcase classname="Dynamo.Tests.CustomNodes" name="CanAddNodesWithTheSameNameAndEmptyPath2Times" time="0.6373210" />
    <testcase classname="Dynamo.Tests.CustomNodes" name="CanCollapseAndUndoRedo" time="0.7739440" />
    <testcase classname="Dynamo.Tests.CustomNodes" name="CanCollapseNodesAndGetSameResult" time="0.7597890" />
    <testcase classname="Dynamo.Tests.CustomNodes" name="CanCollapseNodesWithDefaultValues" time="0.7235310" />
    <testcase classname="Dynamo.Tests.CustomNodes" name="CanCreateAndPlaceNewCustomNode" time="0.7218909" />
    <testcase classname="Dynamo.Tests.CustomNodes" name="CanEvaluateCustomNodeWithDuplicateInputs" time="0.7202910" />
    <testcase classname="Dynamo.Tests.CustomNodes" name="CollapsedNodeShouldHaveNewIdentfifer" time="0.7388250" />
    <testcase classname="Dynamo.Tests.CustomNodes" name="CollapsedNodeWOrkspaceIsAddedToDynamoWithUnsavedChanges" time="0.8771470" />
    <testcase classname="Dynamo.Tests.CustomNodes" name="CreatingAndEditingCustomNodeShouldNotDuplicateNotes" time="0.9165270" />
    <testcase classname="Dynamo.Tests.CustomNodes" name="EvaluateProxyCustomNodeInstances" time="1.0734740" />
    <testcase classname="Dynamo.Tests.CustomNodes" name="FilterWithCustomNode" time="0.8392410" />
    <testcase classname="Dynamo.Tests.CustomNodes" name="GitHub_461_DeleteNodesFromCustomNodeWorkspaceAfterCollapse" time="0.9380010" />
    <testcase classname="Dynamo.Tests.CustomNodes" name="InputNameWithSpacesShouldCauseErrorStateAndReadOnly" time="0.6851699" />
    <testcase classname="Dynamo.Tests.CustomNodes" name="InputNameWithSpacesShouldCauseWarningInGraph" time="0.8606970" />
    <testcase classname="Dynamo.Tests.CustomNodes" name="InputNodeShouldHaveNameByDefault" time="0.7682450" />
    <testcase classname="Dynamo.Tests.CustomNodes" name="InputNodesShouldMaintainCommentsWhenOpening" time="0.6559610" />
    <testcase classname="Dynamo.Tests.CustomNodes" name="InputNodesShouldMaintainCommentsWhenSaving" time="0.6930760" />
    <testcase classname="Dynamo.Tests.CustomNodes" name="InputNodesShouldMaintainCommentsWhenSavingBrandNewCustomNode" time="0.6369460" />
    <testcase classname="Dynamo.Tests.CustomNodes" name="LooseCustomNodeShouldNotHavePackageInfoOrPackageMember" time="0.6302210" />
    <testcase classname="Dynamo.Tests.CustomNodes" name="ModificationUITesting" time="0.6696800" />
    <testcase classname="Dynamo.Tests.CustomNodes" name="ModificationUITesting_Recursive" time="0.7715000" />
    <testcase classname="Dynamo.Tests.CustomNodes" name="MultipleOutputs" time="0.7104130" />
    <testcase classname="Dynamo.Tests.CustomNodes" name="PartialApplicationWithMultipleOutputs" time="0.7583569" />
    <testcase classname="Dynamo.Tests.CustomNodes" name="ReduceAndRecursion" time="1.3819510" />
    <testcase classname="Dynamo.Tests.CustomNodes" name="Regress3786_InputNodesDeserilization" time="0.6450300" />
    <testcase classname="Dynamo.Tests.CustomNodes" name="Regress3872_InputNodesDeserilization" time="0.6938600" />
    <testcase classname="Dynamo.Tests.CustomNodes" name="Regress3872_XMLInputNodesDeserilization" time="0.5978760" />
    <testcase classname="Dynamo.Tests.CustomNodes" name="Regress9548_OutputNameIsClassName" time="0.6608550" />
    <testcase classname="Dynamo.Tests.CustomNodes" name="TailCallOptimization" time="0.7057510" />
    <testcase classname="Dynamo.Tests.CustomNodes" name="TestCustomNodeDefaultValue" time="0.7237880" />
    <testcase classname="Dynamo.Tests.CustomNodes" name="TestCustomNodeDefaultValueJson" time="0.7057180" />
    <testcase classname="Dynamo.Tests.CustomNodes" name="TestCustomNodeDefaultValueOpenedinJson" time="0.6553360" />
    <testcase classname="Dynamo.Tests.CustomNodes" name="TestCustomNodeFromCollapsedNodeHasSpecificTypes" time="0.8432850" />
    <testcase classname="Dynamo.Tests.CustomNodes" name="TestCustomNodeFromCollapsedNodeHasSpecificTypes_WithConflict" time="1.1281340" />
    <testcase classname="Dynamo.Tests.CustomNodes" name="TestCustomNodeFromCollapsedNodeHasTypes" time="0.7494170" />
    <testcase classname="Dynamo.Tests.CustomNodes" name="TestCustomNodeInputType" time="0.7364150" />
    <testcase classname="Dynamo.Tests.CustomNodes" name="TestCustomNodeInputType2" time="0.8925160" />
    <testcase classname="Dynamo.Tests.CustomNodes" name="TestCustomNodeInSyncWithDefinition" time="0.7004890" />
    <testcase classname="Dynamo.Tests.CustomNodes" name="TestCustomNodeInvalidInput" time="0.7758699" />
    <testcase classname="Dynamo.Tests.CustomNodes" name="TestCustomNodeInvalidType" time="0.7640610" />
    <testcase classname="Dynamo.Tests.CustomNodes" name="TestCustomNodeLacing" time="0.7562310" />
    <testcase classname="Dynamo.Tests.CustomNodes" name="TestGroupsOnCustomNodes" time="0.7089390" />
    <testcase classname="Dynamo.Tests.CustomNodes" name="TestInputOutputNodeDocumentation" time="0.6965800" />
    <testcase classname="Dynamo.Tests.CustomNodes" name="TestOuputNodes" time="0.8157540" />
    <testcase classname="Dynamo.Tests.CustomNodes" name="TestPartialCustomMultiOutputNode" time="0.7954800" />
    <testcase classname="Dynamo.Tests.CustomNodes" name="UpdateCBNInCustomNodeDef_DoesNotCrash" time="0.6657990" />
    <testcase classname="Dynamo.Tests.CustomNodeWorkspaceModelTests" name="GetSharedNameTest" time="0.5401820" />
    <testcase classname="Dynamo.Tests.CustomNodeWorkspaceModelTests" name="OnPropertyNameChangedTest" time="0.5818730" />
    <testcase classname="Dynamo.Tests.CustomNodeWorkspaceOpening" name="CanLoadReadOnlyNode" time="0.6105870" />
    <testcase classname="Dynamo.Tests.CustomNodeWorkspaceOpening" name="CanOpenJsonCustomNodeWorkspace" time="0.5718640" />
    <testcase classname="Dynamo.Tests.CustomNodeWorkspaceOpening" name="CanOpenWorkspaceWithMissingCustomNodeThenFixByOpeningNeededCustomNodeWorkspace" time="0.5423230" />
    <testcase classname="Dynamo.Tests.CustomNodeWorkspaceOpening" name="CanOpenXmlCustomNodeWorkspace" time="0.5243430" />
    <testcase classname="Dynamo.Tests.CustomNodeWorkspaceOpening" name="JsonCustomNodeWorkspaceIsAddedToSearchOnOpeningDyf" time="0.8743290" />
    <testcase classname="Dynamo.Tests.CustomNodeWorkspaceOpening" name="JsonCustomNodeWorkspaceIsAddedToSearchOnOpeningDyn" time="0.8153580" />
    <testcase classname="Dynamo.Tests.CustomNodeWorkspaceOpening" name="TestOnWorkspaceAdded" time="0.6655259" />
    <testcase classname="Dynamo.Tests.CustomNodeWorkspaceOpening" name="XmlCustomNodeWorkspaceIsAddedToSearchOnOpening" time="0.5811210" />
    <testcase classname="Dynamo.Tests.DefaultArgumentMigrationTests" name="TestDisableDefaultArgumentOfFunctionObject" time="0.8465350" />
    <testcase classname="Dynamo.Tests.DefaultArgumentMigrationTests" name="TestEnableDefaultArgumentForAddedParamComplexType" time="0.6799920" />
    <testcase classname="Dynamo.Tests.DefaultArgumentMigrationTests" name="TestEnableDefaultArgumentForAddedParamInstanceMethod" time="0.6954650" />
    <testcase classname="Dynamo.Tests.DefaultArgumentMigrationTests" name="TestEnableDefaultArgumentForAddedParamSimpleType" time="0.6486320" />
    <testcase classname="Dynamo.Tests.DefaultArgumentTests" name="TestDefaultArgumentExpressionResolution" time="1.0186280" />
    <testcase classname="Dynamo.Tests.DefaultArgumentTests" name="TestDefaultArgumentExpressionResolutionWithConflict" time="1.0821460" />
    <testcase classname="Dynamo.Tests.DefaultArgumentTests" name="TestDefaultArgumentExpressionWithReplicationGuides" time="0.9581050" />
    <testcase classname="Dynamo.Tests.DefaultPythonEngineTests" name="NewPythonNodeUsingSystemDefaultEngine" time="0.5949440" />
    <testcase classname="Dynamo.Tests.DefaultPythonEngineTests" name="NewPythonNodeUsingUserDefaultEngine" time="0.6020070" />
    <testcase classname="Dynamo.Tests.DelayedGraphExecutionTests" name="DelayedExecutionNodeToCodeTest" time="2.5957830" />
    <testcase classname="Dynamo.Tests.DelayedGraphExecutionTests" name="DelayedExecutionOnCopyPaste" time="1.0346530" />
    <testcase classname="Dynamo.Tests.DelayedGraphExecutionTests" name="DelayedExecutionOnDeletionUndoTest" time="0.8244640" />
    <testcase classname="Dynamo.Tests.DelayedGraphExecutionTests" name="DelayedExecutionUndoRedoTest" time="2.2734090" />
    <testcase classname="Dynamo.Tests.DSCoreDataTests" name="CanObjectBeCachedRejectsEmptyString" time="0.6634760" />
    <testcase classname="Dynamo.Tests.DSCoreDataTests" name="CanObjectBeCachedRejectsNull" time="0.7173200" />
    <testcase classname="Dynamo.Tests.DSCoreDataTests" name="CanObjectBeCachedRejectsNullString" time="0.7517050" />
    <testcase classname="Dynamo.Tests.DSCoreDataTests" name="CompareDictionaryAndJSON" time="1.0196780" />
    <testcase classname="Dynamo.Tests.DSCoreDataTests" name="IsNotSupportedNullInput" time="0.7594220" />
    <testcase classname="Dynamo.Tests.DSCoreDataTests" name="IsSupportedGeometryDataType" time="0.7958410" />
    <testcase classname="Dynamo.Tests.DSCoreDataTests" name="IsSupportedInheritanceDataType" time="0.6699650" />
    <testcase classname="Dynamo.Tests.DSCoreDataTests" name="IsSupportedPrimitiveDataType" time="0.6854160" />
    <testcase classname="Dynamo.Tests.DSCoreDataTests" name="LoadJSONFromFile" time="0.7819600" />
    <testcase classname="Dynamo.Tests.DSCoreDataTests" name="ParseJSON" time="0.7070920" />
    <testcase classname="Dynamo.Tests.DSCoreDataTests" name="ParsingJSONInPythonReturnsSameResult" time="0.6882070" />
    <testcase classname="Dynamo.Tests.DSCoreDataTests" name="RememberRestoresFromCacheWhenPassedUnsupportedInputAndvCacheJson" time="0.6138230" />
    <testcase classname="Dynamo.Tests.DSCoreDataTests" name="RememberReturnUnsupportedInputWhenPassedUnsupportedInputAndEmptyCacheJson" time="0.6887120" />
    <testcase classname="Dynamo.Tests.DSCoreDataTests" name="RememberWillUpdateCacheWhenPassedSupportedInputAndEmptyCacheJson" time="0.7385950" />
    <testcase classname="Dynamo.Tests.DSCoreDataTests" name="RememberWillUpdateCacheWhenPassedSupportedInputAndvCacheJson" time="0.7436410" />
    <testcase classname="Dynamo.Tests.DSCoreDataTests" name="RoundTripForArcReturnsSameResult" time="0.8309900" />
    <testcase classname="Dynamo.Tests.DSCoreDataTests" name="RoundTripForBoundingBoxReturnsSameResult" time="0.7673840" />
    <testcase classname="Dynamo.Tests.DSCoreDataTests" name="RoundTripForCircleReturnsSameResult" time="0.7698430" />
    <testcase classname="Dynamo.Tests.DSCoreDataTests" name="RoundTripForColorReturnsSameResult" time="0.7001430" />
    <testcase classname="Dynamo.Tests.DSCoreDataTests" name="RoundTripForCoordinateSystemReturnsSameResult" time="0.8128940" />
    <testcase classname="Dynamo.Tests.DSCoreDataTests" name="RoundTripForCylinderReturnsSameResult" time="0.8308910" />
    <testcase classname="Dynamo.Tests.DSCoreDataTests" name="RoundTripForEllipseArcReturnsSameResult" time="0.8265460" />
    <testcase classname="Dynamo.Tests.DSCoreDataTests" name="RoundTripForEllipseReturnsSameResult" time="0.7251100" />
    <testcase classname="Dynamo.Tests.DSCoreDataTests" name="RoundTripForHelixReturnsSameResult" time="0.7393860" />
    <testcase classname="Dynamo.Tests.DSCoreDataTests" name="RoundTripForImageReturnsSameResult" time="0.6700660" />
    <testcase classname="Dynamo.Tests.DSCoreDataTests" name="RoundTripForLineReturnsSameResult" time="0.7325280" />
    <testcase classname="Dynamo.Tests.DSCoreDataTests" name="RoundTripForLocationReturnsSameResult" time="0.7030729" />
    <testcase classname="Dynamo.Tests.DSCoreDataTests" name="RoundTripForNurbsCurveReturnsSameResult" time="0.7782829" />
    <testcase classname="Dynamo.Tests.DSCoreDataTests" name="RoundTripForPlaneReturnsSameResult" time="0.7711479" />
    <testcase classname="Dynamo.Tests.DSCoreDataTests" name="RoundTripForPointReturnsSameResult" time="0.7208510" />
    <testcase classname="Dynamo.Tests.DSCoreDataTests" name="RoundTripForPolyCurveReturnsSameResult" time="0.9165150" />
    <testcase classname="Dynamo.Tests.DSCoreDataTests" name="RoundTripForPolygonReturnsSameResult" time="0.9116690" />
    <testcase classname="Dynamo.Tests.DSCoreDataTests" name="RoundTripForRectangleReturnsSameResult" time="0.8102170" />
    <testcase classname="Dynamo.Tests.DSCoreDataTests" name="RoundTripForVectorReturnsSameResult" time="0.7849199" />
    <testcase classname="Dynamo.Tests.DSCoreDataTests" name="SerializingObjectOverMaximumDepthFailes" time="0.7338640" />
    <testcase classname="Dynamo.Tests.DSCoreDataTests" name="StringifyJSON" time="0.8371680" />
    <testcase classname="Dynamo.Tests.DSCoreDataTests" name="ThrowsCorrectErrorTypes" time="0.8157190" />
    <testcase classname="Dynamo.Tests.DSCoreDataTests" name="ThrowsWhenPassedAnObjectThatCanNotSerialize" time="0.7162060" />
    <testcase classname="Dynamo.Tests.DSCoreDataTests" name="ThrowsWhenPassedUnsupportedInputAndInvCacheJson" time="0.7941490" />
    <testcase classname="Dynamo.Tests.DSCoreDataTests" name="VerifyDesignScriptMatchesNodes" time="0.7904240" />
    <testcase classname="Dynamo.Tests.DSCoreDataTests" name="VerifyStringifyReplication" time="0.7891120" />
    <testcase classname="Dynamo.Tests.DSEvaluationModelTest" name="BasicRuntimeWarning" time="0.8314210" />
    <testcase classname="Dynamo.Tests.DSEvaluationModelTest" name="CBN_array_indexnull_619" time="0.8089460" />
    <testcase classname="Dynamo.Tests.DSEvaluationModelTest" name="CBN_Array_Range_629" time="0.8001940" />
    <testcase classname="Dynamo.Tests.DSEvaluationModelTest" name="CBN_Array_Range_629_2" time="0.7845100" />
    <testcase classname="Dynamo.Tests.DSEvaluationModelTest" name="CBN_Binary_607" time="0.8940960" />
    <testcase classname="Dynamo.Tests.DSEvaluationModelTest" name="CBN_Class_GetterProperty_625" time="0.7708150" />
    <testcase classname="Dynamo.Tests.DSEvaluationModelTest" name="CBN_Conditional_612" time="0.9101910" />
    <testcase classname="Dynamo.Tests.DSEvaluationModelTest" name="CBN_Conditionals_597" time="0.9309450" />
    <testcase classname="Dynamo.Tests.DSEvaluationModelTest" name="CBN_Conditionals_597_2" time="1.0179470" />
    <testcase classname="Dynamo.Tests.DSEvaluationModelTest" name="CBN_Create_697" time="0.9062850" />
    <testcase classname="Dynamo.Tests.DSEvaluationModelTest" name="CBN_Double_Array_330" time="0.7591130" />
    <testcase classname="Dynamo.Tests.DSEvaluationModelTest" name="CBN_Dynamic_Array_433" time="0.7903480" />
    <testcase classname="Dynamo.Tests.DSEvaluationModelTest" name="CBN_Dynamic_Array_592" time="0.8562660" />
    <testcase classname="Dynamo.Tests.DSEvaluationModelTest" name="CBN_Dynamic_Array_592_2" time="0.7209320" />
    <testcase classname="Dynamo.Tests.DSEvaluationModelTest" name="CBN_Dynamic_Array_622" time="0.7166290" />
    <testcase classname="Dynamo.Tests.DSEvaluationModelTest" name="CBN_Dynamic_Array_622_2" time="0.7205090" />
    <testcase classname="Dynamo.Tests.DSEvaluationModelTest" name="CBN_Empty_722" time="0.7466860" />
    <testcase classname="Dynamo.Tests.DSEvaluationModelTest" name="CBN_Geometry" time="0.8651080" />
    <testcase classname="Dynamo.Tests.DSEvaluationModelTest" name="CBN_Geometry_Array_609_4" time="0.7699290" />
    <testcase classname="Dynamo.Tests.DSEvaluationModelTest" name="CBN_Geometry_Conditional_609_3" time="0.7214920" />
    <testcase classname="Dynamo.Tests.DSEvaluationModelTest" name="CBN_Geometry_Expression_609_2" time="0.8046810" />
    <testcase classname="Dynamo.Tests.DSEvaluationModelTest" name="CBN_Geometry_RangeExpression_609" time="0.6785590" />
    <testcase classname="Dynamo.Tests.DSEvaluationModelTest" name="CBN_Math_Pi_621" time="0.7698380" />
    <testcase classname="Dynamo.Tests.DSEvaluationModelTest" name="CBN_Multiline_614" time="0.6595860" />
    <testcase classname="Dynamo.Tests.DSEvaluationModelTest" name="CBN_Multiline_614_2" time="0.7434610" />
    <testcase classname="Dynamo.Tests.DSEvaluationModelTest" name="CBN_Multiline_705" time="0.7711519" />
    <testcase classname="Dynamo.Tests.DSEvaluationModelTest" name="CBN_Multiple_Assignment614" time="0.8065330" />
    <testcase classname="Dynamo.Tests.DSEvaluationModelTest" name="CBN_Multiple_binary_607" time="0.7260740" />
    <testcase classname="Dynamo.Tests.DSEvaluationModelTest" name="CBN_Nested_Conditionals_608" time="0.9191090" />
    <testcase classname="Dynamo.Tests.DSEvaluationModelTest" name="CBN_Nested_Conditionals_608_2" time="0.9407020" />
    <testcase classname="Dynamo.Tests.DSEvaluationModelTest" name="CBN_Nested_Conditionals_612" time="0.9415240" />
    <testcase classname="Dynamo.Tests.DSEvaluationModelTest" name="CBN_Nested_Conditionals_612_2" time="0.6872110" />
    <testcase classname="Dynamo.Tests.DSEvaluationModelTest" name="CBN_Range_1300" time="0.7847980" />
    <testcase classname="Dynamo.Tests.DSEvaluationModelTest" name="CBN_Reference_593" time="0.7147150" />
    <testcase classname="Dynamo.Tests.DSEvaluationModelTest" name="CBN_Reference_593_2" time="0.7711340" />
    <testcase classname="Dynamo.Tests.DSEvaluationModelTest" name="CBN_String_599" time="0.7457950" />
    <testcase classname="Dynamo.Tests.DSEvaluationModelTest" name="CBN_TypedIdentifier01" time="0.7173180" />
    <testcase classname="Dynamo.Tests.DSEvaluationModelTest" name="CBN_Undefined_692" time="0.7825069" />
    <testcase classname="Dynamo.Tests.DSEvaluationModelTest" name="CBN_Variable_Type_5480" time="0.7956500" />
    <testcase classname="Dynamo.Tests.DSEvaluationModelTest" name="CBN_warning_5236" time="0.7245780" />
    <testcase classname="Dynamo.Tests.DSEvaluationModelTest" name="CBNAndFormula" time="0.7956630" />
    <testcase classname="Dynamo.Tests.DSEvaluationModelTest" name="DefaultValueTest" time="0.8263670" />
    <testcase classname="Dynamo.Tests.DSEvaluationModelTest" name="Defect_MAGN_2363" time="0.9407320" />
    <testcase classname="Dynamo.Tests.DSEvaluationModelTest" name="Defect_MAGN_2375_3487" time="0.8977440" />
    <testcase classname="Dynamo.Tests.DSEvaluationModelTest" name="Defect_MAGN_2479" time="0.8703040" />
    <testcase classname="Dynamo.Tests.DSEvaluationModelTest" name="Defect_MAGN_2535" time="0.7485490" />
    <testcase classname="Dynamo.Tests.DSEvaluationModelTest" name="Defect_MAGN_3264" time="0.7559749" />
    <testcase classname="Dynamo.Tests.DSEvaluationModelTest" name="Defect_MAGN_610" time="0.8962280" />
    <testcase classname="Dynamo.Tests.DSEvaluationModelTest" name="Defect_MAGN_829_1" time="0.8922490" />
    <testcase classname="Dynamo.Tests.DSEvaluationModelTest" name="Defect_MAGN_829_2" time="0.8070969" />
    <testcase classname="Dynamo.Tests.DSEvaluationModelTest" name="Defect_MAGN_829_3" time="0.6979290" />
    <testcase classname="Dynamo.Tests.DSEvaluationModelTest" name="Defect_MAGN_829_4" time="0.7596950" />
    <testcase classname="Dynamo.Tests.DSEvaluationModelTest" name="Defect_MAGN_829_5" time="0.7442240" />
    <testcase classname="Dynamo.Tests.DSEvaluationModelTest" name="Defect_MAGN_844" time="0.7183380" />
    <testcase classname="Dynamo.Tests.DSEvaluationModelTest" name="DoubleToInt_NoWarning_5109" time="0.8072070" />
    <testcase classname="Dynamo.Tests.DSEvaluationModelTest" name="List_Map_Default_5233" time="0.9093880" />
    <testcase classname="Dynamo.Tests.DSEvaluationModelTest" name="Map_With_PropertyMethod" time="0.7052790" />
    <testcase classname="Dynamo.Tests.DSEvaluationModelTest" name="ModuloDividendLargerThanDivisor" time="0.7004560" />
    <testcase classname="Dynamo.Tests.DSEvaluationModelTest" name="NestedIFRecursionMultiple_4058" time="0.7756300" />
    <testcase classname="Dynamo.Tests.DSEvaluationModelTest" name="NumberSequence" time="0.7239030" />
    <testcase classname="Dynamo.Tests.DSEvaluationModelTest" name="Regress561" time="0.6892660" />
    <testcase classname="Dynamo.Tests.DSEvaluationModelTest" name="Regress586" time="0.6758450" />
    <testcase classname="Dynamo.Tests.DSEvaluationModelTest" name="Regress616" time="0.6674440" />
    <testcase classname="Dynamo.Tests.DSEvaluationModelTest" name="Regress618" time="0.7333670" />
    <testcase classname="Dynamo.Tests.DSEvaluationModelTest" name="Regress657" time="0.7229240" />
    <testcase classname="Dynamo.Tests.DSEvaluationModelTest" name="Regress664" time="0.7286140" />
    <testcase classname="Dynamo.Tests.DSEvaluationModelTest" name="Regress737" time="0.7137220" />
    <testcase classname="Dynamo.Tests.DSEvaluationModelTest" name="Regress7808" time="0.7058540" />
    <testcase classname="Dynamo.Tests.DSEvaluationModelTest" name="Regress781" time="0.7154480" />
    <testcase classname="Dynamo.Tests.DSEvaluationModelTest" name="Regress9279_NoRandomNull" time="0.7123480" />
    <testcase classname="Dynamo.Tests.DSEvaluationModelTest" name="Regress9450" time="0.6850000" />
    <testcase classname="Dynamo.Tests.DSEvaluationModelTest" name="Removekey_7573" time="0.8400920" />
    <testcase classname="Dynamo.Tests.DSEvaluationModelTest" name="Reorder_7573" time="0.8612190" />
    <testcase classname="Dynamo.Tests.DSEvaluationModelTest" name="ReplicationWithEmptySubLists" time="0.7623380" />
    <testcase classname="Dynamo.Tests.DSEvaluationModelTest" name="Test_Auto_Lacing" time="0.7671530" />
    <testcase classname="Dynamo.Tests.DSEvaluationModelTest" name="Test_ConditionalCustomFunction_3483" time="0.7101020" />
    <testcase classname="Dynamo.Tests.DSEvaluationModelTest" name="Test_Cross_Lacing" time="0.7194950" />
    <testcase classname="Dynamo.Tests.DSEvaluationModelTest" name="Test_CustomFunctionobject_3483" time="0.7243309" />
    <testcase classname="Dynamo.Tests.DSEvaluationModelTest" name="Test_If_CustomNode_4058" time="0.7784290" />
    <testcase classname="Dynamo.Tests.DSEvaluationModelTest" name="Test_IfAsFunctionobject_3483" time="0.6545370" />
    <testcase classname="Dynamo.Tests.DSEvaluationModelTest" name="Test_IfinputFunctionObject_3483" time="0.7435180" />
    <testcase classname="Dynamo.Tests.DSEvaluationModelTest" name="Test_IFnode_3483_1" time="0.8046830" />
    <testcase classname="Dynamo.Tests.DSEvaluationModelTest" name="Test_IFnode_3483_2" time="0.7786459" />
    <testcase classname="Dynamo.Tests.DSEvaluationModelTest" name="Test_IfOutputFunctionObject_3483" time="0.6933870" />
    <testcase classname="Dynamo.Tests.DSEvaluationModelTest" name="Test_Longest_Lacing" time="0.8604390" />
    <testcase classname="Dynamo.Tests.DSEvaluationModelTest" name="Test_Shortest_Lacing" time="0.7561380" />
    <testcase classname="Dynamo.Tests.DSEvaluationModelTest" name="TestCallingStaticMethod" time="0.6935500" />
    <testcase classname="Dynamo.Tests.DSEvaluationModelTest" name="TestCodeBlockNode01" time="0.6252660" />
    <testcase classname="Dynamo.Tests.DSEvaluationModelTest" name="TestContainsArray" time="0.7965410" />
    <testcase classname="Dynamo.Tests.DSEvaluationModelTest" name="TestContainsUsingEqualityTest" time="0.6926720" />
    <testcase classname="Dynamo.Tests.DSEvaluationModelTest" name="TestDefaulArgumentAttributeNegative" time="1.0333060" />
    <testcase classname="Dynamo.Tests.DSEvaluationModelTest" name="TestDefaultArgumentTooltip" time="0.7029180" />
    <testcase classname="Dynamo.Tests.DSEvaluationModelTest" name="TestDefaultValueAttribute" time="1.0375890" />
    <testcase classname="Dynamo.Tests.DSEvaluationModelTest" name="TestDefaultValueAttributeForDummyLine" time="1.1993320" />
    <testcase classname="Dynamo.Tests.DSEvaluationModelTest" name="TestDefaultValueInFunctionObject" time="0.7999370" />
    <testcase classname="Dynamo.Tests.DSEvaluationModelTest" name="TestDictionaryDefinition2" time="0.7578180" />
    <testcase classname="Dynamo.Tests.DSEvaluationModelTest" name="TestDictionaryDefintion" time="0.7596039" />
    <testcase classname="Dynamo.Tests.DSEvaluationModelTest" name="TestHeterogenousList" time="0.8145470" />
    <testcase classname="Dynamo.Tests.DSEvaluationModelTest" name="TestIntegerOverflow" time="0.8827240" />
    <testcase classname="Dynamo.Tests.DSEvaluationModelTest" name="TestListCombineRegress5561" time="0.7720830" />
    <testcase classname="Dynamo.Tests.DSEvaluationModelTest" name="TestListJoin" time="0.8299760" />
    <testcase classname="Dynamo.Tests.DSEvaluationModelTest" name="TestMAGN9507" time="0.8498970" />
    <testcase classname="Dynamo.Tests.DSEvaluationModelTest" name="TestMod" time="0.7721209" />
    <testcase classname="Dynamo.Tests.DSEvaluationModelTest" name="TestMultipleIFCN_4058" time="0.7941660" />
    <testcase classname="Dynamo.Tests.DSEvaluationModelTest" name="TestMultipleIFRecursion_4058" time="0.6462200" />
    <testcase classname="Dynamo.Tests.DSEvaluationModelTest" name="TestNestedIFRecursion_4058" time="0.8617670" />
    <testcase classname="Dynamo.Tests.DSEvaluationModelTest" name="TestRunTimeWarning_3132" time="0.8148150" />
    <testcase classname="Dynamo.Tests.DSEvaluationModelTest" name="TestSingleIFRecusion_4058" time="0.6973670" />
    <testcase classname="Dynamo.Tests.DSFunctionNodeTest" name="TestAbs" time="0.7131510" />
    <testcase classname="Dynamo.Tests.DSFunctionNodeTest" name="TestAddFunction" time="0.6479970" />
    <testcase classname="Dynamo.Tests.DSFunctionNodeTest" name="TestCount" time="0.6664480" />
    <testcase classname="Dynamo.Tests.DSFunctionNodeTest" name="TestGetKeys" time="0.7040149" />
    <testcase classname="Dynamo.Tests.DSFunctionNodeTest" name="TestLoadingFunctions" time="0.7390520" />
    <testcase classname="Dynamo.Tests.DSLibraryTest" name="Dispose_DS_ClassInstance" time="0.5939759" />
    <testcase classname="Dynamo.Tests.DSLibraryTest" name="TestAddBuiltinPackagesPath" time="0.6618720" />
    <testcase classname="Dynamo.Tests.DSLibraryTest" name="TestAddDllLibraryPath" time="0.6540960" />
    <testcase classname="Dynamo.Tests.DSLibraryTest" name="TestBuiltinPackagesTokenIsFirstInList" time="0.6237810" />
    <testcase classname="Dynamo.Tests.DSLibraryTest" name="TestDllLibraryAcrossSessions" time="0.9044040" />
    <testcase classname="Dynamo.Tests.DSLibraryTest" name="TestDllLibraryLoadAtStartup" time="1.5214250" />
    <testcase classname="Dynamo.Tests.DSLibraryTest" name="TestLibraryAcrossSessions" time="0.7453220" />
    <testcase classname="Dynamo.Tests.DSLibraryTest" name="TestLoadDllFileAtPathSuccess" time="0.7505280" />
    <testcase classname="Dynamo.Tests.DSLibraryTest" name="TestLoadDllFileFailure" time="0.8934110" />
    <testcase classname="Dynamo.Tests.DSLibraryTest" name="TestLoadDllFileSuccessWithLibrarySearchPathsResultionToFindDLL" time="1.0570640" />
    <testcase classname="Dynamo.Tests.DSLibraryTest" name="TestLoadDllFileWithApostropheInPathSuccess" time="0.7276380" />
    <testcase classname="Dynamo.Tests.DSLibraryTest" name="TestLoadDSFile" time="0.7208190" />
    <testcase classname="Dynamo.Tests.DSLibraryTest" name="TestOverloadedMethodsWithDifferentIEnumerableType" time="0.9745080" />
    <testcase classname="Dynamo.Tests.DSLibraryTest" name="TestOverloadedMethodsWithDifferentPrimitiveType" time="1.0056080" />
    <testcase classname="Dynamo.Tests.DSLibraryTest" name="TestPreLoadedLibrary" time="0.6244520" />
    <testcase classname="Dynamo.Tests.DummyNodeTests" name="CanCopyPasteJSONDummyNodeAndRetainsOriginalJSON" time="0.6129980" />
    <testcase classname="Dynamo.Tests.DummyNodeTests" name="CanMoveAndUndoJSONDummyNodeAndRetainsOriginalJSON" time="0.6800810" />
    <testcase classname="Dynamo.Tests.DummyNodeTests" name="DummyNodesWarningMessageTest" time="0.9318820" />
    <testcase classname="Dynamo.Tests.DummyNodeTests" name="IfDeserializationThrowsDummyNodeStillCreated" time="0.7120910" />
    <testcase classname="Dynamo.Tests.DummyNodeTests" name="ResolveDummyNodesInsideCustomNodeWorkspace" time="0.7426830" />
    <testcase classname="Dynamo.Tests.DummyNodeTests" name="ResolveDummyNodesOnDownloadingPackage" time="0.8718510" />
    <testcase classname="Dynamo.Tests.DummyNodeTests" name="WorkspaceIsReadonly_IfXmlDummyNodePresent" time="0.6930960" />
    <testcase classname="Dynamo.Tests.DynamoAnalyticsTests" name="AnalyticsTrackingEnabled" time="1.2337170" />
    <testcase classname="Dynamo.Tests.DynamoAnalyticsTests" name="CreateDisposableEvents" time="0.8741520" />
    <testcase classname="Dynamo.Tests.DynamoDefects" name="Boolean_LowerCase_3420" time="0.8523170" />
    <testcase classname="Dynamo.Tests.DynamoDefects" name="ClearCyclicDependency_ExecutesGraph_ClearsWarnings1" time="0.8245249" />
    <testcase classname="Dynamo.Tests.DynamoDefects" name="ClearCyclicDependency_ExecutesGraph_ClearsWarnings2" time="0.7836930" />
    <testcase classname="Dynamo.Tests.DynamoDefects" name="ClearCyclicDependency_ExecutesGraph_ClearsWarnings3" time="0.7622580" />
    <testcase classname="Dynamo.Tests.DynamoDefects" name="ClearCyclicDependency_ExecutesGraph_ClearsWarnings4" time="0.8416780" />
    <testcase classname="Dynamo.Tests.DynamoDefects" name="CyclicDependency_Defect8827" time="0.8561280" />
    <testcase classname="Dynamo.Tests.DynamoDefects" name="Defect_MAGN_1206" time="0.8059180" />
    <testcase classname="Dynamo.Tests.DynamoDefects" name="Defect_MAGN_1292" time="0.7456820" />
    <testcase classname="Dynamo.Tests.DynamoDefects" name="Defect_MAGN_1905" time="0.7451410" />
    <testcase classname="Dynamo.Tests.DynamoDefects" name="Defect_MAGN_1968" time="0.7641710" />
    <testcase classname="Dynamo.Tests.DynamoDefects" name="Defect_MAGN_1971" time="0.7774110" />
    <testcase classname="Dynamo.Tests.DynamoDefects" name="Defect_MAGN_2169" time="0.8799030" />
    <testcase classname="Dynamo.Tests.DynamoDefects" name="Defect_MAGN_2264" time="0.8894920" />
    <testcase classname="Dynamo.Tests.DynamoDefects" name="Defect_MAGN_2555" time="0.7757039" />
    <testcase classname="Dynamo.Tests.DynamoDefects" name="Defect_MAGN_2607" time="0.7506960" />
    <testcase classname="Dynamo.Tests.DynamoDefects" name="Defect_MAGN_3256" time="1.1457070" />
    <testcase classname="Dynamo.Tests.DynamoDefects" name="Defect_MAGN_3468" time="0.7477680" />
    <testcase classname="Dynamo.Tests.DynamoDefects" name="Defect_MAGN_3548" time="0.8568160" />
    <testcase classname="Dynamo.Tests.DynamoDefects" name="Defect_MAGN_3646" time="0.7169219" />
    <testcase classname="Dynamo.Tests.DynamoDefects" name="Defect_MAGN_3648" time="0.7993390" />
    <testcase classname="Dynamo.Tests.DynamoDefects" name="Defect_MAGN_3726" time="0.8717190" />
    <testcase classname="Dynamo.Tests.DynamoDefects" name="Defect_MAGN_3998" time="0.8169800" />
    <testcase classname="Dynamo.Tests.DynamoDefects" name="Defect_MAGN_4046" time="0.8472210" />
    <testcase classname="Dynamo.Tests.DynamoDefects" name="Defect_MAGN_4105" time="1.0043590" />
    <testcase classname="Dynamo.Tests.DynamoDefects" name="Defect_MAGN_4364" time="0.7462259" />
    <testcase classname="Dynamo.Tests.DynamoDefects" name="Defect_MAGN_847" time="0.7688880" />
    <testcase classname="Dynamo.Tests.DynamoDefects" name="Defect_MAGN_942_Equal" time="0.7785450" />
    <testcase classname="Dynamo.Tests.DynamoDefects" name="Defect_MAGN_942_GreaterThan" time="0.8725430" />
    <testcase classname="Dynamo.Tests.DynamoDefects" name="Defect_MAGN_942_GreaterThanOrEqual" time="0.7439070" />
    <testcase classname="Dynamo.Tests.DynamoDefects" name="Defect_MAGN_942_LessThan" time="0.7228950" />
    <testcase classname="Dynamo.Tests.DynamoDefects" name="Defect_MAGN_942_LessThanOrEqual" time="0.7942600" />
    <testcase classname="Dynamo.Tests.DynamoDefects" name="Defect5561_ListCombineCrash_AddingArrayToSingleItem" time="1.0993400" />
    <testcase classname="Dynamo.Tests.DynamoDefects" name="EqualEqualTest_ForStrings_Defect6694" time="0.6867720" />
    <testcase classname="Dynamo.Tests.DynamoDefects" name="T01_Defect_MAGN_110" time="0.8098230" />
    <testcase classname="Dynamo.Tests.DynamoDefects" name="VMFailOnCBN_5173" time="0.8680250" />
    <testcase classname="Dynamo.Tests.Engine.CodeCompletion.CodeCompletionServicesTest" name="CodeCompletionServicesGetCompletionsOnTypeTest" time="0.0346920" />
    <testcase classname="Dynamo.Tests.Engine.CodeCompletion.CodeCompletionServicesTest" name="CodeCompletionServicesGetFunctionSignatures" time="0.0124050" />
    <testcase classname="Dynamo.Tests.Engine.CodeCompletion.CodeCompletionServicesTest" name="Constructor_WithIsVisibleFalseAttribute_HiddenFromSearch" time="0.0227880" />
    <testcase classname="Dynamo.Tests.Engine.CodeGeneration.CompilingEventArgsTest" name="TestInternalMigration" time="0.0007020" />
    <testcase classname="Dynamo.Tests.Engine.EngineControllerTest" name="EngineControllerComputeSyncDataTest" time="0.6032310" />
    <testcase classname="Dynamo.Tests.Engine.EngineControllerTest" name="EngineControllerPreviewGraphSyncDataTest" time="0.7389400" />
    <testcase classname="Dynamo.Tests.Engine.EngineControllerTest" name="EngineControllerReconcileTraceDataAndNotify" time="0.6287779" />
    <testcase classname="Dynamo.Tests.Engine.EngineControllerTest" name="EngineControllerReconcileTraceDataAndNotifyException" time="0.5735400" />
    <testcase classname="Dynamo.Tests.Engine.LinkedListOfListTest" name="LinkedListOfListEnumeratorsTest" time="0.5554490" />
    <testcase classname="Dynamo.Tests.Engine.LiveRunnerServicesTest" name="LiveRunnerServicesGetMirrorTest" time="0.5371260" />
    <testcase classname="Dynamo.Tests.Engine.LiveRunnerServicesTest" name="LiveRunnerServicesUpdateGraph" time="0.7215300" />
    <testcase classname="Dynamo.Tests.Engine.Profiling.ProfilingDataTest" name="NodeProfilingDataDispose" time="0.7291310" />
    <testcase classname="Dynamo.Tests.Engine.Profiling.ProfilingDataTest" name="ProfilingDataRegisterUnRegisterNodesTest" time="0.5768740" />
    <testcase classname="Dynamo.Tests.Engine.ShortestQualifiedNameReplacerTest" name="VisitTypedIdentifierNodeTest" time="0.5770200" />
    <testcase classname="Dynamo.Tests.ExcelTests+DSEvaluationModelTest" name="TestExcel" time="1.7510710" />
    <testcase classname="Dynamo.Tests.ExperimentalNodesTests" name="FunctionDescriptorIsMarkedExperimentalByExperimentalPrefsSection" time="0.0003760" />
    <testcase classname="Dynamo.Tests.Extensions.ExtensionCommandExecutiveTest" name="ExtensionsCommandExecutiveExecuteCommand" time="0.0630600" />
    <testcase classname="Dynamo.Tests.Extensions.ExtensionLoaderTest" name="ExtensionsLoadExtensionInvalidCertificate" time="0.6769400" />
    <testcase classname="Dynamo.Tests.Extensions.ExtensionLoaderTest" name="ExtensionsLoadExtensionWrongDefinition" time="0.7449450" />
    <testcase classname="Dynamo.Tests.Extensions.ExtensionManagerTest" name="ExtensionsManagerRemoveExtension" time="0.6657930" />
    <testcase classname="Dynamo.Tests.Extensions.ExtensionManagerTest" name="ExtensionsManagerRemoveExtensionException" time="0.6880440" />
    <testcase classname="Dynamo.Tests.ExtensionTests" name="CanExecuteCommand" time="0.0601890" />
    <testcase classname="Dynamo.Tests.ExtensionTests" name="CannotAddSameExtensionTwice" time="0.0748760" />
    <testcase classname="Dynamo.Tests.ExtensionTests" name="DirectoryExists" time="0.0812710" />
    <testcase classname="Dynamo.Tests.ExtensionTests" name="ExecuteCommandDoesnotThrowException" time="0.1050220" />
    <testcase classname="Dynamo.Tests.ExtensionTests" name="ExtensionIsAdded" time="0.1111180" />
    <testcase classname="Dynamo.Tests.ExtensionTests" name="ExtensionIsDisposed" time="0.1094310" />
    <testcase classname="Dynamo.Tests.ExtensionTests" name="ExtensionIsReady" time="0.1041900" />
    <testcase classname="Dynamo.Tests.ExtensionTests" name="ExtensionIsStarted" time="0.1122290" />
    <testcase classname="Dynamo.Tests.ExtensionTests" name="ExtensionLoader_LoadNodeLibraryAddsZTNodesToSearch" time="0.1374020" />
    <testcase classname="Dynamo.Tests.ExtensionTests" name="NotificationHandler" time="0.1093870" />
    <testcase classname="Dynamo.Tests.ExtensionTests" name="RegisterAsBaseClassService" time="0.1146320" />
    <testcase classname="Dynamo.Tests.ExtensionTests" name="RegisterSameObjectAsManyServices" time="0.1266290" />
    <testcase classname="Dynamo.Tests.ExtensionTests" name="RegisterService" time="0.1333990" />
    <testcase classname="Dynamo.Tests.FileReadingTests" name="CanOpenADynFileFromAfter6_0" time="0.6282920" />
    <testcase classname="Dynamo.Tests.FileReadingTests" name="CanOpenADynFileFromBefore6_0" time="0.5823260" />
    <testcase classname="Dynamo.Tests.FileReadingTests" name="CanReadIsSetAsInputProperty" time="0.6623760" />
    <testcase classname="Dynamo.Tests.FileReadingTests" name="Defect_MAGN_1380_dyf" time="0.7918940" />
    <testcase classname="Dynamo.Tests.FileReadingTests" name="Defect_MAGN_1380_dyn" time="0.8058080" />
    <testcase classname="Dynamo.Tests.FileReadingTests" name="Defect_MAGN_781" time="0.8427810" />
    <testcase classname="Dynamo.Tests.ForgeUnitsTests" name="CanCreateForgeQuantity_FromFutureTypeId" time="0.1076670" />
    <testcase classname="Dynamo.Tests.ForgeUnitsTests" name="CanCreateForgeQuantity_FromLoadedTypeId" time="0.0056950" />
    <testcase classname="Dynamo.Tests.ForgeUnitsTests" name="CanCreateForgeQuantity_FromOldTypeId" time="0.0017090" />
    <testcase classname="Dynamo.Tests.ForgeUnitsTests" name="CanCreateForgeSymbol_FromFutureTypeId" time="0.0042110" />
    <testcase classname="Dynamo.Tests.ForgeUnitsTests" name="CanCreateForgeSymbol_FromLoadedTypeId" time="0.0019810" />
    <testcase classname="Dynamo.Tests.ForgeUnitsTests" name="CanCreateForgeSymbol_FromOldTypeId" time="0.0024330" />
    <testcase classname="Dynamo.Tests.ForgeUnitsTests" name="CanCreateForgeSymbol_FromUnit" time="0.0018660" />
    <testcase classname="Dynamo.Tests.ForgeUnitsTests" name="CanCreateForgeUnitType_FromFutureTypeString" time="0.0029370" />
    <testcase classname="Dynamo.Tests.ForgeUnitsTests" name="CanCreateForgeUnitType_FromLoadedTypeString" time="0.0010950" />
    <testcase classname="Dynamo.Tests.ForgeUnitsTests" name="CanCreateForgeUnitType_FromPastTypeString" time="0.0020020" />
    <testcase classname="Dynamo.Tests.ForgeUnitsTests" name="ConvertByunitsIncompatible" time="0.0019940" />
    <testcase classname="Dynamo.Tests.ForgeUnitsTests" name="ConvertByunitsSameQuantity" time="0.0012359" />
    <testcase classname="Dynamo.Tests.ForgeUnitsTests" name="ForgeQuantityContainsMultipleUnits" time="0.0011410" />
    <testcase classname="Dynamo.Tests.ForgeUnitsTests" name="ForgeQuantityEquality" time="0.0034720" />
    <testcase classname="Dynamo.Tests.ForgeUnitsTests" name="ForgeUnitEquality" time="0.0015830" />
    <testcase classname="Dynamo.Tests.ForgeUnitsTests" name="ForgeUnitReturnsSomeConvertibleUnits" time="0.0106020" />
    <testcase classname="Dynamo.Tests.ForgeUnitsTests" name="ForgeUnitReturnsSomeQuantitiesContaingUnit" time="0.0022190" />
    <testcase classname="Dynamo.Tests.ForgeUnitsTests" name="ParseExpression" time="0.0036320" />
    <testcase classname="Dynamo.Tests.ForgeUnitsTests" name="ParseExpressionIncompatible" time="0.0015460" />
    <testcase classname="Dynamo.Tests.ForgeUnitsTests" name="ParseUnitExpression" time="0.0023609" />
    <testcase classname="Dynamo.Tests.ForgeUnitsTests" name="ParseUnitExpressionIncompatible" time="0.0017290" />
    <testcase classname="Dynamo.Tests.ForgeUnitsTests" name="PointToBadSchemaDirectory_DoesNotThrow" time="0.0825650" />
    <testcase classname="Dynamo.Tests.ForgeUnitsTests" name="Symbol_Equality" time="0.0018690" />
    <testcase classname="Dynamo.Tests.ForgeUnitsTests" name="Symbol_ToStringCorrect" time="0.0012310" />
    <testcase classname="Dynamo.Tests.ForgeUnitsTests" name="SymbolDataFormatDecimalIsCorrect" time="0.0018710" />
    <testcase classname="Dynamo.Tests.ForgeUnitsTests" name="SymbolDataFormatFractionCorrect" time="0.0022960" />
    <testcase classname="Dynamo.Tests.ForgeUnitsTests" name="SymbolDataIsCorrect" time="0.0015530" />
    <testcase classname="Dynamo.Tests.ForgeUnitsTests" name="UnitToString_IncludesName" time="0.0015540" />
    <testcase classname="Dynamo.Tests.FormulaTests" name="FormulaMigration" time="0.8312020" />
    <testcase classname="Dynamo.Tests.FormulaTests" name="FormulaWithIf" time="0.8876780" />
    <testcase classname="Dynamo.Tests.GithubIssueRegressionTest" name="Issue3446" time="1.0156800" />
    <testcase classname="Dynamo.Tests.GithubIssueRegressionTest" name="Issue6729" time="1.2950910" />
    <testcase classname="Dynamo.Tests.GraphTest.Connectors.ConnectorModelTests" name="ConnectorModelConnectTest" time="1.1213519" />
    <testcase classname="Dynamo.Tests.HigherOrder" name="ComposeOrder" time="1.1201820" />
    <testcase classname="Dynamo.Tests.HigherOrder" name="LoopWhile" time="0.9765410" />
    <testcase classname="Dynamo.Tests.HigherOrder" name="LoopWhile_Fibonaci" time="0.8760390" />
    <testcase classname="Dynamo.Tests.HomeWorkspaceModelTests" name="OnPreviewGraphCompletedTest" time="0.7315830" />
    <testcase classname="Dynamo.Tests.HomogeneousListTests" name="TestMethodResolutionforHeterogeneousListInputs" time="1.1721270" />
    <testcase classname="Dynamo.Tests.HomogeneousListTests" name="TestMethodResolutionforHomogeneousListInputs" time="1.2789230" />
    <testcase classname="Dynamo.Tests.IdReferenceResolverTests" name="AddAndResolveReferenceFromMapTest" time="0.9656300" />
    <testcase classname="Dynamo.Tests.IdReferenceResolverTests" name="AddAndResolveReferenceTest" time="0.8921330" />
    <testcase classname="Dynamo.Tests.IdReferenceResolverTests" name="AddReferenceCaseDuplicatedGuid" time="1.0528360" />
    <testcase classname="Dynamo.Tests.IdReferenceResolverTests" name="AddReferenceFromMapTestCaseDuplicatedGuid" time="0.8251330" />
    <testcase classname="Dynamo.Tests.IdReferenceResolverTests" name="ResolveReferenceFromMapTestCaseInvalidGuid" time="0.8647850" />
    <testcase classname="Dynamo.Tests.IdReferenceResolverTests" name="ResolveReferenceTestCaseInvalidGuid" time="0.9234860" />
    <testcase classname="Dynamo.Tests.IfTest" name="TestIfAsFunctionObject" time="0.9782030" />
    <testcase classname="Dynamo.Tests.IfTest" name="TestIFBasic" time="0.8668310" />
    <testcase classname="Dynamo.Tests.IfTest" name="TestIfInCustomNode1" time="1.0507820" />
    <testcase classname="Dynamo.Tests.IfTest" name="TestIfInCustomNode2" time="1.0247960" />
    <testcase classname="Dynamo.Tests.IfTest" name="TestIfNodeForPreview" time="0.9700310" />
    <testcase classname="Dynamo.Tests.IfTest" name="TestIfNodeLacingOptions" time="0.8711320" />
    <testcase classname="Dynamo.Tests.IfTest" name="TestIfNodeListAtLevel" time="0.8572900" />
    <testcase classname="Dynamo.Tests.IfTest" name="TestScopeIfForFactorial" time="0.8633250" />
    <testcase classname="Dynamo.Tests.IfTest" name="TestScopeIfForPreview" time="0.8646740" />
    <testcase classname="Dynamo.Tests.ImperativeClodeBlockTest" name="DeletingImperativeCBNShouldNotLeadToCrash" time="1.0052820" />
    <testcase classname="Dynamo.Tests.ImperativeClodeBlockTest" name="TestCallStaticFunction" time="1.0206850" />
    <testcase classname="Dynamo.Tests.InheritanceTests" name="TestInheritanceDerivedFromInterfaceA" time="0.9959790" />
    <testcase classname="Dynamo.Tests.InheritanceTests" name="TestInheritanceDerivedFromInterfaceAWithReplication" time="1.3057170" />
    <testcase classname="Dynamo.Tests.InheritanceTests" name="TestInheritanceHidesMethodFromClassA" time="0.9522620" />
    <testcase classname="Dynamo.Tests.InheritanceTests" name="TestInheritanceHidesMethodFromClassAInverse" time="0.9351930" />
    <testcase classname="Dynamo.Tests.InheritanceTests" name="TestInheritanceNotDerivedFromClassA" time="0.9869700" />
    <testcase classname="Dynamo.Tests.InheritanceTests" name="TestInheritanceOverridesMethodFromClassA" time="1.0772040" />
    <testcase classname="Dynamo.Tests.InputOutputDataTest" name="TestNodeInputDataInDifferentCulture" time="0.6975010" />
    <testcase classname="Dynamo.Tests.InputOutputDataTest" name="TestNodeOutputDataInDifferentCulture" time="0.6854670" />
    <testcase classname="Dynamo.Tests.libGPreloaderTests" name="ASM230InstallationsAreValidated" time="0.0112190" />
    <testcase classname="Dynamo.Tests.libGPreloaderTests" name="GetGeometryFactoryPath_libGVersionFallback" time="0.0055930" />
    <testcase classname="Dynamo.Tests.libGPreloaderTests" name="GetGeometryFactoryPath2_CalledFromNewClient_ShouldGetCorrectVersion" time="0.0044350" />
    <testcase classname="Dynamo.Tests.libGPreloaderTests" name="GetGeometryFactoryPathTolerant_NoMatch" time="0.0035220" />
    <testcase classname="Dynamo.Tests.libGPreloaderTests" name="GetInstalledASMVersions2_FindsVersionedLibGFolders" time="0.0026140" />
    <testcase classname="Dynamo.Tests.libGPreloaderTests" name="GetInstalledASMVersions2_FindsVersionedLibGFolders_WithRootFolderFallback" time="0.0074750" />
    <testcase classname="Dynamo.Tests.libGPreloaderTests" name="GetInstalledASMVersions2_MultipleClientsWithSameASM" time="0.0028610" />
    <testcase classname="Dynamo.Tests.libGPreloaderTests" name="GetInstalledASMVersions2_OnlyLoadMatchingOrHigherVersions" time="0.0024670" />
    <testcase classname="Dynamo.Tests.libGPreloaderTests" name="GetInstalledASMVersions2_OnlyLoadMatchingOrHigherVersions228" time="0.0021540" />
    <testcase classname="Dynamo.Tests.libGPreloaderTests" name="GetInstalledASMVersions2_ReturnsFirstLocationWithSameVersion" time="0.0022500" />
    <testcase classname="Dynamo.Tests.libGPreloaderTests" name="GetInstalledASMVersions2_WillLoadASMFromLibGFolder_EvenWhenOlderASMInstallFound" time="0.0026010" />
    <testcase classname="Dynamo.Tests.libGPreloaderTests" name="GetLibGPreloaderLocation_libGVersionFallback" time="0.0022000" />
    <testcase classname="Dynamo.Tests.libGPreloaderTests" name="PreloaderThatDoesNotFindASMDoesNotThrow" time="0.2729620" />
    <testcase classname="Dynamo.Tests.libGPreloaderTests" name="UnknownASMVersionInstallationsAreDiscarded" time="0.0011370" />
    <testcase classname="Dynamo.Tests.LibraryCustomizationTests" name="CanLoadValidLibraryCustomization" time="0.0011120" />
    <testcase classname="Dynamo.Tests.LibraryTests" name="CanReadFileWithZeroTouchMigrationOfFunctionSignatureWithoutParameters" time="0.0117540" />
    <testcase classname="Dynamo.Tests.LibraryTests" name="FunctionDescriptorIsMarkedExperimentalByAttr" time="0.0249550" />
    <testcase classname="Dynamo.Tests.LibraryTests" name="GetAllFunctionDescriptorsTest" time="0.0235150" />
    <testcase classname="Dynamo.Tests.LibraryTests" name="MethodWithRefOutParams_NoLoad" time="0.0296290" />
    <testcase classname="Dynamo.Tests.LibraryTests" name="TestBuiltInFunctionRecognition" time="0.0067280" />
    <testcase classname="Dynamo.Tests.LibraryTests" name="TestLoadNoNamespaceClass" time="0.0289270" />
    <testcase classname="Dynamo.Tests.LibraryTests" name="TestZeroTouchMigrationCannotFindOldMethodName" time="0.0368850" />
    <testcase classname="Dynamo.Tests.LibraryTests" name="TestZeroTouchMigrationFileBadlyFormatted" time="0.0286830" />
    <testcase classname="Dynamo.Tests.LibraryTests" name="TestZeroTouchMigrationNoFileFound" time="0.0283890" />
    <testcase classname="Dynamo.Tests.Linting.LinterManagerTests" name="CanActivateLinter" time="0.1198880" />
    <testcase classname="Dynamo.Tests.Linting.LinterManagerTests" name="LinterExtensionsGetsAddedToManager" time="0.1115000" />
    <testcase classname="Dynamo.Tests.Linting.LinterManagerTests" name="LinterManagerStoresRuleEvaluationResults" time="0.1387290" />
    <testcase classname="Dynamo.Tests.Linting.LinterManagerTests" name="VerifyThatOnlyRulesFromActiveLinterGetsEvaluated" time="0.1389180" />
    <testcase classname="Dynamo.Tests.ListAtLevelTests" name="TestAdd" time="0.8448860" />
    <testcase classname="Dynamo.Tests.ListAtLevelTests" name="TestNotUseListStructure" time="0.8434490" />
    <testcase classname="Dynamo.Tests.ListAtLevelTests" name="TestUseListAtLevelOnFunctionCall" time="0.7841930" />
    <testcase classname="Dynamo.Tests.ListAtLevelTests" name="TestUseListStructure1" time="0.7815480" />
    <testcase classname="Dynamo.Tests.ListAtLevelTests" name="TestUseListStructure2" time="0.8749840" />
    <testcase classname="Dynamo.Tests.ListAtLevelTests" name="TestUseListStructure3" time="0.9060990" />
    <testcase classname="Dynamo.Tests.ListAtLevelTests" name="TestUseListStructureAndLacing1" time="0.8306640" />
    <testcase classname="Dynamo.Tests.ListAtLevelTests" name="TestUseListStructureAndLacing2" time="0.7618000" />
    <testcase classname="Dynamo.Tests.MessageLogTests" name="MultiThreadWarnings" time="0.8835220" />
    <testcase classname="Dynamo.Tests.MessageLogTests" name="TestInfoMessageLog" time="0.8004480" />
    <testcase classname="Dynamo.Tests.MessageLogTests" name="TestWarningMessageLog" time="1.3241650" />
    <testcase classname="Dynamo.Tests.MigrationManagerTests" name="CreateFunctionNodeFrom00" time="0.0006300" />
    <testcase classname="Dynamo.Tests.MigrationManagerTests" name="CreateFunctionNodeFrom01" time="0.0004360" />
    <testcase classname="Dynamo.Tests.MigrationManagerTests" name="CreateFunctionNodeFrom02" time="0.0002599" />
    <testcase classname="Dynamo.Tests.MigrationManagerTests" name="CreateFunctionNodeFrom03" time="0.0002030" />
    <testcase classname="Dynamo.Tests.MigrationManagerTests" name="CreateFunctionNodeFrom04" time="0.0001730" />
    <testcase classname="Dynamo.Tests.MigrationManagerTests" name="CreateFunctionNodeFrom05" time="0.0003620" />
    <testcase classname="Dynamo.Tests.MigrationManagerTests" name="CreateFunctionNodeFrom06" time="0.0001480" />
    <testcase classname="Dynamo.Tests.MigrationManagerTests" name="CreateFunctionNodeFrom07" time="0.0001840" />
    <testcase classname="Dynamo.Tests.MigrationManagerTests" name="CreateVarArgFunctionNodeFrom00" time="0.0001860" />
    <testcase classname="Dynamo.Tests.MigrationManagerTests" name="CreateVarArgFunctionNodeFrom01" time="0.0003450" />
    <testcase classname="Dynamo.Tests.MigrationManagerTests" name="CreateVarArgFunctionNodeFrom02" time="0.0002210" />
    <testcase classname="Dynamo.Tests.MigrationManagerTests" name="CreateVarArgFunctionNodeFrom03" time="0.0002050" />
    <testcase classname="Dynamo.Tests.MigrationManagerTests" name="NodeMigrationData00" time="0.0001110" />
    <testcase classname="Dynamo.Tests.MigrationManagerTests" name="NodeMigrationData01" time="0.0001540" />
    <testcase classname="Dynamo.Tests.MigrationManagerTests" name="TestCreateCodeBlockNodeFrom00" time="0.0001880" />
    <testcase classname="Dynamo.Tests.MigrationManagerTests" name="TestCreateCodeBlockNodeFrom01" time="0.0001990" />
    <testcase classname="Dynamo.Tests.MigrationManagerTests" name="TestCreateDummyNode00" time="0.0001850" />
    <testcase classname="Dynamo.Tests.MigrationManagerTests" name="TestCreateDummyNode01" time="0.0001680" />
    <testcase classname="Dynamo.Tests.MigrationManagerTests" name="TestCreateDummyNode02" time="0.0002890" />
    <testcase classname="Dynamo.Tests.MigrationManagerTests" name="TestCreateDummyNode03" time="0.0006810" />
    <testcase classname="Dynamo.Tests.MigrationManagerTests" name="TestCreateMissingNode00" time="0.0004780" />
    <testcase classname="Dynamo.Tests.MigrationManagerTests" name="TestExtractFileIndex00" time="0.0004900" />
    <testcase classname="Dynamo.Tests.MigrationManagerTests" name="TestExtractFileIndex01" time="0.0003070" />
    <testcase classname="Dynamo.Tests.MigrationManagerTests" name="TestExtractFileIndex02" time="0.0002760" />
    <testcase classname="Dynamo.Tests.MigrationManagerTests" name="TestExtractFileIndex03" time="0.0002630" />
    <testcase classname="Dynamo.Tests.MigrationManagerTests" name="TestExtractFileIndex04" time="0.0003970" />
    <testcase classname="Dynamo.Tests.MigrationManagerTests" name="TestExtractFileIndex05" time="0.0001460" />
    <testcase classname="Dynamo.Tests.MigrationManagerTests" name="TestGetBackupFolder00" time="0.0004200" />
    <testcase classname="Dynamo.Tests.MigrationManagerTests" name="TestGetBackupFolder01" time="0.0002720" />
    <testcase classname="Dynamo.Tests.MigrationManagerTests" name="TestGetBackupFolder02" time="0.0002640" />
    <testcase classname="Dynamo.Tests.MigrationManagerTests" name="TestGetBackupFolder03" time="0.0002540" />
    <testcase classname="Dynamo.Tests.MigrationManagerTests" name="TestGetUniqueIndex00" time="0.0003470" />
    <testcase classname="Dynamo.Tests.MigrationManagerTests" name="TestGetUniqueIndex01" time="0.0001540" />
    <testcase classname="Dynamo.Tests.MigrationManagerTests" name="TestGetUniqueIndex02" time="0.0002350" />
    <testcase classname="Dynamo.Tests.MigrationManagerTests" name="TestShouldMigrateFile" time="0.0002740" />
    <testcase classname="Dynamo.Tests.MigrationManagerTests" name="TestVersionFromString" time="0.0002480" />
    <testcase classname="Dynamo.Tests.Migrations.MigrationReportTests" name="TestWorkspaceMigrationAttribute" time="0.7126479" />
    <testcase classname="Dynamo.Tests.Migrations.MigrationTests" name="TestCreateCodeBlockNodeModelNode" time="0.6264370" />
    <testcase classname="Dynamo.Tests.Migrations.MigrationTests" name="TestCreateConnector" time="0.6306969" />
    <testcase classname="Dynamo.Tests.Migrations.MigrationTests" name="TestCreateConnector2" time="0.6977240" />
    <testcase classname="Dynamo.Tests.Migrations.MigrationTests" name="TestCreateConnectorFromId" time="0.7203119" />
    <testcase classname="Dynamo.Tests.Migrations.MigrationTests" name="TestCreateCustomNodeFrom" time="0.6726860" />
    <testcase classname="Dynamo.Tests.Migrations.MigrationTests" name="TestCreateFunctionNode" time="0.6323450" />
    <testcase classname="Dynamo.Tests.Migrations.MigrationTests" name="TestCreateNode" time="0.6038470" />
    <testcase classname="Dynamo.Tests.Migrations.MigrationTests" name="TestCreateVarArgFunctionNode" time="0.6602570" />
    <testcase classname="Dynamo.Tests.Migrations.MigrationTests" name="TestFindConnector" time="0.6715980" />
    <testcase classname="Dynamo.Tests.Migrations.MigrationTests" name="TestFindConnectors" time="0.7487859" />
    <testcase classname="Dynamo.Tests.Migrations.MigrationTests" name="TestFindFirstConnector" time="0.6606910" />
    <testcase classname="Dynamo.Tests.Migrations.MigrationTests" name="TestInternalMigration" time="0.6469279" />
    <testcase classname="Dynamo.Tests.Migrations.MigrationTests" name="TestReconnectToPort" time="0.7450050" />
    <testcase classname="Dynamo.Tests.Migrations.MigrationTests" name="TestRemoveFirstConnector" time="0.7872080" />
    <testcase classname="Dynamo.Tests.Migrations.MigrationTests" name="TestWorkspaceMigrationAttribute" time="0.7220720" />
    <testcase classname="Dynamo.Tests.Migrations.WorkspaceMigrationsTests" name="TestWorkspaceMigrations" time="0.8522030" />
    <testcase classname="Dynamo.Tests.Models.NodeModelWarningsTest" name="CombinedBuildAndRuntimeWarnings" time="1.1393780" />
    <testcase classname="Dynamo.Tests.Models.NodeModelWarningsTest" name="KeepTransitionBetweenWarningTypes" time="1.0250450" />
    <testcase classname="Dynamo.Tests.Models.NodeModelWarningsTest" name="TestWarningsOnNodeModel" time="1.4209290" />
    <testcase classname="Dynamo.Tests.ModelsTest.CreateAndConnectNodeCommandTest" name="CreateAndConnectNodeCommand_ExecuteCore" time="0.9636310" />
    <testcase classname="Dynamo.Tests.ModelsTest.CreateCustomNodeCommandTest" name="CreateAnnotationCommand_Constructor" time="0.0011700" />
    <testcase classname="Dynamo.Tests.ModelsTest.CreateCustomNodeCommandTest" name="CreateCustomNodeCommand_Constructor" time="0.0002640" />
    <testcase classname="Dynamo.Tests.ModelsTest.CreateNodeCommandTest" name="CreateNodeCommand_ExecuteCore" time="1.0634820" />
    <testcase classname="Dynamo.Tests.ModelsTest.CreateNodeCommandTest" name="CreateNodeCommandXML_ExecuteCore" time="1.0482610" />
    <testcase classname="Dynamo.Tests.ModelsTest.CreateNoteCommandTest" name="CreateNoteCommand_Constructor" time="0.0007020" />
    <testcase classname="Dynamo.Tests.ModelsTest.CreateProxyNodeCommandTest" name="CreateProxyNodeCommand_Constructor" time="0.9654960" />
    <testcase classname="Dynamo.Tests.ModelsTest.CreateProxyNodeCommandTest" name="CreateProxyNodeCommand_SerializeDeserializeCore" time="1.0002210" />
    <testcase classname="Dynamo.Tests.ModelsTest.DynamoModelCommandsTest" name="BeginDuplicateConnectionTest" time="1.1453910" />
    <testcase classname="Dynamo.Tests.ModelsTest.DynamoModelCommandsTest" name="CreateAndConnectNodeImplTest" time="1.0561720" />
    <testcase classname="Dynamo.Tests.ModelsTest.DynamoModelCommandsTest" name="CreatePresetStateImplTest" time="0.7577830" />
    <testcase classname="Dynamo.Tests.ModelsTest.DynamoModelCommandsTest" name="ForceRunCancelImplTest" time="0.7171230" />
    <testcase classname="Dynamo.Tests.ModelsTest.DynamoModelCommandsTest" name="GetNodeFromCommand_DuplicatedGuidsTest" time="0.7679450" />
    <testcase classname="Dynamo.Tests.ModelsTest.DynamoModelCommandsTest" name="GetNodeFromCommand_XMLTest" time="0.7589850" />
    <testcase classname="Dynamo.Tests.ModelsTest.DynamoModelCommandsTest" name="GetNodeFromCommandTest" time="0.6680520" />
    <testcase classname="Dynamo.Tests.ModelsTest.DynamoModelCommandsTest" name="SelectModelImplShouldNotCrashTest" time="0.6639520" />
    <testcase classname="Dynamo.Tests.ModelsTest.DynamoModelCommandsTest" name="SelectModelImplTest" time="0.6743130" />
    <testcase classname="Dynamo.Tests.ModelsTest.DynamoModelCommandsTest" name="UngroupGrouplImplTest" time="0.6046960" />
    <testcase classname="Dynamo.Tests.ModelsTest.DynamoModelEventArgsTest" name="TestDynamoModelUpdateArgs" time="0.6643440" />
    <testcase classname="Dynamo.Tests.ModelsTest.DynamoModelEventArgsTest" name="TestModelEventArgs" time="0.6572280" />
    <testcase classname="Dynamo.Tests.ModelsTest.DynamoModelEventArgsTest" name="TestPresetsNamePromptEventArgs" time="0.6524680" />
    <testcase classname="Dynamo.Tests.ModelsTest.DynamoModelEventArgsTest" name="TestTaskDialogEventArgs" time="0.6436360" />
    <testcase classname="Dynamo.Tests.ModelsTest.DynamoModelEventArgsTest" name="TestViewOperationEventArgs" time="0.6760520" />
    <testcase classname="Dynamo.Tests.ModelsTest.DynamoModelEventArgsTest" name="TestWorkspaceEventArgs" time="0.6606310" />
    <testcase classname="Dynamo.Tests.ModelsTest.DynamoModelEventArgsTest" name="TestZoomEventArgs" time="0.7180540" />
    <testcase classname="Dynamo.Tests.ModelsTest.DynamoModelEventsTest" name="TestOnDeletionComplete" time="0.8845340" />
    <testcase classname="Dynamo.Tests.ModelsTest.DynamoModelEventsTest" name="TestOnDeletionStarted" time="0.7135140" />
    <testcase classname="Dynamo.Tests.ModelsTest.DynamoModelEventsTest" name="TestOnRefreshCompleted" time="0.7771400" />
    <testcase classname="Dynamo.Tests.ModelsTest.DynamoModelEventsTest" name="TestOnRequestBugReport" time="0.7691150" />
    <testcase classname="Dynamo.Tests.ModelsTest.DynamoModelEventsTest" name="TestOnRequestCancelActiveStateForNode" time="0.7535610" />
    <testcase classname="Dynamo.Tests.ModelsTest.DynamoModelEventsTest" name="TestOnRequestDispatcherBeginInvoke" time="0.6342449" />
    <testcase classname="Dynamo.Tests.ModelsTest.DynamoModelEventsTest" name="TestOnRequestDownloadDynamo" time="0.5805300" />
    <testcase classname="Dynamo.Tests.ModelsTest.DynamoModelEventsTest" name="TestOnRequestLayoutUpdate" time="0.6739810" />
    <testcase classname="Dynamo.Tests.ModelsTest.DynamoModelEventsTest" name="TestOnRequestsCrashPrompt" time="0.6410550" />
    <testcase classname="Dynamo.Tests.ModelsTest.DynamoModelEventsTest" name="TestOnRequestSelect" time="0.5970770" />
    <testcase classname="Dynamo.Tests.ModelsTest.DynamoModelEventsTest" name="TestOnRequestsRedraw" time="0.6888210" />
    <testcase classname="Dynamo.Tests.ModelsTest.DynamoModelEventsTest" name="TestOnRequestTaskDialog" time="0.7630530" />
    <testcase classname="Dynamo.Tests.ModelsTest.DynamoModelEventsTest" name="TestOnRunCompleted" time="0.6773240" />
    <testcase classname="Dynamo.Tests.ModelsTest.DynamoModelEventsTest" name="TestOnWorkspaceClearing" time="0.6226690" />
    <testcase classname="Dynamo.Tests.ModelsTest.DynamoModelEventsTest" name="TestOnWorkspaceClearingStarted" time="0.7242060" />
    <testcase classname="Dynamo.Tests.ModelsTest.DynamoModelEventsTest" name="TestOnWorkspaceRemoveStarted" time="0.7892479" />
    <testcase classname="Dynamo.Tests.ModelsTest.ForceRunCancelCommandTest" name="ForceRunCancelCommand_DeserializeCoreTest" time="0.8494980" />
    <testcase classname="Dynamo.Tests.ModelsTest.GroupModelCommandTests" name="AddModelToGroupCommand_Constructors" time="0.7377180" />
    <testcase classname="Dynamo.Tests.ModelsTest.GroupModelCommandTests" name="UngroupModelCommand_Constructors" time="0.7821650" />
    <testcase classname="Dynamo.Tests.ModelsTest.ModelEventCommandTest" name="ModelEventCommand_Constructor" time="0.6003690" />
    <testcase classname="Dynamo.Tests.ModelsTest.MutateTestCommandTest" name="MutateTestCommand_DeserializeCoreTest" time="0.6381650" />
    <testcase classname="Dynamo.Tests.ModelsTest.OpenFileCommandTest" name="TestInsertAnnotations" time="0.6462430" />
    <testcase classname="Dynamo.Tests.ModelsTest.OpenFileCommandTest" name="TestInsertNodesCount" time="0.5879380" />
    <testcase classname="Dynamo.Tests.ModelsTest.OpenFileCommandTest" name="TestInsertNotes" time="0.6221630" />
    <testcase classname="Dynamo.Tests.ModelsTest.OpenFileCommandTest" name="TestTryFindFile" time="0.6007420" />
    <testcase classname="Dynamo.Tests.ModelsTest.OpenFileCommandTest" name="TestTryFindFileUri" time="0.6226900" />
    <testcase classname="Dynamo.Tests.ModelsTest.OpenFileCommandTest" name="TestTryInsertFile" time="0.6698840" />
    <testcase classname="Dynamo.Tests.ModelsTest.OpenFileFromJsonCommandTest" name="RunOpenFileFromJsonCommandTest" time="0.9155050" />
    <testcase classname="Dynamo.Tests.ModelsTest.PausePlaybackCommandTest" name="TestExecuteCore" time="0.8330900" />
    <testcase classname="Dynamo.Tests.ModelsTest.PresetCommandTests" name="AddPresetCommand_DeserializeCore" time="0.8177730" />
    <testcase classname="Dynamo.Tests.ModelsTest.PresetCommandTests" name="ApplyPresetCommand_ExecuteCore" time="0.7279130" />
    <testcase classname="Dynamo.Tests.ModelsTest.RecordableCommandsTest" name="TestRecordableCommand" time="0.0011030" />
    <testcase classname="Dynamo.Tests.ModelsTest.RecordableCommandsTest" name="TestRecordableCommandDeserialize" time="0.0018000" />
    <testcase classname="Dynamo.Tests.ModelsTest.RunSettingsTest" name="RunSettingsConstructorTest" time="0.0002460" />
    <testcase classname="Dynamo.Tests.ModelsTest.SelectModelCommandTest" name="SelectModelCommand_Constructor" time="0.6001370" />
    <testcase classname="Dynamo.Tests.ModelsTest.UndoRedoCommandTest" name="UndoRedoCommandTest_TrackAnalytics" time="0.0003040" />
    <testcase classname="Dynamo.Tests.ModelsTest.UpdateModelValueCommandTest" name="UpdateModelValueCommand_Constructor" time="0.5678670" />
    <testcase classname="Dynamo.Tests.MultiOutputNodeTest" name="TestSingleOutputNode" time="0.6191910" />
    <testcase classname="Dynamo.Tests.NodeAttributesTests" name="DoNotLoadOnPlatformsAttributeConstructorTest" time="0.0002860" />
    <testcase classname="Dynamo.Tests.NodeAttributesTests" name="InPortNamesAttributeConstructorTest" time="0.0039090" />
    <testcase classname="Dynamo.Tests.NodeAttributesTests" name="InPortTypesAttributeConstructorTest" time="0.0002560" />
    <testcase classname="Dynamo.Tests.NodeAttributesTests" name="NodeDescriptionAttributeConstructorTest" time="0.0003140" />
    <testcase classname="Dynamo.Tests.NodeAttributesTests" name="NodeObsoleteAttributeConstructorTest" time="0.0002480" />
    <testcase classname="Dynamo.Tests.NodeAttributesTests" name="NodeSearchTagsAttributeConstructorTest" time="0.0001700" />
    <testcase classname="Dynamo.Tests.NodeAttributesTests" name="OutPortNamesAttributeConstructorTest" time="0.0001630" />
    <testcase classname="Dynamo.Tests.NodeAttributesTests" name="OutPortTypesAttributeConstructorTest" time="0.0001420" />
    <testcase classname="Dynamo.Tests.NodeExecutionTest" name="Check_ConnectingFrozenStartNodeUpdatesEndNodeState" time="0.6419589" />
    <testcase classname="Dynamo.Tests.NodeExecutionTest" name="DisConnectANodeRecomputesFrozenNodes_Defect9218" time="0.8289850" />
    <testcase classname="Dynamo.Tests.NodeExecutionTest" name="File_open_with_all_nodes_Frozen" time="0.7616090" />
    <testcase classname="Dynamo.Tests.NodeExecutionTest" name="File_open_with_freezeNodes_test" time="0.7558210" />
    <testcase classname="Dynamo.Tests.NodeExecutionTest" name="Freeze_ANode_Test" time="0.7884210" />
    <testcase classname="Dynamo.Tests.NodeExecutionTest" name="Freeze_Geometry_Test" time="0.6984310" />
    <testcase classname="Dynamo.Tests.NodeExecutionTest" name="Freeze_Test_On_WatchNode" time="0.6634820" />
    <testcase classname="Dynamo.Tests.NodeExecutionTest" name="LoadGraphWithFreezeNodes_Defect9274" time="0.7674160" />
    <testcase classname="Dynamo.Tests.NodeExecutionTest" name="Node_AttachedTThatHasParents_ShouldNotUnfreeze_UntilAllParentsUnfreeze_Test" time="0.7214030" />
    <testcase classname="Dynamo.Tests.NodeExecutionTest" name="ParentNode_Enters_TemporaryState_Test" time="0.7303510" />
    <testcase classname="Dynamo.Tests.NodeExecutionTest" name="ParentNode_Freeze_Test" time="0.6952270" />
    <testcase classname="Dynamo.Tests.NodeExecutionTest" name="Undo_Freeze_OnParentNode_Test" time="0.8564180" />
    <testcase classname="Dynamo.Tests.NodeExecutionTest" name="Unfreeze_ParentNode_MakesATemporaryStateNode_SwitchBackToPreviousState_Test" time="0.9057160" />
    <testcase classname="Dynamo.Tests.NodeExecutionTest" name="UnFreeze_ParentNode_UnfreezesChildNodes_Test" time="0.8905810" />
    <testcase classname="Dynamo.Tests.NodeMigrationTests" name="LibraryTestExcelRead" time="1.0188850" />
    <testcase classname="Dynamo.Tests.NodeMigrationTests" name="LibraryTestPythonScript" time="1.0857510" />
    <testcase classname="Dynamo.Tests.NodeMigrationTests" name="Test2Pi" time="0.9623780" />
    <testcase classname="Dynamo.Tests.NodeMigrationTests" name="TestAdd" time="0.9478170" />
    <testcase classname="Dynamo.Tests.NodeMigrationTests" name="TestAddToList" time="1.0756360" />
    <testcase classname="Dynamo.Tests.NodeMigrationTests" name="TestAnd" time="1.0301750" />
    <testcase classname="Dynamo.Tests.NodeMigrationTests" name="TestAnd_NumberInput" time="1.1520220" />
    <testcase classname="Dynamo.Tests.NodeMigrationTests" name="TestAverage" time="0.8900920" />
    <testcase classname="Dynamo.Tests.NodeMigrationTests" name="TestCeiling" time="0.8801940" />
    <testcase classname="Dynamo.Tests.NodeMigrationTests" name="TestCompose" time="0.8169210" />
    <testcase classname="Dynamo.Tests.NodeMigrationTests" name="TestCosine" time="0.8481230" />
    <testcase classname="Dynamo.Tests.NodeMigrationTests" name="TestDivide" time="0.9879960" />
    <testcase classname="Dynamo.Tests.NodeMigrationTests" name="TestDropEveryNth" time="0.9663700" />
    <testcase classname="Dynamo.Tests.NodeMigrationTests" name="TestDropEveryNth_ListOfListAsInput" time="1.3326280" />
    <testcase classname="Dynamo.Tests.NodeMigrationTests" name="TestDropFromList" time="1.0190170" />
    <testcase classname="Dynamo.Tests.NodeMigrationTests" name="TestDropFromList_ListOfListAsInput" time="0.8357040" />
    <testcase classname="Dynamo.Tests.NodeMigrationTests" name="TestEmptyList" time="0.8264980" />
    <testcase classname="Dynamo.Tests.NodeMigrationTests" name="TestEqual" time="0.9485250" />
    <testcase classname="Dynamo.Tests.NodeMigrationTests" name="TestEulersNumber" time="0.8400780" />
    <testcase classname="Dynamo.Tests.NodeMigrationTests" name="TestFirstOfList" time="0.9271290" />
    <testcase classname="Dynamo.Tests.NodeMigrationTests" name="TestFirstOfList_NestedList" time="1.0944930" />
    <testcase classname="Dynamo.Tests.NodeMigrationTests" name="TestFloor" time="0.9856060" />
    <testcase classname="Dynamo.Tests.NodeMigrationTests" name="TestFunctionApplyAndCompose" time="1.0794680" />
    <testcase classname="Dynamo.Tests.NodeMigrationTests" name="TestGetFromList" time="1.1068470" />
    <testcase classname="Dynamo.Tests.NodeMigrationTests" name="TestGetFromList_ListOfListAsInput" time="0.9875440" />
    <testcase classname="Dynamo.Tests.NodeMigrationTests" name="TestGreaterThan" time="0.8992110" />
    <testcase classname="Dynamo.Tests.NodeMigrationTests" name="TestGreaterThanOrEqual" time="0.9044680" />
    <testcase classname="Dynamo.Tests.NodeMigrationTests" name="TestIf" time="0.8145310" />
    <testcase classname="Dynamo.Tests.NodeMigrationTests" name="TestInverseCosine" time="0.7550550" />
    <testcase classname="Dynamo.Tests.NodeMigrationTests" name="TestInverseSine" time="0.7438690" />
    <testcase classname="Dynamo.Tests.NodeMigrationTests" name="TestInverseTangent" time="0.8924430" />
    <testcase classname="Dynamo.Tests.NodeMigrationTests" name="TestIsEmptyList" time="1.0106850" />
    <testcase classname="Dynamo.Tests.NodeMigrationTests" name="TestLessThan" time="1.0689780" />
    <testcase classname="Dynamo.Tests.NodeMigrationTests" name="TestLessThanOrEqual" time="1.1370810" />
    <testcase classname="Dynamo.Tests.NodeMigrationTests" name="TestListCreate" time="1.3118790" />
    <testcase classname="Dynamo.Tests.NodeMigrationTests" name="TestListFlatten" time="1.0696560" />
    <testcase classname="Dynamo.Tests.NodeMigrationTests" name="TestListLength" time="0.7989570" />
    <testcase classname="Dynamo.Tests.NodeMigrationTests" name="TestListLength_NestedList" time="0.7449780" />
    <testcase classname="Dynamo.Tests.NodeMigrationTests" name="TestMigration_BuiltIn" time="0.7837590" />
    <testcase classname="Dynamo.Tests.NodeMigrationTests" name="TestMigration_BuiltIns_To_DSBuiltInClass" time="0.8861540" />
    <testcase classname="Dynamo.Tests.NodeMigrationTests" name="TestMigration_ColorRange" time="0.9309990" />
    <testcase classname="Dynamo.Tests.NodeMigrationTests" name="TestMigration_Core_Input" time="0.9835490" />
    <testcase classname="Dynamo.Tests.NodeMigrationTests" name="TestMigration_Core_List" time="0.9273060" />
    <testcase classname="Dynamo.Tests.NodeMigrationTests" name="TestMigration_Core_Scripting" time="0.8463200" />
    <testcase classname="Dynamo.Tests.NodeMigrationTests" name="TestMigration_Core_Strings" time="0.8801140" />
    <testcase classname="Dynamo.Tests.NodeMigrationTests" name="TestMigration_Core_Watch" time="0.7986370" />
    <testcase classname="Dynamo.Tests.NodeMigrationTests" name="TestMigration_Display_ByGeometryColor" time="0.8676300" />
    <testcase classname="Dynamo.Tests.NodeMigrationTests" name="TestMigration_Display_BySurfaceColors" time="1.0499060" />
    <testcase classname="Dynamo.Tests.NodeMigrationTests" name="TestMigration_DSCore_Display_ByGeometryColor" time="1.1016940" />
    <testcase classname="Dynamo.Tests.NodeMigrationTests" name="TestMigration_DSCore_IO_FilePath" time="0.8567050" />
    <testcase classname="Dynamo.Tests.NodeMigrationTests" name="TestMigration_DSCore_Math" time="0.7943610" />
    <testcase classname="Dynamo.Tests.NodeMigrationTests" name="TestMigration_DSCoreNodesUI_to_CoreNodeModels" time="0.7695020" />
    <testcase classname="Dynamo.Tests.NodeMigrationTests" name="TestMigration_Excel" time="0.8654320" />
    <testcase classname="Dynamo.Tests.NodeMigrationTests" name="TestMigration_File_Directory" time="1.3638260" />
    <testcase classname="Dynamo.Tests.NodeMigrationTests" name="TestMigration_FileSystem" time="1.3779960" />
    <testcase classname="Dynamo.Tests.NodeMigrationTests" name="TestMigration_GroupByKey" time="0.9590160" />
    <testcase classname="Dynamo.Tests.NodeMigrationTests" name="TestMigration_GroupByKeyUI" time="1.1306449" />
    <testcase classname="Dynamo.Tests.NodeMigrationTests" name="TestMigration_ImportExportCSV" time="1.1235470" />
    <testcase classname="Dynamo.Tests.NodeMigrationTests" name="TestMigration_InputOutput_Excel" time="1.4422569" />
    <testcase classname="Dynamo.Tests.NodeMigrationTests" name="TestMigration_InputOutput_File" time="1.2490990" />
    <testcase classname="Dynamo.Tests.NodeMigrationTests" name="TestMigration_Logic_Comparison" time="1.0099820" />
    <testcase classname="Dynamo.Tests.NodeMigrationTests" name="TestMigration_Logic_Conditional" time="1.0646750" />
    <testcase classname="Dynamo.Tests.NodeMigrationTests" name="TestMigration_Logic_Math" time="1.1733450" />
    <testcase classname="Dynamo.Tests.NodeMigrationTests" name="TestMigration_SortByKey" time="1.2117389" />
    <testcase classname="Dynamo.Tests.NodeMigrationTests" name="TestMigration_SortByKeyUI" time="1.1467170" />
    <testcase classname="Dynamo.Tests.NodeMigrationTests" name="TestMultiply" time="1.0929570" />
    <testcase classname="Dynamo.Tests.NodeMigrationTests" name="TestNewList" time="1.1330380" />
    <testcase classname="Dynamo.Tests.NodeMigrationTests" name="TestNot" time="1.0479179" />
    <testcase classname="Dynamo.Tests.NodeMigrationTests" name="TestNot_NumberInput" time="1.2711619" />
    <testcase classname="Dynamo.Tests.NodeMigrationTests" name="TestNumberInput" time="1.3490070" />
    <testcase classname="Dynamo.Tests.NodeMigrationTests" name="TestNumberRange" time="2.0658410" />
    <testcase classname="Dynamo.Tests.NodeMigrationTests" name="TestNumberSequence" time="1.8874000" />
    <testcase classname="Dynamo.Tests.NodeMigrationTests" name="TestOr" time="1.0130090" />
    <testcase classname="Dynamo.Tests.NodeMigrationTests" name="TestOr_NumberInput" time="1.7316180" />
    <testcase classname="Dynamo.Tests.NodeMigrationTests" name="TestPackageNodeMigrationForJSONGraphs" time="1.9149840" />
    <testcase classname="Dynamo.Tests.NodeMigrationTests" name="TestPi" time="1.3082750" />
    <testcase classname="Dynamo.Tests.NodeMigrationTests" name="TestPower" time="1.1718830" />
    <testcase classname="Dynamo.Tests.NodeMigrationTests" name="TestRandom" time="1.2093910" />
    <testcase classname="Dynamo.Tests.NodeMigrationTests" name="TestRandomList" time="1.0660970" />
    <testcase classname="Dynamo.Tests.NodeMigrationTests" name="TestRandomSeed" time="1.1436720" />
    <testcase classname="Dynamo.Tests.NodeMigrationTests" name="TestRemoveFromList" time="1.2000460" />
    <testcase classname="Dynamo.Tests.NodeMigrationTests" name="TestRemoveFromList_ListOfListAsInput" time="1.2401720" />
    <testcase classname="Dynamo.Tests.NodeMigrationTests" name="TestRound" time="1.5767070" />
    <testcase classname="Dynamo.Tests.NodeMigrationTests" name="TestShiftListIndices" time="1.8080890" />
    <testcase classname="Dynamo.Tests.NodeMigrationTests" name="TestShiftListIndices_ListOfListAsInput" time="1.0763130" />
    <testcase classname="Dynamo.Tests.NodeMigrationTests" name="TestSine" time="1.1837480" />
    <testcase classname="Dynamo.Tests.NodeMigrationTests" name="TestSort" time="1.3144849" />
    <testcase classname="Dynamo.Tests.NodeMigrationTests" name="TestSortByKey" time="1.0944870" />
    <testcase classname="Dynamo.Tests.NodeMigrationTests" name="TestStringInput" time="1.1897610" />
    <testcase classname="Dynamo.Tests.NodeMigrationTests" name="TestSubtract" time="1.2130520" />
    <testcase classname="Dynamo.Tests.NodeMigrationTests" name="TestTakeEveryNth_ListOfListAsInput" time="1.0446800" />
    <testcase classname="Dynamo.Tests.NodeMigrationTests" name="TestTakeFromList" time="1.1686910" />
    <testcase classname="Dynamo.Tests.NodeMigrationTests" name="TestTakeFromList_ListOfListAsInput" time="1.1260750" />
    <testcase classname="Dynamo.Tests.NodeMigrationTests" name="TestTangent" time="1.0245169" />
    <testcase classname="Dynamo.Tests.NodeMigrationTests" name="TestWriteText" time="1.1682410" />
    <testcase classname="Dynamo.Tests.NodeMigrationTests" name="TestXor" time="1.2093340" />
    <testcase classname="Dynamo.Tests.NodeMigrationTests" name="TestXor_NumberInput" time="1.0633020" />
    <testcase classname="Dynamo.Tests.NodeMigrationTests" name="TestXyPlane" time="1.3049110" />
    <testcase classname="Dynamo.Tests.NodeMigrationTests" name="TestXzPlane" time="1.2055180" />
    <testcase classname="Dynamo.Tests.NodeMigrationTests" name="TestYzPlane" time="1.4952240" />
    <testcase classname="Dynamo.Tests.NodeMigrationTests" name="TestZTNodeMigrationJSON_WithDifferentMethodNameAndParams" time="1.8013670" />
    <testcase classname="Dynamo.Tests.NodeModelMigrationTests" name="MigrateToDsFunctionNoAssemblyTest" time="1.3053650" />
    <testcase classname="Dynamo.Tests.NodeModelMigrationTests" name="MigrateToDsFunctionWithAssemblyTest" time="1.5303240" />
    <testcase classname="Dynamo.Tests.NodeModelMigrationTests" name="MigrateToDsVarArgFunctionTest" time="1.5643689" />
    <testcase classname="Dynamo.Tests.NodeModelTests" name="CategoryTest" time="0.9251180" />
    <testcase classname="Dynamo.Tests.NodeModelTests" name="CreationNameTest" time="0.8789010" />
    <testcase classname="Dynamo.Tests.NodeModelTests" name="DictionaryLinkTest" time="0.9039080" />
    <testcase classname="Dynamo.Tests.NodeModelTests" name="SelectDownstreamAndUpstreamNeighborsTest" time="1.1783840" />
    <testcase classname="Dynamo.Tests.NodeModelTests" name="SelectDownstreamNeighborsTest" time="0.9602520" />
    <testcase classname="Dynamo.Tests.NodeModelTests" name="SelectNeighborsTest" time="0.8998530" />
    <testcase classname="Dynamo.Tests.NodeModelTests" name="SelectUpstreamNeighborsTest" time="1.0113600" />
    <testcase classname="Dynamo.Tests.NodeModelTests" name="UpdateValueCoreTest" time="0.9347030" />
    <testcase classname="Dynamo.Tests.Nodes.CustomDropDownTests" name="OpenJsonDYNWithCorrectMenuItems" time="1.0602870" />
    <testcase classname="Dynamo.Tests.Nodes.CustomDropDownTests" name="OpenJsonDYNWithCorrectSelectedItem" time="1.0670059" />
    <testcase classname="Dynamo.Tests.Nodes.CustomDropDownTests" name="UpdateDropdownValue" time="0.9023760" />
    <testcase classname="Dynamo.Tests.Nodes.DictionaryTests" name="Dictionary_ListOfValues_ReturnedAsExpected" time="1.0096870" />
    <testcase classname="Dynamo.Tests.Nodes.DictionaryTests" name="DictionaryToString" time="1.0156070" />
    <testcase classname="Dynamo.Tests.Nodes.DictionaryTests" name="EmptyDictionaryToString" time="0.9998450" />
    <testcase classname="Dynamo.Tests.Nodes.DictionaryTests" name="TestPassingArbitraryDictionary" time="1.0357060" />
    <testcase classname="Dynamo.Tests.Nodes.DictionaryTests" name="TestPassingNestedDictionary" time="0.9417750" />
    <testcase classname="Dynamo.Tests.Nodes.DictionaryTests" name="TestPassingTypeInDictionary" time="1.0111510" />
    <testcase classname="Dynamo.Tests.Nodes.DropDownTests" name="GetSelectedStringFromItemShouldReturnString" time="1.1105070" />
    <testcase classname="Dynamo.Tests.Nodes.DropDownTests" name="Load_NothingSelected" time="1.1298919" />
    <testcase classname="Dynamo.Tests.Nodes.DropDownTests" name="Load_Selection" time="1.2580080" />
    <testcase classname="Dynamo.Tests.Nodes.DropDownTests" name="Load_SelectionIndexNoNameMatch" time="0.7928790" />
    <testcase classname="Dynamo.Tests.Nodes.DropDownTests" name="Load_SelectionIndexOnly" time="0.8110170" />
    <testcase classname="Dynamo.Tests.Nodes.DropDownTests" name="Load_SelectionIndexOutOfRange" time="0.8434750" />
    <testcase classname="Dynamo.Tests.Nodes.DropDownTests" name="Load_SelectionIndexSpecialCharMatch" time="0.9061160" />
    <testcase classname="Dynamo.Tests.Nodes.DropDownTests" name="Load_SelectionIndexSpecialCharMatch2" time="1.0784870" />
    <testcase classname="Dynamo.Tests.Nodes.DropDownTests" name="Load_SelectionIndexSpecialCharNoMatch" time="0.9602130" />
    <testcase classname="Dynamo.Tests.Nodes.DropDownTests" name="OpenJsonDYNwithSelectionNode" time="0.9805740" />
    <testcase classname="Dynamo.Tests.Nodes.DropDownTests" name="OpenJsonDYNwithSelectionNodeAndWrongSelectionIndexSerialized" time="0.8601450" />
    <testcase classname="Dynamo.Tests.Nodes.DropDownTests" name="PopulateItemsShouldNotChangeSelectedIndex" time="0.9711180" />
    <testcase classname="Dynamo.Tests.Nodes.DropDownTests" name="Save_NothingInList" time="0.8722480" />
    <testcase classname="Dynamo.Tests.Nodes.DropDownTests" name="Save_NothingSelected" time="0.7536960" />
    <testcase classname="Dynamo.Tests.Nodes.DropDownTests" name="Save_SelectedIndex" time="0.8285260" />
    <testcase classname="Dynamo.Tests.Nodes.DropDownTests" name="Save_SelectedIndexWithSpecialChar" time="0.9564460" />
    <testcase classname="Dynamo.Tests.NodeToCodeTest" name="ArrayIndexingInCodeBlockToCode" time="1.1034260" />
    <testcase classname="Dynamo.Tests.NodeToCodeTest" name="DictIndexingInCodeBlockToCode" time="0.9407900" />
    <testcase classname="Dynamo.Tests.NodeToCodeTest" name="NestedIndexingInCodeBlockToCode1" time="0.9574560" />
    <testcase classname="Dynamo.Tests.NodeToCodeTest" name="NestedIndexingInCodeBlockToCode2" time="1.0587500" />
    <testcase classname="Dynamo.Tests.NodeToCodeTest" name="StringIndexingInCodeBlockToCode" time="0.9865370" />
    <testcase classname="Dynamo.Tests.NodeToCodeTest" name="TestBasicNode2CodeWorkFlow1" time="1.0966419" />
    <testcase classname="Dynamo.Tests.NodeToCodeTest" name="TestBasicNode2CodeWorkFlow2" time="1.1368259" />
    <testcase classname="Dynamo.Tests.NodeToCodeTest" name="TestBasicNode2CodeWorkFlow3" time="1.1853370" />
    <testcase classname="Dynamo.Tests.NodeToCodeTest" name="TestBasicNode2CodeWorkFlow4" time="1.0423940" />
    <testcase classname="Dynamo.Tests.NodeToCodeTest" name="TestDirectoryToCode" time="1.1306230" />
    <testcase classname="Dynamo.Tests.NodeToCodeTest" name="TestDoubleValueInDifferentCulture" time="1.0864720" />
    <testcase classname="Dynamo.Tests.NodeToCodeTest" name="TestFilePathToCode" time="0.9671060" />
    <testcase classname="Dynamo.Tests.NodeToCodeTest" name="TestMultioutputNode" time="1.3423820" />
    <testcase classname="Dynamo.Tests.NodeToCodeTest" name="TestNameProvider" time="1.2628260" />
    <testcase classname="Dynamo.Tests.NodeToCodeTest" name="TestNodeToCodeStringInputEscaping" time="1.4871160" />
    <testcase classname="Dynamo.Tests.NodeToCodeTest" name="TestNodeToCodeUndo1" time="1.1909620" />
    <testcase classname="Dynamo.Tests.NodeToCodeTest" name="TestNodeToCodeUndo2" time="1.1964379" />
    <testcase classname="Dynamo.Tests.NodeToCodeTest" name="TestNodeToCodeUndoRecorder" time="1.0627260" />
    <testcase classname="Dynamo.Tests.NodeToCodeTest" name="TestNodeToCodeWithBuiltInAddMethod" time="1.1574530" />
    <testcase classname="Dynamo.Tests.NodeToCodeTest" name="TestNodeToCodeWithPropertyInCodeBlock" time="1.1422680" />
    <testcase classname="Dynamo.Tests.NodeToCodeTest" name="TestNodeWithVarArgument" time="1.4407319" />
    <testcase classname="Dynamo.Tests.NodeToCodeTest" name="TestParitition1" time="1.3891090" />
    <testcase classname="Dynamo.Tests.NodeToCodeTest" name="TestParitition2" time="1.0154490" />
    <testcase classname="Dynamo.Tests.NodeToCodeTest" name="TestParitition3" time="0.9759750" />
    <testcase classname="Dynamo.Tests.NodeToCodeTest" name="TestParitition4" time="0.9851640" />
    <testcase classname="Dynamo.Tests.NodeToCodeTest" name="TestParitition5" time="1.1437690" />
    <testcase classname="Dynamo.Tests.NodeToCodeTest" name="TestPropertyToStaticPropertyInvocation" time="1.3957290" />
    <testcase classname="Dynamo.Tests.NodeToCodeTest" name="TestPropertyWontBeReplaced1" time="1.3272020" />
    <testcase classname="Dynamo.Tests.NodeToCodeTest" name="TestPropertyWontBeReplaced2" time="1.7245390" />
    <testcase classname="Dynamo.Tests.NodeToCodeTest" name="TestShortestQualifiedNameReplacer1" time="1.6055550" />
    <testcase classname="Dynamo.Tests.NodeToCodeTest" name="TestShortestQualifiedNameReplacer2" time="1.7304810" />
    <testcase classname="Dynamo.Tests.NodeToCodeTest" name="TestShortestQualifiedNameReplacer3" time="1.7642590" />
    <testcase classname="Dynamo.Tests.NodeToCodeTest" name="TestShortestQualifiedNameReplacer4" time="1.3509410" />
    <testcase classname="Dynamo.Tests.NodeToCodeTest" name="TestShortestQualifiedNameReplacer5" time="1.4220219" />
    <testcase classname="Dynamo.Tests.NodeToCodeTest" name="TestShortestQualifiedNameReplacer6" time="0.9055490" />
    <testcase classname="Dynamo.Tests.NodeToCodeTest" name="TestShortestQualifiedNameReplacer7" time="1.4479020" />
    <testcase classname="Dynamo.Tests.NodeToCodeTest" name="TestShortestQualifiedNameReplacerTypedIdentifer" time="1.3521600" />
    <testcase classname="Dynamo.Tests.NodeToCodeTest" name="TestShortestQualifiedNameReplacerTypedIdentifer_WithConflict" time="1.3237110" />
    <testcase classname="Dynamo.Tests.NodeToCodeTest" name="TestShortestQualifiedNameReplacerTypedIdentiferFFITarget" time="1.2251700" />
    <testcase classname="Dynamo.Tests.NodeToCodeTest" name="TestShortestQualifiedNameReplacerWithClassConflicts" time="1.4250870" />
    <testcase classname="Dynamo.Tests.NodeToCodeTest" name="TestShortestQualifiedNameReplacerWithConflictingClass" time="1.4675130" />
    <testcase classname="Dynamo.Tests.NodeToCodeTest" name="TestShortestQualifiedNameReplacerWithDefaultArgument" time="1.3295930" />
    <testcase classname="Dynamo.Tests.NodeToCodeTest" name="TestShortestQualifiedNameReplacerWithDefaultArgument2" time="1.2759410" />
    <testcase classname="Dynamo.Tests.NodeToCodeTest" name="TestShortestQualifiedNameReplacerWithFFITargetListClass" time="1.4650270" />
    <testcase classname="Dynamo.Tests.NodeToCodeTest" name="TestShortestQualifiedNameReplacerWithGlobalClass" time="1.6158060" />
    <testcase classname="Dynamo.Tests.NodeToCodeTest" name="TestShortestQualifiedNameReplacerWithStaticProperty" time="1.8862680" />
    <testcase classname="Dynamo.Tests.NodeToCodeTest" name="TestShortestQualifiedNameReplacerWithStaticPropertyInDefaultArgument" time="1.8945870" />
    <testcase classname="Dynamo.Tests.NodeToCodeTest" name="TestShortName1" time="1.4947500" />
    <testcase classname="Dynamo.Tests.NodeToCodeTest" name="TestTemporaryVariableRenaming1" time="1.0172480" />
    <testcase classname="Dynamo.Tests.NodeToCodeTest" name="TestTemporaryVariableRenaming2" time="0.9757010" />
    <testcase classname="Dynamo.Tests.NodeToCodeTest" name="TestTemporaryVariableRenaming3" time="0.9890260" />
    <testcase classname="Dynamo.Tests.NodeToCodeTest" name="TestTemporaryVariableRenaming4" time="1.0013200" />
    <testcase classname="Dynamo.Tests.NodeToCodeTest" name="TestUINode_BoolSelector" time="1.1231739" />
    <testcase classname="Dynamo.Tests.NodeToCodeTest" name="TestUINode_CreateList" time="1.0437660" />
    <testcase classname="Dynamo.Tests.NodeToCodeTest" name="TestUINode_IntegerSlider" time="0.9531530" />
    <testcase classname="Dynamo.Tests.NodeToCodeTest" name="TestUINode_NumberRange" time="0.9652790" />
    <testcase classname="Dynamo.Tests.NodeToCodeTest" name="TestUINode_NumberSequence" time="1.1065580" />
    <testcase classname="Dynamo.Tests.NodeToCodeTest" name="TestUINode_NumberSlider" time="0.9132940" />
    <testcase classname="Dynamo.Tests.NodeToCodeTest" name="TestUINode_String" time="1.0317940" />
    <testcase classname="Dynamo.Tests.NodeToCodeTest" name="TestUsingTypeDependentVariableName01" time="1.0826340" />
    <testcase classname="Dynamo.Tests.NodeToCodeTest" name="TestUsingTypeDependentVariableName02" time="1.0537020" />
    <testcase classname="Dynamo.Tests.NodeToCodeTest" name="TestVariableConfliction1" time="1.0645070" />
    <testcase classname="Dynamo.Tests.NodeToCodeTest" name="TestVariableConfliction2" time="1.3354540" />
    <testcase classname="Dynamo.Tests.NodeToCodeTest" name="TestVariableConfliction3" time="1.3596410" />
    <testcase classname="Dynamo.Tests.NodeToCodeTest" name="TestVariableConfliction4" time="1.2611079" />
    <testcase classname="Dynamo.Tests.NodeToCodeTest" name="TestVariableConfliction5" time="1.1257740" />
    <testcase classname="Dynamo.Tests.NodeToCodeTest" name="TestVariableConfliction6" time="1.2460240" />
    <testcase classname="Dynamo.Tests.NodeToCodeTest" name="UniqueNamespace_on_node2code_noConflictWarning" time="1.7319170" />
    <testcase classname="Dynamo.Tests.PackageDependencyTests" name="CustomNodePackageDependencyIsCollected" time="2.7110100" />
    <testcase classname="Dynamo.Tests.PackageDependencyTests" name="DependencyWithTypeLoads" time="1.8643730" />
    <testcase classname="Dynamo.Tests.PackageDependencyTests" name="PackageDependenciesClearedAfterWorkspaceCleared" time="1.7167850" />
    <testcase classname="Dynamo.Tests.PackageDependencyTests" name="PackageDependenciesPreservedWhenPackagesNotLoaded" time="1.9263480" />
    <testcase classname="Dynamo.Tests.PackageDependencyTests" name="PackageDependenciesUpdatedAfterNodeRemoved" time="1.9140960" />
    <testcase classname="Dynamo.Tests.PackageDependencyTests" name="PackageDependenciesUpdatedAfterNodesAdded" time="1.5697390" />
    <testcase classname="Dynamo.Tests.PackageDependencyTests" name="PackageDependenciesUpdatedAfterPackageAndNodeAdded" time="1.4365920" />
    <testcase classname="Dynamo.Tests.PackageDependencyTests" name="PackageDependenciesUpdatedWhenCustomNodeResolvedByNewPackage" time="1.5800000" />
    <testcase classname="Dynamo.Tests.PackageDependencyTests" name="PackageDependencyIsCollectedForNewWorkspace" time="1.5035019" />
    <testcase classname="Dynamo.Tests.PackageDependencyTests" name="PackageDependencyStatechangeTestAfterLoadingPackage" time="1.7525610" />
    <testcase classname="Dynamo.Tests.PackageDependencyTests" name="PythonEnginePackageDependencyIsCollectedAndSerialized" time="2.0524079" />
    <testcase classname="Dynamo.Tests.PackageDependencyTests" name="ZeroTouchPackageDependencyIsCollectedAndSerialized" time="1.4896380" />
    <testcase classname="Dynamo.Tests.PreferenceSettingTests" name="LoadInvalidLocationsFromSetting" time="0.8454450" />
    <testcase classname="Dynamo.Tests.PreferenceSettingTests" name="LoadInvalidPythonTemplateFromSetting" time="0.8500680" />
    <testcase classname="Dynamo.Tests.PreferenceSettingTests" name="RunSettingsDisableAndEnableRun" time="0.8361890" />
    <testcase classname="Dynamo.Tests.PreferenceSettingTests" name="SetPythonTemplateFromConfigWithInvalidPath" time="1.0416350" />
    <testcase classname="Dynamo.Tests.PreferenceSettingTests" name="SetPythonTemplateFromConfigWithValidPath" time="1.0081170" />
    <testcase classname="Dynamo.Tests.PresetsTests" name="AddPresetShouldSetDirtyFlag" time="0.9211120" />
    <testcase classname="Dynamo.Tests.PresetsTests" name="CanAddAndRestoreState" time="1.6264850" />
    <testcase classname="Dynamo.Tests.PresetsTests" name="CanAddPresetState" time="0.9073040" />
    <testcase classname="Dynamo.Tests.PresetsTests" name="CanAddStateAndUndoAndRedo" time="1.0659559" />
    <testcase classname="Dynamo.Tests.PresetsTests" name="CanApplyPresetFromUndoRedoNodes" time="1.6339030" />
    <testcase classname="Dynamo.Tests.PresetsTests" name="CanCreateAndApplyPresetWithUndoRedo" time="0.9903630" />
    <testcase classname="Dynamo.Tests.PresetsTests" name="CanCreateStatesAndSave" time="1.1458910" />
    <testcase classname="Dynamo.Tests.PresetsTests" name="CanDeletePresetState" time="1.4918380" />
    <testcase classname="Dynamo.Tests.PresetsTests" name="CanDeleteStateAndUndoAndRedo" time="1.3273379" />
    <testcase classname="Dynamo.Tests.PresetsTests" name="CanLoadFileWithGoodPresetsObject" time="1.0589200" />
    <testcase classname="Dynamo.Tests.PresetsTests" name="CanLoadFileWithMalformedPresetsObject" time="0.8926600" />
    <testcase classname="Dynamo.Tests.PresetsTests" name="CanLoadFileWithNoPresetsObject" time="0.8446970" />
    <testcase classname="Dynamo.Tests.PresetsTests" name="CanLoadFromDynWithMissingNodes" time="0.8651360" />
    <testcase classname="Dynamo.Tests.PresetsTests" name="CanRestoreStateAndNodesDoNotMove" time="0.9023600" />
    <testcase classname="Dynamo.Tests.PresetsTests" name="CanRestoreStateAndUndo" time="1.7005740" />
    <testcase classname="Dynamo.Tests.PresetsTests" name="CanRestoreStateAndUndoAndRedo" time="2.0017839" />
    <testcase classname="Dynamo.Tests.PresetsTests" name="CanRestoreStateInGraphThatIsMissingNodes" time="0.9261320" />
    <testcase classname="Dynamo.Tests.PresetsTests" name="CanSaveAndLoadStateWithMissingNodesWithoutLosingThem" time="0.0000060" />
    <testcase classname="Dynamo.Tests.PresetsTests" name="CanSavePinState" time="0.7921820" />
    <testcase classname="Dynamo.Tests.PresetsTests" name="CloseWorkspaceShouldClearPresets" time="0.8278270" />
    <testcase classname="Dynamo.Tests.SchedulerTests" name="AsyncTask00" time="0.0006960" />
    <testcase classname="Dynamo.Tests.SchedulerTests" name="TestSchedulerCreationDestruction" time="0.0006720" />
    <testcase classname="Dynamo.Tests.SchedulerTests" name="TestTaskQueuePreProcessing00" time="0.0029400" />
    <testcase classname="Dynamo.Tests.SchedulerTests" name="TestTaskQueuePreProcessing01" time="0.0002680" />
    <testcase classname="Dynamo.Tests.SchedulerTests" name="TestTaskQueuePreProcessing02" time="0.0002440" />
    <testcase classname="Dynamo.Tests.SchedulerTests" name="TestTaskQueuePreProcessing03" time="0.0001480" />
    <testcase classname="Dynamo.Tests.SchedulerTests" name="TestTaskQueuePreProcessing04" time="0.0001340" />
    <testcase classname="Dynamo.Tests.SchedulerTests" name="TestTaskQueuePreProcessing05" time="0.0001260" />
    <testcase classname="Dynamo.Tests.SchedulerTests" name="TestTaskQueuePreProcessing06" time="0.0008710" />
    <testcase classname="Dynamo.Tests.SchedulerTests" name="TestTaskStateChangedEventHandling" time="0.0012830" />
    <testcase classname="Dynamo.Tests.SchedulerTests" name="TimeStampGenerator00" time="0.0002130" />
    <testcase classname="Dynamo.Tests.SchedulerTests" name="TimeStampGenerator01" time="0.0093300" />
    <testcase classname="Dynamo.Tests.SchedulerTests" name="TimeStampGenerator02" time="0.0005230" />
    <testcase classname="Dynamo.Tests.ScopedNodeTest" name="TestScopedNode1" time="0.8407130" />
    <testcase classname="Dynamo.Tests.Search.BrowserInternalElementTest" name="TestItemCollections" time="0.0023340" />
    <testcase classname="Dynamo.Tests.Search.BrowserItemTest" name="TestAddChild" time="0.0006830" />
    <testcase classname="Dynamo.Tests.Search.BrowserItemTest" name="TestCollapseToLeaves" time="0.0007630" />
    <testcase classname="Dynamo.Tests.Search.BrowserItemTest" name="TestOnExecute" time="0.0010690" />
    <testcase classname="Dynamo.Tests.Search.EntryDictionaryTest" name="TestAddItems" time="0.0031180" />
    <testcase classname="Dynamo.Tests.Search.SearchElements.CodeBlockNodeSearchElementTest" name="TestCodeBlockNodeSearchNewNodeModel" time="0.8048210" />
    <testcase classname="Dynamo.Tests.Search.SearchElements.CustomNodeSearchElementTest" name="TestSearchConstructNewNodeModel" time="0.7734070" />
    <testcase classname="Dynamo.Tests.Search.SearchElements.CustomNodeSearchElementTest" name="TestSearchTryLoadDocumentationCustom" time="0.8285800" />
    <testcase classname="Dynamo.Tests.Search.SearchElements.CustomNodeSearchElementTest" name="TestSearchTryLoadDocumentationException" time="0.8663700" />
    <testcase classname="Dynamo.Tests.Search.SearchElements.NodeModelSearchElementTest" name="TestNodeModelSearchElement" time="0.8141610" />
    <testcase classname="Dynamo.Tests.Search.SearchElements.NodeSearchElementTest" name="TestDragDropNodeSearchElement" time="0.7797560" />
    <testcase classname="Dynamo.Tests.Search.SearchElements.NodeSearchElementTest" name="TestNodeSearchElement" time="0.8694970" />
    <testcase classname="Dynamo.Tests.Search.SearchElements.SearchElementBaseTest" name="TestNodeModelSearchElement" time="0.0026300" />
    <testcase classname="Dynamo.Tests.Search.SearchLibraryTest" name="TestSearchGetAllCategoryNames" time="0.0203370" />
    <testcase classname="Dynamo.Tests.Search.SearchLibraryTest" name="TestSearchLibraryOnItemProduced" time="0.0011400" />
    <testcase classname="Dynamo.Tests.Search.SearchLibraryTest" name="TestSearchLibraryUpdate" time="0.0004850" />
    <testcase classname="Dynamo.Tests.SearchModelTests" name="CanAddCustomNodeWithDoublyNestedCategoryValidInput" time="0.9879280" />
    <testcase classname="Dynamo.Tests.SearchModelTests" name="CanAddCustomNodeWithSinglyNestedCategoryValidInput" time="0.9063400" />
    <testcase classname="Dynamo.Tests.SearchModelTests" name="CanDuplicateAddedNodesInBrowser" time="0.8353040" />
    <testcase classname="Dynamo.Tests.SearchModelTests" name="CanDuplicateAddedNodesInSearch" time="1.0612460" />
    <testcase classname="Dynamo.Tests.SearchModelTests" name="CanRefactorCustomNodeDescription" time="1.0004270" />
    <testcase classname="Dynamo.Tests.SearchModelTests" name="CanRefactorCustomNodeName" time="0.9631410" />
    <testcase classname="Dynamo.Tests.SearchModelTests" name="CanRefactorCustomNodeWhilePreservingDuplicates" time="1.0832310" />
    <testcase classname="Dynamo.Tests.SearchModelTests" name="CanRemoveElementCustomNodeByNameWithNestedCategory" time="1.0224009" />
    <testcase classname="Dynamo.Tests.SearchModelTests" name="CanRemoveElementCustomNodeByNameWithSingleCategory" time="1.1184639" />
    <testcase classname="Dynamo.Tests.SearchModelTests" name="CanRemoveNodeAndCategoryByFunctionId" time="1.5172020" />
    <testcase classname="Dynamo.Tests.SearchModelTests" name="CanSplitCategoryNameWithInvalidInput" time="1.0324480" />
    <testcase classname="Dynamo.Tests.SearchModelTests" name="CanSplitCategoryNameWithValidInput" time="0.9609950" />
    <testcase classname="Dynamo.Tests.SearchModelTests" name="CanTryToRemoveElementFromSearchWithNonexistentName" time="1.0535690" />
    <testcase classname="Dynamo.Tests.SearchModelTests" name="DoNotGetResultsWhenNoElementsMatch" time="0.7233520" />
    <testcase classname="Dynamo.Tests.SearchModelTests" name="GetResultsWhenTheresIsPartialMatch" time="0.9123370" />
    <testcase classname="Dynamo.Tests.SearchModelTests" name="ProcessNodeCategoryTests" time="0.9238160" />
    <testcase classname="Dynamo.Tests.SearchModelTests" name="ResultsAreOrderProperlyForPartialMatch" time="0.8467140" />
    <testcase classname="Dynamo.Tests.SearchModelTests" name="SearchingForACategoryReturnsAllItsChildren" time="0.8142650" />
    <testcase classname="Dynamo.Tests.StorageExtensionTests" name="CannotAddSameStorageExtensionTwice" time="0.1751220" />
    <testcase classname="Dynamo.Tests.StorageExtensionTests" name="OnWorkspaceOpenDoesNotAddToWorkspaceExtensionData" time="0.2226480" />
    <testcase classname="Dynamo.Tests.StorageExtensionTests" name="OnWorkspaceOpenDoesNotModifyExistingExtensionDataDictionary" time="0.2395490" />
    <testcase classname="Dynamo.Tests.StorageExtensionTests" name="OnWorkspaceOpenIsCalledWhenWorkspaceIsOpened" time="0.2448210" />
    <testcase classname="Dynamo.Tests.StorageExtensionTests" name="OnWorkspaceSavingAddsToStoredExtensionData" time="0.2543840" />
    <testcase classname="Dynamo.Tests.StorageExtensionTests" name="OnWorkspaceSavingIsCalledWhenWorkspaceIsSaving" time="0.2595500" />
    <testcase classname="Dynamo.Tests.StorageExtensionTests" name="OnWorkspaceSavingModifiesExistingExtensionDataDictionary" time="0.2164740" />
    <testcase classname="Dynamo.Tests.StorageExtensionTests" name="StorageExtensionIsAdded" time="0.2501620" />
    <testcase classname="Dynamo.Tests.StorageExtensionTests" name="StorageExtensionIsRemoveWhenExtensionThatImplementsItIsRemoved" time="0.2862520" />
    <testcase classname="Dynamo.Tests.StringTests" name="StringFormatNodesAreCurrentlyExperimental" time="1.1162470" />
    <testcase classname="Dynamo.Tests.StringTests" name="TestConcatStringEmptyInput" time="0.9748000" />
    <testcase classname="Dynamo.Tests.StringTests" name="TestConcatStringFileInput" time="0.9091920" />
    <testcase classname="Dynamo.Tests.StringTests" name="TestConcatStringFunctionInput" time="0.8628890" />
    <testcase classname="Dynamo.Tests.StringTests" name="TestConcatStringInListMap" time="0.8525870" />
    <testcase classname="Dynamo.Tests.StringTests" name="TestConcatStringInvalidInput" time="1.1630220" />
    <testcase classname="Dynamo.Tests.StringTests" name="TestConcatStringMultipleInput" time="1.2750970" />
    <testcase classname="Dynamo.Tests.StringTests" name="TestConcatStringNormalInput" time="1.0118770" />
    <testcase classname="Dynamo.Tests.StringTests" name="TestJoinStringEmptyInput" time="0.8254240" />
    <testcase classname="Dynamo.Tests.StringTests" name="TestJoinStringFileInput" time="0.8514100" />
    <testcase classname="Dynamo.Tests.StringTests" name="TestJoinStringNormalInput" time="0.8578200" />
    <testcase classname="Dynamo.Tests.StringTests" name="TestJoinStringSingleInput" time="0.7927930" />
    <testcase classname="Dynamo.Tests.StringTests" name="TestLocalizedString" time="0.9358420" />
    <testcase classname="Dynamo.Tests.StringTests" name="TestNumberToStringFunctionInput" time="0.8190050" />
    <testcase classname="Dynamo.Tests.StringTests" name="TestNumberToStringInvalidInput" time="0.9388670" />
    <testcase classname="Dynamo.Tests.StringTests" name="TestNumberToStringNormalInput" time="0.8226760" />
    <testcase classname="Dynamo.Tests.StringTests" name="TestObsoleteStringFunctions" time="0.8639280" />
    <testcase classname="Dynamo.Tests.StringTests" name="TestSplitStringEmptyInput" time="0.8864440" />
    <testcase classname="Dynamo.Tests.StringTests" name="TestSplitStringFileInput" time="0.7907710" />
    <testcase classname="Dynamo.Tests.StringTests" name="TestSplitStringFunctionInput" time="0.7849080" />
    <testcase classname="Dynamo.Tests.StringTests" name="TestSplitStringInvalidInput" time="0.8964250" />
    <testcase classname="Dynamo.Tests.StringTests" name="TestSplitStringMultipleInput" time="1.0272400" />
    <testcase classname="Dynamo.Tests.StringTests" name="TestSplitStringNormalInput" time="1.0115540" />
    <testcase classname="Dynamo.Tests.StringTests" name="TestSTrimWhitespaceMultipleInput" time="0.8193800" />
    <testcase classname="Dynamo.Tests.StringTests" name="TestStringCaseEmptyInput" time="0.9757380" />
    <testcase classname="Dynamo.Tests.StringTests" name="TestStringCaseFileInput" time="0.9400290" />
    <testcase classname="Dynamo.Tests.StringTests" name="TestStringCaseFunctionInput" time="0.9124920" />
    <testcase classname="Dynamo.Tests.StringTests" name="TestStringCaseInvalidInput" time="0.8217610" />
    <testcase classname="Dynamo.Tests.StringTests" name="TestStringCaseNormalInput" time="0.8384920" />
    <testcase classname="Dynamo.Tests.StringTests" name="TestStringContainsEmptyInput" time="0.9416790" />
    <testcase classname="Dynamo.Tests.StringTests" name="TestStringContainsInvalidInput" time="0.9659300" />
    <testcase classname="Dynamo.Tests.StringTests" name="TestStringContainsMultipleInput" time="0.9877400" />
    <testcase classname="Dynamo.Tests.StringTests" name="TestStringContainsNormalInput" time="0.9037060" />
    <testcase classname="Dynamo.Tests.StringTests" name="TestStringEndsWithNormalInput" time="0.8189140" />
    <testcase classname="Dynamo.Tests.StringTests" name="TestStringFromArray" time="0.8128350" />
    <testcase classname="Dynamo.Tests.StringTests" name="TestStringFromArrayWithFormat" time="0.9874850" />
    <testcase classname="Dynamo.Tests.StringTests" name="TestStringGetNumberFileInput" time="0.9889000" />
    <testcase classname="Dynamo.Tests.StringTests" name="TestStringIndexOfEmptyInput" time="0.8497910" />
    <testcase classname="Dynamo.Tests.StringTests" name="TestStringIndexOfMultipleInput" time="0.8330729" />
    <testcase classname="Dynamo.Tests.StringTests" name="TestStringIndexOfNormalInput" time="0.8159750" />
    <testcase classname="Dynamo.Tests.StringTests" name="TestStringInsertInvalidInput" time="1.0414990" />
    <testcase classname="Dynamo.Tests.StringTests" name="TestStringInsertMultipleInput" time="1.1284840" />
    <testcase classname="Dynamo.Tests.StringTests" name="TestStringInsertNormalInput" time="1.2464059" />
    <testcase classname="Dynamo.Tests.StringTests" name="TestStringLengthEmptyInput" time="1.1030690" />
    <testcase classname="Dynamo.Tests.StringTests" name="TestStringLengthFileInput" time="0.9105430" />
    <testcase classname="Dynamo.Tests.StringTests" name="TestStringLengthFunctionInput" time="0.9005200" />
    <testcase classname="Dynamo.Tests.StringTests" name="TestStringLengthMultipleInput" time="0.8184790" />
    <testcase classname="Dynamo.Tests.StringTests" name="TestStringLengthNormalInput" time="0.9843410" />
    <testcase classname="Dynamo.Tests.StringTests" name="TestStringReplaceEmptyInput" time="0.9676270" />
    <testcase classname="Dynamo.Tests.StringTests" name="TestStringReplaceInvalidInput" time="0.9750550" />
    <testcase classname="Dynamo.Tests.StringTests" name="TestStringReplaceMultipleInput" time="0.8214310" />
    <testcase classname="Dynamo.Tests.StringTests" name="TestStringReplaceNormalInput" time="0.7706750" />
    <testcase classname="Dynamo.Tests.StringTests" name="TestStringStartsWithNormalInput" time="1.1799180" />
    <testcase classname="Dynamo.Tests.StringTests" name="TestStringToNumberEmptyInput" time="1.3987900" />
    <testcase classname="Dynamo.Tests.StringTests" name="TestStringToNumberFileInput" time="1.3070550" />
    <testcase classname="Dynamo.Tests.StringTests" name="TestStringToNumberFunctionInput" time="1.0734080" />
    <testcase classname="Dynamo.Tests.StringTests" name="TestStringToNumberInvalidInput" time="1.1181880" />
    <testcase classname="Dynamo.Tests.StringTests" name="TestStringToNumberNormalInput" time="1.7295400" />
    <testcase classname="Dynamo.Tests.StringTests" name="TestStringToNumberWithFormat" time="1.7922070" />
    <testcase classname="Dynamo.Tests.StringTests" name="TestSubStringEmptyInput" time="1.2790680" />
    <testcase classname="Dynamo.Tests.StringTests" name="TestSubStringFileInput" time="0.8661620" />
    <testcase classname="Dynamo.Tests.StringTests" name="TestSubStringFunctionInput" time="0.8221670" />
    <testcase classname="Dynamo.Tests.StringTests" name="TestSubStringInvalidInput" time="0.9443570" />
    <testcase classname="Dynamo.Tests.StringTests" name="TestSubStringNormalInput" time="1.0479930" />
    <testcase classname="Dynamo.Tests.StringTests" name="TestTrimWhitespaceEmptyInput" time="1.5217750" />
    <testcase classname="Dynamo.Tests.StringTests" name="TestTrimWhitespaceInvalidInput" time="1.2236769" />
    <testcase classname="Dynamo.Tests.StringTests" name="TestTrimWhitespaceNormalInput" time="0.9710830" />
    <testcase classname="Dynamo.Tests.TrustLocationsTests" name="TestPathHelper" time="0.0018360" />
    <testcase classname="Dynamo.Tests.TrustLocationsTests" name="TestTrustLocationManagerAPIs" time="0.0095090" />
    <testcase classname="Dynamo.Tests.TypedParametersToStringTests" name="TypedParametersToStringTest" time="0.0010200" />
    <testcase classname="Dynamo.Tests.UndoRedoRecorderTests" name="TestBeginActionGroup00" time="0.0006840" />
    <testcase classname="Dynamo.Tests.UndoRedoRecorderTests" name="TestBeginActionGroup01" time="0.0004360" />
    <testcase classname="Dynamo.Tests.UndoRedoRecorderTests" name="TestClearingStacks00" time="0.0015820" />
    <testcase classname="Dynamo.Tests.UndoRedoRecorderTests" name="TestClearingStacks01" time="0.0002550" />
    <testcase classname="Dynamo.Tests.UndoRedoRecorderTests" name="TestConstructor" time="0.0003980" />
    <testcase classname="Dynamo.Tests.UndoRedoRecorderTests" name="TestCreationUndoRedo" time="0.0013330" />
    <testcase classname="Dynamo.Tests.UndoRedoRecorderTests" name="TestDefaultRecorderStates" time="0.0002290" />
    <testcase classname="Dynamo.Tests.UndoRedoRecorderTests" name="TestDeletionsUndoRedo" time="0.0011400" />
    <testcase classname="Dynamo.Tests.UndoRedoRecorderTests" name="TestDeletionUndoRedo" time="0.0004850" />
    <testcase classname="Dynamo.Tests.UndoRedoRecorderTests" name="TestModificationUndoRedo00" time="0.0007190" />
    <testcase classname="Dynamo.Tests.UndoRedoRecorderTests" name="TestModificationUndoRedo01" time="0.0002509" />
    <testcase classname="Dynamo.Tests.UndoRedoRecorderTests" name="TestPopFromUndoGroup" time="0.0003140" />
    <testcase classname="Dynamo.Tests.UndoRedoRecorderTests" name="TestRedoStackWipeOut" time="0.0004570" />
    <testcase classname="Dynamo.Tests.UnicodeTest" name="TestUnicodeIdentifierInCBN" time="1.2026010" />
    <testcase classname="Dynamo.Tests.UnicodeTest" name="TestUnicodeInIronPython" time="0.7792070" />
    <testcase classname="Dynamo.Tests.UnicodeTest" name="TestUnicodeInStringNode" time="0.7519550" />
    <testcase classname="Dynamo.Tests.UnitsOfMeasureTests" name="AreaConversions" time="0.0013640" />
    <testcase classname="Dynamo.Tests.UnitsOfMeasureTests" name="CreateFraction" time="0.0018230" />
    <testcase classname="Dynamo.Tests.UnitsOfMeasureTests" name="Extensions" time="0.0052110" />
    <testcase classname="Dynamo.Tests.UnitsOfMeasureTests" name="FeetAndFractionalInchesInvalidInput" time="0.0045950" />
    <testcase classname="Dynamo.Tests.UnitsOfMeasureTests" name="FromFeetAndFractionalInches" time="0.0016370" />
    <testcase classname="Dynamo.Tests.UnitsOfMeasureTests" name="InsolationConversions" time="0.0010399" />
    <testcase classname="Dynamo.Tests.UnitsOfMeasureTests" name="LengthConversions" time="0.0023249" />
    <testcase classname="Dynamo.Tests.UnitsOfMeasureTests" name="Location_InvalidArgs" time="0.0014370" />
    <testcase classname="Dynamo.Tests.UnitsOfMeasureTests" name="Location_ValidArgs" time="0.0013530" />
    <testcase classname="Dynamo.Tests.UnitsOfMeasureTests" name="ParseLengthFromString" time="0.0104460" />
    <testcase classname="Dynamo.Tests.UnitsOfMeasureTests" name="ParseLengthInFeetFromString" time="0.0013920" />
    <testcase classname="Dynamo.Tests.UnitsOfMeasureTests" name="SetAreaFromString" time="0.0045020" />
    <testcase classname="Dynamo.Tests.UnitsOfMeasureTests" name="SetLengthsFromString" time="0.0033020" />
    <testcase classname="Dynamo.Tests.UnitsOfMeasureTests" name="SetVolumeFromString" time="0.0040340" />
    <testcase classname="Dynamo.Tests.UnitsOfMeasureTests" name="Sorting" time="0.0037000" />
    <testcase classname="Dynamo.Tests.UnitsOfMeasureTests" name="ToFractionalFootRepresentations" time="0.0021310" />
    <testcase classname="Dynamo.Tests.UnitsOfMeasureTests" name="ToFractonialInchRepresentation" time="0.0017240" />
    <testcase classname="Dynamo.Tests.UnitsOfMeasureTests" name="UiRounding" time="0.0011880" />
    <testcase classname="Dynamo.Tests.UnitsOfMeasureTests" name="UnitsMath" time="0.0062280" />
    <testcase classname="Dynamo.Tests.UnitsOfMeasureTests" name="UnitsNegatives" time="0.0014760" />
    <testcase classname="Dynamo.Tests.UnitsOfMeasureTests" name="UnitValues" time="0.0012100" />
    <testcase classname="Dynamo.Tests.UnitsOfMeasureTests" name="VolumeConversions" time="0.0011730" />
    <testcase classname="Dynamo.Tests.UpdateGraphAsyncTaskTest" name="TestUpdateGraphyAsyncTaskMerge" time="0.7865100" />
    <testcase classname="Dynamo.Tests.UtilityTests" name="CustomNodeNameError" time="0.8412890" />
    <testcase classname="Dynamo.Tests.UtilityTests" name="ExtractAndSaveEmbeddedFont_CreatesFileWithCorrectContent" time="0.7674649" />
    <testcase classname="Dynamo.Tests.UtilityTests" name="FindFilesRespectsPathOrder" time="0.9067930" />
    <testcase classname="Dynamo.Tests.UtilityTests" name="FindFilesWithcaseinsensitiveFileExtensions" time="0.7596060" />
    <testcase classname="Dynamo.Tests.UtilityTests" name="GenerateSnapshotNameTest" time="0.8304140" />
    <testcase classname="Dynamo.Tests.UtilityTests" name="GetDocumentXmlPath00" time="0.7965010" />
    <testcase classname="Dynamo.Tests.UtilityTests" name="GetDocumentXmlPath01" time="0.6946780" />
    <testcase classname="Dynamo.Tests.UtilityTests" name="GetDocumentXmlPath02" time="0.7458290" />
    <testcase classname="Dynamo.Tests.UtilityTests" name="LoadEmbeddedResourceAsString_ReturnsCorrectContent" time="0.8045360" />
    <testcase classname="Dynamo.Tests.UtilityTests" name="LoadTraceDataFromXmlDocument00" time="0.7733719" />
    <testcase classname="Dynamo.Tests.UtilityTests" name="LoadTraceDataFromXmlDocument01" time="0.8317099" />
    <testcase classname="Dynamo.Tests.UtilityTests" name="MakeAbsolutePath00" time="0.8961230" />
    <testcase classname="Dynamo.Tests.UtilityTests" name="MakeAbsolutePath01" time="0.7861970" />
    <testcase classname="Dynamo.Tests.UtilityTests" name="MakeAbsolutePath02" time="0.8911090" />
    <testcase classname="Dynamo.Tests.UtilityTests" name="MakeAbsolutePath03" time="0.6916460" />
    <testcase classname="Dynamo.Tests.UtilityTests" name="MakeAbsolutePath04" time="0.7351609" />
    <testcase classname="Dynamo.Tests.UtilityTests" name="MakeRelativePath00" time="0.8319830" />
    <testcase classname="Dynamo.Tests.UtilityTests" name="MakeRelativePath01" time="0.7378220" />
    <testcase classname="Dynamo.Tests.UtilityTests" name="MakeRelativePath02" time="0.7556060" />
    <testcase classname="Dynamo.Tests.UtilityTests" name="MakeRelativePath03" time="0.9576320" />
    <testcase classname="Dynamo.Tests.UtilityTests" name="MakeRelativePath04" time="0.9289860" />
    <testcase classname="Dynamo.Tests.UtilityTests" name="MakeRelativePath05" time="1.3863910" />
    <testcase classname="Dynamo.Tests.UtilityTests" name="MakeRelativePath06" time="1.0639730" />
    <testcase classname="Dynamo.Tests.UtilityTests" name="MakeRelativePath07" time="0.9810650" />
    <testcase classname="Dynamo.Tests.UtilityTests" name="NormalizeAsResourceNameTest" time="1.4922359" />
    <testcase classname="Dynamo.Tests.UtilityTests" name="PreprocessTypeName00" time="1.2629490" />
    <testcase classname="Dynamo.Tests.UtilityTests" name="PreprocessTypeName01" time="1.2324890" />
    <testcase classname="Dynamo.Tests.UtilityTests" name="PreprocessTypeName02" time="1.3154580" />
    <testcase classname="Dynamo.Tests.UtilityTests" name="PreprocessTypeName03" time="0.7815930" />
    <testcase classname="Dynamo.Tests.UtilityTests" name="PreprocessTypeName04" time="1.3442600" />
    <testcase classname="Dynamo.Tests.UtilityTests" name="PreprocessTypeName05" time="1.9150480" />
    <testcase classname="Dynamo.Tests.UtilityTests" name="PreprocessTypeName06" time="0.9462390" />
    <testcase classname="Dynamo.Tests.UtilityTests" name="PreprocessTypeName07" time="0.9981400" />
    <testcase classname="Dynamo.Tests.UtilityTests" name="PreprocessTypeName08" time="1.0014749" />
    <testcase classname="Dynamo.Tests.UtilityTests" name="ReduceRowCountTest" time="0.8289090" />
    <testcase classname="Dynamo.Tests.UtilityTests" name="ResolveType00" time="1.4182320" />
    <testcase classname="Dynamo.Tests.UtilityTests" name="ResolveType01" time="0.8835600" />
    <testcase classname="Dynamo.Tests.UtilityTests" name="ResolveType02" time="0.7803330" />
    <testcase classname="Dynamo.Tests.UtilityTests" name="ResolveType04" time="0.7856310" />
    <testcase classname="Dynamo.Tests.UtilityTests" name="SetDocumentXmlPath00" time="0.7982510" />
    <testcase classname="Dynamo.Tests.UtilityTests" name="SetDocumentXmlPath01" time="1.0207880" />
    <testcase classname="Dynamo.Tests.UtilityTests" name="SetDocumentXmlPath02" time="0.7446159" />
    <testcase classname="Dynamo.Tests.UtilityTests" name="SetDocumentXmlPath03" time="0.8027960" />
    <testcase classname="Dynamo.Tests.UtilityTests" name="SetDocumentXmlPath04" time="0.8915540" />
    <testcase classname="Dynamo.Tests.UtilityTests" name="TruncateRowsTest" time="0.9027930" />
    <testcase classname="Dynamo.Tests.UtilityTests" name="WrapTextTest" time="0.6949440" />
    <testcase classname="Dynamo.Tests.VersionUtilitiesTests" name="NormalizeVersion_ShouldReturnCorrectlyNormalizedVersion" time="0.0004650" />
    <testcase classname="Dynamo.Tests.VersionUtilitiesTests" name="ParseVersionSafely_FullVersion_ReturnsParsedVersion" time="0.0003240" />
    <testcase classname="Dynamo.Tests.VersionUtilitiesTests" name="ParseVersionSafely_JibberishInput_ReturnsNull" time="0.0001710" />
    <testcase classname="Dynamo.Tests.VersionUtilitiesTests" name="ParseVersionSafely_LongVersion_ReturnsParsedVersion" time="0.0001160" />
    <testcase classname="Dynamo.Tests.VersionUtilitiesTests" name="ParseVersionSafely_NullInput_ReturnsNull" time="0.0000880" />
    <testcase classname="Dynamo.Tests.VersionUtilitiesTests" name="ParseVersionSafely_ShortVersion_ReturnsPaddedVersion" time="0.0000870" />
    <testcase classname="Dynamo.Tests.VersionUtilitiesTests" name="ParseVersionSafely_TooManyComponents_ReturnsNull" time="0.0000630" />
    <testcase classname="Dynamo.Tests.VersionUtilitiesTests" name="ParseWildCard_InvalidCharacters1_ReturnsNull" time="0.0002590" />
    <testcase classname="Dynamo.Tests.VersionUtilitiesTests" name="ParseWildCard_InvalidCharacters2_ReturnsNull" time="0.0000890" />
    <testcase classname="Dynamo.Tests.VersionUtilitiesTests" name="ParseWildCard_InvalidCharacters3_ReturnsNull" time="0.0000630" />
    <testcase classname="Dynamo.Tests.VersionUtilitiesTests" name="ParseWildCard_InvalidWildcardVersion1_ReturnsNull" time="0.0000550" />
    <testcase classname="Dynamo.Tests.VersionUtilitiesTests" name="ParseWildCard_InvalidWildcardVersion2_ReturnsNull" time="0.0000550" />
    <testcase classname="Dynamo.Tests.VersionUtilitiesTests" name="ParseWildCard_InvalidWildcardVersion3_ReturnsNull" time="0.0000649" />
    <testcase classname="Dynamo.Tests.VersionUtilitiesTests" name="ParseWildCard_TooManyComponents_ReturnsNull" time="0.0000760" />
    <testcase classname="Dynamo.Tests.VersionUtilitiesTests" name="ParseWildCard_TwoAndThreePartVersionConsistency_ReturnsParsedVersions" time="0.0002290" />
    <testcase classname="Dynamo.Tests.VersionUtilitiesTests" name="ParseWildCard_ValidString1_ReturnsParsedVersion" time="0.0001190" />
    <testcase classname="Dynamo.Tests.VersionUtilitiesTests" name="ParseWildCard_ValidString2_ReturnsParsedVersion" time="0.0000980" />
    <testcase classname="Dynamo.Tests.VersionUtilitiesTests" name="ParseWildCard_ValidVersion_ReturnsNull" time="0.0000770" />
    <testcase classname="Dynamo.Tests.VersionUtilitiesTests" name="PartialParse_String_ReturnsCorrectResults" time="0.0002340" />
    <testcase classname="Dynamo.Tests.VersionUtilitiesTests" name="PartialParse_String_ThrowsAnExceptionWhenPassedAMalformedString" time="0.0007190" />
    <testcase classname="Dynamo.Tests.Visualization.DefaultGraphicPrimitivesTest" name="DefaultGraphicPrimitives_Constructor" time="0.0065059" />
    <testcase classname="Dynamo.Tests.Visualization.DefaultRenderPackageTest" name="DefaultRenderPackage_Properties" time="0.0012330" />
    <testcase classname="Dynamo.Tests.Visualization.DefaultRenderPackageTest" name="VertexColorsTest" time="0.0007360" />
    <testcase classname="Dynamo.Tests.Visualization.RenderPackageCacheTest" name="RenderPackageCache_Constructor" time="0.0008600" />
    <testcase classname="Dynamo.Tests.WorkspaceHeaderTests" name="CanRecognizeCustomNodeWorkspace" time="0.7572250" />
    <testcase classname="Dynamo.Tests.WorkspaceHeaderTests" name="CanRecognizeHomeWorkspace" time="0.8915360" />
    <testcase classname="Dynamo.Tests.WorkspaceModelTests" name="CanStoreBase64EncodedImageInThumbnailProperty" time="0.8359410" />
    <testcase classname="Dynamo.Tests.WorkspaceModelTests" name="CheckIfModelExistsInSomeGroupFalseShouldCreateNewAnnotation" time="0.7244640" />
    <testcase classname="Dynamo.Tests.WorkspaceModelTests" name="CheckIfModelExistsInSomeGroupTrueShouldNotCreateNewAnnotation" time="0.8818890" />
    <testcase classname="Dynamo.Tests.WorkspaceModelTests" name="CustomNodeDependenciesPropertyGetTest" time="1.1946420" />
    <testcase classname="Dynamo.Tests.WorkspaceModelTests" name="GetHangingNodesTestCaseHangingNodeExist" time="1.1199060" />
    <testcase classname="Dynamo.Tests.WorkspaceModelTests" name="GetHangingNodesTestCaseNoHangingNodes" time="0.7614419" />
    <testcase classname="Dynamo.Tests.WorkspaceModelTests" name="GetSourceNodesTestCaseNoSourceNodes" time="0.7360550" />
    <testcase classname="Dynamo.Tests.WorkspaceModelTests" name="GetSourceNodesTestCaseSourceNodesExist" time="0.8813340" />
    <testcase classname="Dynamo.Tests.WorkspaceModelTests" name="LoadLegacyNotesAllNewNotesTest" time="1.3950950" />
    <testcase classname="Dynamo.Tests.WorkspaceModelTests" name="LoadLegacyNotesDuplicatedNoteIdTest" time="1.1914140" />
    <testcase classname="Dynamo.Tests.WorkspaceModelTests" name="ScaleFactorTest" time="1.1269440" />
    <testcase classname="Dynamo.Tests.WorkspaceModelTests" name="UpdateModelValueInvalidParameters" time="1.0353349" />
    <testcase classname="Dynamo.Tests.WorkspaceModelTests" name="WillNotStoreInvalidBase64StringInThumbnailProperty" time="0.9437760" />
    <testcase classname="Dynamo.Tests.XmlDocumentationTests" name="EnumDescriptionTest" time="0.0118710" />
    <testcase classname="Dynamo.Tests.XmlDocumentationTests" name="GetDescription_TypedParameterXDocument_CanFindParameterDescriptionForBasicInstanceMethod" time="0.0008900" />
    <testcase classname="Dynamo.Tests.XmlDocumentationTests" name="GetReturnKeys_FromMyMethod" time="0.0002490" />
    <testcase classname="Dynamo.Tests.XmlDocumentationTests" name="GetSearchTags_FunctionDescriptorXDocument_CanFindSearchTagsForInstanceMethod" time="0.0001860" />
    <testcase classname="Dynamo.Tests.XmlDocumentationTests" name="GetSummary_FromBadlyDocumentedMethod" time="0.0007200" />
    <testcase classname="Dynamo.Tests.XmlDocumentationTests" name="GetSummary_FromConstructor" time="0.0001370" />
    <testcase classname="Dynamo.Tests.XmlDocumentationTests" name="GetSummary_FunctionDescriptorXDocument_CanFindSummaryForBasicInstanceMethod" time="0.0000800" />
    <testcase classname="Dynamo.Tests.XmlDocumentationTests" name="GetTagsAndWeights_FromMethod" time="0.0005720" />
    <testcase classname="Dynamo.Tests.XmlHelperTests" name="TestBooleanAttributes" time="0.0005999" />
    <testcase classname="Dynamo.Tests.XmlHelperTests" name="TestDoubleAttributes" time="0.0003550" />
    <testcase classname="Dynamo.Tests.XmlHelperTests" name="TestEnumAttributes" time="0.0001600" />
    <testcase classname="Dynamo.Tests.XmlHelperTests" name="TestGuidAttributes" time="0.0004160" />
    <testcase classname="Dynamo.Tests.XmlHelperTests" name="TestIntegerAttributes" time="0.0003190" />
    <testcase classname="Dynamo.Tests.XmlHelperTests" name="TestStringAttributes" time="0.0001930" />
    <testcase classname="Dynamo.Tests.XmlHelperTests" name="TestTypeAttributes" time="0.0000950" />
    <testcase classname="Dynamo.UserDataMigrationTests" name="FileVersionCompare_Sorting" time="0.0017190" />
    <testcase classname="Dynamo.UserDataMigrationTests" name="FileVersionMajorMinorParts" time="0.0011060" />
    <testcase classname="Dynamo.UserDataMigrationTests" name="GetLatestVersionToMigrate" time="0.0122340" />
    <testcase classname="Dynamo.UserDataMigrationTests" name="GetLatestVersionToMigrate_10" time="0.0031710" />
    <testcase classname="Dynamo.UserDataMigrationTests" name="GetLatestVersionToMigrate_AllInvalidData" time="0.0029240" />
    <testcase classname="Dynamo.UserDataMigrationTests" name="GetLatestVersionToMigrate_PartiallyValidData" time="0.0021460" />
    <testcase classname="Dynamo.UserDataMigrationTests" name="GetSortedInstalledVersions_FromDirectoryInspection" time="0.0095479" />
    <testcase classname="Dynamo.UserDataMigrationTests" name="GetSortedInstallVersion_FromDynamoLookUp" time="0.0012640" />
    <testcase classname="Dynamo.UserDataMigrationTests" name="IronPythonVersionIsNotMigrated" time="0.0226160" />
    <testcase classname="Dynamo.UserDataMigrationTests" name="SortFileVersionList_SortedList" time="0.0033130" />
    <testcase classname="Dynamo.UserDataMigrationTests" name="TestInstalledVersionFromUserDataFolder" time="0.0020079" />
    <testcase classname="Dynamo.UserDataMigrationTests" name="TestMigration" time="0.0264230" />
    <testcase classname="Dynamo.UserDataMigrationTests" name="TestSelectedDownloadPathIsNotMigrated" time="0.0235420" />
  </testsuite>
  <testsuite id="4" name="DynamoCoreWpf2Tests.dll" tests="32" failures="0" time="70.968">
    <testcase classname="Dynamo.Tests.AstBuildFailTest" name="TestAstBuildException" time="1.7741070" />
    <testcase classname="DynamoCoreWpfTests.PackageDetailsViewExtensionTests" name="TestCorrectLatestCompatibleVersionIsFound" time="3.0517840" />
    <testcase classname="DynamoCoreWpfTests.PackageDetailsViewExtensionTests" name="TestDependencyDetection" time="2.0359230" />
    <testcase classname="DynamoCoreWpfTests.PackageDetailsViewExtensionTests" name="TestFlattenedVersionCompatibility" time="2.1234900" />
    <testcase classname="DynamoCoreWpfTests.PackageDetailsViewExtensionTests" name="TestLinksDisplayedInView" time="1.9571420" />
    <testcase classname="DynamoCoreWpfTests.PackageDetailsViewExtensionTests" name="TestOpenDependencyDetails" time="2.6489120" />
    <testcase classname="DynamoCoreWpfTests.PackageDetailsViewExtensionTests" name="TestVersionsDisplayedInView" time="2.8411610" />
    <testcase classname="DynamoCoreWpfTests.PackageDetailsViewExtensionTests" name="TestViewPackageDetailsCommand" time="2.7876360" />
    <testcase classname="DynamoCoreWpfTests.ViewExtensions.GraphMetadataViewExtensionTests" name="AddingNewPropertiesHaveUniquePropertyNames" time="2.1858690" />
    <testcase classname="DynamoCoreWpfTests.ViewExtensions.GraphMetadataViewExtensionTests" name="CustomPropertiesGetsAddedToExtensionDataOnSave" time="1.8185750" />
    <testcase classname="DynamoCoreWpfTests.ViewExtensions.GraphMetadataViewExtensionTests" name="ExistingGraphOpenModifiedAndClosedWillSetAndClearModifiedFlag" time="1.9718360" />
    <testcase classname="DynamoCoreWpfTests.ViewExtensions.GraphMetadataViewExtensionTests" name="ExistingGraphWithCustomPropertiesKeepsPropertiesWhenCustomNodesAreOpened" time="4.1333090" />
    <testcase classname="DynamoCoreWpfTests.ViewExtensions.GraphMetadataViewExtensionTests" name="ExistingGraphWithCustomPropertiesWillBeAddedToExtension" time="1.5920540" />
    <testcase classname="DynamoCoreWpfTests.ViewExtensions.GraphMetadataViewExtensionTests" name="SettingPropertiesInExtensionUpdatesWorkspace" time="1.6927070" />
    <testcase classname="DynamoCoreWpfTests.ViewExtensions.NodeAutoCompleteViewExtensionTests" name="TestPropertiesWithCodeInit" time="1.6323520" />
    <testcase classname="DynamoCoreWpfTests.ViewExtensions.NodeManipulatorExtensionTests" name="GizmoWarningTest" time="1.8712730" />
    <testcase classname="DynamoCoreWpfTests.ViewExtensions.NodeManipulatorExtensionTests" name="NodeManipulatorUnselectedNodeTest" time="1.5312970" />
    <testcase classname="DynamoCoreWpfTests.ViewExtensions.NotificationsExtensionTests" name="PressNotificationButtonAndShowPopup" time="2.9708410" />
    <testcase classname="DynamoCoreWpfTests.ViewExtensions.NotificationsExtensionTests" name="ValidateNotificationsUIEmbededFiles" time="1.5300280" />
    <testcase classname="DynamoCoreWpfTests.ViewExtensionTests" name="CloseViewExtensionTest" time="1.8360540" />
    <testcase classname="DynamoCoreWpfTests.ViewExtensionTests" name="ExtensionCannotBeAddedAsBothWindowAndTab" time="1.8816770" />
    <testcase classname="DynamoCoreWpfTests.ViewExtensionTests" name="ExtensionDockAndUndockWithRandomGUID" time="2.5050190" />
    <testcase classname="DynamoCoreWpfTests.ViewExtensionTests" name="ExtensionFromManifestNotEnabledLoadingTest" time="2.3898180" />
    <testcase classname="DynamoCoreWpfTests.ViewExtensionTests" name="ExtensionLocationIsRemembered" time="2.2372270" />
    <testcase classname="DynamoCoreWpfTests.ViewExtensionTests" name="ExtensionNotEnabledLoadingTest" time="2.1068320" />
    <testcase classname="DynamoCoreWpfTests.ViewExtensionTests" name="ExtensionSideBarIsUncollapsedOnActivation" time="2.1554790" />
    <testcase classname="DynamoCoreWpfTests.ViewExtensionTests" name="ExtensionsSideBarExtensionsTest" time="2.3443870" />
    <testcase classname="DynamoCoreWpfTests.ViewExtensionTests" name="ExtensionUndockClose" time="2.3376570" />
    <testcase classname="DynamoCoreWpfTests.ViewExtensionTests" name="ExtensionUndockRedock" time="2.1768700" />
    <testcase classname="DynamoCoreWpfTests.ViewExtensionTests" name="ExtensionWindowIsClosedWithDynamo" time="1.6219220" />
    <testcase classname="DynamoCoreWpfTests.ViewExtensionTests" name="OnWorkspaceChangedExtensionIsNotified" time="2.6300760" />
    <testcase classname="DynamoCoreWpfTests.ViewExtensionTests" name="TestGraphEvaluationEvents" time="2.5946150" />
  </testsuite>
  <testsuite id="5" name="DynamoCoreWpf3Tests.dll" tests="143" failures="1" time="208.577">
    <testcase classname="Dynamo.Tests.SearchSideEffects" name="LuceneSearchAllNodesValidation" time="40.2192230" />
    <testcase classname="Dynamo.Tests.SearchSideEffects" name="LuceneSearchFilePathValidation" time="1.0967490" />
    <testcase classname="Dynamo.Tests.SearchSideEffects" name="LuceneSearchNodesByCategoryValidation" time="1.0349060" />
    <testcase classname="Dynamo.Tests.SearchSideEffects" name="LuceneSearchNodesOrderingValidation" time="1.0382710" />
    <testcase classname="Dynamo.Tests.SearchSideEffects" name="LuceneValidateCategoryBasedSearch" time="0.9620820" />
    <testcase classname="Dynamo.Tests.SearchSideEffects" name="WhenHomeWorkspaceIsFocusedInputAndOutputNodesAreMissingFromSearch" time="1.2230669" />
    <testcase classname="Dynamo.Tests.SearchSideEffects" name="WhenStartingDynamoInputAndOutputNodesAreNolongerMissingFromSearch" time="0.9371400" />
    <testcase classname="Dynamo.Tests.SearchSideEffects" name="WhenStartingDynamoOperatorNodesNolongerMissingFromSearch" time="1.0307850" />
    <testcase classname="Dynamo.Tests.SearchViewModelTests" name="CollapseAllTest" time="0.6710410" />
    <testcase classname="Dynamo.Tests.SearchViewModelTests" name="FindInsertionPointByNameTest" time="0.6688610" />
    <testcase classname="Dynamo.Tests.SearchViewModelTests" name="FirstItemIsSelectedAfterSearch" time="0.7954410" />
    <testcase classname="Dynamo.Tests.SearchViewModelTests" name="InsertEntry01EmptyTree" time="0.6859780" />
    <testcase classname="Dynamo.Tests.SearchViewModelTests" name="InsertEntry02TheSameClass" time="0.7266420" />
    <testcase classname="Dynamo.Tests.SearchViewModelTests" name="InsertEntry03TheSameClassesContainer" time="0.7957570" />
    <testcase classname="Dynamo.Tests.SearchViewModelTests" name="InsertEntry04NewPathIsLonger" time="0.6915869" />
    <testcase classname="Dynamo.Tests.SearchViewModelTests" name="InsertEntry05AddCategoryToClass" time="0.6679810" />
    <testcase classname="Dynamo.Tests.SearchViewModelTests" name="InsertEntry06AddCategoryToClassDoNotRemoveClass" time="0.6692060" />
    <testcase classname="Dynamo.Tests.SearchViewModelTests" name="InsertEntry07AddClassThenCategory" time="0.7478290" />
    <testcase classname="Dynamo.Tests.SearchViewModelTests" name="InsertEntry08AddCategoryThenClass" time="0.6798490" />
    <testcase classname="Dynamo.Tests.SearchViewModelTests" name="InsertEntry09AddCategoryThenMemberThenClass" time="0.6096549" />
    <testcase classname="Dynamo.Tests.SearchViewModelTests" name="InsertEntry10AddMembersThenClassThenCategory" time="0.6374580" />
    <testcase classname="Dynamo.Tests.SearchViewModelTests" name="InsertEntry11SeveralCategoriesInAlphabeticalOrder" time="0.6318950" />
    <testcase classname="Dynamo.Tests.SearchViewModelTests" name="MoveBack" time="0.6715260" />
    <testcase classname="Dynamo.Tests.SearchViewModelTests" name="MoveForward" time="0.7276150" />
    <testcase classname="Dynamo.Tests.SearchViewModelTests" name="NoItemsIsSelectedAfterSearch" time="0.6529680" />
    <testcase classname="Dynamo.Tests.SearchViewModelTests" name="OpenSelectedClassTest" time="0.6961870" />
    <testcase classname="Dynamo.Tests.SearchViewModelTests" name="RemoveEntry01NotExistentEntryEmptyTree" time="0.6923049" />
    <testcase classname="Dynamo.Tests.SearchViewModelTests" name="RemoveEntry02NotExistentEntryNonEmptyTree" time="0.6482740" />
    <testcase classname="Dynamo.Tests.SearchViewModelTests" name="RemoveEntry03ClassInformationViewModelPresented" time="0.7633760" />
    <testcase classname="Dynamo.Tests.SearchViewModelTests" name="RemoveEntry04TheSameClass" time="0.6948350" />
    <testcase classname="Dynamo.Tests.SearchViewModelTests" name="RemoveEntry05TheSameClassesContainer" time="0.6714720" />
    <testcase classname="Dynamo.Tests.SearchViewModelTests" name="RemoveEntry06OldPathIsLonger" time="0.7311890" />
    <testcase classname="Dynamo.Tests.SearchViewModelTests" name="RemoveEntry07RemoveCategoryFromClass" time="0.7914070" />
    <testcase classname="Dynamo.Tests.SearchViewModelTests" name="RemoveEntry08RemoveCategoryFromClassAddClassToContainer" time="0.8515260" />
    <testcase classname="Dynamo.Tests.SearchViewModelTests" name="RemoveEntry09RemoveAllNodes" time="0.8325530" />
    <testcase classname="Dynamo.Tests.SearchViewModelTests" name="SelectAllSearchCategories" time="0.7944280" />
    <testcase classname="Dynamo.Tests.SearchViewModelTests" name="ShortenCategoryNameTests" time="0.7770720" />
    <testcase classname="Dynamo.Tests.SearchViewModelTests" name="ToggleSelectionTest" time="0.7291580" />
    <testcase classname="Dynamo.Tests.SearchViewModelTests" name="UpdateEntry01" time="0.6456970" />
    <testcase classname="Dynamo.Tests.UpdateInputNodeModelTest" name="TestUpdateInputNodeModel" time="1.4139600" />
    <testcase classname="Dynamo.Tests.WorkspaceGeneralOperations" name="AreGlobalLacingStrategiesInMenu" time="1.4181029" />
    <testcase classname="Dynamo.Tests.WorkspaceGeneralOperations" name="SwitchingToCustomWorkspaceWithSelectionShouldNotAllowGeometricOperations" time="0.7702450" />
    <testcase classname="Dynamo.Tests.WorkspaceGeneralOperations" name="VerifyGlobalLacingStrategyUpdatesForLacingStrategies" time="1.0330680" />
    <testcase classname="Dynamo.Tests.WorkspaceGeneralOperations" name="VerifyLacingStrategyDisabledCantBeChanged" time="0.6317620" />
    <testcase classname="DynamoCoreWpfTests.JSONSerializationTests" name="AllTypesSerialize" time="1.5287550" />
    <testcase classname="DynamoCoreWpfTests.JSONSerializationTests" name="CustomNodeSerializationTest" time="0.9257560" />
    <testcase classname="DynamoCoreWpfTests.JSONSerializationTests" name="DropDownsHaveCorrectInputDataTypes" time="0.7273539" />
    <testcase classname="DynamoCoreWpfTests.JSONSerializationTests" name="NewCustomNodeSaveAndLoadPt1" time="0.8351360" />
    <testcase classname="DynamoCoreWpfTests.JSONSerializationTests" name="NewCustomNodeSaveAndLoadPt2" time="0.7241140" />
    <testcase classname="DynamoCoreWpfTests.JSONSerializationTests" name="NotesSerializeAsAnnotations" time="1.0868920" />
    <testcase classname="DynamoCoreWpfTests.JSONSerializationTests" name="SelectionNodeInputDataSerializationTest" time="0.9670100" />
    <testcase classname="DynamoCoreWpfTests.JSONSerializationTests" name="SelectionNodesHaveCorrectInputDataTypes" time="0.8192840" />
    <testcase classname="DynamoCoreWpfTests.NodeExecutionUITest" name="NewWorkspaceFunctionDefinitionTest" time="0.7213790" />
    <testcase classname="DynamoCoreWpfTests.NodeExecutionUITest" name="Node_InFreeze_ExecuteState_Test" time="0.6677070" />
    <testcase classname="DynamoCoreWpfTests.NodeExecutionUITest" name="Node_InFreeze_NotExecuteState_Test" time="0.6679420" />
    <testcase classname="DynamoCoreWpfTests.NodeExecutionUITest" name="Node_InTemporaryFreeze_State" time="0.7578680" />
    <testcase classname="DynamoCoreWpfTests.NodeExecutionUITest" name="TestCustomSelectionNodeUpdate" time="0.7355830" />
    <testcase classname="DynamoCoreWpfTests.NodeExecutionUITest" name="TestDropdownNodeUpdate" time="0.6872650" />
    <testcase classname="DynamoCoreWpfTests.NodeExecutionUITest" name="TestDropdownNodeUpdate1" time="0.7069920" />
    <testcase classname="DynamoCoreWpfTests.NodeExecutionUITest" name="TestSelectionNodeUpdate" time="0.7905110" />
    <testcase classname="DynamoCoreWpfTests.NodeExecutionUITest" name="TestSelectionNodeUpdate2" time="0.7727619" />
    <testcase classname="DynamoCoreWpfTests.NodeExecutionUITest" name="Undo_Freeze_Test" time="0.7679690" />
    <testcase classname="DynamoCoreWpfTests.NodeToCodeTests" name="TestNodeToCodeCannotRun" time="0.7898340" />
    <testcase classname="DynamoCoreWpfTests.NodeToCodeTests" name="TestNodeToCodeCommandState" time="0.7171810" />
    <testcase classname="DynamoCoreWpfTests.PreferencesViewModelTests" name="EnsureTemplatePathsAreSetAndCanBeUpdated" time="0.7588570" />
    <testcase classname="DynamoCoreWpfTests.PreferencesViewModelTests" name="PackagePathForInstall_Add_Update_Remove_Paths" time="0.6735750" />
    <testcase classname="DynamoCoreWpfTests.PreferencesViewModelTests" name="PackagePathsForInstall_FiltersSomeFilePaths" time="0.7079270" />
    <testcase classname="DynamoCoreWpfTests.PreferencesViewModelTests" name="PackagePathsForInstall_RetainsPathThatDoesNotExist" time="0.7009440" />
    <testcase classname="DynamoCoreWpfTests.PreferencesViewModelTests" name="PathManagerWithDifferentHostTest" time="0.7499160" />
    <testcase classname="DynamoCoreWpfTests.PreferencesViewModelTests" name="SecurityPrefs_DisableTrustWarnings" time="0.7744390" />
    <testcase classname="DynamoCoreWpfTests.PreferencesViewModelTests" name="SelectedPackagePathForInstall_Setter" time="0.8304220" />
    <testcase classname="DynamoCoreWpfTests.PreferencesViewModelTests" name="TestGetTransformedHostUnits" time="0.6968150" />
    <testcase classname="DynamoCoreWpfTests.PresetPromptTests" name="TestCharacterLength" time="0.0012580" />
    <testcase classname="DynamoCoreWpfTests.PresetViewModelTest" name="CanCreatePreset" time="0.0000040" />
    <testcase classname="DynamoCoreWpfTests.PresetViewModelTest" name="TogglePresetOptionVisibility" time="0.0000060" />
    <testcase classname="DynamoCoreWpfTests.PresetViewModelTest" name="TooglePresetVisibilityWithUndoRedo" time="0.0000080" />
    <testcase classname="DynamoCoreWpfTests.PublishPackageViewModelTests" name="AddingDyfRaisesCanExecuteChangeOnDelegateCommand" time="0.9550910" />
    <testcase classname="DynamoCoreWpfTests.PublishPackageViewModelTests" name="AssertAddChildRecursively_IsSuccessful" time="0.6313010" />
    <testcase classname="DynamoCoreWpfTests.PublishPackageViewModelTests" name="AssertIsSubPathOfDeep_IsSuccessful" time="0.9361720" />
    <testcase classname="DynamoCoreWpfTests.PublishPackageViewModelTests" name="CanPublishLateInitializedJsonCustomNode" time="0.8896840" />
    <testcase classname="DynamoCoreWpfTests.PublishPackageViewModelTests" name="CanRemoveCustomNodesWithIdenticalNames" time="0.8221720" />
    <testcase classname="DynamoCoreWpfTests.PublishPackageViewModelTests" name="CreatesCorrectRelationships_ControlTest" time="0.8500710" />
    <testcase classname="DynamoCoreWpfTests.PublishPackageViewModelTests" name="CreatesCorrectRelationships_UncommonRootsTest" time="0.8660680" />
    <testcase classname="DynamoCoreWpfTests.PublishPackageViewModelTests" name="EnsureMultipleVersionsOfAssembly_CannotBeLoaded" time="0.9622210" />
    <testcase classname="DynamoCoreWpfTests.PublishPackageViewModelTests" name="FindCommonPaths_BaseRoot" time="0.7982300" />
    <testcase classname="DynamoCoreWpfTests.PublishPackageViewModelTests" name="FindCommonPaths_MultipleRoots" time="0.8951250" />
    <testcase classname="DynamoCoreWpfTests.PublishPackageViewModelTests" name="FindCommonPaths_MultipleRootsMultipleFiles" time="0.8436300" />
    <testcase classname="DynamoCoreWpfTests.PublishPackageViewModelTests" name="FindCommonPaths_MultipleRootsSingleCommonPath" time="0.8341510" />
    <testcase classname="DynamoCoreWpfTests.PublishPackageViewModelTests" name="FindCommonPaths_MultipleRootsSingleFiles" time="0.8299010" />
    <testcase classname="DynamoCoreWpfTests.PublishPackageViewModelTests" name="FindCommonPaths_SingleRoot" time="0.8225870" />
    <testcase classname="DynamoCoreWpfTests.PublishPackageViewModelTests" name="NewPackageDoesNotThrow_NativeBinaryIsAddedAsAdditionalFile_NotBinary" time="2.3711410" />
    <testcase classname="DynamoCoreWpfTests.PublishPackageViewModelTests" name="NewPackageVersionUpload_CanAddAndRemoveFiles" time="0.9023530" />
    <testcase classname="DynamoCoreWpfTests.PublishPackageViewModelTests" name="NewPackageVersionUpload_DoesNotThrowExceptionWhenDLLIsLoadedSeveralTimes" time="0.9096810" />
    <testcase classname="DynamoCoreWpfTests.PublishPackageViewModelTests" name="SetsErrorState" time="0.9392010" />
    <testcase classname="DynamoCoreWpfTests.SecTabUITests" name="TestDisableTrustWarningToggle" time="3.0895950" />
    <testcase classname="DynamoCoreWpfTests.SelectionButtonContentConverterTest" name="SelectionButtonContentConverter_ConvertConvertBackStringTest" time="0.0010970" />
    <testcase classname="DynamoCoreWpfTests.SerializationTests" name="JSONisSameBeforeAndAfterSaveWithDummyNodes" time="0.9239100" />
    <testcase classname="DynamoCoreWpfTests.SerializationTests" name="NodeModelSerializationPropertiesTest" time="0.8125180" />
    <testcase classname="DynamoCoreWpfTests.SerializationTests" name="NodeUserDescriptionTest" time="0.8062750" />
    <testcase classname="DynamoCoreWpfTests.SerializationTests" name="NodeViewSerializationPropertiesTest" time="0.8529900" />
    <testcase classname="DynamoCoreWpfTests.SerializationTests" name="TestBasicAttributes" time="0.7639960" />
    <testcase classname="DynamoCoreWpfTests.SerializationTests" name="TestBool" time="0.7455210" />
    <testcase classname="DynamoCoreWpfTests.SerializationTests" name="TestDoubleInput" time="0.7073230" />
    <testcase classname="DynamoCoreWpfTests.SerializationTests" name="TestDoubleSliderInput" time="0.8311330" />
    <testcase classname="DynamoCoreWpfTests.SerializationTests" name="TestDummyNodeInternals00" time="0.8187850" />
    <testcase classname="DynamoCoreWpfTests.SerializationTests" name="TestDummyNodeInternals01" time="10.0319760" />
    <testcase classname="DynamoCoreWpfTests.SerializationTests" name="TestDummyNodeSerialization" time="22.0964530" />
    <testcase classname="DynamoCoreWpfTests.SerializationTests" name="TestFunctionNode" time="18.7604620" />
    <testcase classname="DynamoCoreWpfTests.SerializationTests" name="TestStringFileName" time="6.2835400" />
    <testcase classname="DynamoCoreWpfTests.SerializationTests" name="TestStringInput" time="1.5510770" />
    <testcase classname="DynamoCoreWpfTests.SerializationTests" name="TestUndoRedoOnConnectedNodes" time="1.0968739" />
    <testcase classname="DynamoCoreWpfTests.SerializationTests" name="TestVariableInput" time="1.0052930" />
    <testcase classname="DynamoCoreWpfTests.SliderTests" name="CanConstructDoubleSlider" time="0.0003150" />
    <testcase classname="DynamoCoreWpfTests.SliderTests" name="CanConstructIntegerSlider" time="0.0007890" />
    <testcase classname="DynamoCoreWpfTests.SliderTests" name="DeserializeCoreTest" time="0.0026580" />
    <testcase classname="DynamoCoreWpfTests.SliderTests" name="SliderCanNotBeSetGreaterThanMaxIntValue" time="0.0008270" />
    <testcase classname="DynamoCoreWpfTests.SliderTests" name="SliderCanNotBeSetLessThanMinIntValue" time="0.0002120" />
    <testcase classname="DynamoCoreWpfTests.SliderTests" name="SliderMaxNeverLessThanMin" time="0.0001890" />
    <testcase classname="DynamoCoreWpfTests.SliderTests" name="SliderMaxResetsToIntMax" time="0.0001910" />
    <testcase classname="DynamoCoreWpfTests.SliderTests" name="SliderMinNeverGreaterThanMax" time="0.0003370" />
    <testcase classname="DynamoCoreWpfTests.SliderTests" name="SliderMinResetsToIntMin" time="0.0003140" />
    <testcase classname="DynamoCoreWpfTests.SliderTests" name="SliderValueResetsMax" time="0.0005019" />
    <testcase classname="DynamoCoreWpfTests.SliderTests" name="SliderValueResetsMin" time="0.0002960" />
    <testcase classname="DynamoCoreWpfTests.SliderViewModelTests" name="SliderViewModel_PropertiesTest" time="2.5114890" />
    <testcase classname="DynamoCoreWpfTests.SliderViewModelTests" name="SliderViewModel_ValueTest" time="2.2098060" />
    <testcase classname="DynamoCoreWpfTests.SliderViewModelTests" name="SliderViewModel_ValueTest_Localized" time="2.0685580" />
    <testcase classname="DynamoCoreWpfTests.StringToDateTimeOffsetConverterTest" name="StringToDateTimeOffsetConverter_ConvertConvertBackStringDateTest" time="0.0017760" />
    <testcase classname="DynamoCoreWpfTests.WatchNodeTests" name="GetNodeLabelTree" time="1.1383280" />
    <testcase classname="DynamoCoreWpfTests.WatchNodeTests" name="Watch1DCollections" time="1.0104730" />
    <testcase classname="DynamoCoreWpfTests.WatchNodeTests" name="WatchDictionary" time="0.9635420" />
    <testcase classname="DynamoCoreWpfTests.WatchNodeTests" name="WatchDictionaryByteValuesDisplaysCorrectly" time="0.9284920" />
    <testcase classname="DynamoCoreWpfTests.WatchNodeTests" name="WatchDictionaryJSONValuesDisplaysCorrectly" time="0.9453060" />
    <testcase classname="DynamoCoreWpfTests.WatchNodeTests" name="WatchDictionaryUintValuesDisplaysCorrectly" time="0.9096330" />
    <testcase classname="DynamoCoreWpfTests.WatchNodeTests" name="WatchFunctionObject" time="1.0598540" />
    <testcase classname="DynamoCoreWpfTests.WatchNodeTests" name="WatchFunctionObject_collection_5033" time="1.0213010" />
    <testcase classname="DynamoCoreWpfTests.WatchNodeTests" name="WatchFunctionPointer" time="0.9586810" />
    <testcase classname="DynamoCoreWpfTests.WatchNodeTests" name="WatchLiterals" time="1.1747070" />
    <testcase classname="DynamoCoreWpfTests.WatchNodeTests" name="WatchMultiReturnNodeOrder" time="0.8936950" />
    <testcase classname="DynamoCoreWpfTests.WatchNodeTests" name="WatchNestedDictionary" time="0.9585270" />
    <testcase classname="DynamoCoreWpfTests.WatchNodeTests" name="WatchNestedDictionaryPreviewFromMlutiReturnNode" time="1.0023860">
      <error message="System.Collections.Generic.KeyNotFoundException : The given key 'col' was not present in the dictionary.">   at System.Collections.Immutable.ImmutableDictionary`2.get_Item(TKey key)
   at DesignScript.Builtin.Dictionary.ValueAtKey(String key) in C:\Users\DeyanNenov\Documents\GitHub\Dynamo\src\Libraries\DesignScriptBuiltin\Dictionary.cs:line 154
   at Dynamo.Interfaces.DefaultWatchHandler.&lt;&gt;c__DisplayClass9_0.&lt;ProcessThing&gt;b__1(String k) in C:\Users\DeyanNenov\Documents\GitHub\Dynamo\src\DynamoCoreWpf\Interfaces\IWatchHandler.cs:line 200
   at System.Linq.Enumerable.SelectListIterator`2.MoveNext()
   at System.Linq.Enumerable.ZipIterator[TFirst,TSecond,TResult](IEnumerable`1 first, IEnumerable`1 second, Func`3 resultSelector)+MoveNext()
   at Dynamo.Interfaces.DefaultWatchHandler.ProcessThing(MirrorData data, RuntimeCore runtimeCore, String tag, Boolean showRawData, WatchHandlerCallback callback, List`1 preferredDictionaryOrdering) in C:\Users\DeyanNenov\Documents\GitHub\Dynamo\src\DynamoCoreWpf\Interfaces\IWatchHandler.cs:line 205
   at System.Dynamic.UpdateDelegates.UpdateAndExecute7[T0,T1,T2,T3,T4,T5,T6,TRet](CallSite site, T0 arg0, T1 arg1, T2 arg2, T3 arg3, T4 arg4, T5 arg5, T6 arg6)
   at Dynamo.Interfaces.DefaultWatchHandler.Process(Object value, IEnumerable`1 preferredDictionaryOrdering, RuntimeCore runtimeCore, String tag, Boolean showRawData, WatchHandlerCallback callback) in C:\Users\DeyanNenov\Documents\GitHub\Dynamo\src\DynamoCoreWpf\Interfaces\IWatchHandler.cs:line 253
   at System.Dynamic.UpdateDelegates.UpdateAndExecute7[T0,T1,T2,T3,T4,T5,T6,TRet](CallSite site, T0 arg0, T1 arg1, T2 arg2, T3 arg3, T4 arg4, T5 arg5, T6 arg6)
   at Dynamo.Interfaces.WatchHandler.GenerateWatchViewModelForData(IWatchHandler handler, Object value, IEnumerable`1 preferredDictionaryOrdering, RuntimeCore runtimeCore, String tag, Boolean showRawData) in C:\Users\DeyanNenov\Documents\GitHub\Dynamo\src\DynamoCoreWpf\Interfaces\IWatchHandler.cs:line 39
   at DynamoCoreWpfTests.WatchNodeTests.WatchNestedDictionaryPreviewFromMlutiReturnNode() in C:\Users\DeyanNenov\Documents\GitHub\Dynamo\test\DynamoCoreWpf3Tests\WatchNodeTests.cs:line 452
   at System.RuntimeMethodHandle.InvokeMethod(Object target, Void** arguments, Signature sig, Boolean isConstructor)
   at System.Reflection.MethodBaseInvoker.InvokeWithNoArgs(Object obj, BindingFlags invokeAttr)</error>
    </testcase>
    <testcase classname="DynamoCoreWpfTests.WatchNodeTests" name="WatchNodeSizeSerializationTest" time="1.2552779" />
    <testcase classname="DynamoCoreWpfTests.WatchNodeTests" name="WatchNodeWithBadSize" time="0.9468900" />
    <testcase classname="DynamoCoreWpfTests.WatchNodeTests" name="WatchNumber" time="1.2225790" />
  </testsuite>
  <testsuite id="6" name="DynamoCoreWpfTests.dll" tests="93" failures="0" time="58.583">
    <testcase classname="DynamoCoreWpfTests.ColorRangeTests" name="ColorRange_AddToHomespaceAndRun_NoException" time="3.8788180" />
    <testcase classname="DynamoCoreWpfTests.ConverterTests" name="AngleConverterGerman" time="0.0073840" />
    <testcase classname="DynamoCoreWpfTests.ConverterTests" name="BrowserInternalElementToBoolConverterTest" time="0.0025079" />
    <testcase classname="DynamoCoreWpfTests.ConverterTests" name="DateToPackageLabelConverterTest" time="0.0045200" />
    <testcase classname="DynamoCoreWpfTests.ConverterTests" name="ElementTypeToBoolConverterTest" time="0.0007620" />
    <testcase classname="DynamoCoreWpfTests.ConverterTests" name="ElementTypeToShortConverterTest" time="0.0035810" />
    <testcase classname="DynamoCoreWpfTests.ConverterTests" name="FilePathDisplayConverterInternalDoesNotThrow" time="0.0007770" />
    <testcase classname="DynamoCoreWpfTests.ConverterTests" name="FilePathDisplayConverterTest" time="0.0005330" />
    <testcase classname="DynamoCoreWpfTests.ConverterTests" name="FullCategoryNameToMarginConverterTest" time="0.0006200" />
    <testcase classname="DynamoCoreWpfTests.ConverterTests" name="FullyQualifiedNameToDisplayConverterTest" time="0.0013080" />
    <testcase classname="DynamoCoreWpfTests.ConverterTests" name="GroupFontSizeToEditorEnabledConverterTest" time="0.0006630" />
    <testcase classname="DynamoCoreWpfTests.ConverterTests" name="InOutParamTypeConverterTest" time="0.0003610" />
    <testcase classname="DynamoCoreWpfTests.ConverterTests" name="IntToVisibilityConverterTest" time="0.0006579" />
    <testcase classname="DynamoCoreWpfTests.ConverterTests" name="LibraryTreeItemsHostVisibilityConverterTest" time="0.0002250" />
    <testcase classname="DynamoCoreWpfTests.ConverterTests" name="LibraryViewModeToBoolConverterTest" time="0.0007560" />
    <testcase classname="DynamoCoreWpfTests.ConverterTests" name="MenuItemCheckConverterTest" time="0.0003590" />
    <testcase classname="DynamoCoreWpfTests.ConverterTests" name="NodeTypeToColorConverterTest" time="0.0008370" />
    <testcase classname="DynamoCoreWpfTests.ConverterTests" name="NullValueToCollapsedConverterTest" time="0.0001780" />
    <testcase classname="DynamoCoreWpfTests.ConverterTests" name="RootElementToBoolConverterTest" time="0.0001720" />
    <testcase classname="DynamoCoreWpfTests.ConverterTests" name="SearchHighlightMarginConverterTest" time="0.2913980" />
    <testcase classname="DynamoCoreWpfTests.ConverterTests" name="SearchResultsToVisibilityConverterTest" time="0.0003379" />
    <testcase classname="DynamoCoreWpfTests.ConverterTests" name="SelectedItemToActiveConverterTest" time="0.0011880" />
    <testcase classname="DynamoCoreWpfTests.ConverterTests" name="ViewModeToVisibilityConverterTest" time="0.0006260" />
    <testcase classname="DynamoCoreWpfTests.CustomNodeTests" name="TestDataInputInitializationTest" time="0.5245600" />
    <testcase classname="DynamoCoreWpfTests.CustomNodeTests" name="TestNestedGroupsOnCustomNodes" time="1.0762930" />
    <testcase classname="DynamoCoreWpfTests.CustomNodeTests" name="TestNewNodeFromSelectionCommandState" time="0.7785910" />
    <testcase classname="DynamoCoreWpfTests.DateTimeTests" name="DateTimeNode_Open_DeserializesCorrectly" time="0.9857050" />
    <testcase classname="DynamoCoreWpfTests.DateTimeTests" name="DateTimeNode_Open_Edit_SerializesCorrectly" time="0.8735110" />
    <testcase classname="DynamoCoreWpfTests.DateTimeTests" name="DateTimeNode_Open_MangledDateTime_ResetsToDynamoDefault" time="0.7091050" />
    <testcase classname="DynamoCoreWpfTests.DateTimeTests" name="DateTimeNodeDeprecated_Test" time="0.6705550" />
    <testcase classname="DynamoCoreWpfTests.DynamoConverterTest" name="CanConstructConverterNode" time="0.7028030" />
    <testcase classname="DynamoCoreWpfTests.DynamoConverterTest" name="ConvertBetweenAreaUnits" time="0.7860730" />
    <testcase classname="DynamoCoreWpfTests.DynamoConverterTest" name="ConvertBetweenHectaresToSquareMeter" time="0.7050840" />
    <testcase classname="DynamoCoreWpfTests.DynamoConverterTest" name="ConvertBetweenUnitsTestForForceReExecute" time="0.6851080" />
    <testcase classname="DynamoCoreWpfTests.DynamoConverterTest" name="ConverterDefaultValues" time="0.7168350" />
    <testcase classname="DynamoCoreWpfTests.DynamoConverterTest" name="ConverterItemSourceCount" time="0.6709610" />
    <testcase classname="DynamoCoreWpfTests.DynamoConverterTest" name="ConverterTestToggleState" time="0.6314430" />
    <testcase classname="DynamoCoreWpfTests.DynamoConverterTest" name="ConvertSetConversionFromValue" time="0.5944620" />
    <testcase classname="DynamoCoreWpfTests.DynamoConverterTest" name="ConvertSetConversionToValue" time="0.6467780" />
    <testcase classname="DynamoCoreWpfTests.DynamoConverterTest" name="SetConverterValues" time="0.6448990" />
    <testcase classname="DynamoCoreWpfTests.GateTests" name="SettingNodeAsClosedBlocksData" time="0.9513190" />
    <testcase classname="DynamoCoreWpfTests.GateTests" name="SettingNodeAsOpenPassesData" time="0.8491310" />
    <testcase classname="DynamoCoreWpfTests.GuidedTourTests" name="CanReadGuidedTourJsonFile" time="2.2948850" />
    <testcase classname="DynamoCoreWpfTests.GuidedTourTests" name="GetStartedGuide_ValidateControlNames" time="2.2467060" />
    <testcase classname="DynamoCoreWpfTests.GuidedTourTests" name="OnboardingGuideFirstStep_ValidateTexts" time="2.2373610" />
    <testcase classname="DynamoCoreWpfTests.HomePageTests" name="ActionDelegates_ShouldBeProperlySetAfterConstruction" time="1.5592700" />
    <testcase classname="DynamoCoreWpfTests.HomePageTests" name="CanClickRecentGraph" time="0.0004190" />
    <testcase classname="DynamoCoreWpfTests.HomePageTests" name="CanClickSampleGraph" time="0.0000040" />
    <testcase classname="DynamoCoreWpfTests.HomePageTests" name="CanClickTourGuide" time="0.0000010" />
    <testcase classname="DynamoCoreWpfTests.HomePageTests" name="CanOpenGraphOnDragAndDrop" time="0.0000010" />
    <testcase classname="DynamoCoreWpfTests.HomePageTests" name="CanOpenWorkspaceCommandFromHomePage" time="0.0000010" />
    <testcase classname="DynamoCoreWpfTests.HomePageTests" name="CanRunNewCustomNodeCommandFromHomePage" time="0.0000010" />
    <testcase classname="DynamoCoreWpfTests.HomePageTests" name="CanRunNewHomeWorkspaceCommandFromHomePage" time="0.0000010" />
    <testcase classname="DynamoCoreWpfTests.HomePageTests" name="GuidedTourItems_InitializationShouldContainExpectedItems" time="1.7247290" />
    <testcase classname="DynamoCoreWpfTests.HomePageTests" name="HomePage_NewSettingsAreAddedCorrectly" time="1.9359950" />
    <testcase classname="DynamoCoreWpfTests.HomePageTests" name="ReceiveCorrectNumberOfCarouselVideos" time="0.0000070" />
    <testcase classname="DynamoCoreWpfTests.HomePageTests" name="ReceiveCorrectNumberOfRecentGrphs" time="0.0000010" />
    <testcase classname="DynamoCoreWpfTests.HomePageTests" name="ReceiveCorrectNumberOfSamples" time="0.0000010" />
    <testcase classname="DynamoCoreWpfTests.HomePageTests" name="ReceiveCorrectNumberOfTourGuides" time="0.0000010" />
    <testcase classname="DynamoCoreWpfTests.HomePageTests" name="ShowBackupFolderCommandFromHomePage" time="0.0000010" />
    <testcase classname="DynamoCoreWpfTests.HomePageTests" name="ShowSampleFilesFolderCommandFromHomePage" time="0.0000010" />
    <testcase classname="DynamoCoreWpfTests.HomePageTests" name="ShowTemplateCommandFromHomePage" time="0.0000010" />
    <testcase classname="DynamoCoreWpfTests.HomePageTests" name="TestDeserializeDynamoGraphProperties" time="1.6885150" />
    <testcase classname="DynamoCoreWpfTests.InCanvasSearchTests" name="MoveToNextMemberTest" time="0.0041220" />
    <testcase classname="DynamoCoreWpfTests.InfoBubbleTests" name="CanAddUserFacingMessagesToNode" time="0.6561990" />
    <testcase classname="DynamoCoreWpfTests.InfoBubbleTests" name="CanDismissUserFacingMessages" time="0.7546480" />
    <testcase classname="DynamoCoreWpfTests.InfoBubbleTests" name="CanTriggerDocumentationLinkEvent" time="0.6382160" />
    <testcase classname="DynamoCoreWpfTests.InfoBubbleTests" name="DataPacketConstructorCanParseLinksCorrectly" time="0.5969489" />
    <testcase classname="DynamoCoreWpfTests.InfoBubbleTests" name="DataPacketConstructorCanParseLinksCorrectly_ContainingMultipleHREFs" time="0.6636620" />
    <testcase classname="DynamoCoreWpfTests.InfoBubbleTests" name="IteratorsDisplayWhenMoreThanOneMessage" time="0.4711720" />
    <testcase classname="DynamoCoreWpfTests.InfoBubbleTests" name="NodeWarningBarVisibility" time="0.4479500" />
    <testcase classname="DynamoCoreWpfTests.InfoBubbleTests" name="TestIntSliderInfoState" time="0.4620510" />
    <testcase classname="DynamoCoreWpfTests.LibraryTests" name="CanResolveCorrectOverloadByRecognizingDoubleArrayParameter" time="0.5609130" />
    <testcase classname="DynamoCoreWpfTests.LibraryTests" name="DumpLibraryToXmlZeroTouchTest" time="0.4647560" />
    <testcase classname="DynamoCoreWpfTests.LibraryTests" name="SearchHiddenEnumTest" time="0.8569020" />
    <testcase classname="DynamoCoreWpfTests.LibraryTests" name="SearchHiddenInterfaceNodeTest" time="0.8447310" />
    <testcase classname="DynamoCoreWpfTests.ListAtLevelInteractionTests" name="KeepListStructureChangesOutput" time="1.4123320" />
    <testcase classname="DynamoCoreWpfTests.ListAtLevelInteractionTests" name="KeepListStructureUpdatesPortViewCorrectly" time="2.0943220" />
    <testcase classname="DynamoCoreWpfTests.ListAtLevelTest" name="Test01" time="2.7277910" />
    <testcase classname="DynamoCoreWpfTests.MediatoDSColorConverterTest" name="MediatoDSColorConverterConvertConvertBackTest" time="0.0007870" />
    <testcase classname="DynamoCoreWpfTests.PublishPackageWizardTests" name="ArePackageContentsEqual_DifferentCounts_ReturnsFalse" time="0.6794610" />
    <testcase classname="DynamoCoreWpfTests.PublishPackageWizardTests" name="ArePackageContentsEqual_DifferentFilePathInNestedStructure_ReturnsFalse" time="0.6735420" />
    <testcase classname="DynamoCoreWpfTests.PublishPackageWizardTests" name="ArePackageContentsEqual_DifferentLists_ReturnsFalse" time="0.7208900" />
    <testcase classname="DynamoCoreWpfTests.PublishPackageWizardTests" name="ArePackageContentsEqual_DifferentNestedStructure_ReturnsFalse" time="0.7171870" />
    <testcase classname="DynamoCoreWpfTests.PublishPackageWizardTests" name="ArePackageContentsEqual_IdenticalLists_ReturnsTrue" time="0.6116009" />
    <testcase classname="DynamoCoreWpfTests.PublishPackageWizardTests" name="ArePackageContentsEqual_IdenticalNestedStructure_ReturnsTrue" time="0.7373459" />
    <testcase classname="DynamoCoreWpfTests.PublishPackageWizardTests" name="ArePackageContentsEqual_SameItemsDifferentOrder_ReturnsTrue" time="0.6525609" />
    <testcase classname="DynamoCoreWpfTests.PublishPackageWizardTests" name="ArePackageContentsEqual_SameNestedItemsDifferentOrder_ReturnsTrue" time="0.4576600" />
    <testcase classname="DynamoCoreWpfTests.Utility.NodeContextMenuBuilderTests" name="AddNodeViewCustomizationMenuItems" time="1.6194650" />
    <testcase classname="DynamoCoreWpfTests.Utility.NodeContextMenuBuilderTests" name="TestAddMenuItem" time="1.3589050" />
    <testcase classname="DynamoCoreWpfTests.Utility.NodeContextMenuBuilderTests" name="TestAddSeparator" time="1.5158180" />
    <testcase classname="DynamoCoreWpfTests.Utility.NodeContextMenuBuilderTests" name="TestBuildContextMenu" time="1.4549570" />
    <testcase classname="DynamoCoreWpfTests.Utility.NodeContextMenuBuilderTests" name="TestBuildMethods" time="1.6363170" />
  </testsuite>
  <testsuite id="7" name="DynamoMSOfficeTests.dll" tests="46" failures="0" time="30.028">
    <testcase classname="Dynamo.Tests.CSVTests" name="ExportCSVTest" time="0.0894880" />
    <testcase classname="Dynamo.Tests.CSVTests" name="ImportCSV_PathTest" time="0.0046680" />
    <testcase classname="Dynamo.Tests.CSVTests" name="ImportCSVRowsGreaterThanColumnsTest" time="0.0100090" />
    <testcase classname="Dynamo.Tests.CSVTests" name="ImportCSVTest" time="0.0099440" />
    <testcase classname="Dynamo.Tests.CSVTests" name="ImportCSVWithTransposeTest" time="0.0123220" />
    <testcase classname="Dynamo.Tests.CSVTests" name="OpemXML_ImportExcelTest" time="0.1243770" />
    <testcase classname="Dynamo.Tests.CSVTests" name="OpenXML_ExportExcelTestWhenHavingEmptyRow" time="0.0296020" />
    <testcase classname="Dynamo.Tests.CSVTests" name="OpenXML_ImportExcelTestWhenHavingEmptyRow" time="0.0108860" />
    <testcase classname="Dynamo.Tests.ExcelTests" name="CanAdd1DListToExcelWorksheet" time="2.8600710" />
    <testcase classname="Dynamo.Tests.ExcelTests" name="CanAdd2DListToExcelWorksheet" time="0.6953930" />
    <testcase classname="Dynamo.Tests.ExcelTests" name="CanAddNullItemToExcelWorksheet" time="0.6843190" />
    <testcase classname="Dynamo.Tests.ExcelTests" name="CanAddSingleItemToExcelWorksheet" time="0.6444850" />
    <testcase classname="Dynamo.Tests.ExcelTests" name="CanCreateNewWorksheetInNewWorkbook" time="0.6835070" />
    <testcase classname="Dynamo.Tests.ExcelTests" name="CanExportToExcelAsString" time="0.8664370" />
    <testcase classname="Dynamo.Tests.ExcelTests" name="CanGetLargeWorkbookWithinThresholdTime" time="0.8147410" />
    <testcase classname="Dynamo.Tests.ExcelTests" name="CanGetWorksheetByNameWithValidInput" time="0.7831439" />
    <testcase classname="Dynamo.Tests.ExcelTests" name="CanGetWorksheets" time="0.7166430" />
    <testcase classname="Dynamo.Tests.ExcelTests" name="CanOverWritePartiallyToExcel" time="0.7398770" />
    <testcase classname="Dynamo.Tests.ExcelTests" name="CanOverWriteToExcel" time="0.7366710" />
    <testcase classname="Dynamo.Tests.ExcelTests" name="CanReadAndWriteExcel" time="0.8736720" />
    <testcase classname="Dynamo.Tests.ExcelTests" name="CanReadEmptyCellsAsStrings" time="0.6631430" />
    <testcase classname="Dynamo.Tests.ExcelTests" name="CanReadExcelAsStrings" time="0.6233560" />
    <testcase classname="Dynamo.Tests.ExcelTests" name="CanReadMultiDimensionalWorksheet" time="0.6446660" />
    <testcase classname="Dynamo.Tests.ExcelTests" name="CanReadWorksheetWithEmptyCellInUsedRange" time="0.6188180" />
    <testcase classname="Dynamo.Tests.ExcelTests" name="CanReadWorksheetWithMixedNumbersAndStrings" time="0.6177280" />
    <testcase classname="Dynamo.Tests.ExcelTests" name="CanReadWorksheetWithSingleColumnOfNumbers" time="0.6217549" />
    <testcase classname="Dynamo.Tests.ExcelTests" name="CanSaveAsWorksheet" time="0.6632670" />
    <testcase classname="Dynamo.Tests.ExcelTests" name="CanWrite1DDataOfMixedTypesToExcelWorksheet" time="0.6344080" />
    <testcase classname="Dynamo.Tests.ExcelTests" name="CanWriteEmptyArrayToExcel" time="0.6944860" />
    <testcase classname="Dynamo.Tests.ExcelTests" name="CanWriteEmptyListToExcel" time="0.7223790" />
    <testcase classname="Dynamo.Tests.ExcelTests" name="CanWriteJaggedArrayToExcel" time="0.7386680" />
    <testcase classname="Dynamo.Tests.ExcelTests" name="CanWriteNestedEmptyListToExcel" time="0.7648650" />
    <testcase classname="Dynamo.Tests.ExcelTests" name="CanWriteNullValueInListToExcel" time="0.6798340" />
    <testcase classname="Dynamo.Tests.ExcelTests" name="CanWriteNullValueToExcel" time="0.6957930" />
    <testcase classname="Dynamo.Tests.ExcelTests" name="CanWriteToExcelAndUpdateData" time="0.7139110" />
    <testcase classname="Dynamo.Tests.ExcelTests" name="Defect_MAGN_883" time="0.6189990" />
    <testcase classname="Dynamo.Tests.ExcelTests" name="Excel_MAGN6872" time="0.6057160" />
    <testcase classname="Dynamo.Tests.ExcelTests" name="Excel_OverWriteEmptyList_MAGN7213" time="0.7050080" />
    <testcase classname="Dynamo.Tests.ExcelTests" name="Excel_OverwriteWithnull_7213" time="0.6675250" />
    <testcase classname="Dynamo.Tests.ExcelTests" name="ExcelAppIsClosedOnCleanup" time="0.4700360" />
    <testcase classname="Dynamo.Tests.ExcelTests" name="ImportExcelShowExcelReturnDataObjectArray" time="0.8570400" />
    <testcase classname="Dynamo.Tests.ExcelTests" name="ReadChangeFilename" time="1.3104780" />
    <testcase classname="Dynamo.Tests.ExcelTests" name="ReadNonExistingFile" time="0.6319350" />
    <testcase classname="Dynamo.Tests.ExcelTests" name="ReadOnlyFile" time="0.8164700" />
    <testcase classname="Dynamo.Tests.ExcelTests" name="TestWriteFunctionObjectToExcel" time="1.0379220" />
    <testcase classname="Dynamo.Tests.ExcelTests" name="ThrowExceptionOnGetWorksheetByNameWithInvalidInput" time="0.8197080" />
  </testsuite>
  <testsuite id="8" name="DynamoServicesTests.dll" tests="2" failures="0" time="0.006">
    <testcase classname="DynamoServicesTests.TraceUtilsTest" name="TestGetSetData" time="0.0048760" />
    <testcase classname="DynamoServicesTests.TraceUtilsTest" name="TestGetSetDataOnDifferentThreads" time="0.0009750" />
  </testsuite>
  <testsuite id="9" name="NodeDocumentationMarkdownGeneratorTests.dll" tests="13" failures="1" time="3.478">
    <testcase classname="NodeDocumentationMarkdownGeneratorTests.MarkdownGeneratorCommandTests" name="CanOverWriteExistingFiles" time="0.5058510" />
    <testcase classname="NodeDocumentationMarkdownGeneratorTests.MarkdownGeneratorCommandTests" name="CanRenameFile" time="0.0350130" />
    <testcase classname="NodeDocumentationMarkdownGeneratorTests.MarkdownGeneratorCommandTests" name="CanRenameFileLongName" time="0.0306960" />
    <testcase classname="NodeDocumentationMarkdownGeneratorTests.MarkdownGeneratorCommandTests" name="CanRenameFilesInADirectory" time="0.0287930" />
    <testcase classname="NodeDocumentationMarkdownGeneratorTests.MarkdownGeneratorCommandTests" name="CanScanAssemblyFromPath" time="0.0193090" />
    <testcase classname="NodeDocumentationMarkdownGeneratorTests.MarkdownGeneratorCommandTests" name="DictionaryContentIsFoundCorrectlyForCoreNodes" time="0.1425880" />
    <testcase classname="NodeDocumentationMarkdownGeneratorTests.MarkdownGeneratorCommandTests" name="DictionaryImagesAreCompressed" time="1.2175410" />
    <testcase classname="NodeDocumentationMarkdownGeneratorTests.MarkdownGeneratorCommandTests" name="ProducesCorrectOutputFromCoreDirectory_dsFiles" time="0.2620690" />
    <testcase classname="NodeDocumentationMarkdownGeneratorTests.MarkdownGeneratorCommandTests" name="ProducesCorrectOutputFromCoreDirectory_preloadedbinaries" time="1.0389000">
      <error message="  Expected: 755&#xD;&#xA;  But was:  757&#xD;&#xA;">   at NodeDocumentationMarkdownGeneratorTests.MarkdownGeneratorCommandTests.ProducesCorrectOutputFromCoreDirectory_preloadedbinaries() in C:\Users\DeyanNenov\Documents\GitHub\Dynamo\test\Tools\NodeDocumentationMarkdownGeneratorTests\MarkdownGeneratorCommandTests.cs:line 166
</error>
    </testcase>
    <testcase classname="NodeDocumentationMarkdownGeneratorTests.MarkdownGeneratorCommandTests" name="ProducesCorrectOutputFromDirectory" time="0.0390729" />
    <testcase classname="NodeDocumentationMarkdownGeneratorTests.MarkdownGeneratorCommandTests" name="ProducesCorrectOutputFromPackage" time="0.1039330" />
    <testcase classname="NodeDocumentationMarkdownGeneratorTests.MarkdownGeneratorCommandTests" name="ProducesCorrectOutputFromPackageIncludingDYF" time="0.0331500" />
    <testcase classname="NodeDocumentationMarkdownGeneratorTests.MarkdownGeneratorCommandTests" name="ReferencesFlagAddsReferencePaths" time="0.0208510" />
  </testsuite>
  <testsuite id="10" name="ViewExtensionLibraryTests.dll" tests="11" failures="0" time="1.901">
    <testcase classname="ViewExtensionLibraryTests.DynamoLibraryItemsTests" name="SearchNodeTest" time="1.8558400" />
    <testcase classname="ViewExtensionLibraryTests.LibraryResourceProviderTests" name="BuiltInPackagedNodeSearchElementLoadedType" time="0.0179789" />
    <testcase classname="ViewExtensionLibraryTests.LibraryResourceProviderTests" name="CustomNodeSearchElementLoadedType" time="0.0015530" />
    <testcase classname="ViewExtensionLibraryTests.LibraryResourceProviderTests" name="NodeSearchElementLoadedType" time="0.0048500" />
    <testcase classname="ViewExtensionLibraryTests.LibraryResourceProviderTests" name="PackagedCustomNodeSearchElementLoadedType" time="0.0014620" />
    <testcase classname="ViewExtensionLibraryTests.LibraryResourceProviderTests" name="PackagedNodeSearchElementLoadedType" time="0.0014070" />
    <testcase classname="ViewExtensionLibraryTests.LibraryViewCustomizationTests" name="AddElementsShouldMergeIfExistingCategory" time="0.0140300" />
    <testcase classname="ViewExtensionLibraryTests.LibraryViewCustomizationTests" name="MergeLayoutSpecWithNewSection" time="0.0009700" />
    <testcase classname="ViewExtensionLibraryTests.LibraryViewCustomizationTests" name="MergeLayoutSpecWithSameCategory" time="0.0007700" />
    <testcase classname="ViewExtensionLibraryTests.LibraryViewCustomizationTests" name="MergeLayoutSpecWithSameGroup" time="0.0010520" />
    <testcase classname="ViewExtensionLibraryTests.LibraryViewCustomizationTests" name="MergeLayoutSpecWithSameSection" time="0.0007829" />
  </testsuite>
</testsuites>