<?xml version="1.0" encoding="utf-8"?>
<testsuites time="615.487" tests="276" failures="0">
  <testsuite id="0" name="DynamoCoreTests.dll" tests="276" failures="0" time="615.487">
    <testcase classname="Dynamo.Tests.ListTests" name="AddToList_Complex" time="2.9308130" />
    <testcase classname="Dynamo.Tests.ListTests" name="AddToList_ContainingNull" time="1.2352660" />
    <testcase classname="Dynamo.Tests.ListTests" name="AddToList_EmptyList" time="1.1542889" />
    <testcase classname="Dynamo.Tests.ListTests" name="AddToList_GeometryToList" time="1.1076299" />
    <testcase classname="Dynamo.Tests.ListTests" name="AddToList_Negative" time="1.1449670" />
    <testcase classname="Dynamo.Tests.ListTests" name="AddToList_SimpleTest" time="1.4714100" />
    <testcase classname="Dynamo.Tests.ListTests" name="AllIndicesOf" time="1.3408119" />
    <testcase classname="Dynamo.Tests.ListTests" name="AnyFalse_SimpleTest" time="1.3738000" />
    <testcase classname="Dynamo.Tests.ListTests" name="AnyTrue_SimpleTest" time="1.1163130" />
    <testcase classname="Dynamo.Tests.ListTests" name="Average_NegativeInputTest" time="1.3117820" />
    <testcase classname="Dynamo.Tests.ListTests" name="Average_SimpleTest" time="1.7848980" />
    <testcase classname="Dynamo.Tests.ListTests" name="Combine_ComplexTest" time="1.7321220" />
    <testcase classname="Dynamo.Tests.ListTests" name="Combine_NegativeTest" time="1.7615280" />
    <testcase classname="Dynamo.Tests.ListTests" name="Combine_SimpleTest" time="2.0497270" />
    <testcase classname="Dynamo.Tests.ListTests" name="DropEveryNth_ComplexTest" time="1.5984160" />
    <testcase classname="Dynamo.Tests.ListTests" name="DropEveryNth_InputEmptyList" time="1.9633490" />
    <testcase classname="Dynamo.Tests.ListTests" name="DropEveryNth_InputStringForNth" time="1.5708060" />
    <testcase classname="Dynamo.Tests.ListTests" name="DropEveryNth_SimpleTest" time="1.6095330" />
    <testcase classname="Dynamo.Tests.ListTests" name="DropFromList_InputEmptyList" time="1.6538990" />
    <testcase classname="Dynamo.Tests.ListTests" name="DropFromList_SimpleTest" time="1.8081620" />
    <testcase classname="Dynamo.Tests.ListTests" name="DSCore_LaceLongest" time="1.9523900" />
    <testcase classname="Dynamo.Tests.ListTests" name="Filter_Complex" time="1.6756340" />
    <testcase classname="Dynamo.Tests.ListTests" name="Filter_NegativeTest" time="2.0488160" />
    <testcase classname="Dynamo.Tests.ListTests" name="Filter_SimpleTest" time="1.8922460" />
    <testcase classname="Dynamo.Tests.ListTests" name="FilterOut_Complex" time="1.7528190" />
    <testcase classname="Dynamo.Tests.ListTests" name="FilterOut_NegativeTest" time="2.3976680" />
    <testcase classname="Dynamo.Tests.ListTests" name="FilterOut_SimpleTest" time="2.0244320" />
    <testcase classname="Dynamo.Tests.ListTests" name="FirstIndexOf" time="1.6439060" />
    <testcase classname="Dynamo.Tests.ListTests" name="GetFromList_AmtAsRangeExpn" time="2.2763460" />
    <testcase classname="Dynamo.Tests.ListTests" name="GetFromList_InputEmptyList" time="2.0915849" />
    <testcase classname="Dynamo.Tests.ListTests" name="GetFromList_Negative" time="1.9205770" />
    <testcase classname="Dynamo.Tests.ListTests" name="GetFromList_NegativeIntValue" time="2.1945030" />
    <testcase classname="Dynamo.Tests.ListTests" name="GetFromList_SimpleTest" time="2.0593900" />
    <testcase classname="Dynamo.Tests.ListTests" name="GetFromList_WithStringList" time="1.9014110" />
    <testcase classname="Dynamo.Tests.ListTests" name="JoinList_MoreLists" time="1.9275010" />
    <testcase classname="Dynamo.Tests.ListTests" name="JoinList_SimpleTest" time="2.2113459" />
    <testcase classname="Dynamo.Tests.ListTests" name="LaceCartesian_Simple" time="2.3151270" />
    <testcase classname="Dynamo.Tests.ListTests" name="LaceLongest_Negative" time="3.0552440" />
    <testcase classname="Dynamo.Tests.ListTests" name="LaceLongest_Simple" time="3.2359320" />
    <testcase classname="Dynamo.Tests.ListTests" name="LaceShortest_NegativeInput" time="3.3003720" />
    <testcase classname="Dynamo.Tests.ListTests" name="LaceShortest_Simple" time="2.6964220" />
    <testcase classname="Dynamo.Tests.ListTests" name="LaceShortest_StringInput" time="3.4067150" />
    <testcase classname="Dynamo.Tests.ListTests" name="LaceShortest_WithSingleValueInput" time="1.9933660" />
    <testcase classname="Dynamo.Tests.ListTests" name="ListMaximumMinimum_KeyTest" time="2.9009150" />
    <testcase classname="Dynamo.Tests.ListTests" name="ListMinimum_Complex" time="2.3963950" />
    <testcase classname="Dynamo.Tests.ListTests" name="ListMinimum_NumberRange" time="2.2741860" />
    <testcase classname="Dynamo.Tests.ListTests" name="NumberRange_LacingLongest" time="2.1661050" />
    <testcase classname="Dynamo.Tests.ListTests" name="NumberRange_LacingShortest" time="3.4711630" />
    <testcase classname="Dynamo.Tests.ListTests" name="NumberRange_LargeNumber" time="4.6386290" />
    <testcase classname="Dynamo.Tests.ListTests" name="NumberRange_SimpleTest" time="2.4941870" />
    <testcase classname="Dynamo.Tests.ListTests" name="PreviewValueIsCorrectForFunction" time="2.3267030" />
    <testcase classname="Dynamo.Tests.ListTests" name="RegressMagn4838_01" time="2.3860520" />
    <testcase classname="Dynamo.Tests.ListTests" name="RegressMagn4838_02" time="2.9164070" />
    <testcase classname="Dynamo.Tests.ListTests" name="RemoveFromList_Complex" time="3.2012500" />
    <testcase classname="Dynamo.Tests.ListTests" name="RemoveFromList_RangeExpnAsIndex" time="3.1271220" />
    <testcase classname="Dynamo.Tests.ListTests" name="RemoveFromList_SimpleTest" time="2.5810570" />
    <testcase classname="Dynamo.Tests.ListTests" name="RemoveFromList_StringAsIndex" time="3.7872770" />
    <testcase classname="Dynamo.Tests.ListTests" name="RemoveFromList_StringAsList" time="2.4653830" />
    <testcase classname="Dynamo.Tests.ListTests" name="Reverse_ListWithOneNumber" time="2.6931130" />
    <testcase classname="Dynamo.Tests.ListTests" name="Reverse_MixedList" time="2.3569280" />
    <testcase classname="Dynamo.Tests.ListTests" name="Reverse_NumberRange" time="3.9139190" />
    <testcase classname="Dynamo.Tests.ListTests" name="Reverse_UsingStringList" time="2.8885880" />
    <testcase classname="Dynamo.Tests.ListTests" name="Reverse_WithArrayInput" time="3.1518449" />
    <testcase classname="Dynamo.Tests.ListTests" name="Reverse_WithSingleInput" time="3.3764360" />
    <testcase classname="Dynamo.Tests.ListTests" name="ShiftListIndices_Complex" time="4.1891800" />
    <testcase classname="Dynamo.Tests.ListTests" name="ShiftListIndices_InputEmptyList" time="2.6932770" />
    <testcase classname="Dynamo.Tests.ListTests" name="ShiftListIndices_InputStringAsAmt" time="3.2007390" />
    <testcase classname="Dynamo.Tests.ListTests" name="ShiftListIndices_MultipleInput" time="2.7425200" />
    <testcase classname="Dynamo.Tests.ListTests" name="ShiftListIndices_SimpleTest" time="2.3941930" />
    <testcase classname="Dynamo.Tests.ListTests" name="SliceList_Complex" time="3.2169070" />
    <testcase classname="Dynamo.Tests.ListTests" name="SliceList_MultipleInput" time="2.7495300" />
    <testcase classname="Dynamo.Tests.ListTests" name="SliceList_SimpleTest" time="2.4817370" />
    <testcase classname="Dynamo.Tests.ListTests" name="Sort_NumbersfFromDiffInput" time="2.4402689" />
    <testcase classname="Dynamo.Tests.ListTests" name="Sort_SimpleNumbers" time="2.4644100" />
    <testcase classname="Dynamo.Tests.ListTests" name="Sort_Strings" time="3.4225910" />
    <testcase classname="Dynamo.Tests.ListTests" name="Sort_StringsAndNumbers" time="2.7991970" />
    <testcase classname="Dynamo.Tests.ListTests" name="SortBy_SimpleTest" time="2.3571770" />
    <testcase classname="Dynamo.Tests.ListTests" name="SortByKey_SimpleTest" time="2.5143480" />
    <testcase classname="Dynamo.Tests.ListTests" name="SplitList_Complex" time="2.7583380" />
    <testcase classname="Dynamo.Tests.ListTests" name="SplitList_FirstElementAsList" time="2.9708260" />
    <testcase classname="Dynamo.Tests.ListTests" name="SplitList_SimpleTest" time="3.3356170" />
    <testcase classname="Dynamo.Tests.ListTests" name="TakeEveryNth_Complex" time="2.6523000" />
    <testcase classname="Dynamo.Tests.ListTests" name="TakeEveryNth_InputEmptyList" time="3.0794290" />
    <testcase classname="Dynamo.Tests.ListTests" name="TakeEveryNth_NegativeTest" time="2.7672590" />
    <testcase classname="Dynamo.Tests.ListTests" name="TakeEveryNth_SimpleTest" time="2.4506260" />
    <testcase classname="Dynamo.Tests.ListTests" name="TakeFromList_AmtAsRangeExpn" time="2.4515120" />
    <testcase classname="Dynamo.Tests.ListTests" name="TakeFromList_InputEmptyList" time="2.5935769" />
    <testcase classname="Dynamo.Tests.ListTests" name="TakeFromList_NegativeIntValue" time="2.5875930" />
    <testcase classname="Dynamo.Tests.ListTests" name="TakeFromList_SimpleTest" time="3.1782710" />
    <testcase classname="Dynamo.Tests.ListTests" name="TakeFromList_WithStringList" time="3.1636280" />
    <testcase classname="Dynamo.Tests.ListTests" name="TestBuildSublistsEmptyInput" time="2.5897530" />
    <testcase classname="Dynamo.Tests.ListTests" name="TestBuildSublistsInvalidInput" time="3.8471990" />
    <testcase classname="Dynamo.Tests.ListTests" name="TestBuildSublistsNumberInput" time="3.9597290" />
    <testcase classname="Dynamo.Tests.ListTests" name="TestBuildSublistsStringInput" time="3.3137270" />
    <testcase classname="Dynamo.Tests.ListTests" name="TestConcatenateListsEmptyInput" time="4.0038159" />
    <testcase classname="Dynamo.Tests.ListTests" name="TestConcatenateListsNormalInput" time="2.6273470" />
    <testcase classname="Dynamo.Tests.ListTests" name="TestConcatenateListsSingleInput" time="3.3087220" />
    <testcase classname="Dynamo.Tests.ListTests" name="TestDiagonalLeftListEmptyInput" time="3.6306540" />
    <testcase classname="Dynamo.Tests.ListTests" name="TestDiagonalLeftListInvalidInput" time="2.5406369" />
    <testcase classname="Dynamo.Tests.ListTests" name="TestDiagonalLeftListNumberInput" time="2.8878240" />
    <testcase classname="Dynamo.Tests.ListTests" name="TestDiagonalLeftListStringInput" time="2.6394380" />
    <testcase classname="Dynamo.Tests.ListTests" name="TestDiagonalRightListEmptyInput" time="3.8751410" />
    <testcase classname="Dynamo.Tests.ListTests" name="TestDiagonalRightListInvalidInput" time="2.1540200" />
    <testcase classname="Dynamo.Tests.ListTests" name="TestDiagonalRightListNumberInput" time="1.8868250" />
    <testcase classname="Dynamo.Tests.ListTests" name="TestFilterOnEmptyList" time="3.5692680" />
    <testcase classname="Dynamo.Tests.ListTests" name="TestFirstOfListEmptyInput" time="2.4500440" />
    <testcase classname="Dynamo.Tests.ListTests" name="TestFirstOfListNumberInput" time="3.1092030" />
    <testcase classname="Dynamo.Tests.ListTests" name="TestFirstOfListSingleInput" time="2.1419500" />
    <testcase classname="Dynamo.Tests.ListTests" name="TestFirstOfListStringInput" time="3.2029709" />
    <testcase classname="Dynamo.Tests.ListTests" name="TestFlattenCompletlyEmptyInput" time="1.7351230" />
    <testcase classname="Dynamo.Tests.ListTests" name="TestFlattenCompletlyNormalInput" time="2.2459230" />
    <testcase classname="Dynamo.Tests.ListTests" name="TestFlattenCompletlySingleInput" time="1.8124110" />
    <testcase classname="Dynamo.Tests.ListTests" name="TestFlattenEmptyInput" time="2.2058160" />
    <testcase classname="Dynamo.Tests.ListTests" name="TestFlattenNormalInput" time="2.2634380" />
    <testcase classname="Dynamo.Tests.ListTests" name="TestFlattenSingleInput" time="1.7788760" />
    <testcase classname="Dynamo.Tests.ListTests" name="TestIsEmptyListEmptyInput" time="2.1126590" />
    <testcase classname="Dynamo.Tests.ListTests" name="TestIsEmptyListNumberInput" time="1.7508650" />
    <testcase classname="Dynamo.Tests.ListTests" name="TestIsEmptyListSingleInput" time="2.2131480" />
    <testcase classname="Dynamo.Tests.ListTests" name="TestIsEmptyListStringInput" time="1.8016790" />
    <testcase classname="Dynamo.Tests.ListTests" name="TestListChop" time="2.0335030" />
    <testcase classname="Dynamo.Tests.ListTests" name="TestListMaxMinItem" time="1.7378300" />
    <testcase classname="Dynamo.Tests.ListTests" name="TestListReplace" time="2.1063180" />
    <testcase classname="Dynamo.Tests.ListTests" name="TestPartitionStringEmptyInput" time="1.6346980" />
    <testcase classname="Dynamo.Tests.ListTests" name="TestPartitionStringNumberInput" time="2.9926490" />
    <testcase classname="Dynamo.Tests.ListTests" name="TestPartitionStringSingleInput" time="2.0143300" />
    <testcase classname="Dynamo.Tests.ListTests" name="TestPartitionStringStringInput" time="2.9031450" />
    <testcase classname="Dynamo.Tests.ListTests" name="TestRepeatEmptyInput" time="1.9922310" />
    <testcase classname="Dynamo.Tests.ListTests" name="TestRepeatNumberInput" time="2.1716750" />
    <testcase classname="Dynamo.Tests.ListTests" name="TestRepeatStringInput" time="3.0196290" />
    <testcase classname="Dynamo.Tests.ListTests" name="TestRestOfListNumberInput" time="2.9235000" />
    <testcase classname="Dynamo.Tests.ListTests" name="TestRestOfListSingleInput" time="2.5321780" />
    <testcase classname="Dynamo.Tests.ListTests" name="TestRestOfListStringInput" time="2.0690480" />
    <testcase classname="Dynamo.Tests.ListTests" name="TestStringLengthEmptyInput" time="1.5368139" />
    <testcase classname="Dynamo.Tests.ListTests" name="TestStringLengthNumberInput" time="1.6523120" />
    <testcase classname="Dynamo.Tests.ListTests" name="TestStringLengthSingleInput" time="1.5115960" />
    <testcase classname="Dynamo.Tests.ListTests" name="TestStringLengthStringInput" time="1.7124100" />
    <testcase classname="Dynamo.Tests.ListTests" name="TestTranspose" time="1.7040450" />
    <testcase classname="Dynamo.Tests.ListTests" name="TestTransposeEmptyInput" time="1.3400120" />
    <testcase classname="Dynamo.Tests.ListTests" name="TestTransposeNormalInput" time="1.5511190" />
    <testcase classname="Dynamo.Tests.ListTests" name="TestTransposeSingleInput" time="1.5577960" />
    <testcase classname="Dynamo.Tests.ListTests" name="TrueForAll_SimpleTest" time="1.6954720" />
    <testcase classname="Dynamo.Tests.ListTests" name="TrueForAny_SimpleTest" time="1.5191490" />
    <testcase classname="Dynamo.Tests.MigrationTestFramework" name="Regressions(&quot;C:\\Users\\DeyanNenov\\Documents\\GitHub\\Dynamo\\test\\core\\migration\\BoxByTwoCorners_3359.dyn&quot;)" time="1.8442720" />
    <testcase classname="Dynamo.Tests.MigrationTestFramework" name="Regressions(&quot;C:\\Users\\DeyanNenov\\Documents\\GitHub\\Dynamo\\test\\core\\migration\\CodeBlockWithArray.dyn&quot;)" time="1.6548780" />
    <testcase classname="Dynamo.Tests.MigrationTestFramework" name="Regressions(&quot;C:\\Users\\DeyanNenov\\Documents\\GitHub\\Dynamo\\test\\core\\migration\\ColorComponents_2287.dyn&quot;)" time="1.6149880" />
    <testcase classname="Dynamo.Tests.MigrationTestFramework" name="Regressions(&quot;C:\\Users\\DeyanNenov\\Documents\\GitHub\\Dynamo\\test\\core\\migration\\ColorRange_3065.dyn&quot;)" time="1.9863940" />
    <testcase classname="Dynamo.Tests.MigrationTestFramework" name="Regressions(&quot;C:\\Users\\DeyanNenov\\Documents\\GitHub\\Dynamo\\test\\core\\migration\\delete.dyn&quot;)" time="1.5437390" />
    <testcase classname="Dynamo.Tests.MigrationTestFramework" name="Regressions(&quot;C:\\Users\\DeyanNenov\\Documents\\GitHub\\Dynamo\\test\\core\\migration\\GroupByKey.dyn&quot;)" time="1.9205900" />
    <testcase classname="Dynamo.Tests.MigrationTestFramework" name="Regressions(&quot;C:\\Users\\DeyanNenov\\Documents\\GitHub\\Dynamo\\test\\core\\migration\\IsNull_3054.dyn&quot;)" time="1.4655820" />
    <testcase classname="Dynamo.Tests.MigrationTestFramework" name="Regressions(&quot;C:\\Users\\DeyanNenov\\Documents\\GitHub\\Dynamo\\test\\core\\migration\\LibraryTestPythonScript.dyn&quot;)" time="2.0700270" />
    <testcase classname="Dynamo.Tests.MigrationTestFramework" name="Regressions(&quot;C:\\Users\\DeyanNenov\\Documents\\GitHub\\Dynamo\\test\\core\\migration\\ProjectPointOnCurve_3041.dyn&quot;)" time="1.8441090" />
    <testcase classname="Dynamo.Tests.MigrationTestFramework" name="Regressions(&quot;C:\\Users\\DeyanNenov\\Documents\\GitHub\\Dynamo\\test\\core\\migration\\ReadImageFile_2649.dyn&quot;)" time="1.6773250" />
    <testcase classname="Dynamo.Tests.MigrationTestFramework" name="Regressions(&quot;C:\\Users\\DeyanNenov\\Documents\\GitHub\\Dynamo\\test\\core\\migration\\Solid.BoxCenterAndDimensions_3348.dyn&quot;)" time="1.9188420" />
    <testcase classname="Dynamo.Tests.MigrationTestFramework" name="Regressions(&quot;C:\\Users\\DeyanNenov\\Documents\\GitHub\\Dynamo\\test\\core\\migration\\Test2Pi.dyn&quot;)" time="1.7981780" />
    <testcase classname="Dynamo.Tests.MigrationTestFramework" name="Regressions(&quot;C:\\Users\\DeyanNenov\\Documents\\GitHub\\Dynamo\\test\\core\\migration\\TestAdd.dyn&quot;)" time="1.5600330" />
    <testcase classname="Dynamo.Tests.MigrationTestFramework" name="Regressions(&quot;C:\\Users\\DeyanNenov\\Documents\\GitHub\\Dynamo\\test\\core\\migration\\TestAddToList.dyn&quot;)" time="1.7905570" />
    <testcase classname="Dynamo.Tests.MigrationTestFramework" name="Regressions(&quot;C:\\Users\\DeyanNenov\\Documents\\GitHub\\Dynamo\\test\\core\\migration\\TestAnd.dyn&quot;)" time="2.0255930" />
    <testcase classname="Dynamo.Tests.MigrationTestFramework" name="Regressions(&quot;C:\\Users\\DeyanNenov\\Documents\\GitHub\\Dynamo\\test\\core\\migration\\TestAnd_NumberInput.dyn&quot;)" time="1.8167060" />
    <testcase classname="Dynamo.Tests.MigrationTestFramework" name="Regressions(&quot;C:\\Users\\DeyanNenov\\Documents\\GitHub\\Dynamo\\test\\core\\migration\\TestAverage.dyn&quot;)" time="2.0001800" />
    <testcase classname="Dynamo.Tests.MigrationTestFramework" name="Regressions(&quot;C:\\Users\\DeyanNenov\\Documents\\GitHub\\Dynamo\\test\\core\\migration\\TestCeiling.dyn&quot;)" time="1.8466920" />
    <testcase classname="Dynamo.Tests.MigrationTestFramework" name="Regressions(&quot;C:\\Users\\DeyanNenov\\Documents\\GitHub\\Dynamo\\test\\core\\migration\\TestCompose.dyn&quot;)" time="2.0317340" />
    <testcase classname="Dynamo.Tests.MigrationTestFramework" name="Regressions(&quot;C:\\Users\\DeyanNenov\\Documents\\GitHub\\Dynamo\\test\\core\\migration\\TestCosine.dyn&quot;)" time="1.9913860" />
    <testcase classname="Dynamo.Tests.MigrationTestFramework" name="Regressions(&quot;C:\\Users\\DeyanNenov\\Documents\\GitHub\\Dynamo\\test\\core\\migration\\TestDivide.dyn&quot;)" time="2.3741469" />
    <testcase classname="Dynamo.Tests.MigrationTestFramework" name="Regressions(&quot;C:\\Users\\DeyanNenov\\Documents\\GitHub\\Dynamo\\test\\core\\migration\\TestDropEveryNth.dyn&quot;)" time="1.9444830" />
    <testcase classname="Dynamo.Tests.MigrationTestFramework" name="Regressions(&quot;C:\\Users\\DeyanNenov\\Documents\\GitHub\\Dynamo\\test\\core\\migration\\TestDropEveryNth_ListOfListAsInput.dyn&quot;)" time="3.1625130" />
    <testcase classname="Dynamo.Tests.MigrationTestFramework" name="Regressions(&quot;C:\\Users\\DeyanNenov\\Documents\\GitHub\\Dynamo\\test\\core\\migration\\TestDropFromList.dyn&quot;)" time="2.1846970" />
    <testcase classname="Dynamo.Tests.MigrationTestFramework" name="Regressions(&quot;C:\\Users\\DeyanNenov\\Documents\\GitHub\\Dynamo\\test\\core\\migration\\TestDropFromList_ListOfListAsInput.dyn&quot;)" time="1.9476160" />
    <testcase classname="Dynamo.Tests.MigrationTestFramework" name="Regressions(&quot;C:\\Users\\DeyanNenov\\Documents\\GitHub\\Dynamo\\test\\core\\migration\\TestEmptyList.dyn&quot;)" time="2.0235990" />
    <testcase classname="Dynamo.Tests.MigrationTestFramework" name="Regressions(&quot;C:\\Users\\DeyanNenov\\Documents\\GitHub\\Dynamo\\test\\core\\migration\\TestEqual.dyn&quot;)" time="1.9580600" />
    <testcase classname="Dynamo.Tests.MigrationTestFramework" name="Regressions(&quot;C:\\Users\\DeyanNenov\\Documents\\GitHub\\Dynamo\\test\\core\\migration\\TestEulersNumber.dyn&quot;)" time="2.1925880" />
    <testcase classname="Dynamo.Tests.MigrationTestFramework" name="Regressions(&quot;C:\\Users\\DeyanNenov\\Documents\\GitHub\\Dynamo\\test\\core\\migration\\TestFirstOfList.dyn&quot;)" time="2.1567630" />
    <testcase classname="Dynamo.Tests.MigrationTestFramework" name="Regressions(&quot;C:\\Users\\DeyanNenov\\Documents\\GitHub\\Dynamo\\test\\core\\migration\\TestFirstOfList_NestedList.dyn&quot;)" time="2.1777660" />
    <testcase classname="Dynamo.Tests.MigrationTestFramework" name="Regressions(&quot;C:\\Users\\DeyanNenov\\Documents\\GitHub\\Dynamo\\test\\core\\migration\\TestFloor.dyn&quot;)" time="2.3002530" />
    <testcase classname="Dynamo.Tests.MigrationTestFramework" name="Regressions(&quot;C:\\Users\\DeyanNenov\\Documents\\GitHub\\Dynamo\\test\\core\\migration\\TestGetFromList.dyn&quot;)" time="2.4987900" />
    <testcase classname="Dynamo.Tests.MigrationTestFramework" name="Regressions(&quot;C:\\Users\\DeyanNenov\\Documents\\GitHub\\Dynamo\\test\\core\\migration\\TestGetFromList_ListOfListAsInput.dyn&quot;)" time="2.1806120" />
    <testcase classname="Dynamo.Tests.MigrationTestFramework" name="Regressions(&quot;C:\\Users\\DeyanNenov\\Documents\\GitHub\\Dynamo\\test\\core\\migration\\TestGreaterThan.dyn&quot;)" time="2.4082920" />
    <testcase classname="Dynamo.Tests.MigrationTestFramework" name="Regressions(&quot;C:\\Users\\DeyanNenov\\Documents\\GitHub\\Dynamo\\test\\core\\migration\\TestGreaterThanOrEqual.dyn&quot;)" time="1.9184390" />
    <testcase classname="Dynamo.Tests.MigrationTestFramework" name="Regressions(&quot;C:\\Users\\DeyanNenov\\Documents\\GitHub\\Dynamo\\test\\core\\migration\\TestIf.dyn&quot;)" time="2.7709200" />
    <testcase classname="Dynamo.Tests.MigrationTestFramework" name="Regressions(&quot;C:\\Users\\DeyanNenov\\Documents\\GitHub\\Dynamo\\test\\core\\migration\\TestInverseCosine.dyn&quot;)" time="2.2092020" />
    <testcase classname="Dynamo.Tests.MigrationTestFramework" name="Regressions(&quot;C:\\Users\\DeyanNenov\\Documents\\GitHub\\Dynamo\\test\\core\\migration\\TestInverseSine.dyn&quot;)" time="2.6228440" />
    <testcase classname="Dynamo.Tests.MigrationTestFramework" name="Regressions(&quot;C:\\Users\\DeyanNenov\\Documents\\GitHub\\Dynamo\\test\\core\\migration\\TestInverseTangent.dyn&quot;)" time="2.4543689" />
    <testcase classname="Dynamo.Tests.MigrationTestFramework" name="Regressions(&quot;C:\\Users\\DeyanNenov\\Documents\\GitHub\\Dynamo\\test\\core\\migration\\TestIsEmptyList.dyn&quot;)" time="2.4758740" />
    <testcase classname="Dynamo.Tests.MigrationTestFramework" name="Regressions(&quot;C:\\Users\\DeyanNenov\\Documents\\GitHub\\Dynamo\\test\\core\\migration\\TestLessThan.dyn&quot;)" time="2.9686780" />
    <testcase classname="Dynamo.Tests.MigrationTestFramework" name="Regressions(&quot;C:\\Users\\DeyanNenov\\Documents\\GitHub\\Dynamo\\test\\core\\migration\\TestLessThan1.dyn&quot;)" time="3.2281420" />
    <testcase classname="Dynamo.Tests.MigrationTestFramework" name="Regressions(&quot;C:\\Users\\DeyanNenov\\Documents\\GitHub\\Dynamo\\test\\core\\migration\\TestLessThanOrEqual.dyn&quot;)" time="2.7941130" />
    <testcase classname="Dynamo.Tests.MigrationTestFramework" name="Regressions(&quot;C:\\Users\\DeyanNenov\\Documents\\GitHub\\Dynamo\\test\\core\\migration\\TestListCreate.dyn&quot;)" time="2.9524520" />
    <testcase classname="Dynamo.Tests.MigrationTestFramework" name="Regressions(&quot;C:\\Users\\DeyanNenov\\Documents\\GitHub\\Dynamo\\test\\core\\migration\\TestListCreate1.dyn&quot;)" time="3.6664610" />
    <testcase classname="Dynamo.Tests.MigrationTestFramework" name="Regressions(&quot;C:\\Users\\DeyanNenov\\Documents\\GitHub\\Dynamo\\test\\core\\migration\\TestListFlatten.dyn&quot;)" time="3.1682070" />
    <testcase classname="Dynamo.Tests.MigrationTestFramework" name="Regressions(&quot;C:\\Users\\DeyanNenov\\Documents\\GitHub\\Dynamo\\test\\core\\migration\\TestListLength.dyn&quot;)" time="2.9794070" />
    <testcase classname="Dynamo.Tests.MigrationTestFramework" name="Regressions(&quot;C:\\Users\\DeyanNenov\\Documents\\GitHub\\Dynamo\\test\\core\\migration\\TestListLength_NestedList.dyn&quot;)" time="2.9992380" />
    <testcase classname="Dynamo.Tests.MigrationTestFramework" name="Regressions(&quot;C:\\Users\\DeyanNenov\\Documents\\GitHub\\Dynamo\\test\\core\\migration\\TestMigrateBuiltIn.dyn&quot;)" time="3.3223760" />
    <testcase classname="Dynamo.Tests.MigrationTestFramework" name="Regressions(&quot;C:\\Users\\DeyanNenov\\Documents\\GitHub\\Dynamo\\test\\core\\migration\\TestMigrationFFIClass.dyn&quot;)" time="3.3123760" />
    <testcase classname="Dynamo.Tests.MigrationTestFramework" name="Regressions(&quot;C:\\Users\\DeyanNenov\\Documents\\GitHub\\Dynamo\\test\\core\\migration\\TestMigration_BuiltIn.dyn&quot;)" time="2.8932820" />
    <testcase classname="Dynamo.Tests.MigrationTestFramework" name="Regressions(&quot;C:\\Users\\DeyanNenov\\Documents\\GitHub\\Dynamo\\test\\core\\migration\\TestMigration_ColorRange.dyn&quot;)" time="2.4892460" />
    <testcase classname="Dynamo.Tests.MigrationTestFramework" name="Regressions(&quot;C:\\Users\\DeyanNenov\\Documents\\GitHub\\Dynamo\\test\\core\\migration\\TestMigration_Core_FileSystem.dyn&quot;)" time="1.8294650" />
    <testcase classname="Dynamo.Tests.MigrationTestFramework" name="Regressions(&quot;C:\\Users\\DeyanNenov\\Documents\\GitHub\\Dynamo\\test\\core\\migration\\TestMigration_Core_List.dyn&quot;)" time="2.1529350" />
    <testcase classname="Dynamo.Tests.MigrationTestFramework" name="Regressions(&quot;C:\\Users\\DeyanNenov\\Documents\\GitHub\\Dynamo\\test\\core\\migration\\TestMigration_Core_Scripting.dyn&quot;)" time="1.8592260" />
    <testcase classname="Dynamo.Tests.MigrationTestFramework" name="Regressions(&quot;C:\\Users\\DeyanNenov\\Documents\\GitHub\\Dynamo\\test\\core\\migration\\TestMigration_Core_Strings.dyn&quot;)" time="2.2157830" />
    <testcase classname="Dynamo.Tests.MigrationTestFramework" name="Regressions(&quot;C:\\Users\\DeyanNenov\\Documents\\GitHub\\Dynamo\\test\\core\\migration\\TestMigration_Core_Watch.dyn&quot;)" time="3.0121349" />
    <testcase classname="Dynamo.Tests.MigrationTestFramework" name="Regressions(&quot;C:\\Users\\DeyanNenov\\Documents\\GitHub\\Dynamo\\test\\core\\migration\\TestMigration_Display_ByGeometryColor.dyn&quot;)" time="3.7572100" />
    <testcase classname="Dynamo.Tests.MigrationTestFramework" name="Regressions(&quot;C:\\Users\\DeyanNenov\\Documents\\GitHub\\Dynamo\\test\\core\\migration\\TestMigration_Display_BySurfaceColors.dyn&quot;)" time="2.9172800" />
    <testcase classname="Dynamo.Tests.MigrationTestFramework" name="Regressions(&quot;C:\\Users\\DeyanNenov\\Documents\\GitHub\\Dynamo\\test\\core\\migration\\TestMigration_DSCoreNodesUI_to_CoreNodeModels.dyn&quot;)" time="3.1890110" />
    <testcase classname="Dynamo.Tests.MigrationTestFramework" name="Regressions(&quot;C:\\Users\\DeyanNenov\\Documents\\GitHub\\Dynamo\\test\\core\\migration\\TestMigration_DSCore_Display_ByGeometryColor.dyn&quot;)" time="2.8322700" />
    <testcase classname="Dynamo.Tests.MigrationTestFramework" name="Regressions(&quot;C:\\Users\\DeyanNenov\\Documents\\GitHub\\Dynamo\\test\\core\\migration\\TestMigration_DSCore_IO_FilePath.dyn&quot;)" time="2.9828970" />
    <testcase classname="Dynamo.Tests.MigrationTestFramework" name="Regressions(&quot;C:\\Users\\DeyanNenov\\Documents\\GitHub\\Dynamo\\test\\core\\migration\\TestMigration_DSCore_Math.dyn&quot;)" time="2.3388640" />
    <testcase classname="Dynamo.Tests.MigrationTestFramework" name="Regressions(&quot;C:\\Users\\DeyanNenov\\Documents\\GitHub\\Dynamo\\test\\core\\migration\\TestMigration_File_Directory.dyn&quot;)" time="2.4138590" />
    <testcase classname="Dynamo.Tests.MigrationTestFramework" name="Regressions(&quot;C:\\Users\\DeyanNenov\\Documents\\GitHub\\Dynamo\\test\\core\\migration\\TestMigration_FunctionApplyAndCompose.dyn&quot;)" time="2.4829600" />
    <testcase classname="Dynamo.Tests.MigrationTestFramework" name="Regressions(&quot;C:\\Users\\DeyanNenov\\Documents\\GitHub\\Dynamo\\test\\core\\migration\\TestMigration_GroupByKey.dyn&quot;)" time="2.9527389" />
    <testcase classname="Dynamo.Tests.MigrationTestFramework" name="Regressions(&quot;C:\\Users\\DeyanNenov\\Documents\\GitHub\\Dynamo\\test\\core\\migration\\TestMigration_GroupByKeyUI.dyn&quot;)" time="3.1405590" />
    <testcase classname="Dynamo.Tests.MigrationTestFramework" name="Regressions(&quot;C:\\Users\\DeyanNenov\\Documents\\GitHub\\Dynamo\\test\\core\\migration\\TestMigration_ImportExportCSV.dyn&quot;)" time="2.3336229" />
    <testcase classname="Dynamo.Tests.MigrationTestFramework" name="Regressions(&quot;C:\\Users\\DeyanNenov\\Documents\\GitHub\\Dynamo\\test\\core\\migration\\TestMigration_InputOutput_File.dyn&quot;)" time="3.5951600" />
    <testcase classname="Dynamo.Tests.MigrationTestFramework" name="Regressions(&quot;C:\\Users\\DeyanNenov\\Documents\\GitHub\\Dynamo\\test\\core\\migration\\TestMigration_Logic_Comparison.dyn&quot;)" time="3.2025180" />
    <testcase classname="Dynamo.Tests.MigrationTestFramework" name="Regressions(&quot;C:\\Users\\DeyanNenov\\Documents\\GitHub\\Dynamo\\test\\core\\migration\\TestMigration_Logic_Conditional.dyn&quot;)" time="3.6243840" />
    <testcase classname="Dynamo.Tests.MigrationTestFramework" name="Regressions(&quot;C:\\Users\\DeyanNenov\\Documents\\GitHub\\Dynamo\\test\\core\\migration\\TestMigration_Logic_Math.dyn&quot;)" time="2.5799700" />
    <testcase classname="Dynamo.Tests.MigrationTestFramework" name="Regressions(&quot;C:\\Users\\DeyanNenov\\Documents\\GitHub\\Dynamo\\test\\core\\migration\\TestMigration_SortByKey.dyn&quot;)" time="2.4916980" />
    <testcase classname="Dynamo.Tests.MigrationTestFramework" name="Regressions(&quot;C:\\Users\\DeyanNenov\\Documents\\GitHub\\Dynamo\\test\\core\\migration\\TestMigration_SortByKeyUI.dyn&quot;)" time="2.8587390" />
    <testcase classname="Dynamo.Tests.MigrationTestFramework" name="Regressions(&quot;C:\\Users\\DeyanNenov\\Documents\\GitHub\\Dynamo\\test\\core\\migration\\TestModulo.dyn&quot;)" time="2.4016050" />
    <testcase classname="Dynamo.Tests.MigrationTestFramework" name="Regressions(&quot;C:\\Users\\DeyanNenov\\Documents\\GitHub\\Dynamo\\test\\core\\migration\\TestMultiply.dyn&quot;)" time="3.5564090" />
    <testcase classname="Dynamo.Tests.MigrationTestFramework" name="Regressions(&quot;C:\\Users\\DeyanNenov\\Documents\\GitHub\\Dynamo\\test\\core\\migration\\TestMultiplydyn.dyn&quot;)" time="2.2034390" />
    <testcase classname="Dynamo.Tests.MigrationTestFramework" name="Regressions(&quot;C:\\Users\\DeyanNenov\\Documents\\GitHub\\Dynamo\\test\\core\\migration\\TestNewList.dyn&quot;)" time="2.8272149" />
    <testcase classname="Dynamo.Tests.MigrationTestFramework" name="Regressions(&quot;C:\\Users\\DeyanNenov\\Documents\\GitHub\\Dynamo\\test\\core\\migration\\TestNot.dyn&quot;)" time="2.7802920" />
    <testcase classname="Dynamo.Tests.MigrationTestFramework" name="Regressions(&quot;C:\\Users\\DeyanNenov\\Documents\\GitHub\\Dynamo\\test\\core\\migration\\TestNot_NumberInput.dyn&quot;)" time="2.1674080" />
    <testcase classname="Dynamo.Tests.MigrationTestFramework" name="Regressions(&quot;C:\\Users\\DeyanNenov\\Documents\\GitHub\\Dynamo\\test\\core\\migration\\TestNumberInput.dyn&quot;)" time="2.5080310" />
    <testcase classname="Dynamo.Tests.MigrationTestFramework" name="Regressions(&quot;C:\\Users\\DeyanNenov\\Documents\\GitHub\\Dynamo\\test\\core\\migration\\TestNumberRange.dyn&quot;)" time="2.5033000" />
    <testcase classname="Dynamo.Tests.MigrationTestFramework" name="Regressions(&quot;C:\\Users\\DeyanNenov\\Documents\\GitHub\\Dynamo\\test\\core\\migration\\TestNumberSequence.dyn&quot;)" time="2.4286600" />
    <testcase classname="Dynamo.Tests.MigrationTestFramework" name="Regressions(&quot;C:\\Users\\DeyanNenov\\Documents\\GitHub\\Dynamo\\test\\core\\migration\\TestOr.dyn&quot;)" time="2.2908590" />
    <testcase classname="Dynamo.Tests.MigrationTestFramework" name="Regressions(&quot;C:\\Users\\DeyanNenov\\Documents\\GitHub\\Dynamo\\test\\core\\migration\\TestOr_NumberInput.dyn&quot;)" time="2.2870940" />
    <testcase classname="Dynamo.Tests.MigrationTestFramework" name="Regressions(&quot;C:\\Users\\DeyanNenov\\Documents\\GitHub\\Dynamo\\test\\core\\migration\\TestPi.dyn&quot;)" time="2.1946360" />
    <testcase classname="Dynamo.Tests.MigrationTestFramework" name="Regressions(&quot;C:\\Users\\DeyanNenov\\Documents\\GitHub\\Dynamo\\test\\core\\migration\\TestPower.dyn&quot;)" time="2.4562360" />
    <testcase classname="Dynamo.Tests.MigrationTestFramework" name="Regressions(&quot;C:\\Users\\DeyanNenov\\Documents\\GitHub\\Dynamo\\test\\core\\migration\\TestRandom.dyn&quot;)" time="2.0679010" />
    <testcase classname="Dynamo.Tests.MigrationTestFramework" name="Regressions(&quot;C:\\Users\\DeyanNenov\\Documents\\GitHub\\Dynamo\\test\\core\\migration\\TestRandomList.dyn&quot;)" time="2.0419950" />
    <testcase classname="Dynamo.Tests.MigrationTestFramework" name="Regressions(&quot;C:\\Users\\DeyanNenov\\Documents\\GitHub\\Dynamo\\test\\core\\migration\\TestRandomSeed.dyn&quot;)" time="2.1247539" />
    <testcase classname="Dynamo.Tests.MigrationTestFramework" name="Regressions(&quot;C:\\Users\\DeyanNenov\\Documents\\GitHub\\Dynamo\\test\\core\\migration\\TestRectangleByWidthHeight.dyn&quot;)" time="1.8431150" />
    <testcase classname="Dynamo.Tests.MigrationTestFramework" name="Regressions(&quot;C:\\Users\\DeyanNenov\\Documents\\GitHub\\Dynamo\\test\\core\\migration\\TestRemoveFromList.dyn&quot;)" time="2.2430370" />
    <testcase classname="Dynamo.Tests.MigrationTestFramework" name="Regressions(&quot;C:\\Users\\DeyanNenov\\Documents\\GitHub\\Dynamo\\test\\core\\migration\\TestRemoveFromList_ListOfListAsInput.dyn&quot;)" time="2.3001410" />
    <testcase classname="Dynamo.Tests.MigrationTestFramework" name="Regressions(&quot;C:\\Users\\DeyanNenov\\Documents\\GitHub\\Dynamo\\test\\core\\migration\\TestRound.dyn&quot;)" time="1.5970950" />
    <testcase classname="Dynamo.Tests.MigrationTestFramework" name="Regressions(&quot;C:\\Users\\DeyanNenov\\Documents\\GitHub\\Dynamo\\test\\core\\migration\\TestShiftListIndices.dyn&quot;)" time="2.2290190" />
    <testcase classname="Dynamo.Tests.MigrationTestFramework" name="Regressions(&quot;C:\\Users\\DeyanNenov\\Documents\\GitHub\\Dynamo\\test\\core\\migration\\TestShiftListIndices_ListOfListAsInput.dyn&quot;)" time="1.2659220" />
    <testcase classname="Dynamo.Tests.MigrationTestFramework" name="Regressions(&quot;C:\\Users\\DeyanNenov\\Documents\\GitHub\\Dynamo\\test\\core\\migration\\TestSine.dyn&quot;)" time="1.3278690" />
    <testcase classname="Dynamo.Tests.MigrationTestFramework" name="Regressions(&quot;C:\\Users\\DeyanNenov\\Documents\\GitHub\\Dynamo\\test\\core\\migration\\TestSliceList.dyn&quot;)" time="1.7437780" />
    <testcase classname="Dynamo.Tests.MigrationTestFramework" name="Regressions(&quot;C:\\Users\\DeyanNenov\\Documents\\GitHub\\Dynamo\\test\\core\\migration\\TestSliceList_ListOfListAsInput.dyn&quot;)" time="1.0126320" />
    <testcase classname="Dynamo.Tests.MigrationTestFramework" name="Regressions(&quot;C:\\Users\\DeyanNenov\\Documents\\GitHub\\Dynamo\\test\\core\\migration\\TestSort.dyn&quot;)" time="1.1961730" />
    <testcase classname="Dynamo.Tests.MigrationTestFramework" name="Regressions(&quot;C:\\Users\\DeyanNenov\\Documents\\GitHub\\Dynamo\\test\\core\\migration\\TestSortByKey.dyn&quot;)" time="1.2588870" />
    <testcase classname="Dynamo.Tests.MigrationTestFramework" name="Regressions(&quot;C:\\Users\\DeyanNenov\\Documents\\GitHub\\Dynamo\\test\\core\\migration\\TestStringInput.dyn&quot;)" time="1.1553690" />
    <testcase classname="Dynamo.Tests.MigrationTestFramework" name="Regressions(&quot;C:\\Users\\DeyanNenov\\Documents\\GitHub\\Dynamo\\test\\core\\migration\\TestSubtract.dyn&quot;)" time="1.0899509" />
    <testcase classname="Dynamo.Tests.MigrationTestFramework" name="Regressions(&quot;C:\\Users\\DeyanNenov\\Documents\\GitHub\\Dynamo\\test\\core\\migration\\TestTakeEveryNth.dyn&quot;)" time="1.4012780" />
    <testcase classname="Dynamo.Tests.MigrationTestFramework" name="Regressions(&quot;C:\\Users\\DeyanNenov\\Documents\\GitHub\\Dynamo\\test\\core\\migration\\TestTakeEveryNth_ListOfListAsInput.dyn&quot;)" time="1.2048770" />
    <testcase classname="Dynamo.Tests.MigrationTestFramework" name="Regressions(&quot;C:\\Users\\DeyanNenov\\Documents\\GitHub\\Dynamo\\test\\core\\migration\\TestTakeFromList.dyn&quot;)" time="1.2806650" />
    <testcase classname="Dynamo.Tests.MigrationTestFramework" name="Regressions(&quot;C:\\Users\\DeyanNenov\\Documents\\GitHub\\Dynamo\\test\\core\\migration\\TestTakeFromList_ListOfListAsInput.dyn&quot;)" time="1.2084360" />
    <testcase classname="Dynamo.Tests.MigrationTestFramework" name="Regressions(&quot;C:\\Users\\DeyanNenov\\Documents\\GitHub\\Dynamo\\test\\core\\migration\\TestTangent.dyn&quot;)" time="1.1742260" />
    <testcase classname="Dynamo.Tests.MigrationTestFramework" name="Regressions(&quot;C:\\Users\\DeyanNenov\\Documents\\GitHub\\Dynamo\\test\\core\\migration\\TestThickenCurve.dyn&quot;)" time="1.0934250" />
    <testcase classname="Dynamo.Tests.MigrationTestFramework" name="Regressions(&quot;C:\\Users\\DeyanNenov\\Documents\\GitHub\\Dynamo\\test\\core\\migration\\TestWriteFile.dyn&quot;)" time="1.0834750" />
    <testcase classname="Dynamo.Tests.MigrationTestFramework" name="Regressions(&quot;C:\\Users\\DeyanNenov\\Documents\\GitHub\\Dynamo\\test\\core\\migration\\TestXor.dyn&quot;)" time="1.1545310" />
    <testcase classname="Dynamo.Tests.MigrationTestFramework" name="Regressions(&quot;C:\\Users\\DeyanNenov\\Documents\\GitHub\\Dynamo\\test\\core\\migration\\TestXor_NumberInput.dyn&quot;)" time="1.4133640" />
    <testcase classname="Dynamo.Tests.MigrationTestFramework" name="Regressions(&quot;C:\\Users\\DeyanNenov\\Documents\\GitHub\\Dynamo\\test\\core\\migration\\TestXyPlane.dyn&quot;)" time="1.0817460" />
    <testcase classname="Dynamo.Tests.MigrationTestFramework" name="Regressions(&quot;C:\\Users\\DeyanNenov\\Documents\\GitHub\\Dynamo\\test\\core\\migration\\TestXyzAverage.dyn&quot;)" time="1.4955880" />
    <testcase classname="Dynamo.Tests.MigrationTestFramework" name="Regressions(&quot;C:\\Users\\DeyanNenov\\Documents\\GitHub\\Dynamo\\test\\core\\migration\\TestXzPlane.dyn&quot;)" time="1.1927319" />
    <testcase classname="Dynamo.Tests.MigrationTestFramework" name="Regressions(&quot;C:\\Users\\DeyanNenov\\Documents\\GitHub\\Dynamo\\test\\core\\migration\\TestYzPlane.dyn&quot;)" time="1.4291840" />
    <testcase classname="Dynamo.Tests.MigrationTestFramework" name="Regressions(&quot;C:\\Users\\DeyanNenov\\Documents\\GitHub\\Dynamo\\test\\core\\migration\\Transpose_3061.dyn&quot;)" time="1.1461660" />
    <testcase classname="Dynamo.Tests.SerializationTests" name="AllTypesSerialize" time="1.2875810" />
    <testcase classname="Dynamo.Tests.SerializationTests" name="ColorPaletteNodeInputDataSerializationTest" time="1.2322950" />
    <testcase classname="Dynamo.Tests.SerializationTests" name="ConverterDoesNotThrowWithNullEngine" time="0.8996020" />
    <testcase classname="Dynamo.Tests.SerializationTests" name="CustomNodeSerializationTest" time="1.0910270" />
    <testcase classname="Dynamo.Tests.SerializationTests" name="DropDownNodesNodeInputDataSerializationTest" time="1.1646270" />
    <testcase classname="Dynamo.Tests.SerializationTests" name="FunctionNodeLoadsWhenSignatureChanges" time="1.1728220" />
    <testcase classname="Dynamo.Tests.SerializationTests" name="InPortDescriptionDeserilizationTest" time="0.8374620" />
    <testcase classname="Dynamo.Tests.SerializationTests" name="NodeDescriptionDeserilizationTest" time="1.2135090" />
    <testcase classname="Dynamo.Tests.SerializationTests" name="NodeFreezeStateDeserilizationTest" time="1.0553640" />
    <testcase classname="Dynamo.Tests.SerializationTests" name="NodeIsSetAsInputStateDeserilizationTest" time="0.9494870" />
    <testcase classname="Dynamo.Tests.SerializationTests" name="NodeIsSetAsOutputStateDeserilizationTest" time="0.9749360" />
    <testcase classname="Dynamo.Tests.SerializationTests" name="NodeNameDeserilizationTest" time="0.9388200" />
    <testcase classname="Dynamo.Tests.SerializationTests" name="NodeWithInputTypeAndType2FromTheFutureShouldNotBreakFileDeserialization" time="0.8880650" />
    <testcase classname="Dynamo.Tests.SerializationTests" name="NodeWithInputTypeFromTheFutureShouldNotBreakFileDeserialization" time="0.8637290" />
    <testcase classname="Dynamo.Tests.SerializationTests" name="NullWorkspaceRefsDeserializedAsEmpty" time="0.6718490" />
    <testcase classname="Dynamo.Tests.SerializationTests" name="OutPortDescriptionDeserilizationTest" time="0.7584740" />
    <testcase classname="Dynamo.Tests.SerializationTests" name="ReadConverterDoesNotThrowWithNullEngineAndScheduler" time="0.6920820" />
  </testsuite>
</testsuites>