<?xml version="1.0" encoding="utf-8"?>
<testsuites time="1,290.479" tests="584" failures="8">
  <testsuite id="0" name="DynamoCoreTests.dll" tests="71" failures="0" time="154.323">
    <testcase classname="Dynamo.Tests.CodeBlockNodeTests" name="CallingInstanceMethodStaticallyWithoutInstanceDoesNotCrash" time="2.8455780" />
    <testcase classname="Dynamo.Tests.CodeBlockNodeTests" name="ChangeListSyntax_CodeBlockInErrorState" time="1.4839950" />
    <testcase classname="Dynamo.Tests.CodeBlockNodeTests" name="CodeBlockConnectionsRemainAfterUndo" time="1.0060380" />
    <testcase classname="Dynamo.Tests.CodeBlockNodeTests" name="Defect_MAGN_1045" time="1.3191730" />
    <testcase classname="Dynamo.Tests.CodeBlockNodeTests" name="Defect_MAGN_3244" time="1.0718120" />
    <testcase classname="Dynamo.Tests.CodeBlockNodeTests" name="Defect_MAGN_3244_extended" time="1.3531780" />
    <testcase classname="Dynamo.Tests.CodeBlockNodeTests" name="Defect_MAGN_3580" time="1.1847100" />
    <testcase classname="Dynamo.Tests.CodeBlockNodeTests" name="Defect_MAGN_3599" time="0.9947280" />
    <testcase classname="Dynamo.Tests.CodeBlockNodeTests" name="Defect_MAGN_4024" time="1.1535730" />
    <testcase classname="Dynamo.Tests.CodeBlockNodeTests" name="Defect_MAGN_4946" time="1.5951480" />
    <testcase classname="Dynamo.Tests.CodeBlockNodeTests" name="Defect_MAGN_6723" time="1.5798460" />
    <testcase classname="Dynamo.Tests.CodeBlockNodeTests" name="Defect_MAGN_784" time="1.4660690" />
    <testcase classname="Dynamo.Tests.CodeBlockNodeTests" name="FunctionCall_NoWarning_WithFunctionDef" time="2.0183710" />
    <testcase classname="Dynamo.Tests.CodeBlockNodeTests" name="FunctionCall_ThrowsWarning_WithFunctionDefMarkedInactive" time="1.5908680" />
    <testcase classname="Dynamo.Tests.CodeBlockNodeTests" name="FunctionCall_ThrowsWarning_WithoutFunctionDef" time="1.5857349" />
    <testcase classname="Dynamo.Tests.CodeBlockNodeTests" name="FunctionCallCBN_AfterFunctionDef_NoWarning" time="2.0497730" />
    <testcase classname="Dynamo.Tests.CodeBlockNodeTests" name="FunctionCallCBN_NoFunctionDef_Warning" time="1.2760050" />
    <testcase classname="Dynamo.Tests.CodeBlockNodeTests" name="GenerateInputPortData00" time="1.5025050" />
    <testcase classname="Dynamo.Tests.CodeBlockNodeTests" name="GenerateInputPortData01" time="1.6105630" />
    <testcase classname="Dynamo.Tests.CodeBlockNodeTests" name="GenerateInputPortData02" time="1.5929890" />
    <testcase classname="Dynamo.Tests.CodeBlockNodeTests" name="GetStatementVariables00" time="1.6933090" />
    <testcase classname="Dynamo.Tests.CodeBlockNodeTests" name="GetStatementVariables01" time="1.4392050" />
    <testcase classname="Dynamo.Tests.CodeBlockNodeTests" name="GetStatementVariablesForOutports00" time="1.6953540" />
    <testcase classname="Dynamo.Tests.CodeBlockNodeTests" name="ImperativeFunctionCall_NoWarning_WithFunctionDef" time="2.1058040" />
    <testcase classname="Dynamo.Tests.CodeBlockNodeTests" name="ImperativeFunctionCall_ThrowsWarning_WithFunctionDefMarkedInactive" time="1.6797480" />
    <testcase classname="Dynamo.Tests.CodeBlockNodeTests" name="ImperativeFunctionCall_ThrowsWarning_WithoutFunctionDef" time="2.1801820" />
    <testcase classname="Dynamo.Tests.CodeBlockNodeTests" name="ImportStatementInCodeBlock_DoesNotLoadAssemblyIntoProcess" time="2.0937560" />
    <testcase classname="Dynamo.Tests.CodeBlockNodeTests" name="InPort_WithInlineConditionNonAssignment_Creation" time="1.6723320" />
    <testcase classname="Dynamo.Tests.CodeBlockNodeTests" name="IntegerOverflow" time="1.8782360" />
    <testcase classname="Dynamo.Tests.CodeBlockNodeTests" name="MethodDeprecated_LogsWarning" time="2.4440800" />
    <testcase classname="Dynamo.Tests.CodeBlockNodeTests" name="NestedLangBlock_MultipleLevels" time="1.9390890" />
    <testcase classname="Dynamo.Tests.CodeBlockNodeTests" name="OutPort_WithCommentNonAssignment_Alignment" time="1.9664050" />
    <testcase classname="Dynamo.Tests.CodeBlockNodeTests" name="Parse_NonAssignmentFollowedByAssignment" time="1.9151760" />
    <testcase classname="Dynamo.Tests.CodeBlockNodeTests" name="Parse_TypedVariableDeclaration" time="1.8275640" />
    <testcase classname="Dynamo.Tests.CodeBlockNodeTests" name="PortIndicesShouldProduceCorrectConnectorOffsets" time="1.5591870" />
    <testcase classname="Dynamo.Tests.CodeBlockNodeTests" name="Resolve_NamespaceConflict_LoadLibrary" time="1.8952930" />
    <testcase classname="Dynamo.Tests.CodeBlockNodeTests" name="StatementRequiresOutputPort00" time="2.0598220" />
    <testcase classname="Dynamo.Tests.CodeBlockNodeTests" name="StatementRequiresOutputPort01" time="2.0314880" />
    <testcase classname="Dynamo.Tests.CodeBlockNodeTests" name="StatementRequiresOutputPort02" time="2.8297140" />
    <testcase classname="Dynamo.Tests.CodeBlockNodeTests" name="Test_InportOutportConnections_RetainedForCodeBlockErrors" time="3.0571650" />
    <testcase classname="Dynamo.Tests.CodeBlockNodeTests" name="Test_InportOutportConnections_RetainedForCodeBlockErrorsInFile" time="3.0918280" />
    <testcase classname="Dynamo.Tests.CodeBlockNodeTests" name="Test_PortErrorBehavior_CodeBlockErrorsInFile" time="2.1635030" />
    <testcase classname="Dynamo.Tests.CodeBlockNodeTests" name="TestDefenitionLineIndexMap" time="3.0127350" />
    <testcase classname="Dynamo.Tests.CodeBlockNodeTests" name="TestEscapeSequenceAtEnd" time="2.6152330" />
    <testcase classname="Dynamo.Tests.CodeBlockNodeTests" name="TestFormatTextScenarios" time="2.0910870" />
    <testcase classname="Dynamo.Tests.CodeBlockNodeTests" name="TestFunctionDefaultParameters" time="2.7403120" />
    <testcase classname="Dynamo.Tests.CodeBlockNodeTests" name="TestFunctionMultipleBlocksDefaultParameters" time="2.0380700" />
    <testcase classname="Dynamo.Tests.CodeBlockNodeTests" name="TestFunctionOneArgumentOneDefaultParameter" time="2.1732820" />
    <testcase classname="Dynamo.Tests.CodeBlockNodeTests" name="TestFunctionSingleDefaultParameter" time="2.0818300" />
    <testcase classname="Dynamo.Tests.CodeBlockNodeTests" name="TestFunctionThreeDefaultParameters" time="3.4753440" />
    <testcase classname="Dynamo.Tests.CodeBlockNodeTests" name="TestFunctionTwoDefaultParameters" time="2.6896370" />
    <testcase classname="Dynamo.Tests.CodeBlockNodeTests" name="TestInOutPorts_ForChainedExpression" time="2.0885360" />
    <testcase classname="Dynamo.Tests.CodeBlockNodeTests" name="TestLoadFileWithBrokenCodeBlockAndGetExternalReferences" time="2.4133930" />
    <testcase classname="Dynamo.Tests.CodeBlockNodeTests" name="TestMultipleIndexingInCodeBlockNode" time="2.1817790" />
    <testcase classname="Dynamo.Tests.CodeBlockNodeTests" name="TestOutportConnectors_OnAssigningVariables_ToRetainConnections" time="2.3463830" />
    <testcase classname="Dynamo.Tests.CodeBlockNodeTests" name="TestOutportNameForRangeAndSequence" time="2.7690220" />
    <testcase classname="Dynamo.Tests.CodeBlockNodeTests" name="TestOutputPortUpdateWithFunctionDef" time="2.9253070" />
    <testcase classname="Dynamo.Tests.CodeBlockNodeTests" name="TestSemiColonAddition" time="2.7832360" />
    <testcase classname="Dynamo.Tests.CodeBlockNodeTests" name="TestTooltipAndLabelMaxLength" time="2.7086360" />
    <testcase classname="Dynamo.Tests.CodeBlockNodeTests" name="TestVarRecursiveDepInAssocBlock" time="2.9145330" />
    <testcase classname="Dynamo.Tests.CodeBlockNodeTests" name="TestVarRecursiveDepInFunctionDef" time="3.1441300" />
    <testcase classname="Dynamo.Tests.CodeBlockNodeTests" name="TestVarRedefinitionInAssocBlock" time="2.2336010" />
    <testcase classname="Dynamo.Tests.CodeBlockNodeTests" name="TestVarRedefinitionInFunctionDef" time="2.5440170" />
    <testcase classname="Dynamo.Tests.CodeBlockNodeTests" name="TestWarningsWithListMethods" time="2.8383029" />
    <testcase classname="Dynamo.Tests.CodeBlockNodeTests" name="TextFormat_CurlyBraces_SemiColonAddedAutomatically" time="3.7050110" />
    <testcase classname="Dynamo.Tests.CodeBlockNodeTests" name="TextFormat_SingleLineComment_NoSemiColonAdded" time="2.3194540" />
    <testcase classname="Dynamo.Tests.CodeBlockNodeTests" name="TypedIdentifier_AssignedToDifferentType_ThrowsWarning" time="3.0387200" />
    <testcase classname="Dynamo.Tests.CodeBlockNodeTests" name="TypedIdentifier_AssignedToDifferentType_ThrowsWarning2" time="4.1205890" />
    <testcase classname="Dynamo.Tests.CodeBlockNodeTests" name="UndoRedoCodeBlockDeletionDoesNotCrash" time="3.1921740" />
    <testcase classname="Dynamo.Tests.CodeBlockNodeTests" name="UndoRedoCodeBlockErrorStateDoesNotCrashInputs" time="2.9640710" />
    <testcase classname="Dynamo.Tests.CodeBlockNodeTests" name="UndoRedoCodeBlockErrorStateDoesNotCrashOutputs" time="2.6756230" />
  </testsuite>
  <testsuite id="1" name="DynamoCoreWpf2Tests.dll" tests="137" failures="4" time="486.149">
    <testcase classname="Dynamo.PackageManager.Wpf.Tests.PackageDependencyTests" name="CanDiscoverDependenciesForFunctionDefinitionOpenFromFile" time="4.4421140" />
    <testcase classname="Dynamo.PackageManager.Wpf.Tests.PackageDependencyTests" name="NodeModelPackageDependencyIsCollected" time="3.0001640" />
    <testcase classname="Dynamo.PackageManager.Wpf.Tests.PackageManagerSearchElementViewModelTests" name="HostCompatibilityFiltersExclusivity" time="7.9092960" />
    <testcase classname="Dynamo.PackageManager.Wpf.Tests.PackageManagerSearchElementViewModelTests" name="IsVersionCompatible_ExactVersionInList_ReturnsTrue" time="5.3489980" />
    <testcase classname="Dynamo.PackageManager.Wpf.Tests.PackageManagerSearchElementViewModelTests" name="IsVersionCompatible_InValidMaxRange_ReturnsFalseForVersionOutsideOfMajorVersion" time="4.5579200" />
    <testcase classname="Dynamo.PackageManager.Wpf.Tests.PackageManagerSearchElementViewModelTests" name="IsVersionCompatible_InValidMaxRange_ReturnsTrueForVersionInsideOfMajorVersion" time="4.0295390" />
    <testcase classname="Dynamo.PackageManager.Wpf.Tests.PackageManagerSearchElementViewModelTests" name="IsVersionCompatible_InValidMaxWildCardRange_ReturnsFalseForVersionOutsideOfMajorVersion" time="4.8179480" />
    <testcase classname="Dynamo.PackageManager.Wpf.Tests.PackageManagerSearchElementViewModelTests" name="IsVersionCompatible_InValidMaxWildCardRange_ReturnsTrueForVersionInsideOfMajorVersion" time="5.3054059" />
    <testcase classname="Dynamo.PackageManager.Wpf.Tests.PackageManagerSearchElementViewModelTests" name="IsVersionCompatible_InvalidMinMaxRange_ThrowsArgumentException" time="5.0885390" />
    <testcase classname="Dynamo.PackageManager.Wpf.Tests.PackageManagerSearchElementViewModelTests" name="IsVersionCompatible_MaxOnly_ReturnsFalse" time="4.3336340" />
    <testcase classname="Dynamo.PackageManager.Wpf.Tests.PackageManagerSearchElementViewModelTests" name="IsVersionCompatible_MinAndMax_ReturnsTrueForVersionWithinRange" time="4.1558930" />
    <testcase classname="Dynamo.PackageManager.Wpf.Tests.PackageManagerSearchElementViewModelTests" name="IsVersionCompatible_MinOnly_ReturnsTrueForCompatibleVersion" time="4.3649490" />
    <testcase classname="Dynamo.PackageManager.Wpf.Tests.PackageManagerSearchElementViewModelTests" name="IsVersionCompatible_MinOnlyBeyondMajorVersion_ReturnsFalse" time="5.1606759" />
    <testcase classname="Dynamo.PackageManager.Wpf.Tests.PackageManagerSearchElementViewModelTests" name="IsVersionCompatible_MinOnlyWithinSameMajorVersion_ReturnsTrue" time="5.3621990" />
    <testcase classname="Dynamo.PackageManager.Wpf.Tests.PackageManagerSearchElementViewModelTests" name="IsVersionCompatible_NoCompatibleVersion_ReturnsFalse" time="6.3462379" />
    <testcase classname="Dynamo.PackageManager.Wpf.Tests.PackageManagerSearchElementViewModelTests" name="IsVersionCompatible_ValidMaxWildCardRange_ReturnsFalseForVersionOutsideMajorVersionRange" time="6.2130480" />
    <testcase classname="Dynamo.PackageManager.Wpf.Tests.PackageManagerSearchElementViewModelTests" name="IsVersionCompatible_ValidMaxWildCardRange_ReturnsFalseForVersionOutsideMinorVersionRange" time="5.6831720" />
    <testcase classname="Dynamo.PackageManager.Wpf.Tests.PackageManagerSearchElementViewModelTests" name="IsVersionCompatible_ValidMaxWildCardRange1_ReturnsTrueForVersionWithinDomainRange" time="5.3869770" />
    <testcase classname="Dynamo.PackageManager.Wpf.Tests.PackageManagerSearchElementViewModelTests" name="IsVersionCompatible_ValidMaxWildCardRange1_ReturnsTrueForVersionWithinRange" time="4.8280860" />
    <testcase classname="Dynamo.PackageManager.Wpf.Tests.PackageManagerSearchElementViewModelTests" name="IsVersionCompatible_ValidMaxWildCardRange2_ReturnsTrueForVersionWithinRange" time="5.5295360" />
    <testcase classname="Dynamo.PackageManager.Wpf.Tests.PackageManagerSearchElementViewModelTests" name="NormalizeAndCompareVersionStringList_ShouldFail" time="3.1852809" />
    <testcase classname="Dynamo.PackageManager.Wpf.Tests.PackageManagerSearchElementViewModelTests" name="NormalizeAndCompareVersionStringList_ShouldSucceed" time="5.1853310" />
    <testcase classname="Dynamo.PackageManager.Wpf.Tests.PackageManagerSearchElementViewModelTests" name="PackageSearchDialogSearchDifferentLanguage" time="5.9189320" />
    <testcase classname="Dynamo.PackageManager.Wpf.Tests.PackageManagerSearchElementViewModelTests" name="PackageSearchDialogSearchIntersectAgainstHostFilters" time="4.7347400" />
    <testcase classname="Dynamo.PackageManager.Wpf.Tests.PackageManagerSearchElementViewModelTests" name="PackageSearchDialogSearchTestCompatibilityFilters" time="3.5954080" />
    <testcase classname="Dynamo.PackageManager.Wpf.Tests.PackageManagerSearchElementViewModelTests" name="PackageSearchDialogSearchTestDependencyFilters" time="3.7043630" />
    <testcase classname="Dynamo.PackageManager.Wpf.Tests.PackageManagerSearchElementViewModelTests" name="PackageSearchDialogSearchTestStatusFilters" time="3.5298180" />
    <testcase classname="Dynamo.PackageManager.Wpf.Tests.PackageManagerSearchElementViewModelTests" name="PackageSearchOrderAfterTextReset" time="3.7273900" />
    <testcase classname="Dynamo.PackageManager.Wpf.Tests.PackageManagerSearchElementViewModelTests" name="PackageSearchWithWhitespaceInName" time="3.9281210" />
    <testcase classname="Dynamo.PackageManager.Wpf.Tests.PackageManagerSearchElementViewModelTests" name="TestComputeIncompatibleVersionCompatibility" time="3.3923960" />
    <testcase classname="Dynamo.PackageManager.Wpf.Tests.PackageManagerSearchElementViewModelTests" name="TestComputeMinMaxMultipleSingleCompatibility(&quot;2.19.0.2114&quot;,True)" time="3.5049680" />
    <testcase classname="Dynamo.PackageManager.Wpf.Tests.PackageManagerSearchElementViewModelTests" name="TestComputeMinMaxMultipleSingleCompatibility(&quot;2.19.1.2114&quot;,False)" time="4.1270470" />
    <testcase classname="Dynamo.PackageManager.Wpf.Tests.PackageManagerSearchElementViewModelTests" name="TestComputeMinMaxMultipleSingleCompatibility(&quot;2.19.5.2114&quot;,True)" time="3.8101600" />
    <testcase classname="Dynamo.PackageManager.Wpf.Tests.PackageManagerSearchElementViewModelTests" name="TestComputeMinMaxMultipleSingleCompatibility(&quot;2.19.6.2114&quot;,True)" time="2.4005960" />
    <testcase classname="Dynamo.PackageManager.Wpf.Tests.PackageManagerSearchElementViewModelTests" name="TestComputeMinMaxMultipleSingleCompatibility(&quot;3.0.0.2114&quot;,True)" time="2.5371140" />
    <testcase classname="Dynamo.PackageManager.Wpf.Tests.PackageManagerSearchElementViewModelTests" name="TestComputeMinMaxMultipleSingleCompatibility(&quot;3.1.0.2114&quot;,True)" time="3.6558180" />
    <testcase classname="Dynamo.PackageManager.Wpf.Tests.PackageManagerSearchElementViewModelTests" name="TestComputeMinMaxMultipleSingleCompatibility(&quot;3.2.2.2114&quot;,True)" time="4.1142990" />
    <testcase classname="Dynamo.PackageManager.Wpf.Tests.PackageManagerSearchElementViewModelTests" name="TestComputeMinMaxMultipleSingleCompatibility(&quot;3.3.0.1232&quot;,False)" time="3.4013030" />
    <testcase classname="Dynamo.PackageManager.Wpf.Tests.PackageManagerSearchElementViewModelTests" name="TestComputeMinMaxMultipleSingleCompatibility(&quot;3.4.0.6825&quot;,True)" time="2.6902730" />
    <testcase classname="Dynamo.PackageManager.Wpf.Tests.PackageManagerSearchElementViewModelTests" name="TestComputeMultipleSingleCompatibility(&quot;2.9.9.2114&quot;,False)" time="2.7698980" />
    <testcase classname="Dynamo.PackageManager.Wpf.Tests.PackageManagerSearchElementViewModelTests" name="TestComputeMultipleSingleCompatibility(&quot;3.0.0.2114&quot;,True)" time="3.0549100" />
    <testcase classname="Dynamo.PackageManager.Wpf.Tests.PackageManagerSearchElementViewModelTests" name="TestComputeMultipleSingleCompatibility(&quot;3.1.0.2114&quot;,True)" time="2.9583770" />
    <testcase classname="Dynamo.PackageManager.Wpf.Tests.PackageManagerSearchElementViewModelTests" name="TestComputeMultipleSingleCompatibility(&quot;3.2.2.2114&quot;,True)" time="3.0709810" />
    <testcase classname="Dynamo.PackageManager.Wpf.Tests.PackageManagerSearchElementViewModelTests" name="TestComputeMultipleSingleCompatibility(&quot;3.3.0.2114&quot;,False)" time="3.0088100" />
    <testcase classname="Dynamo.PackageManager.Wpf.Tests.PackageManagerSearchElementViewModelTests" name="TestComputeMultipleSingleCompatibility(&quot;3.4.0.2114&quot;,False)" time="2.7986840" />
    <testcase classname="Dynamo.PackageManager.Wpf.Tests.PackageManagerSearchElementViewModelTests" name="TestComputeVersion_HostCompatibility" time="3.1537410" />
    <testcase classname="Dynamo.PackageManager.Wpf.Tests.PackageManagerSearchElementViewModelTests" name="TestComputeVersionCompatibility" time="2.9972650" />
    <testcase classname="Dynamo.PackageManager.Wpf.Tests.PackageManagerSearchElementViewModelTests" name="TestComputeVersionNoDynamoCompatibility" time="3.1247970" />
    <testcase classname="Dynamo.PackageManager.Wpf.Tests.PackageManagerSearchElementViewModelTests" name="TestComputeVersionSingleCompatibility" time="2.8232900" />
    <testcase classname="Dynamo.PackageManager.Wpf.Tests.PackageManagerSearchElementViewModelTests" name="TestFullHostMatrix_HostCompatibility" time="3.1556460" />
    <testcase classname="Dynamo.PackageManager.Wpf.Tests.PackageManagerSearchElementViewModelTests" name="TestLowerCaseCompatibilityMap" time="2.8774310" />
    <testcase classname="Dynamo.PackageManager.Wpf.Tests.PackageManagerSearchElementViewModelTests" name="TestNullCompatibilityMap" time="2.9775160" />
    <testcase classname="Dynamo.PackageManager.Wpf.Tests.PackageManagerSearchElementViewModelTests" name="TestPackageManagerInstallStatusByResourceName" time="2.5436470" />
    <testcase classname="Dynamo.PackageManager.Wpf.Tests.PackageManagerSearchElementViewModelTests" name="TestPackageManagerSearchElementCanInstall" time="2.5052300" />
    <testcase classname="Dynamo.PackageManager.Wpf.Tests.PackageManagerSearchElementViewModelTests" name="TestPreciseSingleCompatibility(&quot;3.1.0.2123&quot;,True)" time="2.0112480" />
    <testcase classname="Dynamo.PackageManager.Wpf.Tests.PackageManagerSearchElementViewModelTests" name="TestPreciseSingleCompatibility(&quot;3.4.0.6825&quot;,True)" time="2.4940129" />
    <testcase classname="Dynamo.PackageManager.Wpf.Tests.PackageManagerSearchElementViewModelTests" name="TestPreciseSingleCompatibility(&quot;2.19.0.6825&quot;,False)" time="2.0116530" />
    <testcase classname="Dynamo.PackageManager.Wpf.Tests.PackageManagerSearchElementViewModelTests" name="TestPreciseSingleCompatibility(&quot;2.0.0.6825&quot;,True)" time="2.1675700" />
    <testcase classname="Dynamo.PackageManager.Wpf.Tests.PackageManagerSearchElementViewModelTests" name="TestReverseDynamoCompatibilityFromHost" time="2.3178359" />
    <testcase classname="Dynamo.PackageManager.Wpf.Tests.PackageManagerSearchViewModelTests" name="FormatPackageVersionList_CorrectlyFormatsASingleElement" time="0.0005900" />
    <testcase classname="Dynamo.PackageManager.Wpf.Tests.PackageManagerSearchViewModelTests" name="FormatPackageVersionList_CorrectlyFormatsMultipleElements" time="0.0001760" />
    <testcase classname="DynamoCoreWpfTests.PackageManager.PackageManagerControlTests" name="SearchBoxControlTextTests" time="2.4908430" />
    <testcase classname="DynamoCoreWpfTests.PackageManager.PackageManagerExtensionLoadingTests" name="PackageManagerLoadsAndAddsExtension" time="2.7424760" />
    <testcase classname="DynamoCoreWpfTests.PackageManager.PackageManagerExtensionLoadingTests" name="PackageManagerLoadsAndAddsViewExtension" time="2.3646189" />
    <testcase classname="DynamoCoreWpfTests.PackageManager.PackageManagerExtensionLoadingTests" name="PackageManagerLoadsExtensionAndItWorks" time="2.2173810" />
    <testcase classname="DynamoCoreWpfTests.PackageManager.PackageManagerExtensionLoadingTests" name="PackageManagerLoadsViewExtensionAndItWorks" time="2.7002449" />
    <testcase classname="DynamoCoreWpfTests.PackageManager.PackageManagerUITests" name="AddsFilesAndFoldersFromFilePathsCorrectly" time="2.1134990" />
    <testcase classname="DynamoCoreWpfTests.PackageManager.PackageManagerUITests" name="AddsFilesAndFoldersFromMultipleFilePathsCorrectly" time="1.9343010" />
    <testcase classname="DynamoCoreWpfTests.PackageManager.PackageManagerUITests" name="AssertGetExistingRootItemViewModelReturnsCorrectItem" time="2.1644110" />
    <testcase classname="DynamoCoreWpfTests.PackageManager.PackageManagerUITests" name="AssertGetPreBuildRootItemViewModelReturnsCorrectItem" time="2.3213620">
      <error message="  Expected: 4&#xD;&#xA;  But was:  6&#xD;&#xA;">   at DynamoCoreWpfTests.PackageManager.PackageManagerUITests.AssertGetPreBuildRootItemViewModelReturnsCorrectItem() in C:\Users\DeyanNenov\Documents\GitHub\Dynamo\test\DynamoCoreWpf2Tests\PackageManager\PackageManagerUITests.cs:line 2059
</error>
    </testcase>
    <testcase classname="DynamoCoreWpfTests.PackageManager.PackageManagerUITests" name="AssertPreviewPackageDefaultFolderStructureEqualsPublishLocalPackageResults" time="2.9667710" />
    <testcase classname="DynamoCoreWpfTests.PackageManager.PackageManagerUITests" name="AssertPreviewPackageRetainFolderStructureEqualsPublishLocalPackageResults" time="3.6117780" />
    <testcase classname="DynamoCoreWpfTests.PackageManager.PackageManagerUITests" name="AssertPreviewPackageRetainFolderStructureEqualsPublishLocalPackageResultsForNestedFolders" time="3.9508520" />
    <testcase classname="DynamoCoreWpfTests.PackageManager.PackageManagerUITests" name="AssertPublishLocalHandleType" time="0.0006480" />
    <testcase classname="DynamoCoreWpfTests.PackageManager.PackageManagerUITests" name="AssertPublishNewPackageVersion_SuccessfulForLoadedPackages" time="4.1653530" />
    <testcase classname="DynamoCoreWpfTests.PackageManager.PackageManagerUITests" name="CannotCreateDuplicatePackageManagerDialogs" time="4.8553040" />
    <testcase classname="DynamoCoreWpfTests.PackageManager.PackageManagerUITests" name="CannotCreateDuplicatePackagePublishDialogs" time="6.8536640" />
    <testcase classname="DynamoCoreWpfTests.PackageManager.PackageManagerUITests" name="CannotCreateDuplicatePackageSearchDialogs" time="4.9304700" />
    <testcase classname="DynamoCoreWpfTests.PackageManager.PackageManagerUITests" name="CanOpenManagePackagesDialogAndWindowIsOwned" time="7.3832360" />
    <testcase classname="DynamoCoreWpfTests.PackageManager.PackageManagerUITests" name="CanOpenPackageManagerAndWindowIsOwned" time="6.3972020" />
    <testcase classname="DynamoCoreWpfTests.PackageManager.PackageManagerUITests" name="CanOpenPackagePublishDialogAndWindowIsOwned" time="5.8660530" />
    <testcase classname="DynamoCoreWpfTests.PackageManager.PackageManagerUITests" name="CanOpenPackageSearchDialogAndWindowIsOwned" time="5.1647570" />
    <testcase classname="DynamoCoreWpfTests.PackageManager.PackageManagerUITests" name="CanRemoveAllDependencyTypes" time="3.5488540" />
    <testcase classname="DynamoCoreWpfTests.PackageManager.PackageManagerUITests" name="CanRemoveCustomDefinitionDependencyTypes" time="3.2092329" />
    <testcase classname="DynamoCoreWpfTests.PackageManager.PackageManagerUITests" name="DynamoMessageBoxButtonCases" time="4.2776140" />
    <testcase classname="DynamoCoreWpfTests.PackageManager.PackageManagerUITests" name="DynamoMessageBoxButtonsSetCorrectly" time="5.1464930" />
    <testcase classname="DynamoCoreWpfTests.PackageManager.PackageManagerUITests" name="FiltersContextMenuStaysOpen" time="5.8941390" />
    <testcase classname="DynamoCoreWpfTests.PackageManager.PackageManagerUITests" name="GetAllFilesReturnsEqualsPackageContents" time="4.2757050" />
    <testcase classname="DynamoCoreWpfTests.PackageManager.PackageManagerUITests" name="InstallsPackagesEvenIfSomeFailToDownloadShouldNotThrow" time="3.3466750" />
    <testcase classname="DynamoCoreWpfTests.PackageManager.PackageManagerUITests" name="ManagePackagesDialogClosesWithDynamo" time="3.5156120" />
    <testcase classname="DynamoCoreWpfTests.PackageManager.PackageManagerUITests" name="PackageInitialResultsLoaded" time="4.2448530" />
    <testcase classname="DynamoCoreWpfTests.PackageManager.PackageManagerUITests" name="PackageManagerClosesWithDynamo" time="4.2592750" />
    <testcase classname="DynamoCoreWpfTests.PackageManager.PackageManagerUITests" name="PackageManagerConflictsUnloadedWithBltInPackage" time="4.9059410" />
    <testcase classname="DynamoCoreWpfTests.PackageManager.PackageManagerUITests" name="PackageManagerConflictsWithbltinpackages" time="5.3555380" />
    <testcase classname="DynamoCoreWpfTests.PackageManager.PackageManagerUITests" name="PackageManagerCrashTestOnDownloadingInvalidPackage" time="3.7880280" />
    <testcase classname="DynamoCoreWpfTests.PackageManager.PackageManagerUITests" name="PackageManagerDepConflictsWithBltinPackage" time="3.3318560" />
    <testcase classname="DynamoCoreWpfTests.PackageManager.PackageManagerUITests" name="PackageManagerDepConflictsWithLocalPackage" time="3.7918290" />
    <testcase classname="DynamoCoreWpfTests.PackageManager.PackageManagerUITests" name="PackageManagerDepMatchesBltinPackage" time="4.6632610" />
    <testcase classname="DynamoCoreWpfTests.PackageManager.PackageManagerUITests" name="PackageManagerDepMatchesLocalPackage" time="4.8998650" />
    <testcase classname="DynamoCoreWpfTests.PackageManager.PackageManagerUITests" name="PackageManagerDialogDoesNotThrowExceptions" time="3.8210460" />
    <testcase classname="DynamoCoreWpfTests.PackageManager.PackageManagerUITests" name="PackageManagerDownloadError" time="3.7033600" />
    <testcase classname="DynamoCoreWpfTests.PackageManager.PackageManagerUITests" name="PackageManagerDownloadsBeforeInstalling" time="3.7375430" />
    <testcase classname="DynamoCoreWpfTests.PackageManager.PackageManagerUITests" name="PackageManagerErrorStatePackages" time="3.3257890" />
    <testcase classname="DynamoCoreWpfTests.PackageManager.PackageManagerUITests" name="PackageManagerLoadBuiltIn" time="3.5614390" />
    <testcase classname="DynamoCoreWpfTests.PackageManager.PackageManagerUITests" name="PackageManagerLoadManuallyUnloadedBuiltIn" time="3.0197830">
      <error message="  Expected: 2&#xD;&#xA;  But was:  3&#xD;&#xA;">   at DynamoCoreWpfTests.PackageManager.PackageManagerUITests.PackageManagerLoadManuallyUnloadedBuiltIn() in C:\Users\DeyanNenov\Documents\GitHub\Dynamo\test\DynamoCoreWpf2Tests\PackageManager\PackageManagerUITests.cs:line 1026
</error>
    </testcase>
    <testcase classname="DynamoCoreWpfTests.PackageManager.PackageManagerUITests" name="PackageManagerNoDuplicatesOnPathIsRemovedThenAdded" time="3.1555800">
      <error message="  Expected: 1&#xD;&#xA;  But was:  2&#xD;&#xA;">   at DynamoCoreWpfTests.PackageManager.PackageManagerUITests.PackageManagerNoDuplicatesOnPathIsRemovedThenAdded() in C:\Users\DeyanNenov\Documents\GitHub\Dynamo\test\DynamoCoreWpf2Tests\PackageManager\PackageManagerUITests.cs:line 1079
</error>
    </testcase>
    <testcase classname="DynamoCoreWpfTests.PackageManager.PackageManagerUITests" name="PackageManagerShowsWarningWhenDownloadingLegacyPackage" time="3.0576210" />
    <testcase classname="DynamoCoreWpfTests.PackageManager.PackageManagerUITests" name="PackageManagerUninstallCommand" time="3.1005580">
      <error message="  Expected: 2&#xD;&#xA;  But was:  3&#xD;&#xA;">   at DynamoCoreWpfTests.PackageManager.PackageManagerUITests.PackageManagerUninstallCommand() in C:\Users\DeyanNenov\Documents\GitHub\Dynamo\test\DynamoCoreWpf2Tests\PackageManager\PackageManagerUITests.cs:line 965
</error>
    </testcase>
    <testcase classname="DynamoCoreWpfTests.PackageManager.PackageManagerUITests" name="PackageManagerWarnWhenInstallingPackageTargetingOtherHost" time="3.3344720" />
    <testcase classname="DynamoCoreWpfTests.PackageManager.PackageManagerUITests" name="PackagePublishKeywordPropertyAllowsSpaces" time="4.2960670" />
    <testcase classname="DynamoCoreWpfTests.PackageManager.PackageManagerUITests" name="PackagePublishNumericUpDownAllowsOnlyPositiveIntegerValues" time="3.5739980" />
    <testcase classname="DynamoCoreWpfTests.PackageManager.PackageManagerUITests" name="PackagePublishWindowClosesWithDynamo" time="3.6844690" />
    <testcase classname="DynamoCoreWpfTests.PackageManager.PackageManagerUITests" name="PackageSearchDialogClosesWithDynamo" time="3.5805690" />
    <testcase classname="DynamoCoreWpfTests.PackageManager.PackageManagerUITests" name="PackageSearchDialogSearchBoxPromptTextWhenNotSyncing" time="3.4500580" />
    <testcase classname="DynamoCoreWpfTests.PackageManager.PackageManagerUITests" name="PackageSearchDialogSearchBoxPromptTextWhileSyncing" time="3.2211530" />
    <testcase classname="DynamoCoreWpfTests.PackageManager.PackageManagerUITests" name="PackageSearchDialogSearchTextCollapsedWhileSyncing" time="3.4362300" />
    <testcase classname="DynamoCoreWpfTests.PackageManager.PackageManagerUITests" name="PackageSearchDialogSearchTextVisibleWhenNoResults" time="3.5303860" />
    <testcase classname="DynamoCoreWpfTests.PackageManager.PackageManagerUITests" name="PackageSearchDialogSearchTextVisibleWhenSearching" time="3.3338709" />
    <testcase classname="DynamoCoreWpfTests.PackageManager.PackageManagerUITests" name="PackageSearchDialogSearchTextVisibleWithResults" time="3.2048390" />
    <testcase classname="DynamoCoreWpfTests.PackageManager.PackageManagerUITests" name="RemoveAllChildrenFilesUpdatesContentItem" time="3.0111810" />
    <testcase classname="DynamoCoreWpfTests.PackageManager.PackageManagerUITests" name="RemoveFilesUpdatesPerviewContentItem" time="3.3787090" />
    <testcase classname="DynamoCoreWpfTests.PackageManager.PackageManagerUITests" name="RemoveMultipleRootItemsCorrectly" time="3.0618510" />
    <testcase classname="DynamoCoreWpfTests.PackageManager.PackageManagerUITests" name="SearchBoxInactiveOnWindowOpened" time="2.2968160" />
    <testcase classname="DynamoCoreWpfTests.PackageManager.PackageManagerUITests" name="TestAscendingSpinnerClickEvent" time="2.0981120" />
    <testcase classname="DynamoCoreWpfTests.PackageManager.PackageManagerUITests" name="TestDescendingSpinnerClickEvent" time="2.8656520" />
    <testcase classname="DynamoCoreWpfTests.PackageManager.PackageManagerUnitTests" name="ReturnsSameAsInputForUnknownMessages" time="0.0024110" />
    <testcase classname="DynamoCoreWpfTests.PackageManager.PackageManagerUnitTests" name="ReturnsTranslationForPackageAlreadyExistsError" time="0.0024960" />
    <testcase classname="DynamoCoreWpfTests.PackageManager.PackageManagerUnitTests" name="ReturnsTranslationForUserIsNotAMaintainerError" time="0.0024359" />
    <testcase classname="DynamoCoreWpfTests.PackageManager.PackageManagerViewExtensionTests" name="LateLoadedViewExtensionsHaveMethodsCalled" time="3.1995100" />
    <testcase classname="DynamoCoreWpfTests.PackageManager.PackageManagerViewExtensionTests" name="PackageManagerLoadsRuntimeGeneratedExtension" time="2.2813920" />
    <testcase classname="DynamoCoreWpfTests.PackageManager.PackageManagerViewExtensionTests" name="PackageManagerViewExtensionHasCorrectNumberOfRequestedExtensions" time="2.4671530" />
    <testcase classname="DynamoCoreWpfTests.PackageManager.PackageManagerViewExtensionTests" name="PackageManagerViewExtesion_SendsNotificationForPackagesThatTargetDifferentHost_AtExtensionLoad" time="2.8665960" />
    <testcase classname="DynamoCoreWpfTests.PackageManager.PackageManagerViewExtensionTests" name="PackageManagerViewExtesion_SendsNotificationForPackagesThatTargetDifferentHost_AtLatePackageLoad" time="2.8851000" />
    <testcase classname="DynamoCoreWpfTests.PackageManager.PackageManagerViewExtensionTests" name="PackageManagerViewExtesion_TriesToLoadLayoutSpecForBuiltInPackages" time="2.9393800" />
    <testcase classname="DynamoCoreWpfTests.PackageManager.PackageManagerViewExtensionTests" name="StartUpAndLoadedAreCalledOnceOnViewExtensionsInPackges" time="2.9010200" />
    <testcase classname="DynamoCoreWpfTests.PackageManager.PackageManagerViewExtensionTests" name="TestCrashInPackage" time="1.7742060" />
    <testcase classname="DynamoCoreWpfTests.PackageManager.PackageManagerViewModelTests" name="PackageManagerLoadAllViewModelsTests" time="1.5055369" />
  </testsuite>
  <testsuite id="2" name="DynamoCoreWpf3Tests.dll" tests="64" failures="0" time="136.699">
    <testcase classname="Dynamo.Tests.RecentFileTests" name="SavingFilesUpdateRecentFileList" time="2.1010900" />
    <testcase classname="Dynamo.Tests.RecentFileTests" name="SetMaxNumRecentFiles" time="0.7155530" />
    <testcase classname="Dynamo.Tests.WorkspaceOpeningTests" name="ClearingWorkspaceResetsPositionAndZoom" time="0.7438790" />
    <testcase classname="Dynamo.Tests.WorkspaceOpeningTests" name="ManipulatingWorkspaceDoesNotAffectZoom" time="0.7569210" />
    <testcase classname="Dynamo.Tests.WorkspaceOpeningTests" name="OpeningWorkspaceDoNotStartWithUnSavedChanges" time="0.8274890" />
    <testcase classname="Dynamo.Tests.WorkspaceOpeningTests" name="OpeningWorkspaceSetsPosition" time="0.5854009" />
    <testcase classname="Dynamo.Tests.WorkspaceOpeningTests" name="OpeningWorkspaceSetsZoom" time="0.7194710" />
    <testcase classname="Dynamo.Tests.WorkspaceOpeningTests" name="OpeningWorkspaceWithAutoRunState" time="0.8246220" />
    <testcase classname="Dynamo.Tests.WorkspaceOpeningTests" name="OpeningWorkspaceWithManualRunState" time="0.0003970" />
    <testcase classname="Dynamo.Tests.WorkspaceOpeningTests" name="OpeningXMLWorkspaceShouldSetDeterministicId" time="0.5834080" />
    <testcase classname="Dynamo.Tests.WorkspaceOpeningTests" name="VerifyRegisteredHomeWorkspace" time="1.7802940" />
    <testcase classname="DynamoCoreWpfTests.NoteViewTests" name="CanPinNodeToNode" time="2.8225980" />
    <testcase classname="DynamoCoreWpfTests.NoteViewTests" name="CanSelectPinnedNodeThroughNote" time="1.8567650" />
    <testcase classname="DynamoCoreWpfTests.NoteViewTests" name="HasUnsavedChangesWhenPinToNode" time="1.8929890" />
    <testcase classname="DynamoCoreWpfTests.NoteViewTests" name="NoteIsPlacedAbovePinnedNode" time="2.5365720" />
    <testcase classname="DynamoCoreWpfTests.NoteViewTests" name="NoteIsPlacedAbovePinnedNodeInErrorState" time="2.6580520" />
    <testcase classname="DynamoCoreWpfTests.NoteViewTests" name="PinToNodeCommandIsProperlyEnabled" time="2.9919030" />
    <testcase classname="DynamoCoreWpfTests.NoteViewTests" name="T01_ZIndex_Test_MouseDown" time="2.8278150" />
    <testcase classname="DynamoCoreWpfTests.NoteViewTests" name="T02_ZIndex_Test_NoteGreaterThanNode" time="2.9216980" />
    <testcase classname="DynamoCoreWpfTests.NoteViewTests" name="T03_Mousedown_NoteGreaterThanNode" time="3.1031930" />
    <testcase classname="DynamoCoreWpfTests.NoteViewTests" name="UndoPinNode" time="2.7377680" />
    <testcase classname="DynamoCoreWpfTests.PackagePathTests" name="AddPackagePathsTest" time="2.9355300" />
    <testcase classname="DynamoCoreWpfTests.PackagePathTests" name="AddRemovePathsTest" time="2.7037890" />
    <testcase classname="DynamoCoreWpfTests.PackagePathTests" name="CannotDeleteBuiltinPackagesPath" time="2.6916980" />
    <testcase classname="DynamoCoreWpfTests.PackagePathTests" name="CannotDeletePathIfThereIsOnlyOne" time="2.4909490" />
    <testcase classname="DynamoCoreWpfTests.PackagePathTests" name="CannotDeleteProgramDataPath" time="5.3731520" />
    <testcase classname="DynamoCoreWpfTests.PackagePathTests" name="CannotUpdateBuiltinPackagesPath" time="2.5652310" />
    <testcase classname="DynamoCoreWpfTests.PackagePathTests" name="CannotUpdateProgramDataPath" time="3.1483390" />
    <testcase classname="DynamoCoreWpfTests.PackagePathTests" name="EnableCustomPackagePathsLoadsPackagesOnClosingPreferences" time="4.2975230" />
    <testcase classname="DynamoCoreWpfTests.PackagePathTests" name="IfPathsAreUnchangedPackagesAreNotReloaded" time="1.8692690" />
    <testcase classname="DynamoCoreWpfTests.PackagePathTests" name="InstalledPackagesContainsCorrectNumberOfPackages" time="1.6897200" />
    <testcase classname="DynamoCoreWpfTests.PackagePathTests" name="PathEnabledConverterBltinpackagesPath" time="1.4519670" />
    <testcase classname="DynamoCoreWpfTests.PackagePathTests" name="PathEnabledConverterCustomPaths" time="1.5495770" />
    <testcase classname="DynamoCoreWpfTests.PackagePathTests" name="PathsAddedToCustomPacakgePathPreferences_SurvivePreferenceDialogOpenClose" time="3.4679500" />
    <testcase classname="DynamoCoreWpfTests.PackagePathTests" name="RemoveAddPackagePathChangesInstalledPackageState" time="2.2822230" />
    <testcase classname="DynamoCoreWpfTests.PackagePathTests" name="ReorderingPathsTest" time="1.5091210" />
    <testcase classname="DynamoCoreWpfTests.PackagePathTests_CustomPrefs" name="IfProgramDataPathIsFirstDefaultPackagePathIsStillAppData" time="1.6343820" />
    <testcase classname="DynamoCoreWpfTests.PreferencesGeometryScalingTests" name="GeoScalingPopup_ShowsCorrectSetting" time="2.5979340" />
    <testcase classname="DynamoCoreWpfTests.PreferencesGeometryScalingTests" name="PreferencesGeoScaling_RunGraph_Automatic" time="3.2588490" />
    <testcase classname="DynamoCoreWpfTests.PreferencesGeometryScalingTests" name="PreferencesGeoScaling_RunGraph_Manual_Mode" time="2.9995910" />
    <testcase classname="DynamoCoreWpfTests.RunSettingsTests" name="OnlyManualRunIsAvailableInDebug" time="2.4815690" />
    <testcase classname="DynamoCoreWpfTests.RunSettingsTests" name="PeriodicDisabledWithoutPeriodicNodes" time="2.7411610" />
    <testcase classname="DynamoCoreWpfTests.RunSettingsTests" name="PeriodicEnabledWithPeriodicNodes" time="2.2817090" />
    <testcase classname="DynamoCoreWpfTests.RunSettingsTests" name="RunButtonDisabledInAutomaticRun" time="1.9468400" />
    <testcase classname="DynamoCoreWpfTests.RunSettingsTests" name="RunButtonDisabledInPeriodicRun" time="1.6685239" />
    <testcase classname="DynamoCoreWpfTests.RunSettingsTests" name="RunButtonEnabledInManualRun" time="2.1983680" />
    <testcase classname="DynamoCoreWpfTests.RunSettingsTests" name="RunPeriodAcceptsTextWithProperSuffix" time="1.7825480" />
    <testcase classname="DynamoCoreWpfTests.RunSettingsTests" name="RunPeriodDoesNotAllowNegativeInput" time="1.6962690" />
    <testcase classname="DynamoCoreWpfTests.RunSettingsTests" name="RunPeriodIsNicelyFormatted" time="1.6990550" />
    <testcase classname="DynamoCoreWpfTests.RunSettingsTests" name="RunPeriodResetsWithGarbageInput" time="2.1820830" />
    <testcase classname="DynamoCoreWpfTests.RunSettingsTests" name="RunSettingsControllerSavesAndLoads" time="0.0000100" />
    <testcase classname="DynamoCoreWpfTests.RunSettingsTests" name="RunSettingsOnFileInsert" time="2.5985160" />
    <testcase classname="DynamoCoreWpfTests.RunSettingsTests" name="RunSettingsResetsOnWorkspaceClear" time="1.7464360" />
    <testcase classname="DynamoCoreWpfTests.UnitsUITests" name="ForgeUnitConversionsReactCorrectly_ToInteractions" time="2.2484040" />
    <testcase classname="DynamoCoreWpfTests.UnitsUITests" name="ForgeUnitDropdownsLoadWithDifferentSchemaVersions" time="2.1650780" />
    <testcase classname="DynamoCoreWpfTests.UnitsUITests" name="ForgeUnitDropdownsLoadWithGoodData" time="3.5659330" />
    <testcase classname="DynamoCoreWpfTests.UnitsUITests" name="ForgeUnitDropdownsLoadWithMalformedData" time="2.7393830" />
    <testcase classname="DynamoCoreWpfTests.UnitsUITests" name="ForgeUnitDropdownsLoadWithNoSchemas" time="2.6176540" />
    <testcase classname="DynamoCoreWpfTests.UnitsUITests" name="ForgeUnitsEqualityInDynamoListOps" time="2.8882290" />
    <testcase classname="DynamoCoreWpfTests.UnitsUITests" name="ForgeUnitsLoadsDefaultsCorrectly" time="2.4266100" />
    <testcase classname="DynamoCoreWpfTests.UnitsUITests" name="MigrateLengthFromFeetToMetersTest" time="1.7733280" />
    <testcase classname="DynamoCoreWpfTests.UnitsUITests" name="PreferenceSettings_PropertyChanged" time="1.6446410" />
    <testcase classname="DynamoCoreWpfTests.UnitsUITests" name="SerializeCoreTest" time="1.5682840" />
    <testcase classname="DynamoCoreWpfTests.UnitsUITests" name="UpdateValueCoreTest" time="1.5335200" />
  </testsuite>
  <testsuite id="3" name="DynamoCoreWpfTests.dll" tests="41" failures="1" time="90.078">
    <testcase classname="Dynamo.Tests.CrashReportingTests" name="CanReportBugWithContent" time="0.0017130" />
    <testcase classname="Dynamo.Tests.CrashReportingTests" name="CanReportBugWithNoContent" time="0.0000120" />
    <testcase classname="Dynamo.Tests.CrashReportingTests" name="NoLoadedPackages" time="1.6394500">
      <error message="  Expected: True&#xD;&#xA;  But was:  False&#xD;&#xA;">   at Dynamo.Tests.CrashReportingTests.NoLoadedPackages() in C:\Users\DeyanNenov\Documents\GitHub\Dynamo\test\DynamoCoreWpfTests\CrashReportingTests.cs:line 154
</error>
    </testcase>
    <testcase classname="Dynamo.Tests.CrashReportingTests" name="NullPackageLoader" time="0.5697489" />
    <testcase classname="Dynamo.Tests.CrashReportingTests" name="StackTraceIncludedInReport" time="0.5784230" />
    <testcase classname="Dynamo.Tests.CrashReportingTests" name="TestAppNameSentToCER" time="0.6026190" />
    <testcase classname="Dynamo.Tests.CrashReportingTests" name="TestCERTool" time="1.3176550" />
    <testcase classname="DynamoCoreWpfTests.CodeBlockNodeTests" name="CodeBlockNode_ReassignInput" time="4.2257650" />
    <testcase classname="DynamoCoreWpfTests.CodeBlockNodeTests" name="CodeBlockNode_ReassignInput_2" time="2.9994710" />
    <testcase classname="DynamoCoreWpfTests.CodeBlockNodeTests" name="TestFunctionMultipleBlocksDefaultParametersDeleteFirst" time="2.9645870" />
    <testcase classname="DynamoCoreWpfTests.CodeBlockNodeTests" name="TestSyntaxHighlightRuleForDigits" time="1.3068910" />
    <testcase classname="DynamoCoreWpfTests.ColorPaletteTests" name="ColorPalette_AddToHomespaceAndRun_NoException" time="2.2851270" />
    <testcase classname="DynamoCoreWpfTests.ColorPaletteTests" name="ColorPalette_CreatesCorrectUndoStackForComplexState" time="1.8514350" />
    <testcase classname="DynamoCoreWpfTests.ColorPaletteTests" name="ColorPalette_Undo" time="1.6829150" />
    <testcase classname="DynamoCoreWpfTests.ConnectorContextMenuTests" name="AreNodeConnectionsInMenu" time="1.7457640" />
    <testcase classname="DynamoCoreWpfTests.ConnectorContextMenuTests" name="BreakConnectionFromContextMenuTest" time="1.6598760" />
    <testcase classname="DynamoCoreWpfTests.ConnectorContextMenuTests" name="ConstructingContextMenuTest" time="2.0544680" />
    <testcase classname="DynamoCoreWpfTests.ConnectorContextMenuTests" name="GoToEndNodeTest" time="1.8759970" />
    <testcase classname="DynamoCoreWpfTests.ConnectorContextMenuTests" name="GoToStartNodeTest" time="1.9924680" />
    <testcase classname="DynamoCoreWpfTests.ConnectorContextMenuTests" name="HideConnectorFromContextMenuTest" time="1.6266719" />
    <testcase classname="DynamoCoreWpfTests.ConnectorContextMenuTests" name="SelectedConnectedFromContextMenuTest" time="1.7033750" />
    <testcase classname="DynamoCoreWpfTests.ConnectorContextMenuTests" name="SetContextMenuToNullAfterUseTest" time="1.6690950" />
    <testcase classname="DynamoCoreWpfTests.ConnectorContextMenuTests" name="ShowAllConnectorFromWorkspaceContextMenuTest" time="2.2858800" />
    <testcase classname="DynamoCoreWpfTests.ConverterViewModelTests" name="ConverterViewModel_ItemsSourceCentimetersToMetersTest" time="2.6112690" />
    <testcase classname="DynamoCoreWpfTests.ConverterViewModelTests" name="ConverterViewModel_LengthInchesToCentimetersTest" time="2.4842980" />
    <testcase classname="DynamoCoreWpfTests.ConverterViewModelTests" name="ConverterViewModel_TooltipTest" time="2.0217620" />
    <testcase classname="DynamoCoreWpfTests.DynamoViewTests" name="ElementBinding_SaveAs" time="4.1854340" />
    <testcase classname="DynamoCoreWpfTests.DynamoViewTests" name="FooterNotificationControlTest" time="3.3276160" />
    <testcase classname="DynamoCoreWpfTests.DynamoViewTests" name="OpeningWorkspaceWithTclsrustWarning" time="3.1820870" />
    <testcase classname="DynamoCoreWpfTests.DynamoViewTests" name="TestHomeWorkspaceClosedBeforeCustomNode" time="1.7360860" />
    <testcase classname="DynamoCoreWpfTests.DynamoViewTests" name="TestToastNotificationClosingBehavior" time="2.2233830" />
    <testcase classname="DynamoCoreWpfTests.ElementResolverTests" name="RegressMagn7917" time="2.6765480" />
    <testcase classname="DynamoCoreWpfTests.GroupStylesTests" name="CustomColorPicker_PrePopulateDefaultColors" time="3.0795230" />
    <testcase classname="DynamoCoreWpfTests.GroupStylesTests" name="TestAddGroupStyle_ContextMenu" time="3.9941390" />
    <testcase classname="DynamoCoreWpfTests.GroupStylesTests" name="TestDefaultGroupStyles_PreferencesView" time="2.6673239" />
    <testcase classname="DynamoCoreWpfTests.LiveChartsTests" name="LiveChartsBarChartCreationTest" time="3.2650650" />
    <testcase classname="DynamoCoreWpfTests.LiveChartsTests" name="LiveChartsBasicLineChartCreationTest" time="2.7171450" />
    <testcase classname="DynamoCoreWpfTests.LiveChartsTests" name="LiveChartsHeatSeriesCreationTest" time="2.5887020" />
    <testcase classname="DynamoCoreWpfTests.LiveChartsTests" name="LiveChartsPieChartCreationTest" time="2.5693400" />
    <testcase classname="DynamoCoreWpfTests.LiveChartsTests" name="LiveChartsScatterPlotCreationTest" time="3.0135270" />
    <testcase classname="DynamoCoreWpfTests.LiveChartsTests" name="LiveChartsXYLineChartCreationTest" time="3.0950530" />
  </testsuite>
  <testsuite id="4" name="PackageManagerTests.dll" tests="122" failures="3" time="43.069">
    <testcase classname="Dynamo.PackageManager.Tests.PackageDirectoryBuilderTests" name="BuildPackageDirectory_BuildsExpectedDirectories" time="0.1155040" />
    <testcase classname="Dynamo.PackageManager.Tests.PackageDirectoryBuilderTests" name="BuildPackageDirectory_CopiesMarkDownFiles" time="0.0108740" />
    <testcase classname="Dynamo.PackageManager.Tests.PackageDirectoryBuilderTests" name="BuildPackageDirectory_CopiesTheOriginalFiles" time="0.0009660" />
    <testcase classname="Dynamo.PackageManager.Tests.PackageDirectoryBuilderTests" name="BuildPackageDirectory_DeletesOriginalDyfFiles" time="0.0008690" />
    <testcase classname="Dynamo.PackageManager.Tests.PackageDirectoryBuilderTests" name="BuildPackageDirectory_DeletesTheOriginalFiles" time="0.0008050" />
    <testcase classname="Dynamo.PackageManager.Tests.PackageDirectoryBuilderTests" name="BuildPackageDirectory_DoesExpectedNumberOfOperations" time="0.0009490" />
    <testcase classname="Dynamo.PackageManager.Tests.PackageDirectoryBuilderTests" name="BuildPackageDirectory_DoesNotIncludeUnselectedFiles" time="0.0015780" />
    <testcase classname="Dynamo.PackageManager.Tests.PackageDirectoryBuilderTests" name="BuildPackageDirectory_FormsPackageHeader" time="0.0006770" />
    <testcase classname="Dynamo.PackageManager.Tests.PackageDirectoryBuilderTests" name="BuildPackageDirectory_RemapsCustomNodePaths" time="0.0185260" />
    <testcase classname="Dynamo.PackageManager.Tests.PackageDirectoryBuilderTests" name="BuildPackageDirectory_UpdatesTheArgumentPackageWithNewDirectories" time="0.0010300" />
    <testcase classname="Dynamo.PackageManager.Tests.PackageDirectoryBuilderTests" name="BuildPackageRetainDirectory_CopiesTheOriginalFiles" time="0.0052050" />
    <testcase classname="Dynamo.PackageManager.Tests.PackageDirectoryBuilderTests" name="BuildRetainPackageDirectory_BuildsExpectedDirectories" time="0.0011620" />
    <testcase classname="Dynamo.PackageManager.Tests.PackageDirectoryBuilderTests" name="BuildRetainPackageDirectory_CopiesMarkDownFiles" time="0.0018250" />
    <testcase classname="Dynamo.PackageManager.Tests.PackageDirectoryBuilderTests" name="BuildRetainPackageDirectory_CreatesCorrectMultipleFolderStructure" time="0.0029070" />
    <testcase classname="Dynamo.PackageManager.Tests.PackageDirectoryBuilderTests" name="BuildRetainPackageDirectory_CreatesCorrectSingleFolderStructure" time="0.0029510" />
    <testcase classname="Dynamo.PackageManager.Tests.PackageDirectoryBuilderTests" name="BuildRetainPackageDirectory_DeletesTheOriginalFiles" time="0.0016860" />
    <testcase classname="Dynamo.PackageManager.Tests.PackageDirectoryBuilderTests" name="BuildRetainPackageDirectory_DoesExpectedNumberOfOperations" time="0.0016790" />
    <testcase classname="Dynamo.PackageManager.Tests.PackageDirectoryBuilderTests" name="BuildRetainPackageDirectory_DoesNotIncludeUnselectedFiles" time="0.0033680" />
    <testcase classname="Dynamo.PackageManager.Tests.PackageDirectoryBuilderTests" name="BuildRetainPackageDirectory_FormsPackageHeader" time="0.0023530" />
    <testcase classname="Dynamo.PackageManager.Tests.PackageDirectoryBuilderTests" name="BuildRetainPackageDirectory_RemapsCustomNodePaths" time="0.0092560" />
    <testcase classname="Dynamo.PackageManager.Tests.PackageDirectoryBuilderTests" name="BuildRetainPackageDirectory_UpdatesTheArgumentPackageWithNewDirectories" time="0.0019550" />
    <testcase classname="Dynamo.PackageManager.Tests.PackageDirectoryBuilderTests" name="CopyFilesIntoPackageDirectory_DoesNotMoveFilesAlreadyWithinDirectory" time="0.0083470" />
    <testcase classname="Dynamo.PackageManager.Tests.PackageLoaderCustomTest" name="LoadFromMultipleLocationTest" time="3.3325840" />
    <testcase classname="Dynamo.PackageManager.Tests.PackageLoaderTests" name="BuiltInPackagesIsNotExposedInPathManager" time="1.0261499" />
    <testcase classname="Dynamo.PackageManager.Tests.PackageLoaderTests" name="BuiltInPackageUnloadedWhenDuplicateAlreadyLoaded" time="0.7768760" />
    <testcase classname="Dynamo.PackageManager.Tests.PackageLoaderTests" name="CanGetPackageFromRootReturnsNullForInvalidDirectory" time="0.6717570" />
    <testcase classname="Dynamo.PackageManager.Tests.PackageLoaderTests" name="CanGetPackageFromRootReturnsPackageForValidDirectory" time="0.7476050" />
    <testcase classname="Dynamo.PackageManager.Tests.PackageLoaderTests" name="DisableBuiltInPackagePath_DoesNotLoadBuiltInPackage" time="0.7695890" />
    <testcase classname="Dynamo.PackageManager.Tests.PackageLoaderTests" name="DisableBuiltInPackagePath_LoadsCustomPackages" time="0.7466530" />
    <testcase classname="Dynamo.PackageManager.Tests.PackageLoaderTests" name="DisableCustomPackagePath_DoesNotLoadCustomPackages" time="0.9245550" />
    <testcase classname="Dynamo.PackageManager.Tests.PackageLoaderTests" name="DisableThenEnableCustomPackagePath_LoadsCustomPackages" time="0.9202670" />
    <testcase classname="Dynamo.PackageManager.Tests.PackageLoaderTests" name="DisablingBuiltinPackagesCorrectlyDisablesLoading" time="0.9871190">
      <error message="  Expected: 0&#xD;&#xA;  But was:  1&#xD;&#xA;">   at Dynamo.PackageManager.Tests.PackageLoaderTests.DisablingBuiltinPackagesCorrectlyDisablesLoading() in C:\Users\DeyanNenov\Documents\GitHub\Dynamo\test\Libraries\PackageManagerTests\PackageLoaderTests.cs:line 1135
</error>
    </testcase>
    <testcase classname="Dynamo.PackageManager.Tests.PackageLoaderTests" name="DisablingCustomPackagePathsCorrectlyDisablesLoading" time="0.9531100">
      <error message="  Expected: 0&#xD;&#xA;  But was:  1&#xD;&#xA;">   at Dynamo.PackageManager.Tests.PackageLoaderTests.DisablingCustomPackagePathsCorrectlyDisablesLoading() in C:\Users\DeyanNenov\Documents\GitHub\Dynamo\test\Libraries\PackageManagerTests\PackageLoaderTests.cs:line 1184
</error>
    </testcase>
    <testcase classname="Dynamo.PackageManager.Tests.PackageLoaderTests" name="GetOwnerPackageReturnsNullForInvalidFunction" time="0.8764180" />
    <testcase classname="Dynamo.PackageManager.Tests.PackageLoaderTests" name="GetOwnerPackageReturnsPackageForValidFunctionDefinition" time="1.9697470" />
    <testcase classname="Dynamo.PackageManager.Tests.PackageLoaderTests" name="HasValidBuiltinPackagesAndDefaultPackagesPath" time="0.7770130" />
    <testcase classname="Dynamo.PackageManager.Tests.PackageLoaderTests" name="IsUnderPackageControlIsCorrectForValidFunctionDefinition" time="0.8373170" />
    <testcase classname="Dynamo.PackageManager.Tests.PackageLoaderTests" name="IsUnderPackageControlIsCorrectForValidPath" time="0.9066620" />
    <testcase classname="Dynamo.PackageManager.Tests.PackageLoaderTests" name="IsUnderPackageControlIsCorrectForValidType" time="0.8020290" />
    <testcase classname="Dynamo.PackageManager.Tests.PackageLoaderTests" name="LoadingAPackageWithBinariesDoesNotAffectCustomNodesUsedInHomeWorkspace" time="1.1159990" />
    <testcase classname="Dynamo.PackageManager.Tests.PackageLoaderTests" name="LoadingBuiltInZTPackageAddsItToLibrary" time="0.8767010" />
    <testcase classname="Dynamo.PackageManager.Tests.PackageLoaderTests" name="LoadingConflictingCustomNodePackage_AfterPlacingNode_DoesNotGetLoaded" time="0.7910490" />
    <testcase classname="Dynamo.PackageManager.Tests.PackageLoaderTests" name="LoadingConflictingCustomNodePackageDoesNotGetLoaded" time="0.9438470" />
    <testcase classname="Dynamo.PackageManager.Tests.PackageLoaderTests" name="LoadingCustomNodeFromPackageSetsNodeInfoPackageInfoCorrectly" time="0.9984290" />
    <testcase classname="Dynamo.PackageManager.Tests.PackageLoaderTests" name="LoadingPackageDoesNotAffectLoadedSearchEntries" time="0.9771400" />
    <testcase classname="Dynamo.PackageManager.Tests.PackageLoaderTests" name="LoadPackagesDoesNotDuplicateLoadedAssemblies" time="0.7370270" />
    <testcase classname="Dynamo.PackageManager.Tests.PackageLoaderTests" name="LoadPackagesReturnsAllValidPackagesInValidDirectory" time="1.0050860" />
    <testcase classname="Dynamo.PackageManager.Tests.PackageLoaderTests" name="LoadPackagesReturnsNoPackagesForInvalidDirectory" time="0.8796790" />
    <testcase classname="Dynamo.PackageManager.Tests.PackageLoaderTests" name="LocalizedPackageLocalizedCorrectly" time="0.9758890" />
    <testcase classname="Dynamo.PackageManager.Tests.PackageLoaderTests" name="MixedPackageLoadTest" time="0.8536670" />
    <testcase classname="Dynamo.PackageManager.Tests.PackageLoaderTests" name="NoPackageNodeDuplicatesOnAddingNewPackagePath" time="0.8380510" />
    <testcase classname="Dynamo.PackageManager.Tests.PackageLoaderTests" name="PackageContainingNodeViewOnlyCustomization_AddsCorrectAssembliesToNodeModelLoader" time="0.8600930" />
    <testcase classname="Dynamo.PackageManager.Tests.PackageLoaderTests" name="PackageDoesNotReloadOnAbsenceOfNewPackagePath" time="0.8222530" />
    <testcase classname="Dynamo.PackageManager.Tests.PackageLoaderTests" name="PackageInBuiltinPackageLocationIsLoaded" time="0.7339340">
      <error message="  Expected: 1&#xD;&#xA;  But was:  2&#xD;&#xA;">   at Dynamo.PackageManager.Tests.PackageLoaderTests.PackageInBuiltinPackageLocationIsLoaded() in C:\Users\DeyanNenov\Documents\GitHub\Dynamo\test\Libraries\PackageManagerTests\PackageLoaderTests.cs:line 1111
</error>
    </testcase>
    <testcase classname="Dynamo.PackageManager.Tests.PackageLoaderTests" name="PackageInCustomPackagePathIsLoaded" time="0.6905680" />
    <testcase classname="Dynamo.PackageManager.Tests.PackageLoaderTests" name="PackageLoaderDoesNotRequestsViewExtensionsBeLoaded" time="0.6441810" />
    <testcase classname="Dynamo.PackageManager.Tests.PackageLoaderTests" name="PackageLoaderLoadMultiplePackagesWithBadVersion" time="0.6064200" />
    <testcase classname="Dynamo.PackageManager.Tests.PackageLoaderTests" name="PackageLoaderLoadMultiplePackagesWithBadVersionReversed" time="0.9856210" />
    <testcase classname="Dynamo.PackageManager.Tests.PackageLoaderTests" name="PackageLoaderLoadNewPackage" time="0.7097700" />
    <testcase classname="Dynamo.PackageManager.Tests.PackageLoaderTests" name="PackageLoaderLoadOldPackage" time="0.6409160" />
    <testcase classname="Dynamo.PackageManager.Tests.PackageLoaderTests" name="PackageLoaderLoadPackageWithBadVersion" time="0.6554080" />
    <testcase classname="Dynamo.PackageManager.Tests.PackageLoaderTests" name="PackageLoaderRequestsExtensionsBeLoaded" time="0.6378790" />
    <testcase classname="Dynamo.PackageManager.Tests.PackageLoaderTests" name="PackageLoadExceptionTest" time="0.7823310" />
    <testcase classname="Dynamo.PackageManager.Tests.PackageLoaderTests" name="PathManagerDefaultPackagesDirectory" time="0.6533870" />
    <testcase classname="Dynamo.PackageManager.Tests.PackageLoaderTests" name="PlacingCustomNodeInstanceFromPackageRetainsCorrectPackageInfoState" time="0.6243870" />
    <testcase classname="Dynamo.PackageManager.Tests.PackageLoaderTests" name="ScanPackageDirectoryReturnsNullForInvalidDirectory" time="0.5817679" />
    <testcase classname="Dynamo.PackageManager.Tests.PackageLoaderTests" name="ScanPackageDirectoryReturnsPackageForValidDirectory" time="0.5972640" />
    <testcase classname="Dynamo.PackageManager.Tests.PackageLoaderTests" name="ScanPackageDirectoryWithCheckingCertificatesEnabledWillLoadPackageWithValidCertificate" time="0.6373120" />
    <testcase classname="Dynamo.PackageManager.Tests.PackageLoaderTests" name="ScanPackageDirectoryWithCheckingCertificatesEnabledWillNotLoadPackageWithAlteredCertificate" time="0.7168630" />
    <testcase classname="Dynamo.PackageManager.Tests.PackageLoaderTests" name="ScanPackageDirectoryWithCheckingCertificatesEnabledWillNotLoadPackageWithoutValidCertificate" time="0.6317530" />
    <testcase classname="Dynamo.PackageManager.Tests.PackageManagerClientTests" name="CompatibilityMap_ReturnsValidMap" time="0.0071950" />
    <testcase classname="Dynamo.PackageManager.Tests.PackageManagerClientTests" name="CompatibilityMap_ThrowsException_ReturnsNull" time="0.0018270" />
    <testcase classname="Dynamo.PackageManager.Tests.PackageManagerClientTests" name="Deprecate_ReturnsFailureObjectWhenRequestFails" time="0.0024300" />
    <testcase classname="Dynamo.PackageManager.Tests.PackageManagerClientTests" name="Deprecate_ReturnsFailureObjectWhenRequestThrowsException" time="0.0007739" />
    <testcase classname="Dynamo.PackageManager.Tests.PackageManagerClientTests" name="Deprecate_ReturnsSuccessObjectWhenRequestSucceeds" time="0.0006040" />
    <testcase classname="Dynamo.PackageManager.Tests.PackageManagerClientTests" name="DoesCurrentUserOwnPackage_ReturnsFalseWhenCurrentUserIsNotTheOwner" time="0.0024880" />
    <testcase classname="Dynamo.PackageManager.Tests.PackageManagerClientTests" name="DoesCurrentUserOwnPackage_ReturnsTrueWhenCurrentUserIsTheOwner" time="0.0009180" />
    <testcase classname="Dynamo.PackageManager.Tests.PackageManagerClientTests" name="DownloadPackage_GivesValidFileForValidPackage" time="0.0003530" />
    <testcase classname="Dynamo.PackageManager.Tests.PackageManagerClientTests" name="DownloadPackage_ReturnsFailureObjectWhenDownloadThrowsAnException" time="0.0011160" />
    <testcase classname="Dynamo.PackageManager.Tests.PackageManagerClientTests" name="FailureOnGetPackageVersionHeaderByPackageId" time="0.0019380" />
    <testcase classname="Dynamo.PackageManager.Tests.PackageManagerClientTests" name="FailureOnGetPackageVersionHeaderByPackageName" time="0.0007050" />
    <testcase classname="Dynamo.PackageManager.Tests.PackageManagerClientTests" name="GetTermsOfUseAcceptanceStatus_ReturnsFalseWhenNotAccepted" time="0.0011199" />
    <testcase classname="Dynamo.PackageManager.Tests.PackageManagerClientTests" name="GetTermsOfUseAcceptanceStatus_ReturnsFalseWhenRequestThrowsAnException" time="0.0004790" />
    <testcase classname="Dynamo.PackageManager.Tests.PackageManagerClientTests" name="GetTermsOfUseAcceptanceStatus_ReturnsTrueWhenAccepted" time="0.0003680" />
    <testcase classname="Dynamo.PackageManager.Tests.PackageManagerClientTests" name="ListAll_ReturnsEmptyListWhenQueryThrowsException" time="0.0011630" />
    <testcase classname="Dynamo.PackageManager.Tests.PackageManagerClientTests" name="ListAll_ReturnsNonEmptyListWhenPackagesAreAvailable" time="0.0011570" />
    <testcase classname="Dynamo.PackageManager.Tests.PackageManagerClientTests" name="Publish_SetsErrorStatusWhenRequestThrowsAnException" time="0.0013590" />
    <testcase classname="Dynamo.PackageManager.Tests.PackageManagerClientTests" name="Publish_SetsErrorStatusWhenResponseIsNull" time="0.0005720" />
    <testcase classname="Dynamo.PackageManager.Tests.PackageManagerClientTests" name="Publish_SetsHandleToDoneWhenNewPackagePublishSucceeds" time="0.0005310" />
    <testcase classname="Dynamo.PackageManager.Tests.PackageManagerClientTests" name="Publish_SetsHandleToDoneWhenNewPackageVersionPublishSucceeds" time="0.0005380" />
    <testcase classname="Dynamo.PackageManager.Tests.PackageManagerClientTests" name="PublishRetain_SetsErrorStatusWhenRequestThrowsAnException" time="0.0011820" />
    <testcase classname="Dynamo.PackageManager.Tests.PackageManagerClientTests" name="PublishRetain_SetsErrorStatusWhenResponseIsNull" time="0.0006550" />
    <testcase classname="Dynamo.PackageManager.Tests.PackageManagerClientTests" name="PublishRetain_SetsHandleToDoneWhenNewPackagePublishSucceeds" time="0.0004900" />
    <testcase classname="Dynamo.PackageManager.Tests.PackageManagerClientTests" name="PublishRetain_SetsHandleToDoneWhenNewPackageVersionPublishSucceeds" time="0.0004530" />
    <testcase classname="Dynamo.PackageManager.Tests.PackageManagerClientTests" name="SetTermsOfUseAcceptanceStatus_ReturnsTrueWhenRequestSucceeds" time="0.0004500" />
    <testcase classname="Dynamo.PackageManager.Tests.PackageManagerClientTests" name="SetTermsOfUseAcceptanceStatus_ReturnsTrueWhenRequestThrowsAnException" time="0.0003710" />
    <testcase classname="Dynamo.PackageManager.Tests.PackageManagerClientTests" name="SuccessfullyGetPackageVersionHeaderByPackageId" time="0.0004970" />
    <testcase classname="Dynamo.PackageManager.Tests.PackageManagerClientTests" name="SuccessfullyGetPackageVersionHeaderByPackageName" time="0.0079480" />
    <testcase classname="Dynamo.PackageManager.Tests.PackageManagerClientTests" name="Undeprecate_ReturnsFailureObjectWhenRequestFails" time="0.0008500" />
    <testcase classname="Dynamo.PackageManager.Tests.PackageManagerClientTests" name="Undeprecate_ReturnsFailureObjectWhenRequestThrowsException" time="0.0004660" />
    <testcase classname="Dynamo.PackageManager.Tests.PackageManagerClientTests" name="Undeprecate_ReturnsSuccessObjectWhenRequestSucceeds" time="0.0003750" />
    <testcase classname="Dynamo.PackageManager.Tests.PackageManagerClientTests" name="Upvote_ReturnsFalseWhenRequestThrowsException" time="0.0007120" />
    <testcase classname="Dynamo.PackageManager.Tests.PackageManagerClientTests" name="Upvote_ReturnsTrueWhenRequestSucceeds" time="0.0003780" />
    <testcase classname="Dynamo.PackageManager.Tests.PackageManagerExtensionTests" name="ExtensionsAreExtracted" time="0.0019470" />
    <testcase classname="Dynamo.PackageManager.Tests.PackageTests" name="IsNodeLibrary_IsFalseAndHasMessagesForBadlyFormatted" time="0.0004420" />
    <testcase classname="Dynamo.PackageManager.Tests.PackageTests" name="IsNodeLibrary_IsFalseForNoMatch" time="0.0000930" />
    <testcase classname="Dynamo.PackageManager.Tests.PackageTests" name="IsNodeLibrary_IsTrueForExactMatch" time="0.0000660" />
    <testcase classname="Dynamo.PackageManager.Tests.PackageTests" name="IsNodeLibrary_IsTrueForInexactMatch" time="0.0000560" />
    <testcase classname="Dynamo.PackageManager.Tests.PackageTests" name="IsNodeLibrary_IsTrueForNullArg1" time="0.0000749" />
    <testcase classname="Dynamo.PackageManager.Tests.PackageTests" name="IsNodeLibrary_ThrowsForNullArg2" time="0.0002200" />
    <testcase classname="Dynamo.PackageManager.Tests.PackageUploadBuilderTests" name="FileCompressorZipsRegressionDirectoryToValidArchive" time="0.5002890" />
    <testcase classname="Dynamo.PackageManager.Tests.PackageUploadBuilderTests" name="FileCompressorZipsSamplePackageDirectoryToValidArchive" time="0.0820140" />
    <testcase classname="Dynamo.PackageManager.Tests.PackageUploadBuilderTests" name="NewPackageUpload_ThrowsExceptionWhenPackageIsTooBig" time="0.0077400" />
    <testcase classname="Dynamo.PackageManager.Tests.PackageUploadBuilderTests" name="NewPackageUpload_ThrowsForNullArguments" time="0.0009350" />
    <testcase classname="Dynamo.PackageManager.Tests.PackageUploadBuilderTests" name="NewPackageUploadRetain_ThrowsExceptionWhenPackageIsTooBig" time="0.0019719" />
    <testcase classname="Dynamo.PackageManager.Tests.PackageUploadBuilderTests" name="NewPackageUploadRetain_ThrowsForNullArguments" time="0.0010870" />
    <testcase classname="Dynamo.PackageManager.Tests.PackageUploadBuilderTests" name="NewPackageVersionUpload_ThrowsExceptionWhenPackageIsTooBig" time="0.0008580" />
    <testcase classname="Dynamo.PackageManager.Tests.PackageUploadBuilderTests" name="NewPackageVersionUpload_ThrowsForNullArguments" time="0.0013070" />
    <testcase classname="Dynamo.PackageManager.Tests.PackageUploadBuilderTests" name="NewPackageVersionUploadRetain_ThrowsExceptionWhenPackageIsTooBig" time="0.0016149" />
    <testcase classname="Dynamo.PackageManager.Tests.PackageUploadBuilderTests" name="NewPackageVersionUploadRetain_ThrowsForNullArguments" time="0.0005950" />
    <testcase classname="Dynamo.PackageManager.Tests.PackageUploadBuilderTests" name="NewRequestBody_SetsCorrectEngineName" time="0.0001330" />
    <testcase classname="Dynamo.PackageManager.Tests.PackageUploadBuilderTests" name="NewRequestBody_ThrowsForNullArgument" time="0.0001450" />
  </testsuite>
  <testsuite id="5" name="WpfVisualizationTests.dll" tests="149" failures="0" time="380.161">
    <testcase classname="WpfVisualizationTests.CameraTests" name="Camera_BadSavedData_ResetsToDefault" time="5.4564460" />
    <testcase classname="WpfVisualizationTests.CameraTests" name="Camera_GoodSaveData_JSONLoadsCorrectly" time="3.4371440" />
    <testcase classname="WpfVisualizationTests.CameraTests" name="Camera_GoodSaveData_LoadsCorrectly" time="3.2111139" />
    <testcase classname="WpfVisualizationTests.CameraTests" name="Camera_GoodSaveData_SavesCorrectly" time="3.1540420" />
    <testcase classname="WpfVisualizationTests.CameraTests" name="Camera_NaNData_ResetsToDefault" time="2.5497800" />
    <testcase classname="WpfVisualizationTests.CameraTests" name="Camera_NoSavedData_ResetsToDefault" time="2.5000860" />
    <testcase classname="WpfVisualizationTests.CameraTests" name="Camera_WorkspaceCleared_ResetsToDefault" time="3.3674000" />
    <testcase classname="WpfVisualizationTests.CustomGraphicItemVisualizationTest" name="TestInvalidGeometryIsFilteredOut" time="6.7367640" />
    <testcase classname="WpfVisualizationTests.CustomNodeDefineDataTests" name="TestDefineDataAutoModeType" time="2.4771780" />
    <testcase classname="WpfVisualizationTests.CustomNodeDefineDataTests" name="TestDefineDataCorrectInheritanceDisplayedInAutoMode" time="2.2599050" />
    <testcase classname="WpfVisualizationTests.CustomNodeInsideCustomWorkspaceTests" name="InsideInstance_AllGeometryFromInstancesOfThisCustomNode_Alive" time="3.0076770" />
    <testcase classname="WpfVisualizationTests.CustomNodeInsideCustomWorkspaceTests" name="InsideInstance_HiddenInHomeSpace_NoGeometry" time="4.4396610" />
    <testcase classname="WpfVisualizationTests.CustomNodeInsideCustomWorkspaceTests" name="InsideInstance_OtherGeometryFromOtherNodes_Dead" time="2.1556710" />
    <testcase classname="WpfVisualizationTests.CustomNodeInsideCustomWorkspaceTests" name="InsideNestedInstance_HasOuterGeometryAndOuterInstanceGeometry" time="1.9627320" />
    <testcase classname="WpfVisualizationTests.CustomNodeInsideHomeWorkspaceTests" name="CreateInstance_InsideInstance_HasGeometry" time="2.7161310" />
    <testcase classname="WpfVisualizationTests.CustomNodeInsideHomeWorkspaceTests" name="InHomeWorkspace_CustomNodeInstance_HasGeometry" time="4.2111660" />
    <testcase classname="WpfVisualizationTests.CustomNodeNotInWorkspaceTests" name="InsideCustomNode_NotPlacedInHomeWorkspace_NoGeometry" time="1.8899200" />
    <testcase classname="WpfVisualizationTests.HelixImageComparisonTests" name="IsolateAllMeshGeometryRender" time="2.8853550" />
    <testcase classname="WpfVisualizationTests.HelixImageComparisonTests" name="IsolateCurvesOverMeshGeometryRender" time="5.4901450" />
    <testcase classname="WpfVisualizationTests.HelixImageComparisonTests" name="Lines" time="5.5161990" />
    <testcase classname="WpfVisualizationTests.HelixImageComparisonTests" name="LinesFrozen" time="5.7002210" />
    <testcase classname="WpfVisualizationTests.HelixImageComparisonTests" name="LinesIsolated" time="6.2847820" />
    <testcase classname="WpfVisualizationTests.HelixImageComparisonTests" name="LinesSelected" time="5.2003460" />
    <testcase classname="WpfVisualizationTests.HelixImageComparisonTests" name="Points" time="5.7560630" />
    <testcase classname="WpfVisualizationTests.HelixImageComparisonTests" name="PointsFrozen" time="5.7240630" />
    <testcase classname="WpfVisualizationTests.HelixImageComparisonTests" name="PointsIsolated" time="4.6084720" />
    <testcase classname="WpfVisualizationTests.HelixImageComparisonTests" name="PointsSelected" time="3.4233840" />
    <testcase classname="WpfVisualizationTests.HelixImageComparisonTests" name="PointsZFightOnTsplines_Selected" time="4.9879010" />
    <testcase classname="WpfVisualizationTests.HelixImageComparisonTests" name="RenderCoordinateSystemWithGeometryScaling" time="4.3168179" />
    <testcase classname="WpfVisualizationTests.HelixImageComparisonTests" name="RenderInstancingWithEdges" time="3.3526420" />
    <testcase classname="WpfVisualizationTests.HelixImageComparisonTests" name="RenderLineInstances" time="4.5108810" />
    <testcase classname="WpfVisualizationTests.HelixImageComparisonTests" name="RenderMeshInstances" time="4.5189660" />
    <testcase classname="WpfVisualizationTests.HelixImageComparisonTests" name="RenderMeshInstances_noInstanceData" time="4.0232430" />
    <testcase classname="WpfVisualizationTests.HelixImageComparisonTests" name="RenderMeshInstancingAndITransformable" time="4.4661120" />
    <testcase classname="WpfVisualizationTests.HelixImageComparisonTests" name="SelectedSolidsOverlapping1" time="3.6361850" />
    <testcase classname="WpfVisualizationTests.HelixImageComparisonTests" name="SelectedSolidsOverlapping2" time="3.7494120" />
    <testcase classname="WpfVisualizationTests.HelixImageComparisonTests" name="SelectedSolidsOverlapping3" time="5.2235610" />
    <testcase classname="WpfVisualizationTests.HelixImageComparisonTests" name="SelectedSolidsOverlappingIsolated1" time="4.5770760" />
    <testcase classname="WpfVisualizationTests.HelixImageComparisonTests" name="SelectedSolidsOverlappingIsolated2" time="3.6027890" />
    <testcase classname="WpfVisualizationTests.HelixImageComparisonTests" name="StandardFrozenMeshGeometryRender" time="3.5722500" />
    <testcase classname="WpfVisualizationTests.HelixImageComparisonTests" name="StandardMeshGeometryRender" time="4.4777760" />
    <testcase classname="WpfVisualizationTests.HelixImageComparisonTests" name="StandardSelectedMeshGeometryRender" time="3.7648900" />
    <testcase classname="WpfVisualizationTests.HelixImageComparisonTests" name="VertColorFrozenMeshGeometryRender" time="3.5898100" />
    <testcase classname="WpfVisualizationTests.HelixImageComparisonTests" name="VertColorSelectedMeshGeometryRender" time="3.5933360" />
    <testcase classname="WpfVisualizationTests.HelixImageComparisonTests" name="WavySurfaceRender" time="3.7096130" />
    <testcase classname="WpfVisualizationTests.HelixImageComparisonTests" name="ZFightTsplines_Selected" time="5.1908760" />
    <testcase classname="WpfVisualizationTests.HelixRenderPackageExtensionTests" name="HelixRenderPackage_ManyLineVertexColors_AllLineStripVerticesHaveColor_False" time="0.0020030" />
    <testcase classname="WpfVisualizationTests.HelixRenderPackageExtensionTests" name="HelixRenderPackage_SingleLineVertexColor_AllLineStripVerticesHaveColor_True" time="0.0001840" />
    <testcase classname="WpfVisualizationTests.HelixRenderPackageTests" name="AddInstanceMatrix_ThrowsWhenIDDoesNotExist" time="0.0053240" />
    <testcase classname="WpfVisualizationTests.HelixRenderPackageTests" name="HelixRenderPackage_AppendLineVertexColorRange_Success" time="0.0016390" />
    <testcase classname="WpfVisualizationTests.HelixRenderPackageTests" name="HelixRenderPackage_AppendLineVertexColorRange_ThrowsForBadRange" time="0.0003990" />
    <testcase classname="WpfVisualizationTests.HelixRenderPackageTests" name="HelixRenderPackage_AppendMeshVertexColorRange_Success" time="0.0005930" />
    <testcase classname="WpfVisualizationTests.HelixRenderPackageTests" name="HelixRenderPackage_AppendMeshVertexColorRange_ThrowsForBadRange" time="0.0004929" />
    <testcase classname="WpfVisualizationTests.HelixRenderPackageTests" name="HelixRenderPackage_AppendPointVertexColorRange_Success" time="0.0003700" />
    <testcase classname="WpfVisualizationTests.HelixRenderPackageTests" name="HelixRenderPackage_AppendPointVertexColorRange_ThrowsForBadRange" time="0.0003600" />
    <testcase classname="WpfVisualizationTests.HelixRenderPackageTests" name="HelixRenderPackage_ApplyLineVertexColors_Array_Success" time="0.0005040" />
    <testcase classname="WpfVisualizationTests.HelixRenderPackageTests" name="HelixRenderPackage_ApplyMeshVertexColors_Success" time="0.0003770" />
    <testcase classname="WpfVisualizationTests.HelixRenderPackageTests" name="HelixRenderPackage_ApplyPointVertexColors_Array_Success" time="0.0003560" />
    <testcase classname="WpfVisualizationTests.HelixRenderPackageTests" name="HelixRenderPackage_Clear_IsClearedCompletely" time="0.0015760" />
    <testcase classname="WpfVisualizationTests.HelixRenderPackageTests" name="HelixRenderPackage_Construction_IsInitializedCorrectly" time="0.0001299" />
    <testcase classname="WpfVisualizationTests.HelixRenderPackageTests" name="HelixRenderPackage_MeshColorBufferCheck" time="0.0001780" />
    <testcase classname="WpfVisualizationTests.HelixRenderPackageTests" name="HelixRenderPackage_MeshVertexBufferCheck" time="0.0036760" />
    <testcase classname="WpfVisualizationTests.HelixRenderPackageTests" name="HelixRenderPackage_ObsoleteCheck" time="0.0003830" />
    <testcase classname="WpfVisualizationTests.HelixRenderPackageTests" name="HelixRenderPackage_PushData_CountsAreCorrect" time="0.0002160" />
    <testcase classname="WpfVisualizationTests.HelixRenderPackageTests" name="HelixRenderPackage_PushLine" time="0.0002320" />
    <testcase classname="WpfVisualizationTests.HelixRenderPackageTests" name="HelixRenderPackage_PushMesh" time="0.0002690" />
    <testcase classname="WpfVisualizationTests.HelixRenderPackageTests" name="HelixRenderPackage_PushPoint" time="0.0002350" />
    <testcase classname="WpfVisualizationTests.HelixRenderPackageTests" name="HelixRenderPackage_UpdateLineVertexColorForRange_Success" time="0.0001940" />
    <testcase classname="WpfVisualizationTests.HelixRenderPackageTests" name="HelixRenderPackage_UpdateLineVertexColorForRange_ThrowsForBadRange" time="0.0004160" />
    <testcase classname="WpfVisualizationTests.HelixRenderPackageTests" name="HelixRenderPackage_UpdateMeshVertexColorForRange_Success" time="0.0001990" />
    <testcase classname="WpfVisualizationTests.HelixRenderPackageTests" name="HelixRenderPackage_UpdateMeshVertexColorForRange_ThrowsForBadRange" time="0.0004170" />
    <testcase classname="WpfVisualizationTests.HelixRenderPackageTests" name="HelixRenderPackage_UpdatePointVertexColorForRange_Success" time="0.0001960" />
    <testcase classname="WpfVisualizationTests.HelixRenderPackageTests" name="HelixRenderPackage_UpdatePointVertexColorForRange_ThrowsForBadRange" time="0.0004320" />
    <testcase classname="WpfVisualizationTests.HelixRenderPackageTests" name="InstancePackage_ContainsChecksAllInternalCollection" time="0.0003240" />
    <testcase classname="WpfVisualizationTests.HelixRenderPackageTests" name="SetBaseTessellationRange_SetsDataCorrectly" time="0.0004720" />
    <testcase classname="WpfVisualizationTests.HelixRenderPackageTests" name="SetBaseTessellationRange_ThrowsWhenIDAlreadyExists" time="0.0007230" />
    <testcase classname="WpfVisualizationTests.HelixRenderPackageTests" name="SetBaseTessellationRange_ThrowsWithBadRange" time="0.0005509" />
    <testcase classname="WpfVisualizationTests.HelixWatch3dViewModelPrimitiveTests" name="DisplayByGeometryColorHasColoredLines" time="7.2606640" />
    <testcase classname="WpfVisualizationTests.HelixWatch3dViewModelPrimitiveTests" name="DisplayByGeometryColorHasColoredPoints" time="5.0704890" />
    <testcase classname="WpfVisualizationTests.HelixWatch3dViewModelPrimitiveTests" name="DisplayByGeometryColorHasColoredPointsPreviewToggled" time="5.3043550" />
    <testcase classname="WpfVisualizationTests.HelixWatch3dViewModelPrimitiveTests" name="DisplayByGeometryColorHasColoredSpheres" time="3.8313560" />
    <testcase classname="WpfVisualizationTests.HelixWatch3dViewModelPrimitiveTests" name="RenderCoreHasFlagsSetCorrectlyForSpecialRenderPackage" time="2.3103610" />
    <testcase classname="WpfVisualizationTests.HelixWatch3DViewModelTests" name="AggregateRenderPackagesDoesntMutateRenderPackage" time="2.9305730" />
    <testcase classname="WpfVisualizationTests.HelixWatch3DViewModelTests" name="CanTagGeometryWhenClickingArrayItemInPreviewBubble" time="2.9363680" />
    <testcase classname="WpfVisualizationTests.HelixWatch3DViewModelTests" name="CanTagGeometryWhenClickingArrayItemInWatchNode" time="2.7972150" />
    <testcase classname="WpfVisualizationTests.HelixWatch3DViewModelTests" name="CanTagGeometryWhenClickingSingleItemInPreviewBubble" time="2.8149289" />
    <testcase classname="WpfVisualizationTests.HelixWatch3DViewModelTests" name="CanTagGeometryWhenClickingSingleItemInWatchNode" time="2.5869970" />
    <testcase classname="WpfVisualizationTests.HelixWatch3DViewModelTests" name="Display_ByGeometryColor_HasColoredMesh" time="2.4444000" />
    <testcase classname="WpfVisualizationTests.HelixWatch3DViewModelTests" name="Display_BySurfaceColors_HasColoredMesh" time="2.7086160" />
    <testcase classname="WpfVisualizationTests.HelixWatch3DViewModelTests" name="Display_FrozenNode_HasTransparentMesh" time="2.8802330" />
    <testcase classname="WpfVisualizationTests.HelixWatch3DViewModelTests" name="Display_Geometry_Labels" time="2.7040850" />
    <testcase classname="WpfVisualizationTests.HelixWatch3DViewModelTests" name="Display_HasOneGeometryEntityInBackgroundPreviewPerNode" time="2.9087700" />
    <testcase classname="WpfVisualizationTests.HelixWatch3DViewModelTests" name="Display_MultipleTextureMaps_HasUniqueMeshsAndCorrectPerSurface" time="3.4822090" />
    <testcase classname="WpfVisualizationTests.HelixWatch3DViewModelTests" name="Geometry_CoordinateSystems_Render" time="3.0653590" />
    <testcase classname="WpfVisualizationTests.HelixWatch3DViewModelTests" name="Geometry_Planes_Render" time="2.9246840" />
    <testcase classname="WpfVisualizationTests.HelixWatch3DViewModelTests" name="Geometry_Solids_Render" time="3.5397110" />
    <testcase classname="WpfVisualizationTests.HelixWatch3DViewModelTests" name="Geometry_Surfaces_Render" time="3.2440509" />
    <testcase classname="WpfVisualizationTests.HelixWatch3DViewModelTests" name="HelixWatch3DViewModel_ChangeBackgroundVisibility_CanNavigateButtonsAreCorrect" time="2.7696000" />
    <testcase classname="WpfVisualizationTests.HelixWatch3DViewModelTests" name="HelixWatch3DViewModel_DisableGrid_AxesNotVisible" time="2.5524340" />
    <testcase classname="WpfVisualizationTests.HelixWatch3DViewModelTests" name="HelixWatch3DViewModel_DisableGrid_GridDoesNotDraw" time="2.5601310" />
    <testcase classname="WpfVisualizationTests.HelixWatch3DViewModelTests" name="HelixWatch3DViewModel_HasRenderedGeometryTest" time="2.7121610" />
    <testcase classname="WpfVisualizationTests.HelixWatch3DViewModelTests" name="HelixWatch3dViewModel_HeadLight_Camera_HaveSameLookVector" time="1.9479450" />
    <testcase classname="WpfVisualizationTests.HelixWatch3DViewModelTests" name="HelixWatch3DViewModel_OpenFileWithGridDisabled_EnableGrid_GridDraws" time="2.8532190" />
    <testcase classname="WpfVisualizationTests.HelixWatch3DViewModelTests" name="HelixWatch3DViewModel_OpenFileWithGridDisabled_GridDoesNotDraw" time="2.2351270" />
    <testcase classname="WpfVisualizationTests.HelixWatch3DViewModelTests" name="InstancedLinesAreAddedToBackGroundPreviewForEachMatrix" time="3.5209450" />
    <testcase classname="WpfVisualizationTests.HelixWatch3DViewModelTests" name="InstancedMeshesAndLinesAreAddedToBackGroundPreviewForEachMatrixWhenShowEdgesEnabled" time="3.1953690" />
    <testcase classname="WpfVisualizationTests.HelixWatch3DViewModelTests" name="InstancedShowEdgesAreCorrect" time="4.3330209" />
    <testcase classname="WpfVisualizationTests.HelixWatch3DViewModelTests" name="InstanceGeometryWithinCodeBlock" time="3.1937220" />
    <testcase classname="WpfVisualizationTests.HelixWatch3DViewModelTests" name="InstancesAreAddedToBackGroundPreviewForEachMatrix" time="3.2808390" />
    <testcase classname="WpfVisualizationTests.HelixWatch3DViewModelTests" name="MAGN9434_DeleteCodeBlockNode" time="2.5778089" />
    <testcase classname="WpfVisualizationTests.HelixWatch3DViewModelTests" name="MAGN9434_DisablePreview" time="2.4556350" />
    <testcase classname="WpfVisualizationTests.HelixWatch3DViewModelTests" name="Node_IgnoreIsVisible" time="2.7803410" />
    <testcase classname="WpfVisualizationTests.HelixWatch3DViewModelTests" name="Node_InputDisconnected_NodeRendersAreCleared" time="3.0445509" />
    <testcase classname="WpfVisualizationTests.HelixWatch3DViewModelTests" name="Node_Labels_Render" time="3.7975830" />
    <testcase classname="WpfVisualizationTests.HelixWatch3DViewModelTests" name="Node_LabelsOnCurves_Render" time="3.1684280" />
    <testcase classname="WpfVisualizationTests.HelixWatch3DViewModelTests" name="Node_PreviewToggled_RenderingUpToDate" time="2.6803400" />
    <testcase classname="WpfVisualizationTests.HelixWatch3DViewModelTests" name="Node_PropertiesDeserialization" time="3.1954450" />
    <testcase classname="WpfVisualizationTests.HelixWatch3DViewModelTests" name="Node_Removed_VisualizationsDeleted" time="3.5108400" />
    <testcase classname="WpfVisualizationTests.HelixWatch3DViewModelTests" name="Node_RenderingUpToDate" time="3.1836280" />
    <testcase classname="WpfVisualizationTests.HelixWatch3DViewModelTests" name="Node_VisibilityOff_CachedValueUpdated_VisibilityOn_RenderDataCorrect" time="3.0059470" />
    <testcase classname="WpfVisualizationTests.HelixWatch3DViewModelTests" name="PerformanceTestOnLabelsAfterHelixUpgrade" time="2.4054509" />
    <testcase classname="WpfVisualizationTests.HelixWatch3DViewModelTests" name="Python_CreatesVisualizations" time="3.3703580" />
    <testcase classname="WpfVisualizationTests.HelixWatch3DViewModelTests" name="SettingGlobalLacingStrategy" time="2.7590340" />
    <testcase classname="WpfVisualizationTests.HelixWatch3DViewModelTests" name="StandardCurvesAndInstancedCurvesAndAreAddedToBackGroundPreviewForWhenTesselatedFromOneNodeExample1" time="3.2931560" />
    <testcase classname="WpfVisualizationTests.HelixWatch3DViewModelTests" name="Switch3DBackgroundPreview" time="2.6503130" />
    <testcase classname="WpfVisualizationTests.HelixWatch3DViewModelTests" name="TurnGlobalPreviewOnAndOff" time="3.1126299" />
    <testcase classname="WpfVisualizationTests.HelixWatch3DViewModelTests" name="TypedIdentifierInCodeBlockNode" time="3.4596230" />
    <testcase classname="WpfVisualizationTests.HelixWatch3DViewModelTests" name="ViewSettings_ShowEdges_Toggled_GeometryIsCorrect" time="3.3717280" />
    <testcase classname="WpfVisualizationTests.HelixWatch3DViewModelTests" name="Watch3D_Disconnect_Reconnect_CorrectRenderings" time="2.9485000" />
    <testcase classname="WpfVisualizationTests.HelixWatch3DViewModelTests" name="Watch3D_FirstRun" time="3.0783470" />
    <testcase classname="WpfVisualizationTests.HelixWatch3DViewModelTests" name="Watch3D_MultipleInPorts" time="2.6922769" />
    <testcase classname="WpfVisualizationTests.HelixWatch3DViewModelTests" name="Watch3D_Reopened_SizeRemainsTheSame" time="2.1019870" />
    <testcase classname="WpfVisualizationTests.HelixWatch3DViewModelTests" name="Watch3D_SwitchWorkspaceType_BackgroundColorIsCorrect" time="2.7793340" />
    <testcase classname="WpfVisualizationTests.HelixWatch3DViewModelTests" name="Watch3dNodeDisposal_DoesNotBreakBackGroundPreview" time="3.2390860" />
    <testcase classname="WpfVisualizationTests.HelixWatch3DViewModelTests" name="Workspace_Cleared_RenderingCleared" time="3.1324200" />
    <testcase classname="WpfVisualizationTests.HelixWatch3DViewModelTests" name="Workspace_Empty_NothingRenders" time="2.4439320" />
    <testcase classname="WpfVisualizationTests.HelixWatch3DViewModelTests" name="Workspace_Open_RemembersPreviewSaveState" time="3.7948930" />
    <testcase classname="WpfVisualizationTests.HelixWatch3DViewModelTests" name="Workspace_Opened_RenderingCleared" time="3.1538410" />
    <testcase classname="WpfVisualizationTests.HelixWatch3DViewModelUnitTests" name="ComputeBoundsForSelectedNodeGeometry_MultiplePointNodesSelected_BoundingBoxIsCorrect" time="0.0032740" />
    <testcase classname="WpfVisualizationTests.HelixWatch3DViewModelUnitTests" name="ComputeBoundsForSelectedNodeGeometry_NothingSelected_BoundingBoxAroundAllGeometry" time="0.0003430" />
    <testcase classname="WpfVisualizationTests.HelixWatch3DViewModelUnitTests" name="ComputeBoundsForSelectedNodeGeometry_OnePointOneCubeSelected_BoundingBoxIsCorrect" time="0.0003230" />
    <testcase classname="WpfVisualizationTests.HelixWatch3DViewModelUnitTests" name="ComputeBoundsForSelectedNodeGeometry_PointNodeSelected_BoundingBoxIsAroundPoint" time="0.0004110" />
    <testcase classname="WpfVisualizationTests.HelixWatch3DViewModelUnitTests" name="ComputeClipPlaneDistances_AllObjectsBehind__ClipDistances_AreDefault" time="0.0002370" />
    <testcase classname="WpfVisualizationTests.HelixWatch3DViewModelUnitTests" name="ComputeClipPlaneDistances_AllObjectsInFront_ClipDistance_IsCorrect" time="0.0014350" />
    <testcase classname="WpfVisualizationTests.HelixWatch3DViewModelUnitTests" name="ComputeClipPlaneDistances_ClosestObjectCoincidentWithCamera_NearClipDistance_IsDefault" time="0.0002250" />
    <testcase classname="WpfVisualizationTests.HelixWatch3DViewModelUnitTests" name="ComputeClipPlaneDistances_ObjectsInFrontAndBehind_ClipDistance_IsCorrect" time="0.0007180" />
    <testcase classname="WpfVisualizationTests.Preview3DMemoryOutageTest" name="HandlesRenderMemoryOutageGracefully" time="2.8079770" />
    <testcase classname="WpfVisualizationTests.Watch3DViewModelTests" name="Watch3DViewModel_Active_InSyncWithPreferences" time="1.0124210" />
    <testcase classname="WpfVisualizationTests.Watch3DViewModelTests" name="Watch3DViewModel_Active_InSyncWithPreferencesUsing1_0API" time="1.2369570" />
  </testsuite>
</testsuites>