<?xml version="1.0" encoding="utf-8"?>
<testsuites time="598.526" tests="5238" failures="1">
  <testsuite id="0" name="DynamoCoreTests.dll" tests="32" failures="0" time="52.607">
    <testcase classname="Dynamo.Tests.Configuration.PreferenceSettingsTests" name="TestAskForTrustedLocation" time="0.1241160" />
    <testcase classname="Dynamo.Tests.Configuration.PreferenceSettingsTests" name="TestGetPythonTemplateFilePath" time="0.0094959" />
    <testcase classname="Dynamo.Tests.Configuration.PreferenceSettingsTests" name="TestImportCopySettings" time="0.0200470" />
    <testcase classname="Dynamo.Tests.Configuration.PreferenceSettingsTests" name="TestLoad" time="0.0053619" />
    <testcase classname="Dynamo.Tests.Configuration.PreferenceSettingsTests" name="TestMigrateStdLibTokenToBuiltInToken" time="0.0024200" />
    <testcase classname="Dynamo.Tests.Configuration.PreferenceSettingsTests" name="TestSanitizeValues" time="0.0042590" />
    <testcase classname="Dynamo.Tests.Configuration.PreferenceSettingsTests" name="TestSerializationDisableTrustWarnings" time="0.0252420" />
    <testcase classname="Dynamo.Tests.Configuration.PreferenceSettingsTests" name="TestSerializationTrustedLocations" time="0.0294700" />
    <testcase classname="Dynamo.Tests.Configuration.PreferenceSettingsTests" name="TestSerializingHomePageSettings" time="0.0211530" />
    <testcase classname="Dynamo.Tests.Configuration.PreferenceSettingsTests" name="TestSettingsSerialization" time="0.0433210" />
    <testcase classname="Dynamo.Tests.Configuration.PreferenceSettingsTests" name="TestTaintedFile" time="0.0080450" />
    <testcase classname="Dynamo.Tests.Logging.FeatureFlagTests" name="FeatureFlagsShouldMessageLoggedShouldContainAllLogs" time="0.2288340" />
    <testcase classname="Dynamo.Tests.Logging.FeatureFlagTests" name="FeatureFlagsShouldMessageLoggedShouldOnlyContainMissingFlagErrorOnce" time="0.2249230" />
    <testcase classname="Dynamo.Tests.Logging.FeatureFlagTests" name="FeatureFlagsShouldMessageLoggedShouldOnlyContainNullFlagErrorOnce" time="0.0068740" />
    <testcase classname="Dynamo.Tests.Logging.FeatureFlagTests" name="FeatureFlagsShouldReturnDefaultDataBeforeCache" time="0.0056440" />
    <testcase classname="Dynamo.Tests.Logging.FeatureFlagTests" name="FeatureFlagsShouldReturnRealDataAfterCache" time="0.2722430" />
    <testcase classname="Dynamo.Tests.Logging.FeatureFlagTests" name="FeatureFlagsShouldReturnValidStringData" time="0.2686220" />
    <testcase classname="Dynamo.Tests.Logging.FeatureFlagTests" name="FeatureFlagsShouldTriggerEventAfterCacheFlags" time="0.2449200" />
    <testcase classname="Dynamo.Tests.Logging.FeatureFlagTests" name="FeatureFlagsThrowsIfCheckIngNonSupportedType" time="0.0109990" />
    <testcase classname="Dynamo.Tests.Loggings.DynamoAnalyticsClientTest" name="Test_DynamoAnalytics_GetUserID" time="3.2398320" />
    <testcase classname="Dynamo.Tests.Loggings.DynamoAnalyticsClientTest" name="TestDynamoAnalyticsSession_Dispose" time="4.2868380" />
    <testcase classname="Dynamo.Tests.Loggings.DynamoAnalyticsDisableTest" name="DisableAnalytics" time="7.9726370" />
    <testcase classname="Dynamo.Tests.Loggings.DynamoAnalyticsDisableTest" name="DisableAnalyticsViaNoNetWorkMode" time="7.6288530" />
    <testcase classname="Dynamo.Tests.Loggings.DynamoLoggerTest" name="test_dynamologger_LogEventArgs" time="2.0807460" />
    <testcase classname="Dynamo.Tests.Loggings.DynamoLoggerTest" name="test_dynamologger_logger" time="3.1035790" />
    <testcase classname="Dynamo.Tests.Loggings.LogSourceTests" name="Test_DispatchedLogger_Log" time="2.4157240" />
    <testcase classname="Dynamo.Tests.Loggings.StabilityTrackingTest" name="test_stability_cookie_stability_shutdown" time="1.7345160" />
    <testcase classname="Dynamo.Tests.ProfilingTest" name="StartTimeResetsWhenNodeIsReExecuted" time="8.2618720" />
    <testcase classname="Dynamo.Tests.ProfilingTest" name="TestNodeExecutionEvents" time="4.0019180" />
    <testcase classname="Dynamo.Tests.ProfilingTest" name="TestProfilingSingleNode" time="2.9601400" />
    <testcase classname="Dynamo.Tests.ProfilingTest" name="TestProfilingSingleNodePublicMethodsOnly" time="3.3606350" />
    <testcase classname="ProtoTest.FFITests.TestZeroTouchClass" name="DescriptionTest" time="0.0032640" />
  </testsuite>
  <testsuite id="1" name="DynamoCoreWpf2Tests.dll" tests="3" failures="0" time="29.315">
    <testcase classname="AnalysisTests.LabelTests" name="ByPointAndString_EmptyLabel_ThrowArgumentNullException(&quot;Test_CBN_Label_InvalidPoint.dyn&quot;)" time="11.5830090" />
    <testcase classname="AnalysisTests.LabelTests" name="ByPointAndString_EmptyLabel_ThrowArgumentNullException(&quot;Test_CBN_Label_EmptyText.dyn&quot;)" time="10.2499240" />
    <testcase classname="AnalysisTests.LabelTests" name="ByPointAndString_ShowLabel_Test" time="7.4822240" />
  </testsuite>
  <testsuite id="2" name="DynamoCoreWpf3Tests.dll" tests="50" failures="0" time="129.648">
    <testcase classname="Dynamo.Tests.WorkspaceSaving" name="BackUpSaveDoesNotChangeName" time="3.6389460" />
    <testcase classname="Dynamo.Tests.WorkspaceSaving" name="CanOpenTemplateAsNewWorkspace" time="1.1258510" />
    <testcase classname="Dynamo.Tests.WorkspaceSaving" name="CanOpenTemplateAsNewWorkspaceAndNotSave" time="2.5113050" />
    <testcase classname="Dynamo.Tests.WorkspaceSaving" name="CanSaveAndReadWorkspaceDescription" time="1.9874600" />
    <testcase classname="Dynamo.Tests.WorkspaceSaving" name="CanSaveAndReadWorkspaceName" time="2.9147880" />
    <testcase classname="Dynamo.Tests.WorkspaceSaving" name="CanSaveAsNewWorkspaceWithNewGuids" time="2.9968250" />
    <testcase classname="Dynamo.Tests.WorkspaceSaving" name="CanSaveDifferentTargetWorkspace" time="2.3767970" />
    <testcase classname="Dynamo.Tests.WorkspaceSaving" name="CleanWorkbenchClearsUndoStack" time="2.0467160" />
    <testcase classname="Dynamo.Tests.WorkspaceSaving" name="CustomNodeBelongingToPackageCanBeModifiedAndReopenedWithoutError" time="2.1241119" />
    <testcase classname="Dynamo.Tests.WorkspaceSaving" name="CustomNodeEditNodeDescriptionKeepingIsVisibleInDynamoLibraryInDyf" time="2.9594330" />
    <testcase classname="Dynamo.Tests.WorkspaceSaving" name="CustomNodeEditNodeDescriptionKeepingViewBlockInDyf" time="2.2052410" />
    <testcase classname="Dynamo.Tests.WorkspaceSaving" name="CustomNodeSaveAsAddsNewIdToEnvironmentAndMaintainsOldOne" time="2.2697400" />
    <testcase classname="Dynamo.Tests.WorkspaceSaving" name="CustomNodeSaveAsAddsNewLoadedNodeToCustomNodeManager" time="1.8653600" />
    <testcase classname="Dynamo.Tests.WorkspaceSaving" name="CustomNodeSaveAsDoesGiveNewFunctionIdToNewCustomNode" time="2.0756810" />
    <testcase classname="Dynamo.Tests.WorkspaceSaving" name="CustomNodeSaveAsGivesNewFunctionIdToExistingFile" time="2.3622670" />
    <testcase classname="Dynamo.Tests.WorkspaceSaving" name="CustomNodeSaveAsKeepItsConnectors" time="2.3556780" />
    <testcase classname="Dynamo.Tests.WorkspaceSaving" name="CustomNodeSaveAsNewCustomNodeCanBeUsedInWorkspaceAndExpressionRuns" time="2.6432420" />
    <testcase classname="Dynamo.Tests.WorkspaceSaving" name="CustomNodeSaveAsPreservesFunctionDefinitionsOfExistingInstances" time="2.8915680" />
    <testcase classname="Dynamo.Tests.WorkspaceSaving" name="CustomNodeSaveDoesNotChangeName" time="2.2729800" />
    <testcase classname="Dynamo.Tests.WorkspaceSaving" name="CustomNodeWorkspaceCanSaveAsAndThenSaveExistingFile" time="2.6528000" />
    <testcase classname="Dynamo.Tests.WorkspaceSaving" name="CustomNodeWorkspaceCanSaveAsExistingFile" time="2.3865820" />
    <testcase classname="Dynamo.Tests.WorkspaceSaving" name="CustomNodeWorkspaceCanSaveAsFailsWithoutFilepathArg" time="1.9002510" />
    <testcase classname="Dynamo.Tests.WorkspaceSaving" name="CustomNodeWorkspaceCanSaveAsMultipleTimes" time="2.0027130" />
    <testcase classname="Dynamo.Tests.WorkspaceSaving" name="CustomNodeWorkspaceCanSaveAsNewFile" time="2.4314470" />
    <testcase classname="Dynamo.Tests.WorkspaceSaving" name="CustomNodeWorkspaceCanSaveMultipleTimes" time="2.0878230" />
    <testcase classname="Dynamo.Tests.WorkspaceSaving" name="CustomNodeWorkspaceFilePathIsUpdatedOnSaveAs" time="2.1998810" />
    <testcase classname="Dynamo.Tests.WorkspaceSaving" name="CustomNodeWorkspaceHasUnsavedChangesPropertyIsSetOnSaveAs" time="2.6905320" />
    <testcase classname="Dynamo.Tests.WorkspaceSaving" name="CustomNodeWorkspaceSaveBackupKeepNodeName" time="2.7312130" />
    <testcase classname="Dynamo.Tests.WorkspaceSaving" name="CustomNodeWorkspaceSavedToSamePlaceNotCausingDuplicatedLibraryItems" time="2.1903550" />
    <testcase classname="Dynamo.Tests.WorkspaceSaving" name="CustomNodeWorkspaceViewTestAfterSaving" time="2.7717700" />
    <testcase classname="Dynamo.Tests.WorkspaceSaving" name="CustomNodeWorkspacSaveFailsWithoutFilepathProperty" time="3.1478810" />
    <testcase classname="Dynamo.Tests.WorkspaceSaving" name="EnsureAskUserToSaveDialogIsShownOnOpenRecent" time="3.7747750" />
    <testcase classname="Dynamo.Tests.WorkspaceSaving" name="EnsureOnOpenIfSaveCommandOpensDynFile" time="2.7471860" />
    <testcase classname="Dynamo.Tests.WorkspaceSaving" name="EnsureSaveDialogIsShownOnOpenIfSaveCommand" time="3.6901780" />
    <testcase classname="Dynamo.Tests.WorkspaceSaving" name="EnsureSavePromptOnRecentGraphOpen" time="2.0369770" />
    <testcase classname="Dynamo.Tests.WorkspaceSaving" name="HomeWorkspaceCanSaveAsAndThenSaveExistingFile" time="3.3146440" />
    <testcase classname="Dynamo.Tests.WorkspaceSaving" name="HomeWorkspaceCanSaveAsExistingFile" time="2.4188780" />
    <testcase classname="Dynamo.Tests.WorkspaceSaving" name="HomeWorkspaceCanSaveAsFailsWithoutFilepathArg" time="2.6716090" />
    <testcase classname="Dynamo.Tests.WorkspaceSaving" name="HomeWorkspaceCanSaveAsMultipleTimes" time="2.1440910" />
    <testcase classname="Dynamo.Tests.WorkspaceSaving" name="HomeWorkspaceCanSaveAsNewFile" time="2.6219650" />
    <testcase classname="Dynamo.Tests.WorkspaceSaving" name="HomeWorkspaceCanSaveMultipleTimes" time="2.4366180" />
    <testcase classname="Dynamo.Tests.WorkspaceSaving" name="HomeWorkspaceFilePathPropertyIsUpdatedOnSaveAs" time="3.1372730" />
    <testcase classname="Dynamo.Tests.WorkspaceSaving" name="HomeWorkspaceHasUnsavedChangesPropertyIsSetOnSaveAs" time="2.1423490" />
    <testcase classname="Dynamo.Tests.WorkspaceSaving" name="HomeWorkspaceSaveFailsWithoutFilepathProperty" time="1.4773820" />
    <testcase classname="Dynamo.Tests.WorkspaceSaving" name="MultipleCustomNodeSaveAsOperationsAddsMultipleValidFunctionIdsToCustomNodeManager" time="2.0798990" />
    <testcase classname="Dynamo.Tests.WorkspaceSaving" name="RemovePIIDataFromWorkspace" time="2.9475060" />
    <testcase classname="Dynamo.Tests.WorkspaceSaving" name="WorkapceChecksumTest" time="2.0766810" />
    <testcase classname="Dynamo.Tests.WorkspaceSaving" name="WorkspaceSaveAfterSaveAsNewFile" time="2.6894390" />
    <testcase classname="Dynamo.Tests.WorkspaceSaving" name="WorkspaceWithDummyXmlNodesSavesAndOpensWithoutThrowing" time="2.0673050" />
    <testcase classname="DynamoCoreWpfTests.PeriodicUpdateTest" name="DateTimeNow" time="8.3555830" />
  </testsuite>
  <testsuite id="3" name="DynamoCoreWpfTests.dll" tests="41" failures="0" time="130.990">
    <testcase classname="Dynamo.Tests.GraphLayoutTests" name="GraphLayoutComplex" time="4.1236650" />
    <testcase classname="Dynamo.Tests.GraphLayoutTests" name="GraphLayoutConnectedGroups" time="1.5039270" />
    <testcase classname="Dynamo.Tests.GraphLayoutTests" name="GraphLayoutConnectedOneGroup" time="2.1725750" />
    <testcase classname="Dynamo.Tests.GraphLayoutTests" name="GraphLayoutCrossings" time="1.9682160" />
    <testcase classname="Dynamo.Tests.GraphLayoutTests" name="GraphLayoutCyclic" time="2.0549580" />
    <testcase classname="Dynamo.Tests.GraphLayoutTests" name="GraphLayoutCyclicGroups" time="1.8725920" />
    <testcase classname="Dynamo.Tests.GraphLayoutTests" name="GraphLayoutDyf" time="1.6935990" />
    <testcase classname="Dynamo.Tests.GraphLayoutTests" name="GraphLayoutGroupedNotes" time="1.8862220" />
    <testcase classname="Dynamo.Tests.GraphLayoutTests" name="GraphLayoutIsolatedNodes" time="1.8068290" />
    <testcase classname="Dynamo.Tests.GraphLayoutTests" name="GraphLayoutIsolatedOneGroup" time="1.8694780" />
    <testcase classname="Dynamo.Tests.GraphLayoutTests" name="GraphLayoutMarkFileAsDirty" time="2.0453900" />
    <testcase classname="Dynamo.Tests.GraphLayoutTests" name="GraphLayoutNoteModels" time="2.6487420" />
    <testcase classname="Dynamo.Tests.GraphLayoutTests" name="GraphLayoutOneNode" time="2.2861310" />
    <testcase classname="Dynamo.Tests.GraphLayoutTests" name="GraphLayoutSubgraphs" time="2.5209390" />
    <testcase classname="Dynamo.Tests.GraphLayoutTests" name="GraphLayoutTree" time="2.2763190" />
    <testcase classname="Dynamo.Tests.GraphLayoutTests" name="GraphLayoutTreeSelection" time="2.3444040" />
    <testcase classname="Dynamo.Tests.GraphLayoutTests" name="GraphLayoutTwoConnectedNodes" time="2.6201600" />
    <testcase classname="Dynamo.Tests.GraphLayoutTests" name="GraphLayoutUnconnectedGroups" time="3.7002550" />
    <testcase classname="DynamoCoreWpfTests.AnnotationViewTests" name="AddConnectorPinsToGroups" time="8.2157330" />
    <testcase classname="DynamoCoreWpfTests.AnnotationViewTests" name="DoubleClickOnGroupAddsCodeBlockNode" time="5.5876510" />
    <testcase classname="DynamoCoreWpfTests.AnnotationViewTests" name="TestAnnotationMouseClickEvent" time="3.2342680" />
    <testcase classname="DynamoCoreWpfTests.AnnotationViewTests" name="TestAnnotationOnDummyNodes" time="2.9760580" />
    <testcase classname="DynamoCoreWpfTests.AnnotationViewTests" name="UngroupingCollapsedGroupWillUnCollapseAllGroupContent" time="4.3867360" />
    <testcase classname="DynamoCoreWpfTests.ConnectorViewModelTests" name="CanBreakConnection" time="2.9011120" />
    <testcase classname="DynamoCoreWpfTests.ConnectorViewModelTests" name="CanHideConnector" time="2.5629620" />
    <testcase classname="DynamoCoreWpfTests.ConnectorViewModelTests" name="CanPinConnector" time="2.4859910" />
    <testcase classname="DynamoCoreWpfTests.ConnectorViewModelTests" name="CanPlaceWatchNode" time="3.0801059" />
    <testcase classname="DynamoCoreWpfTests.ConnectorViewModelTests" name="CanSelectConnectedNodes" time="3.0526130" />
    <testcase classname="DynamoCoreWpfTests.ConnectorViewModelTests" name="CanUndoDeletePin" time="3.0284730" />
    <testcase classname="DynamoCoreWpfTests.ConnectorViewModelTests" name="CanUndoDragPin" time="2.9968770" />
    <testcase classname="DynamoCoreWpfTests.ConnectorViewModelTests" name="CanUndoPin" time="3.2347959" />
    <testcase classname="DynamoCoreWpfTests.ConnectorViewModelTests" name="CanUndoPlaceWatchNode" time="3.9068940" />
    <testcase classname="DynamoCoreWpfTests.ConnectorViewModelTests" name="CanUndoShiftReconnectionWithConnectorPin" time="3.7105230" />
    <testcase classname="DynamoCoreWpfTests.ConnectorViewModelTests" name="CanUndoUnpin" time="3.7655710" />
    <testcase classname="DynamoCoreWpfTests.ConnectorViewModelTests" name="CanUnhideConnector" time="4.2247210" />
    <testcase classname="DynamoCoreWpfTests.ConnectorViewModelTests" name="CanUnPinFromConnector" time="3.4402470" />
    <testcase classname="DynamoCoreWpfTests.ConnectorViewModelTests" name="ConnectorVisibilityForLegacyGraphTest" time="3.3398540" />
    <testcase classname="DynamoCoreWpfTests.ConnectorViewModelTests" name="ConnectorVisibilityForLegacyXMLGraphTest" time="7.3597790" />
    <testcase classname="DynamoCoreWpfTests.ConnectorViewModelTests" name="ConnectorVisibilityWithPrefrencesTest" time="4.0689290" />
    <testcase classname="DynamoCoreWpfTests.ConnectorViewModelTests" name="PinPlacedOnCorrectWireToWatchNode" time="4.1326550" />
    <testcase classname="DynamoCoreWpfTests.ConnectorViewModelTests" name="PlaceWatchNodeAndRewireCorrectly" time="3.9034120" />
  </testsuite>
  <testsuite id="4" name="ProtoTest.dll" tests="5030" failures="1" time="64.358">
    <testcase classname="ProtoFFITests.ArgumentMarshalingTests" name="TestAccept3DList" time="0.4383300" />
    <testcase classname="ProtoFFITests.ArgumentMarshalingTests" name="TestAcceptIEnumerablOfIList" time="0.0092300" />
    <testcase classname="ProtoFFITests.ArgumentMarshalingTests" name="TestAcceptIEnumerablOfIListInt" time="0.0079360" />
    <testcase classname="ProtoFFITests.ArgumentMarshalingTests" name="TestAcceptListOf5PointsReturnAsObject" time="0.0146200" />
    <testcase classname="ProtoFFITests.ArgumentMarshalingTests" name="TestAcceptListOfList" time="0.0092610" />
    <testcase classname="ProtoFFITests.ArgumentMarshalingTests" name="TestAcceptObjectAsVar" time="0.0138270" />
    <testcase classname="ProtoFFITests.ArgumentMarshalingTests" name="TestObjectAsArbitraryDimensionArrayImport" time="0.0194170" />
    <testcase classname="ProtoFFITests.ArgumentMarshalingTests" name="TestReturn3DList" time="0.0033760" />
    <testcase classname="ProtoFFITests.ArgumentMarshalingTests" name="TestReturnDictionaryAsObject" time="0.0824339" />
    <testcase classname="ProtoFFITests.ArgumentMarshalingTests" name="TestReturnIDictionary" time="0.0142240" />
    <testcase classname="ProtoFFITests.ArgumentMarshalingTests" name="TestReturnIEnumerableOfInt" time="0.0216860" />
    <testcase classname="ProtoFFITests.ArgumentMarshalingTests" name="TestReturnIEnumerablOfIList" time="0.0052230" />
    <testcase classname="ProtoFFITests.ArgumentMarshalingTests" name="TestReturnIList" time="0.0048440" />
    <testcase classname="ProtoFFITests.ArgumentMarshalingTests" name="TestReturnIListOfIListInt" time="0.0035470" />
    <testcase classname="ProtoFFITests.ArgumentMarshalingTests" name="TestReturnListOf5Points" time="0.0041480" />
    <testcase classname="ProtoFFITests.ArgumentMarshalingTests" name="TestReturnListOfList" time="0.0037660" />
    <testcase classname="ProtoFFITests.ContextInjectionTests" name="TestContextInjectDummy" time="0.0153010" />
    <testcase classname="ProtoFFITests.ContextInjectionTests" name="TestContextInjectInternalClass" time="0.0030420" />
    <testcase classname="ProtoFFITests.ContextInjectionTests" name="TestContextInjectLiteralArray" time="0.0035210" />
    <testcase classname="ProtoFFITests.ContextInjectionTests" name="TestContextInjectLiteralValues" time="0.0102160" />
    <testcase classname="ProtoFFITests.ContextInjectionTests" name="TestImportDataMethod" time="0.0111040" />
    <testcase classname="ProtoFFITests.ContextInjectionTests" name="TestObjectMarshaling" time="0.0082190" />
    <testcase classname="ProtoFFITests.CSFFIDataMarshalingTest" name="Test_ArbitaryDimensionParameter" time="0.0128089" />
    <testcase classname="ProtoFFITests.CSFFIDataMarshalingTest" name="Test_DataMasrshalling_IEnumerable_Explicit_Cast" time="0.0049190" />
    <testcase classname="ProtoFFITests.CSFFIDataMarshalingTest" name="Test_DataMasrshalling_IEnumerable_Implicit_Cast" time="0.0046620" />
    <testcase classname="ProtoFFITests.CSFFIDataMarshalingTest" name="Test_DataMasrshalling_Int_Explicit_Cast" time="0.0044250" />
    <testcase classname="ProtoFFITests.CSFFIDataMarshalingTest" name="Test_DataMasrshalling_Int_Implicit_Cast" time="0.0045400" />
    <testcase classname="ProtoFFITests.CSFFIDataMarshalingTest" name="Test_DataMasrshalling_Over_Internal_Classes" time="0.0076540" />
    <testcase classname="ProtoFFITests.CSFFIDataMarshalingTest" name="Test_DataMasrshalling_Ulong_Explicit_Cast" time="0.0044690" />
    <testcase classname="ProtoFFITests.CSFFIDataMarshalingTest" name="Test_DataMasrshalling_Ulong_Implicit_Cast" time="0.0047750" />
    <testcase classname="ProtoFFITests.CSFFIDataMarshalingTest" name="Test_DataMasrshalling_Using_Explicit_Type_Cast_In_Methods" time="0.0096259" />
    <testcase classname="ProtoFFITests.CSFFIDataMarshalingTest" name="Test_DataMasrshalling_Using_Implicit_Type_Cast_In_Method_Arguments" time="0.0166410" />
    <testcase classname="ProtoFFITests.CSFFIDataMarshalingTest" name="Test_DefaultArgument" time="0.0045820" />
    <testcase classname="ProtoFFITests.CSFFIDataMarshalingTest" name="Test_Dictionary" time="0.0143970" />
    <testcase classname="ProtoFFITests.CSFFIDataMarshalingTest" name="Test_MarshalingNullInCollection" time="0.0152540" />
    <testcase classname="ProtoFFITests.CSFFIDataMarshalingTest" name="Test_MarshlingFunctionPointer" time="0.0165590" />
    <testcase classname="ProtoFFITests.CSFFIDataMarshalingTest" name="Test_MarshlingPointerToCollection" time="0.0259330" />
    <testcase classname="ProtoFFITests.CSFFIDataMarshalingTest" name="Test_MethodOverloading_In_Csharp_Classes" time="0.0032990" />
    <testcase classname="ProtoFFITests.CSFFIDataMarshalingTest" name="Test_ObjectAsArbiteraryDimensionArray" time="0.0052560" />
    <testcase classname="ProtoFFITests.CSFFIDataMarshalingTest" name="Test_UnMarshal1DArrayToDictionary" time="0.0143530" />
    <testcase classname="ProtoFFITests.CSFFIDataMarshalingTest" name="Test_UnMarshalDictionary" time="0.0096620" />
    <testcase classname="ProtoFFITests.CSFFIDataMarshalingTest" name="Test_UnMarshalHybridDictionary" time="0.0117610" />
    <testcase classname="ProtoFFITests.CSFFIDataMarshalingTest" name="TestArrayPromotion" time="0.0128040" />
    <testcase classname="ProtoFFITests.CSFFIDataMarshalingTest" name="TestByte" time="0.0042180" />
    <testcase classname="ProtoFFITests.CSFFIDataMarshalingTest" name="TestByteOutOfRangeWarning" time="0.0042130" />
    <testcase classname="ProtoFFITests.CSFFIDataMarshalingTest" name="TestChar" time="0.0055540" />
    <testcase classname="ProtoFFITests.CSFFIDataMarshalingTest" name="TestCharOutOfRangeWarning" time="0.0165079" />
    <testcase classname="ProtoFFITests.CSFFIDataMarshalingTest" name="TestCombineByte" time="0.0099590" />
    <testcase classname="ProtoFFITests.CSFFIDataMarshalingTest" name="TestDateTime" time="0.0787709">
      <error message="&#x9;success is expected to be True, but its actual value is False. &#xD;&#xA;">   at ProtoTestFx.TD.TestFrameWork.VerifyPodType[T](T expectedValue, Obj dsObject, String dsVariable, List`1 indices) in C:\Users\DeyanNenov\Documents\GitHub\Dynamo\test\Engine\ProtoTestFx\TestFrameWork.cs:line 557
   at ProtoTestFx.TD.TestFrameWork.VerifyInternal(Object expectedObject, Obj dsObject, String dsVariable, List`1 indices) in C:\Users\DeyanNenov\Documents\GitHub\Dynamo\test\Engine\ProtoTestFx\TestFrameWork.cs:line 637
   at ProtoTestFx.TD.TestFrameWork.Verify(ExecutionMirror mirror, String dsVariable, Object expectedValue, Int32 startBlock) in C:\Users\DeyanNenov\Documents\GitHub\Dynamo\test\Engine\ProtoTestFx\TestFrameWork.cs:line 712
   at System.Dynamic.UpdateDelegates.UpdateAndExecuteVoid5[T0,T1,T2,T3,T4](CallSite site, T0 arg0, T1 arg1, T2 arg2, T3 arg3, T4 arg4)
   at ProtoFFITests.FFITestSetup.ExecuteAndVerify(String code, ValidationData[] data, Dictionary`2 context, Int32&amp; nErrors) in C:\Users\DeyanNenov\Documents\GitHub\Dynamo\test\Engine\ProtoTest\FFITests\CSFFITest.cs:line 66
   at ProtoFFITests.FFITestSetup.ExecuteAndVerify(String code, ValidationData[] data, Int32&amp; nErrors) in C:\Users\DeyanNenov\Documents\GitHub\Dynamo\test\Engine\ProtoTest\FFITests\CSFFITest.cs:line 40
   at ProtoFFITests.CSFFIDataMarshalingTest.TestDateTime() in C:\Users\DeyanNenov\Documents\GitHub\Dynamo\test\Engine\ProtoTest\FFITests\CSFFIDataMarshalingTest.cs:line 109
</error>
    </testcase>
    <testcase classname="ProtoFFITests.CSFFIDataMarshalingTest" name="TestDecimals" time="0.0104190" />
    <testcase classname="ProtoFFITests.CSFFIDataMarshalingTest" name="TestDoubles" time="0.0048550" />
    <testcase classname="ProtoFFITests.CSFFIDataMarshalingTest" name="TestFloatOut" time="0.0118210" />
    <testcase classname="ProtoFFITests.CSFFIDataMarshalingTest" name="TestFloats" time="0.0040570" />
    <testcase classname="ProtoFFITests.CSFFIDataMarshalingTest" name="TestFloatsOutOfRangeWarning" time="0.0076640" />
    <testcase classname="ProtoFFITests.CSFFIDataMarshalingTest" name="TestIEnumerable" time="0.0060219" />
    <testcase classname="ProtoFFITests.CSFFIDataMarshalingTest" name="TestIEnumerable2" time="0.0047200" />
    <testcase classname="ProtoFFITests.CSFFIDataMarshalingTest" name="TestIEnumerable3" time="0.0044880" />
    <testcase classname="ProtoFFITests.CSFFIDataMarshalingTest" name="TestIEnumerableNestedCollection" time="0.0041670" />
    <testcase classname="ProtoFFITests.CSFFIDataMarshalingTest" name="TestIEnumerableWithArbitraryRankArray" time="0.0060110" />
    <testcase classname="ProtoFFITests.CSFFIDataMarshalingTest" name="TestMarshalingIEnumerableOfDummyPoint" time="0.0055050" />
    <testcase classname="ProtoFFITests.CSFFIDataMarshalingTest" name="TestNullForPrimitiveType" time="0.0045990" />
    <testcase classname="ProtoFFITests.CSFFIDataMarshalingTest" name="TestSByte" time="0.0044350" />
    <testcase classname="ProtoFFITests.CSFFIDataMarshalingTest" name="TestSByteOutOfRangeWarning" time="0.0053190" />
    <testcase classname="ProtoFFITests.CSFFIDataMarshalingTest" name="TestShort" time="0.0038910" />
    <testcase classname="ProtoFFITests.CSFFIDataMarshalingTest" name="TestSingletonMarshaledAsIEnumerable" time="0.0041859" />
    <testcase classname="ProtoFFITests.CSFFIDataMarshalingTest" name="TestUInt" time="0.0124440" />
    <testcase classname="ProtoFFITests.CSFFIDataMarshalingTest" name="TestULong" time="0.0047470" />
    <testcase classname="ProtoFFITests.CSFFIDataMarshalingTest" name="TestUShort" time="0.0055449" />
    <testcase classname="ProtoFFITests.CSFFIDispose" name="CleanupAfterPropertyAccess" time="0.0277120" />
    <testcase classname="ProtoFFITests.CSFFIDispose" name="CleanupAfterPropertyAccessLR" time="0.0511760" />
    <testcase classname="ProtoFFITests.CSFFIDispose" name="Dispose_FFITarget" time="0.0671240" />
    <testcase classname="ProtoFFITests.CSFFIDispose" name="Dispose_FFITarget_Inherited" time="0.0251230" />
    <testcase classname="ProtoFFITests.CSFFIDispose" name="Dispose_FFITarget_Overridden" time="0.0516280" />
    <testcase classname="ProtoFFITests.CSFFIDispose" name="Dispose01_NoFunctionCall" time="0.0286580" />
    <testcase classname="ProtoFFITests.CSFFIDispose" name="Dispose02_FunctionNonArray" time="0.0280250" />
    <testcase classname="ProtoFFITests.CSFFIDispose" name="Dispose03_FunctionReplication" time="0.0391880" />
    <testcase classname="ProtoFFITests.CSFFIDispose" name="Dispose04_FunctionArray" time="0.0308070" />
    <testcase classname="ProtoFFITests.CSFFIDispose" name="Dispose05_StaticFunctionNonArray" time="0.0239220" />
    <testcase classname="ProtoFFITests.CSFFIDispose" name="Dispose06_StaticFunctionReplication" time="0.0432920" />
    <testcase classname="ProtoFFITests.CSFFIDispose" name="Dispose07_StaticFunctionNonArray" time="0.0561150" />
    <testcase classname="ProtoFFITests.CSFFIDispose" name="Dispose08_MemFunctionNonArray" time="0.0352860" />
    <testcase classname="ProtoFFITests.CSFFIDispose" name="Dispose09_MemFunctionReplication" time="0.0318019" />
    <testcase classname="ProtoFFITests.CSFFIDispose" name="Dispose10_MemFunctionArray" time="0.0295120" />
    <testcase classname="ProtoFFITests.CSFFIDispose" name="Dispose11_ReplicationNonArray" time="0.0151990" />
    <testcase classname="ProtoFFITests.CSFFIDispose" name="Dispose12_ReplicationReplication" time="0.0277510" />
    <testcase classname="ProtoFFITests.CSFFIDispose" name="Dispose13_ReplicationArray" time="0.0284450" />
    <testcase classname="ProtoFFITests.CSFFIDispose" name="Dispose14_GlobalFunctionTwoArguments" time="0.0209760" />
    <testcase classname="ProtoFFITests.CSFFIDispose" name="Dispose15_GlobalFunctionTwoArguments" time="0.0343450" />
    <testcase classname="ProtoFFITests.CSFFIDispose" name="Dispose16_GlobalFunctionTwoArguments" time="0.0346380" />
    <testcase classname="ProtoFFITests.CSFFIDispose" name="Dispose17_StaticFunctionTwoArguments" time="0.0388420" />
    <testcase classname="ProtoFFITests.CSFFIDispose" name="Dispose18_StaticFunctionTwoArguments" time="0.0275630" />
    <testcase classname="ProtoFFITests.CSFFIDispose" name="Dispose19_StaticFunctionTwoArguments" time="0.0262390" />
    <testcase classname="ProtoFFITests.CSFFIDispose" name="Dispose20_MemberFunctionTwoArguments" time="0.0204330" />
    <testcase classname="ProtoFFITests.CSFFIDispose" name="Dispose21_MemberFunctionTwoArguments" time="0.0443100" />
    <testcase classname="ProtoFFITests.CSFFIDispose" name="Dispose22_MemberFunctionTwoArguments" time="0.0603140" />
    <testcase classname="ProtoFFITests.CSFFIDispose" name="Dispose23_MemberFunctionTwoArguments" time="0.0200060" />
    <testcase classname="ProtoFFITests.CSFFIDispose" name="Dispose24_MemberFunctionTwoArguments" time="0.0335709" />
    <testcase classname="ProtoFFITests.CSFFIDispose" name="Dispose25_MemberFunctionTwoArguments" time="0.0473660" />
    <testcase classname="ProtoFFITests.CSFFIDispose" name="Dispose26_GlobalFunctionReturnArray" time="0.0346440" />
    <testcase classname="ProtoFFITests.CSFFIDispose" name="Dispose27_GlobalFunctionReturnArray" time="0.0280080" />
    <testcase classname="ProtoFFITests.CSFFIDispose" name="Dispose28_GlobalFunctionReturnArray" time="0.0315000" />
    <testcase classname="ProtoFFITests.CSFFIDispose" name="Dispose29_MemberFunctionReturnArray" time="0.0160580" />
    <testcase classname="ProtoFFITests.CSFFIDispose" name="Dispose30_MemberFunctionReturnArray" time="0.0548500" />
    <testcase classname="ProtoFFITests.CSFFIDispose" name="Dispose31_MemberFunctionReturnArray" time="0.0349670" />
    <testcase classname="ProtoFFITests.CSFFIDispose" name="Dispose32_StaticFunctionReturnArray" time="0.0150440" />
    <testcase classname="ProtoFFITests.CSFFIDispose" name="Dispose33_StaticFunctionReturnArray" time="0.0323620" />
    <testcase classname="ProtoFFITests.CSFFIDispose" name="Dispose34_StaticFunctionReturnArray" time="0.0301580" />
    <testcase classname="ProtoFFITests.CSFFIDispose" name="Dispose35_StaticFunctionReturnObject" time="0.0158210" />
    <testcase classname="ProtoFFITests.CSFFIDispose" name="Dispose36_StaticFunctionReturnObject" time="0.0428490" />
    <testcase classname="ProtoFFITests.CSFFIDispose" name="Dispose37_MemberFunctionReturnObject" time="0.0186800" />
    <testcase classname="ProtoFFITests.CSFFIDispose" name="Dispose38_MemberFunctionReturnObject" time="0.0543390" />
    <testcase classname="ProtoFFITests.CSFFIDispose" name="Dispose39_GlobalFunctionReturnObject" time="0.0459950" />
    <testcase classname="ProtoFFITests.CSFFIDispose" name="Dispose40_GlobalFunctionReturnObject" time="0.0370590" />
    <testcase classname="ProtoFFITests.CSFFIDispose" name="Dispose41_MemberFunctionReturnArray" time="0.0308490" />
    <testcase classname="ProtoFFITests.CSFFIDispose" name="Dispose42_MemberFunctionReturnArray" time="0.0393120" />
    <testcase classname="ProtoFFITests.CSFFIDispose" name="Dispose43_MemberFunctionReturnArray" time="0.0414420" />
    <testcase classname="ProtoFFITests.CSFFIDispose" name="Dispose44_MemberFunctionReturnObject" time="0.0362290" />
    <testcase classname="ProtoFFITests.CSFFIDispose" name="Dispose45_MemberFunctionReturnObject" time="0.0358189" />
    <testcase classname="ProtoFFITests.CSFFIDispose" name="Dispose46_GlobalFunctionReturnNewArray" time="0.0187660" />
    <testcase classname="ProtoFFITests.CSFFIDispose" name="Dispose47_GlobalFunctionReturnNewArray" time="0.0399120" />
    <testcase classname="ProtoFFITests.CSFFIDispose" name="Dispose48_GlobalFunctionReturnNewArray" time="0.0558480" />
    <testcase classname="ProtoFFITests.CSFFIDispose" name="Dispose49_MemberFunctionReturnNewArray" time="0.0155280" />
    <testcase classname="ProtoFFITests.CSFFIDispose" name="Dispose50_MemberFunctionReturnNewArray" time="0.0528820" />
    <testcase classname="ProtoFFITests.CSFFIDispose" name="Dispose51_MemberFunctionReturnNewArray" time="0.0337400" />
    <testcase classname="ProtoFFITests.CSFFIDispose" name="Dispose52_StaticFunctionReturnNewArray" time="0.0179880" />
    <testcase classname="ProtoFFITests.CSFFIDispose" name="Dispose53_StaticFunctionReturnNewArray" time="0.0369610" />
    <testcase classname="ProtoFFITests.CSFFIDispose" name="Dispose54_StaticFunctionReturnNewArray" time="0.0295640" />
    <testcase classname="ProtoFFITests.CSFFIDispose" name="Dispose55_StaticFunctionReturnNewObject" time="0.0163370" />
    <testcase classname="ProtoFFITests.CSFFIDispose" name="Dispose56_StaticFunctionReturnNewObject" time="0.0281670" />
    <testcase classname="ProtoFFITests.CSFFIDispose" name="Dispose57_MemberFunctionReturnNewObject" time="0.0309990" />
    <testcase classname="ProtoFFITests.CSFFIDispose" name="Dispose58_MemberFunctionReturnNewObject" time="0.0139180" />
    <testcase classname="ProtoFFITests.CSFFIDispose" name="Dispose59_GlobalFunctionReturnNewObject" time="0.0283960" />
    <testcase classname="ProtoFFITests.CSFFIDispose" name="Dispose60_GlobalFunctionReturnNewObject" time="0.0295780" />
    <testcase classname="ProtoFFITests.CSFFIDispose" name="Dispose61_MemberFunctionReturnNewArray" time="0.0272050" />
    <testcase classname="ProtoFFITests.CSFFIDispose" name="Dispose62_MemberFunctionReturnNewArray" time="0.0283010" />
    <testcase classname="ProtoFFITests.CSFFIDispose" name="Dispose63_MemberFunctionReturnNewArray" time="0.0357520" />
    <testcase classname="ProtoFFITests.CSFFIDispose" name="Dispose64_MemberFunctionReturnNewObject" time="0.0160830" />
    <testcase classname="ProtoFFITests.CSFFIDispose" name="Dispose65_MemberFunctionReturnNewObject" time="0.0272230" />
    <testcase classname="ProtoFFITests.CSFFIDispose" name="Dispose67_PointInScope" time="0.0673730" />
    <testcase classname="ProtoFFITests.CSFFIDispose" name="DisposeDispoableObject" time="0.0173810" />
    <testcase classname="ProtoFFITests.CSFFIDispose" name="DisposeEnumWrapper" time="0.0429940" />
    <testcase classname="ProtoFFITests.CSFFIDispose" name="DisposeMultipleDispoableObject" time="0.0462730" />
    <testcase classname="ProtoFFITests.CSFFIDispose" name="InheritedLiveRunnerDispose" time="0.0156210" />
    <testcase classname="ProtoFFITests.CSFFIDispose" name="InheritenceLiveRunner" time="0.0349309" />
    <testcase classname="ProtoFFITests.CSFFIDispose" name="IntermediatePatch" time="0.0330000" />
    <testcase classname="ProtoFFITests.CSFFITest" name="AllowRankReductionAttributeWorksForMethod" time="0.0166680" />
    <testcase classname="ProtoFFITests.CSFFITest" name="AllowRankReductionAttributeWorksForProperty" time="0.0373390" />
    <testcase classname="ProtoFFITests.CSFFITest" name="Defect_1462300" time="0.0317840" />
    <testcase classname="ProtoFFITests.CSFFITest" name="DisposeOnFFITest001" time="0.0159630" />
    <testcase classname="ProtoFFITests.CSFFITest" name="DisposeOnFFITest002" time="0.0401670" />
    <testcase classname="ProtoFFITests.CSFFITest" name="DisposeOnFFITest003" time="0.0407180" />
    <testcase classname="ProtoFFITests.CSFFITest" name="DisposeOnFFITest004" time="0.0362780" />
    <testcase classname="ProtoFFITests.CSFFITest" name="DisposeOnFFITest006" time="0.0562960" />
    <testcase classname="ProtoFFITests.CSFFITest" name="FFI_Target_Inheritence" time="0.0158640" />
    <testcase classname="ProtoFFITests.CSFFITest" name="geometryArrayAssignment" time="0.0596920" />
    <testcase classname="ProtoFFITests.CSFFITest" name="geometryForLoop" time="0.0897940" />
    <testcase classname="ProtoFFITests.CSFFITest" name="geometryFunction" time="0.0180490" />
    <testcase classname="ProtoFFITests.CSFFITest" name="geometryIfElse" time="0.0287380" />
    <testcase classname="ProtoFFITests.CSFFITest" name="geometryInlineConditional" time="0.0403620" />
    <testcase classname="ProtoFFITests.CSFFITest" name="geometryRangeExpression" time="0.0227920" />
    <testcase classname="ProtoFFITests.CSFFITest" name="geometryWhileLoop" time="0.0273760" />
    <testcase classname="ProtoFFITests.CSFFITest" name="InheritenceMethodInvokeOnEmptyDerivedClassInstance" time="0.0035310" />
    <testcase classname="ProtoFFITests.CSFFITest" name="InheritenceMethodInvokeWithoutImportDerivedClass" time="0.0041690" />
    <testcase classname="ProtoFFITests.CSFFITest" name="properties" time="0.0327470" />
    <testcase classname="ProtoFFITests.CSFFITest" name="PropertyReadback" time="0.0176459" />
    <testcase classname="ProtoFFITests.CSFFITest" name="PropertyUpdate" time="0.0351940" />
    <testcase classname="ProtoFFITests.CSFFITest" name="SimplePropertyUpdate" time="0.0352569" />
    <testcase classname="ProtoFFITests.CSFFITest" name="SimplePropertyUpdateUsingSetMethod" time="0.0157829" />
    <testcase classname="ProtoFFITests.CSFFITest" name="TestArrayElementReturnedFromFunction" time="0.0385640" />
    <testcase classname="ProtoFFITests.CSFFITest" name="TestArrayMarshalling_DStoCS" time="0.0040840" />
    <testcase classname="ProtoFFITests.CSFFITest" name="TestArrayMarshalling_DStoCS_CStoDS" time="0.0056970" />
    <testcase classname="ProtoFFITests.CSFFITest" name="TestArrayMarshling_MixedTypes" time="0.0058470" />
    <testcase classname="ProtoFFITests.CSFFITest" name="TestCtor" time="0.0042230" />
    <testcase classname="ProtoFFITests.CSFFITest" name="TestDefaultConstructorNotAvailableOnAbstractClass" time="0.0286940" />
    <testcase classname="ProtoFFITests.CSFFITest" name="TestDisposable_Dispose" time="0.0052090" />
    <testcase classname="ProtoFFITests.CSFFITest" name="TestDisposeDerived_Dispose" time="0.0028810" />
    <testcase classname="ProtoFFITests.CSFFITest" name="TestDisposeForUpdate" time="0.0050820" />
    <testcase classname="ProtoFFITests.CSFFITest" name="TestDisposeForUpdate2" time="0.0168960" />
    <testcase classname="ProtoFFITests.CSFFITest" name="TestDisposeNotAvailable" time="0.0191260" />
    <testcase classname="ProtoFFITests.CSFFITest" name="TestDummyBase_Dispose" time="0.0046470" />
    <testcase classname="ProtoFFITests.CSFFITest" name="TestDummyDisposeDispose" time="0.0033090" />
    <testcase classname="ProtoFFITests.CSFFITest" name="TestExplicitGetterAndSetters" time="0.0035250" />
    <testcase classname="ProtoFFITests.CSFFITest" name="TestImportAllClasses" time="0.0139090" />
    <testcase classname="ProtoFFITests.CSFFITest" name="TestImportDummyClass" time="0.0070920" />
    <testcase classname="ProtoFFITests.CSFFITest" name="TestImportPointClassWithImportingVectorClass" time="0.0159550" />
    <testcase classname="ProtoFFITests.CSFFITest" name="TestImportPointClassWithoutImportingVectorClass" time="0.0054960" />
    <testcase classname="ProtoFFITests.CSFFITest" name="TestInheritanceBaseClassMethodCall" time="0.0045450" />
    <testcase classname="ProtoFFITests.CSFFITest" name="TestInheritanceCtorsVirtualMethods" time="0.0036870" />
    <testcase classname="ProtoFFITests.CSFFITest" name="TestInheritanceCtorsVirtualMethods2" time="0.0068740" />
    <testcase classname="ProtoFFITests.CSFFITest" name="TestInheritanceCtorsVirtualMethods3" time="0.0023290" />
    <testcase classname="ProtoFFITests.CSFFITest" name="TestInheritanceImport" time="0.0027700" />
    <testcase classname="ProtoFFITests.CSFFITest" name="TestInheritanceVirtualMethodCallBase" time="0.0030760" />
    <testcase classname="ProtoFFITests.CSFFITest" name="TestInheritanceVirtualMethodCallDerived" time="0.0054070" />
    <testcase classname="ProtoFFITests.CSFFITest" name="TestInstanceMethodResolution" time="0.0218530" />
    <testcase classname="ProtoFFITests.CSFFITest" name="TestListMarshalling_DStoCS" time="0.0079160" />
    <testcase classname="ProtoFFITests.CSFFITest" name="TestListMarshalling_DStoCS_CStoDS" time="0.0034880" />
    <testcase classname="ProtoFFITests.CSFFITest" name="TestMethodCallOnNullFFIObject" time="0.0024330" />
    <testcase classname="ProtoFFITests.CSFFITest" name="TestNamespaceClassResolution" time="0.0622310" />
    <testcase classname="ProtoFFITests.CSFFITest" name="TestNamespaceFullResolution01" time="0.0230900" />
    <testcase classname="ProtoFFITests.CSFFITest" name="TestNamespaceFullResolution02" time="0.0313280" />
    <testcase classname="ProtoFFITests.CSFFITest" name="TestNamespaceFullResolution03" time="0.0345020" />
    <testcase classname="ProtoFFITests.CSFFITest" name="TestNamespaceImport" time="0.0048840" />
    <testcase classname="ProtoFFITests.CSFFITest" name="TestNamespacePartialResolution01" time="0.0277710" />
    <testcase classname="ProtoFFITests.CSFFITest" name="TestNamespacePartialResolution02" time="0.0312410" />
    <testcase classname="ProtoFFITests.CSFFITest" name="TestNamespacePartialResolution03" time="0.0429840" />
    <testcase classname="ProtoFFITests.CSFFITest" name="TestNestedClass" time="0.0029550" />
    <testcase classname="ProtoFFITests.CSFFITest" name="TestNestedClassImport" time="0.0029650" />
    <testcase classname="ProtoFFITests.CSFFITest" name="TestNullableTypes" time="0.0038440" />
    <testcase classname="ProtoFFITests.CSFFITest" name="TestProperty" time="0.0160040" />
    <testcase classname="ProtoFFITests.CSFFITest" name="TestReplicationAndDispose" time="0.0429370" />
    <testcase classname="ProtoFFITests.CSFFITest" name="TestReturnFromFunctionSingle" time="0.0256990" />
    <testcase classname="ProtoFFITests.CSFFITest" name="TestStackMarshalling_DStoCS_CStoDS" time="0.0056400" />
    <testcase classname="ProtoFFITests.CSFFITest" name="TestStaticHiddenFunctionCallResolution" time="0.0024190" />
    <testcase classname="ProtoFFITests.CSFFITest" name="TestStaticMethod" time="0.0022490" />
    <testcase classname="ProtoFFITests.CSFFITest" name="TestStaticProperty" time="0.0335470" />
    <testcase classname="ProtoFFITests.CSFFITest" name="TestSubNamespaceClassResolution" time="0.0652870" />
    <testcase classname="ProtoTest.Associative.AtLevelTest" name="TestAtLevel01" time="0.0209130" />
    <testcase classname="ProtoTest.Associative.AtLevelTest" name="TestDominantList01Case1" time="0.0058350" />
    <testcase classname="ProtoTest.Associative.AtLevelTest" name="TestDominantList01Case2" time="0.0037740" />
    <testcase classname="ProtoTest.Associative.AtLevelTest" name="TestDominantList01ForMember" time="0.0056110" />
    <testcase classname="ProtoTest.Associative.AtLevelTest" name="TestDominantList01ForStaticMethod" time="0.0058540" />
    <testcase classname="ProtoTest.Associative.AtLevelTest" name="TestDominantList02" time="0.0049860" />
    <testcase classname="ProtoTest.Associative.AtLevelTest" name="TestDominantList02ForMethod" time="0.0072480" />
    <testcase classname="ProtoTest.Associative.AtLevelTest" name="TestDominantList02ForStaticMethod" time="0.0048210" />
    <testcase classname="ProtoTest.Associative.AtLevelTest" name="TestDominantList03" time="0.0045280" />
    <testcase classname="ProtoTest.Associative.AtLevelTest" name="TestDominantList03ForMethod" time="0.0171120" />
    <testcase classname="ProtoTest.Associative.AtLevelTest" name="TestDominantList03ForStaticMethod" time="0.0061060" />
    <testcase classname="ProtoTest.Associative.AtLevelTest" name="TestDominantList04" time="0.0056070" />
    <testcase classname="ProtoTest.Associative.AtLevelTest" name="TestDominantList04ForMethod" time="0.0056900" />
    <testcase classname="ProtoTest.Associative.AtLevelTest" name="TestDominantList04ForStaticMethod" time="0.0029260" />
    <testcase classname="ProtoTest.Associative.AtLevelTest" name="TestDominantList05" time="0.0075510" />
    <testcase classname="ProtoTest.Associative.AtLevelTest" name="TestDominantList05ForMethod" time="0.0032940" />
    <testcase classname="ProtoTest.Associative.AtLevelTest" name="TestDominantList05ForStaticMethod" time="0.0030140" />
    <testcase classname="ProtoTest.Associative.AtLevelTest" name="TestDominantList06" time="0.0028320" />
    <testcase classname="ProtoTest.Associative.AtLevelTest" name="TestDominantList06ForMethod" time="0.0038900" />
    <testcase classname="ProtoTest.Associative.AtLevelTest" name="TestDominantList06ForStaticMethod" time="0.0058120" />
    <testcase classname="ProtoTest.Associative.AtLevelTest" name="TestDominantList07" time="0.0029750" />
    <testcase classname="ProtoTest.Associative.AtLevelTest" name="TestDominantList07ForMethod" time="0.0031890" />
    <testcase classname="ProtoTest.Associative.AtLevelTest" name="TestDominantList07ForStaticMethod" time="0.0033700" />
    <testcase classname="ProtoTest.Associative.AtLevelTest" name="TestDominantListOnConstructor" time="0.0042140" />
    <testcase classname="ProtoTest.Associative.AtLevelTest" name="TestFunctionCallAtLevel1" time="0.0173570" />
    <testcase classname="ProtoTest.Associative.AtLevelTest" name="TestNestedListAtLevel1" time="0.0227680" />
    <testcase classname="ProtoTest.Associative.AtLevelTest" name="TestNestedListStructureAtLevel1" time="0.0112580" />
    <testcase classname="ProtoTest.Associative.AtLevelTest" name="TestTwoDominatListsThrowWarning" time="0.0039350" />
    <testcase classname="ProtoTest.Associative.BuiltinMethodsTest" name="BIM01_SomeNulls" time="0.0036180" />
    <testcase classname="ProtoTest.Associative.BuiltinMethodsTest" name="BIM02_CountTrue" time="0.0030050" />
    <testcase classname="ProtoTest.Associative.BuiltinMethodsTest" name="BIM03_CountFalse" time="0.0031280" />
    <testcase classname="ProtoTest.Associative.BuiltinMethodsTest" name="BIM04_AllFalse_AllTrue" time="0.0038710" />
    <testcase classname="ProtoTest.Associative.BuiltinMethodsTest" name="BIM05_IsHomogeneous" time="0.0127100" />
    <testcase classname="ProtoTest.Associative.BuiltinMethodsTest" name="BIM06_SumAverage" time="0.0040190" />
    <testcase classname="ProtoTest.Associative.BuiltinMethodsTest" name="BIM07_SomeTrue_SomeFalse" time="0.0042770" />
    <testcase classname="ProtoTest.Associative.BuiltinMethodsTest" name="BIM08_Remove_RemoveDuplicate" time="0.0044960" />
    <testcase classname="ProtoTest.Associative.BuiltinMethodsTest" name="BIM09_RemoveNulls" time="0.0049560" />
    <testcase classname="ProtoTest.Associative.BuiltinMethodsTest" name="BIM10_RemoveIfNot" time="0.0128530" />
    <testcase classname="ProtoTest.Associative.BuiltinMethodsTest" name="BIM11_Reverse" time="0.0034130" />
    <testcase classname="ProtoTest.Associative.BuiltinMethodsTest" name="BIM12_Contains" time="0.0194640" />
    <testcase classname="ProtoTest.Associative.BuiltinMethodsTest" name="BIM13_IndexOf" time="0.0035840" />
    <testcase classname="ProtoTest.Associative.BuiltinMethodsTest" name="BIM14_Sort" time="0.0101190" />
    <testcase classname="ProtoTest.Associative.BuiltinMethodsTest" name="BIM15_SortIndexByValue" time="0.0117380" />
    <testcase classname="ProtoTest.Associative.BuiltinMethodsTest" name="BIM16_Insert" time="0.0087330" />
    <testcase classname="ProtoTest.Associative.BuiltinMethodsTest" name="BIM17_SetDifference_SetUnion_SetIntersection" time="0.0058979" />
    <testcase classname="ProtoTest.Associative.BuiltinMethodsTest" name="BIM18_Reorder" time="0.0036000" />
    <testcase classname="ProtoTest.Associative.BuiltinMethodsTest" name="BIM19_IsUniformDepth" time="0.0031370" />
    <testcase classname="ProtoTest.Associative.BuiltinMethodsTest" name="BIM20_NormalizeDepth" time="0.0068970" />
    <testcase classname="ProtoTest.Associative.BuiltinMethodsTest" name="BIM21_Map_MapTo" time="0.0155930" />
    <testcase classname="ProtoTest.Associative.BuiltinMethodsTest" name="BIM22_Transpose" time="0.0037040" />
    <testcase classname="ProtoTest.Associative.BuiltinMethodsTest" name="BIM23_LoadCSV" time="0.0046169" />
    <testcase classname="ProtoTest.Associative.BuiltinMethodsTest" name="BIM24_Count" time="0.0025079" />
    <testcase classname="ProtoTest.Associative.BuiltinMethodsTest" name="BIM24_LoadCSV" time="0.0026160" />
    <testcase classname="ProtoTest.Associative.BuiltinMethodsTest" name="BIM25_Rank" time="0.0090709" />
    <testcase classname="ProtoTest.Associative.BuiltinMethodsTest" name="BIM26_Flatten" time="0.0042760" />
    <testcase classname="ProtoTest.Associative.BuiltinMethodsTest" name="BIM27_Conversion_Resolution_Cases" time="0.0040470" />
    <testcase classname="ProtoTest.Associative.BuiltinMethodsTest" name="BIM28_IsRectangular" time="0.0098040" />
    <testcase classname="ProtoTest.Associative.BuiltinMethodsTest" name="BIM29_RemoveIfNot" time="0.0077550" />
    <testcase classname="ProtoTest.Associative.BuiltinMethodsTest" name="BIM30_RemoveDuplicate" time="0.0401460" />
    <testcase classname="ProtoTest.Associative.BuiltinMethodsTest" name="BIM31_Sort" time="0.0054070" />
    <testcase classname="ProtoTest.Associative.BuiltinMethodsTest" name="BIM31_Sort_duplicate" time="0.0025020" />
    <testcase classname="ProtoTest.Associative.BuiltinMethodsTest" name="BIM31_Sort_null" time="0.0029970" />
    <testcase classname="ProtoTest.Associative.BuiltinMethodsTest" name="List_RemoveIfNot_CLRType" time="0.0116740" />
    <testcase classname="ProtoTest.Associative.BuiltinMethodsTest" name="Reorder2" time="0.0028470" />
    <testcase classname="ProtoTest.Associative.BuiltinMethodsTest" name="Test_EvaluateFunctionPointer01" time="0.0033060" />
    <testcase classname="ProtoTest.Associative.BuiltinMethodsTest" name="Test_EvaluateFunctionPointer02" time="0.0072830" />
    <testcase classname="ProtoTest.Associative.BuiltinMethodsTest" name="Test_EvaluateFunctionPointer03" time="0.0103400" />
    <testcase classname="ProtoTest.Associative.BuiltinMethodsTest" name="Test_EvaluateFunctionPointer04" time="0.0055390" />
    <testcase classname="ProtoTest.Associative.BuiltinMethodsTest" name="Test_EvaluateFunctionPointer05" time="0.0031960" />
    <testcase classname="ProtoTest.Associative.BuiltinMethodsTest" name="Test_EvaluateFunctionPointer06" time="0.0036010" />
    <testcase classname="ProtoTest.Associative.BuiltinMethodsTest" name="Test_EvaluateFunctionPointer07" time="0.0057220" />
    <testcase classname="ProtoTest.Associative.BuiltinMethodsTest" name="Test_EvaluateFunctionPointer08" time="0.0057420" />
    <testcase classname="ProtoTest.Associative.BuiltinMethodsTest" name="Test_EvaluateFunctionPointer10" time="0.0055620" />
    <testcase classname="ProtoTest.Associative.BuiltinMethodsTest" name="TestGetKeysFromNonArray" time="0.0026770" />
    <testcase classname="ProtoTest.Associative.BuiltinMethodsTest" name="TestTryGetValueFromNestedDictionaries01" time="0.0036610" />
    <testcase classname="ProtoTest.Associative.BuiltinMethodsTest" name="TestTryGetValuesFromDictionary02" time="0.0055170" />
    <testcase classname="ProtoTest.Associative.BuiltinMethodsTest" name="TestTryGetValuesFromDictionary03" time="0.0056360" />
    <testcase classname="ProtoTest.Associative.BuiltinMethodsTest" name="TestTryGetValuesFromDictionary04" time="0.0161440" />
    <testcase classname="ProtoTest.Associative.BuiltinMethodsTest" name="TestTryGetValuesFromDictionary05" time="0.0056450" />
    <testcase classname="ProtoTest.Associative.BuiltinMethodsTest" name="TestTryGetValuesFromDictionary06" time="0.0065300" />
    <testcase classname="ProtoTest.Associative.BuiltinMethodsTest" name="TestTryGetValuesFromDictionary07" time="0.0039500" />
    <testcase classname="ProtoTest.Associative.BuiltinMethodsTest" name="TestTryGetValuesFromDictionary08" time="0.0035940" />
    <testcase classname="ProtoTest.Associative.BuiltinMethodsTest" name="TestTryGetValuesFromDictionary09" time="0.0062179" />
    <testcase classname="ProtoTest.Associative.BuiltinMethodsTest" name="TestTryGetValuesFromDictionary10" time="0.0059190" />
    <testcase classname="ProtoTest.Associative.BuiltinMethodsTest" name="TestTryGetValuesFromDictionary11" time="0.0055470" />
    <testcase classname="ProtoTest.Associative.BuiltinMethodsTest" name="TransposeEmpty2DArray" time="0.0030120" />
    <testcase classname="ProtoTest.Associative.ExecutionMirrorTests" name="ArrayRetrival1D" time="0.0023420" />
    <testcase classname="ProtoTest.Associative.ExecutionMirrorTests" name="ArrayRetrival1DEmpty" time="0.0039970" />
    <testcase classname="ProtoTest.Associative.ExecutionMirrorTests" name="ArrayRetrival2D" time="0.0113340" />
    <testcase classname="ProtoTest.Associative.ExecutionMirrorTests" name="ArrayRetrival2D2b1" time="0.0022030" />
    <testcase classname="ProtoTest.Associative.ExecutionMirrorTests" name="ArrayRetrival2DJagged" time="0.0020339" />
    <testcase classname="ProtoTest.Associative.ExecutionMirrorTests" name="LiteralRetrival" time="0.0040130" />
    <testcase classname="ProtoTest.Associative.FunctionObjectTest" name="LoopWhile01" time="0.0522940" />
    <testcase classname="ProtoTest.Associative.FunctionObjectTest" name="TestApply01" time="0.0143490" />
    <testcase classname="ProtoTest.Associative.FunctionObjectTest" name="TestApply02" time="0.0117990" />
    <testcase classname="ProtoTest.Associative.FunctionObjectTest" name="TestApply03" time="0.0242410" />
    <testcase classname="ProtoTest.Associative.FunctionObjectTest" name="TestApply04" time="0.0130440" />
    <testcase classname="ProtoTest.Associative.FunctionObjectTest" name="TestApply05" time="0.0119399" />
    <testcase classname="ProtoTest.Associative.FunctionObjectTest" name="TestApply06" time="0.0242579" />
    <testcase classname="ProtoTest.Associative.FunctionObjectTest" name="TestApply07" time="0.0242080" />
    <testcase classname="ProtoTest.Associative.FunctionObjectTest" name="TestApply08" time="0.0194930" />
    <testcase classname="ProtoTest.Associative.FunctionObjectTest" name="TestApplyOnFunction01" time="0.0202590" />
    <testcase classname="ProtoTest.Associative.FunctionObjectTest" name="TestApplyOnFunction02" time="0.0227670" />
    <testcase classname="ProtoTest.Associative.FunctionObjectTest" name="TestCompose01" time="0.0349990" />
    <testcase classname="ProtoTest.Associative.FunctionObjectTest" name="TestCompose02" time="0.0422070" />
    <testcase classname="ProtoTest.Associative.FunctionObjectTest" name="TestCompose03" time="0.0337320" />
    <testcase classname="ProtoTest.Associative.FunctionObjectTest" name="TestFilter" time="0.0364400" />
    <testcase classname="ProtoTest.Associative.FunctionObjectTest" name="TestFilter2" time="0.0199960" />
    <testcase classname="ProtoTest.Associative.FunctionObjectTest" name="TestReduce" time="0.1061350" />
    <testcase classname="ProtoTest.Associative.InheritaceTest" name="InheritanceTest01" time="0.0114350" />
    <testcase classname="ProtoTest.Associative.InheritaceTest" name="InheritanceTest02" time="0.0059380" />
    <testcase classname="ProtoTest.Associative.InheritaceTest" name="InheritanceTest03" time="0.0075430" />
    <testcase classname="ProtoTest.Associative.InheritaceTest" name="InheritanceTest05" time="0.0050210" />
    <testcase classname="ProtoTest.Associative.MethodResolution" name="MAGN5729_Repro" time="0.0059460" />
    <testcase classname="ProtoTest.Associative.MethodResolution" name="MAGN5729_Repro_Simple" time="0.0041290" />
    <testcase classname="ProtoTest.Associative.MethodResolution" name="MAGN7807_ParameterNameSameAsFunctionName" time="0.0039740" />
    <testcase classname="ProtoTest.Associative.MethodResolution" name="SimpleAssignment" time="0.0043320" />
    <testcase classname="ProtoTest.Associative.MethodResolution" name="SimpleCtorResolution04" time="0.0065220" />
    <testcase classname="ProtoTest.Associative.MethodResolution" name="SimpleMethodOverload1" time="0.0042920" />
    <testcase classname="ProtoTest.Associative.MethodResolution" name="TestArraySubtypeDispatch1D" time="0.0094600" />
    <testcase classname="ProtoTest.Associative.MethodResolution" name="TestArraySubtypeDispatch1D_R1" time="0.0050560" />
    <testcase classname="ProtoTest.Associative.MethodResolution" name="TestDispatchArray" time="0.0045870" />
    <testcase classname="ProtoTest.Associative.MethodResolution" name="TestDispatchEmptyArray" time="0.0051330" />
    <testcase classname="ProtoTest.Associative.MethodResolution" name="TestMethodOverlaodAndArrayInput2" time="0.0168490" />
    <testcase classname="ProtoTest.Associative.MethodResolution" name="TestMethodOverload4" time="0.0250570" />
    <testcase classname="ProtoTest.Associative.MethodResolution" name="TestMethodResolutionForArray" time="0.0026419" />
    <testcase classname="ProtoTest.Associative.MethodResolution" name="TestMethodResolutionOverInheritance" time="0.0266430" />
    <testcase classname="ProtoTest.Associative.MethodResolution" name="TestMethodResultionForNonExistType" time="0.0032100" />
    <testcase classname="ProtoTest.Associative.MethodResolution" name="TestMethodWithArrayInput" time="0.0029730" />
    <testcase classname="ProtoTest.Associative.MethodResolution" name="TestMethodWithArrayInput2" time="0.0035740" />
    <testcase classname="ProtoTest.Associative.MethodsFocusTeam" name="ArrayInFunction" time="0.0025050" />
    <testcase classname="ProtoTest.Associative.MethodsFocusTeam" name="DotCallOnEmptyList" time="0.0028390" />
    <testcase classname="ProtoTest.Associative.MethodsFocusTeam" name="FunctionOverload" time="0.0023490" />
    <testcase classname="ProtoTest.Associative.MethodsFocusTeam" name="NonStaticPropertyLookupOnClassName_DoesNotCrash" time="0.0250810" />
    <testcase classname="ProtoTest.Associative.MethodsFocusTeam" name="ReplicationSubDispatch" time="0.0026010" />
    <testcase classname="ProtoTest.Associative.MethodsFocusTeam" name="RepoTests_MAGN3177" time="0.0070260" />
    <testcase classname="ProtoTest.Associative.MethodsFocusTeam" name="SimpleCtorResolution01" time="0.0374410" />
    <testcase classname="ProtoTest.Associative.MethodsFocusTeam" name="SimpleCtorResolution02" time="0.0209600" />
    <testcase classname="ProtoTest.Associative.MethodsFocusTeam" name="StaticMethodPropertyLookupsOnClassName" time="0.0422970" />
    <testcase classname="ProtoTest.Associative.MethodsFocusTeam" name="T_upgrade" time="0.0021950" />
    <testcase classname="ProtoTest.Associative.MethodsFocusTeam" name="T002_DotOp_DefautConstructor_ArrayProperty" time="0.0287590" />
    <testcase classname="ProtoTest.Associative.MethodsFocusTeam" name="T002_DotOp_DefautConstructor_DoubleProperty" time="0.0227210" />
    <testcase classname="ProtoTest.Associative.MethodsFocusTeam" name="T002_DotOp_DefautConstructor_IntProperty" time="0.0300340" />
    <testcase classname="ProtoTest.Associative.MethodsFocusTeam" name="T006_DotOp_SelfDefinedConstructor_01" time="0.0288340" />
    <testcase classname="ProtoTest.Associative.MethodsFocusTeam" name="T007_DotOp_SelfDefinedConstructor_02" time="0.0030000" />
    <testcase classname="ProtoTest.Associative.MethodsFocusTeam" name="T008_DotOp_MultiConstructor_01" time="0.0271250" />
    <testcase classname="ProtoTest.Associative.MethodsFocusTeam" name="T009_DotOp_FuncCall" time="0.0317140" />
    <testcase classname="ProtoTest.Associative.MethodsFocusTeam" name="T010_DotOp_Property" time="0.0332620" />
    <testcase classname="ProtoTest.Associative.MethodsFocusTeam" name="T012_DotOp_UserDefinedClass_01" time="0.0079729" />
    <testcase classname="ProtoTest.Associative.MethodsFocusTeam" name="T013_DotOp_UserDefinedClass_02" time="0.0057960" />
    <testcase classname="ProtoTest.Associative.MethodsFocusTeam" name="T015_DotOp_Collection_01" time="0.0295520" />
    <testcase classname="ProtoTest.Associative.MethodsFocusTeam" name="T015_DotOp_Collection_01a" time="0.0171110" />
    <testcase classname="ProtoTest.Associative.MethodsFocusTeam" name="T016_Collection_02" time="0.0027610" />
    <testcase classname="ProtoTest.Associative.MethodsFocusTeam" name="T017_DotOp_Collection_03" time="0.0042280" />
    <testcase classname="ProtoTest.Associative.MethodsFocusTeam" name="T018_DotOp_Collection_04" time="0.0283200" />
    <testcase classname="ProtoTest.Associative.MethodsFocusTeam" name="T019_DotOp_Collection_05" time="0.0289180" />
    <testcase classname="ProtoTest.Associative.MethodsFocusTeam" name="T019_DotOp_Collection_06" time="0.0156160" />
    <testcase classname="ProtoTest.Associative.MethodsFocusTeam" name="T019_DotOp_Collection_07" time="0.0350830" />
    <testcase classname="ProtoTest.Associative.MethodsFocusTeam" name="T020_Replication_Var" time="0.0024900" />
    <testcase classname="ProtoTest.Associative.MethodsFocusTeam" name="T025_DotOp_FuncCall_04" time="0.0245950" />
    <testcase classname="ProtoTest.Associative.MethodsFocusTeam" name="T028_Inheritance_Property" time="0.0343600" />
    <testcase classname="ProtoTest.Associative.MethodsFocusTeam" name="T029_Inheritance_Property_1" time="0.0030930" />
    <testcase classname="ProtoTest.Associative.MethodsFocusTeam" name="T030_Inheritance_Property_2" time="0.0030209" />
    <testcase classname="ProtoTest.Associative.MethodsFocusTeam" name="T031_Inheritance_Property_3" time="0.0035860" />
    <testcase classname="ProtoTest.Associative.MethodsFocusTeam" name="T032_ReservationCheck_rangeExp" time="0.0020690" />
    <testcase classname="ProtoTest.Associative.MethodsFocusTeam" name="T033_PushThroughCasting" time="0.0027150" />
    <testcase classname="ProtoTest.Associative.MethodsFocusTeam" name="T033_PushThroughCasting_UserDefinedType" time="0.0042960" />
    <testcase classname="ProtoTest.Associative.MethodsFocusTeam" name="T034_PushThroughCastingWithReplication" time="0.0040830" />
    <testcase classname="ProtoTest.Associative.MethodsFocusTeam" name="T034_PushThroughCastingWithReplication_UserDefinedType" time="0.0038410" />
    <testcase classname="ProtoTest.Associative.MethodsFocusTeam" name="T035_PushThroughIntWithReplication" time="0.0080600" />
    <testcase classname="ProtoTest.Associative.MethodsFocusTeam" name="T036_Replication_ArrayDimensionDispatch" time="0.0046660" />
    <testcase classname="ProtoTest.Associative.MethodsFocusTeam" name="T036_Replication_ArrayDimensionDispatch_SubTest" time="0.0024450" />
    <testcase classname="ProtoTest.Associative.MethodsFocusTeam" name="T036_Replication_ArrayDimensionDispatch_SubTest_0D" time="0.0021650" />
    <testcase classname="ProtoTest.Associative.MethodsFocusTeam" name="T036_Replication_ArrayDimensionDispatch_SubTest_1D" time="0.0022390" />
    <testcase classname="ProtoTest.Associative.MethodsFocusTeam" name="T036_Replication_ArrayDimensionDispatch_SubTest_1D2" time="0.0023480" />
    <testcase classname="ProtoTest.Associative.MethodsFocusTeam" name="T036_Replication_ArrayDimensionDispatch_SubTest_2D" time="0.0021600" />
    <testcase classname="ProtoTest.Associative.MethodsFocusTeam" name="T036_Replication_ArrayDimensionDispatch_SubTest_2D2" time="0.0022050" />
    <testcase classname="ProtoTest.Associative.MethodsFocusTeam" name="T036_Replication_ArrayDimensionDispatch_SubTest_3D" time="0.0021990" />
    <testcase classname="ProtoTest.Associative.MethodsFocusTeam" name="T036_Replication_ArrayDimensionDispatch_SubTest_4D" time="0.0021540" />
    <testcase classname="ProtoTest.Associative.MethodsFocusTeam" name="T037_Replication_ArrayDimensionDispatch_Var" time="0.0028900" />
    <testcase classname="ProtoTest.Associative.MethodsFocusTeam" name="T039_Inheritance_Method_1" time="0.0055220" />
    <testcase classname="ProtoTest.Associative.MethodsFocusTeam" name="T045_Inheritance_Method_02" time="0.0026140" />
    <testcase classname="ProtoTest.Associative.MethodsFocusTeam" name="T050_Inheritance_Multi_Constructor_01" time="0.0041560" />
    <testcase classname="ProtoTest.Associative.MethodsFocusTeam" name="T050_Inheritance_Multi_Constructor_02" time="0.0045090" />
    <testcase classname="ProtoTest.Associative.MethodsFocusTeam" name="T052_Defect_ReplicationMethodOverloading" time="0.0262790" />
    <testcase classname="ProtoTest.Associative.MethodsFocusTeam" name="T056_nonmatchingclass_1467162" time="0.0146200" />
    <testcase classname="ProtoTest.Associative.MethodsFocusTeam" name="T057_nonmatchingclass_1467162_2" time="0.0260650" />
    <testcase classname="ProtoTest.Associative.MethodsFocusTeam" name="Test" time="0.0026050" />
    <testcase classname="ProtoTest.Associative.MethodsFocusTeam" name="TestMethodResolution01" time="0.0249370" />
    <testcase classname="ProtoTest.Associative.MethodsFocusTeam" name="TestMethodResolution02" time="0.0153070" />
    <testcase classname="ProtoTest.Associative.MethodsFocusTeam" name="TestMethodResolution03" time="0.0367120" />
    <testcase classname="ProtoTest.Associative.MethodsFocusTeam" name="TestMethodResolutionOnHeterogeneousArray01" time="0.0026059" />
    <testcase classname="ProtoTest.Associative.MethodsFocusTeam" name="TestMethodResolutionOnHeterogeneousArray02" time="0.0026950" />
    <testcase classname="ProtoTest.Associative.MethodsFocusTeam" name="TestMethodResolutionOnHeterogeneousArray03" time="0.0025250" />
    <testcase classname="ProtoTest.Associative.MethodsFocusTeam" name="TV018_DotOp_Collection_04_1" time="0.0222410" />
    <testcase classname="ProtoTest.Associative.MethodsFocusTeam" name="TV018_DotOp_Collection_04_2" time="0.0023360" />
    <testcase classname="ProtoTest.Associative.MethodsFocusTeam" name="TV018_DotOp_Collection_04_3" time="0.0141760" />
    <testcase classname="ProtoTest.Associative.MethodsFocusTeam" name="TV018_DotOp_Collection_04_4" time="0.0428250" />
    <testcase classname="ProtoTest.Associative.MethodsFocusTeam" name="TV025_1467140_1" time="0.0090720" />
    <testcase classname="ProtoTest.Associative.MethodsFocusTeam" name="TV025_1467140_2" time="0.0065210" />
    <testcase classname="ProtoTest.Associative.MethodsFocusTeam" name="TV1467063_Function_Overriding" time="0.0030650" />
    <testcase classname="ProtoTest.Associative.MethodsFocusTeam" name="TV1467134_intToDouble_1" time="0.0087969" />
    <testcase classname="ProtoTest.Associative.MethodsFocusTeam" name="TV1467134_intToDouble_2" time="0.0043200" />
    <testcase classname="ProtoTest.Associative.MethodsFocusTeam" name="TV1467137_1_DotOp_Update" time="0.0092350" />
    <testcase classname="ProtoTest.Associative.MethodsFocusTeam" name="TV1467147_PushThroughCastingWithReplication" time="0.0026360" />
    <testcase classname="ProtoTest.Associative.MethodsFocusTeam" name="TV1467147_PushThroughCastingWithReplication_1" time="0.0024710" />
    <testcase classname="ProtoTest.Associative.MethodsFocusTeam" name="TV1467175_1" time="0.0037900" />
    <testcase classname="ProtoTest.Associative.MethodsFocusTeam" name="TV1467175_2" time="0.0039110" />
    <testcase classname="ProtoTest.Associative.MethodsFocusTeam" name="TV1467175_3" time="0.0352110" />
    <testcase classname="ProtoTest.Associative.MethodsFocusTeam" name="TV1467333" time="0.0031089" />
    <testcase classname="ProtoTest.Associative.MethodsFocusTeam" name="TV1467372_ThisKeyword_2" time="0.0029390" />
    <testcase classname="ProtoTest.Associative.MethodsFocusTeam" name="TV1467372_ThisKeyword_2_Replication" time="0.0035030" />
    <testcase classname="ProtoTest.Associative.MethodsFocusTeam" name="TV1467372_ThisKeyword_3" time="0.0054339" />
    <testcase classname="ProtoTest.Associative.MethodsFocusTeam" name="Z001_ReplicationGuides_Minimal_01" time="0.0044320" />
    <testcase classname="ProtoTest.Associative.MethodsFocusTeam" name="Z002_ReplicationGuides_Minimal_02" time="0.0023770" />
    <testcase classname="ProtoTest.Associative.MethodsFocusTeam" name="Z003_ReplicationGuides_MultipleGuides_01_ExecAtAllCheck" time="0.0083400" />
    <testcase classname="ProtoTest.Associative.MicroFeatureTests" name="AssocUpdate_ImperativeBlock" time="0.0044730" />
    <testcase classname="ProtoTest.Associative.MicroFeatureTests" name="DoubleOp" time="0.0024410" />
    <testcase classname="ProtoTest.Associative.MicroFeatureTests" name="InlineCondition001" time="0.0021170" />
    <testcase classname="ProtoTest.Associative.MicroFeatureTests" name="InlineCondition002" time="0.0022350" />
    <testcase classname="ProtoTest.Associative.MicroFeatureTests" name="InlineCondition003" time="0.0045480" />
    <testcase classname="ProtoTest.Associative.MicroFeatureTests" name="InlineCondition004" time="0.0028190" />
    <testcase classname="ProtoTest.Associative.MicroFeatureTests" name="LogicalOp001" time="0.0023790" />
    <testcase classname="ProtoTest.Associative.MicroFeatureTests" name="LogicalOp002" time="0.0025930" />
    <testcase classname="ProtoTest.Associative.MicroFeatureTests" name="LogicalOp003" time="0.0029250" />
    <testcase classname="ProtoTest.Associative.MicroFeatureTests" name="Modulo001" time="0.0044660" />
    <testcase classname="ProtoTest.Associative.MicroFeatureTests" name="Modulo002" time="0.0051220" />
    <testcase classname="ProtoTest.Associative.MicroFeatureTests" name="Modulo003" time="0.0019840" />
    <testcase classname="ProtoTest.Associative.MicroFeatureTests" name="ModuloByZero" time="0.0023940" />
    <testcase classname="ProtoTest.Associative.MicroFeatureTests" name="NegativeIndexOnCollection001" time="0.0022039" />
    <testcase classname="ProtoTest.Associative.MicroFeatureTests" name="NegativeIndexOnCollection002" time="0.0035310" />
    <testcase classname="ProtoTest.Associative.MicroFeatureTests" name="NegativeIndexOnCollection003" time="0.0049710" />
    <testcase classname="ProtoTest.Associative.MicroFeatureTests" name="NestedBlocks001" time="0.0022690" />
    <testcase classname="ProtoTest.Associative.MicroFeatureTests" name="ParseTypedIdentifier_AstNode" time="0.0021970" />
    <testcase classname="ProtoTest.Associative.MicroFeatureTests" name="ParseTypedIdentifierWithRank_AstNode" time="0.0007090" />
    <testcase classname="ProtoTest.Associative.MicroFeatureTests" name="PopListWithDimension" time="0.0077390" />
    <testcase classname="ProtoTest.Associative.MicroFeatureTests" name="RangeExpr001" time="0.0037420" />
    <testcase classname="ProtoTest.Associative.MicroFeatureTests" name="RangeExpr002" time="0.0028570" />
    <testcase classname="ProtoTest.Associative.MicroFeatureTests" name="RangeExpr003" time="0.0059580" />
    <testcase classname="ProtoTest.Associative.MicroFeatureTests" name="RangeExpr004" time="0.0037220" />
    <testcase classname="ProtoTest.Associative.MicroFeatureTests" name="RangeExpr005" time="0.0030180" />
    <testcase classname="ProtoTest.Associative.MicroFeatureTests" name="RangeExpr06" time="0.0025000" />
    <testcase classname="ProtoTest.Associative.MicroFeatureTests" name="Test_Compare_Node_01" time="0.0010180" />
    <testcase classname="ProtoTest.Associative.MicroFeatureTests" name="Test_Compare_Node_02" time="0.0002740" />
    <testcase classname="ProtoTest.Associative.MicroFeatureTests" name="Test_Compare_Node_03" time="0.0003450" />
    <testcase classname="ProtoTest.Associative.MicroFeatureTests" name="TestAddNullToString" time="0.0019940" />
    <testcase classname="ProtoTest.Associative.MicroFeatureTests" name="TestArray001" time="0.0035570" />
    <testcase classname="ProtoTest.Associative.MicroFeatureTests" name="TestArray002" time="0.0025560" />
    <testcase classname="ProtoTest.Associative.MicroFeatureTests" name="TestArray003" time="0.0029270" />
    <testcase classname="ProtoTest.Associative.MicroFeatureTests" name="TestArrayCopyAssignment01" time="0.0023060" />
    <testcase classname="ProtoTest.Associative.MicroFeatureTests" name="TestArrayCopyAssignment02" time="0.0024990" />
    <testcase classname="ProtoTest.Associative.MicroFeatureTests" name="TestArrayIndexingAssignment" time="0.0071970" />
    <testcase classname="ProtoTest.Associative.MicroFeatureTests" name="TestArrayIndexReplication01" time="0.0028370" />
    <testcase classname="ProtoTest.Associative.MicroFeatureTests" name="TestArrayIndexReplication02" time="0.0023170" />
    <testcase classname="ProtoTest.Associative.MicroFeatureTests" name="TestArrayOverIndexing01" time="0.0022740" />
    <testcase classname="ProtoTest.Associative.MicroFeatureTests" name="TestArrayUpdate01" time="0.0021800" />
    <testcase classname="ProtoTest.Associative.MicroFeatureTests" name="TestAssignment01" time="0.0025360" />
    <testcase classname="ProtoTest.Associative.MicroFeatureTests" name="TestAssignment02" time="0.0038930" />
    <testcase classname="ProtoTest.Associative.MicroFeatureTests" name="TestBasicArrayMethods" time="0.0144460" />
    <testcase classname="ProtoTest.Associative.MicroFeatureTests" name="TestBasicFFIReplicate" time="0.0336650" />
    <testcase classname="ProtoTest.Associative.MicroFeatureTests" name="TestCallingOverloadedMemberFunction01" time="0.0034010" />
    <testcase classname="ProtoTest.Associative.MicroFeatureTests" name="TestCallingOverloadedMemberFunction02" time="0.0032030" />
    <testcase classname="ProtoTest.Associative.MicroFeatureTests" name="TestClasses01" time="0.0268110" />
    <testcase classname="ProtoTest.Associative.MicroFeatureTests" name="TestClasses06" time="0.0450780" />
    <testcase classname="ProtoTest.Associative.MicroFeatureTests" name="TestClasses07" time="0.0037150" />
    <testcase classname="ProtoTest.Associative.MicroFeatureTests" name="TestClassFunction02" time="0.0030280" />
    <testcase classname="ProtoTest.Associative.MicroFeatureTests" name="TestClassFunction10" time="0.0037610" />
    <testcase classname="ProtoTest.Associative.MicroFeatureTests" name="TestClassFunction11" time="0.0035570" />
    <testcase classname="ProtoTest.Associative.MicroFeatureTests" name="TestClassProperty" time="0.0311480" />
    <testcase classname="ProtoTest.Associative.MicroFeatureTests" name="TestContextInject01" time="0.0025280" />
    <testcase classname="ProtoTest.Associative.MicroFeatureTests" name="TestDecimalArrayIndex" time="0.0045580" />
    <testcase classname="ProtoTest.Associative.MicroFeatureTests" name="TestDictionary01" time="0.0040190" />
    <testcase classname="ProtoTest.Associative.MicroFeatureTests" name="TestDictionary04" time="0.0026210" />
    <testcase classname="ProtoTest.Associative.MicroFeatureTests" name="TestDictionary05" time="0.0030390" />
    <testcase classname="ProtoTest.Associative.MicroFeatureTests" name="TestDictionary06" time="0.0028110" />
    <testcase classname="ProtoTest.Associative.MicroFeatureTests" name="TestDictionary07" time="0.0033150" />
    <testcase classname="ProtoTest.Associative.MicroFeatureTests" name="TestDictionary08" time="0.0045510" />
    <testcase classname="ProtoTest.Associative.MicroFeatureTests" name="TestDictionary09" time="0.0030150" />
    <testcase classname="ProtoTest.Associative.MicroFeatureTests" name="TestDictionary10" time="0.0127600" />
    <testcase classname="ProtoTest.Associative.MicroFeatureTests" name="TestDictionary14" time="0.0049699" />
    <testcase classname="ProtoTest.Associative.MicroFeatureTests" name="TestDictionary19" time="0.0101359" />
    <testcase classname="ProtoTest.Associative.MicroFeatureTests" name="TestDictionary20" time="0.0029100" />
    <testcase classname="ProtoTest.Associative.MicroFeatureTests" name="TestDictionary21" time="0.0023480" />
    <testcase classname="ProtoTest.Associative.MicroFeatureTests" name="TestDictionary22" time="0.0028690" />
    <testcase classname="ProtoTest.Associative.MicroFeatureTests" name="TestDictionaryRegressMAGN337" time="0.0043810" />
    <testcase classname="ProtoTest.Associative.MicroFeatureTests" name="TestDictionaryRegressMAGN619" time="0.0034660" />
    <testcase classname="ProtoTest.Associative.MicroFeatureTests" name="TestDoubleEquality" time="0.0062140" />
    <testcase classname="ProtoTest.Associative.MicroFeatureTests" name="TestDynamicArray001" time="0.0035340" />
    <testcase classname="ProtoTest.Associative.MicroFeatureTests" name="TestDynamicArray002" time="0.0039430" />
    <testcase classname="ProtoTest.Associative.MicroFeatureTests" name="TestDynamicArray003" time="0.0025650" />
    <testcase classname="ProtoTest.Associative.MicroFeatureTests" name="TestDynamicArray004" time="0.0035120" />
    <testcase classname="ProtoTest.Associative.MicroFeatureTests" name="TestDynamicArray005" time="0.0035250" />
    <testcase classname="ProtoTest.Associative.MicroFeatureTests" name="TestDynamicArray006" time="0.0047600" />
    <testcase classname="ProtoTest.Associative.MicroFeatureTests" name="TestDynamicArray007" time="0.0021740" />
    <testcase classname="ProtoTest.Associative.MicroFeatureTests" name="TestDynamicArray008" time="0.0020200" />
    <testcase classname="ProtoTest.Associative.MicroFeatureTests" name="TestDynamicArray009" time="0.0022340" />
    <testcase classname="ProtoTest.Associative.MicroFeatureTests" name="TestDynamicArray010" time="0.0020220" />
    <testcase classname="ProtoTest.Associative.MicroFeatureTests" name="TestDynamicArray011" time="0.0021020" />
    <testcase classname="ProtoTest.Associative.MicroFeatureTests" name="TestDynamicArray012" time="0.0046120" />
    <testcase classname="ProtoTest.Associative.MicroFeatureTests" name="TestDynamicArray013" time="0.0024990" />
    <testcase classname="ProtoTest.Associative.MicroFeatureTests" name="TestDynamicArray014" time="0.0020510" />
    <testcase classname="ProtoTest.Associative.MicroFeatureTests" name="TestDynamicArray015" time="0.0021180" />
    <testcase classname="ProtoTest.Associative.MicroFeatureTests" name="TestDynamicArray016" time="0.0042570" />
    <testcase classname="ProtoTest.Associative.MicroFeatureTests" name="TestDynamicArrayNegative01" time="0.0040510" />
    <testcase classname="ProtoTest.Associative.MicroFeatureTests" name="TestDynamicArrayNegative02" time="0.0035580" />
    <testcase classname="ProtoTest.Associative.MicroFeatureTests" name="TestDynamicArrayNegative03" time="0.0024800" />
    <testcase classname="ProtoTest.Associative.MicroFeatureTests" name="TestDynamicDispatch01" time="0.0040660" />
    <testcase classname="ProtoTest.Associative.MicroFeatureTests" name="TestEq" time="0.0025790" />
    <testcase classname="ProtoTest.Associative.MicroFeatureTests" name="TestExpressionArrayIndex" time="0.0029849" />
    <testcase classname="ProtoTest.Associative.MicroFeatureTests" name="TestForArray" time="0.0059770" />
    <testcase classname="ProtoTest.Associative.MicroFeatureTests" name="TestForEmptyArray" time="0.0022630" />
    <testcase classname="ProtoTest.Associative.MicroFeatureTests" name="TestFunctionArray" time="0.0031800" />
    <testcase classname="ProtoTest.Associative.MicroFeatureTests" name="TestFunctionArrays" time="0.0033220" />
    <testcase classname="ProtoTest.Associative.MicroFeatureTests" name="TestFunctions01" time="0.0049179" />
    <testcase classname="ProtoTest.Associative.MicroFeatureTests" name="TestFunctions02" time="0.0038660" />
    <testcase classname="ProtoTest.Associative.MicroFeatureTests" name="TestFunctionsOverload02" time="0.0043910" />
    <testcase classname="ProtoTest.Associative.MicroFeatureTests" name="TestFunctionsOverload03" time="0.0028130" />
    <testcase classname="ProtoTest.Associative.MicroFeatureTests" name="TestGCRefCount002" time="0.0210400" />
    <testcase classname="ProtoTest.Associative.MicroFeatureTests" name="TestGlobalFunctionRecursion100" time="0.0066490" />
    <testcase classname="ProtoTest.Associative.MicroFeatureTests" name="TestGlobalFunctionRecursion100_GlobalIncrement" time="0.0097920" />
    <testcase classname="ProtoTest.Associative.MicroFeatureTests" name="TestGlobalFunctionRecursionReplication" time="0.0284210" />
    <testcase classname="ProtoTest.Associative.MicroFeatureTests" name="TestGlobalVariable" time="0.0021220" />
    <testcase classname="ProtoTest.Associative.MicroFeatureTests" name="TestImperativeArray" time="0.0022630" />
    <testcase classname="ProtoTest.Associative.MicroFeatureTests" name="TestIndexingIntoArray01" time="0.0029960" />
    <testcase classname="ProtoTest.Associative.MicroFeatureTests" name="TestIndexingIntoArray02" time="0.0034800" />
    <testcase classname="ProtoTest.Associative.MicroFeatureTests" name="TestLHSUndefinedArrayIndex01" time="0.0032590" />
[...]
    <testcase classname="ProtoTest.TD.MultiLangTests.TypeSystemTestsImperative" name="TS061_typeconersion_imperative_1467213_Imperative" time="0.0034840" />
    <testcase classname="ProtoTest.TD.MultiLangTests.TypeSystemTestsImperative" name="TS062_basic_upcoerce_assign_Imperative" time="0.0034820" />
    <testcase classname="ProtoTest.TD.MultiLangTests.TypeSystemTestsImperative" name="TS063_basic_upcoerce_dispatch_Imperative" time="0.0048190" />
    <testcase classname="ProtoTest.TD.MultiLangTests.TypeSystemTestsImperative" name="TS063_basic_upcoerce_return_Imperative" time="0.0250030" />
    <testcase classname="ProtoTest.TD.MultiLangTests.TypeSystemTestsImperative" name="TS064_bool_Conditionals_1467278_Imperative" time="0.0028160" />
    <testcase classname="ProtoTest.TD.MultiLangTests.TypeSystemTestsImperative" name="TS065_doubleToInt_IndexingIntoArray_1467214_2_Imperative" time="0.0041440" />
    <testcase classname="ProtoTest.TD.MultiLangTests.TypeSystemTestsImperative" name="TS065_doubleToInt_IndexingIntoArray_1467214_Imperative" time="0.0092350" />
    <testcase classname="ProtoTest.TD.MultiLangTests.TypeSystemTestsImperative" name="TS066_Int_To_Char_1467119_Imperative" time="0.0028670" />
    <testcase classname="ProtoTest.TD.MultiLangTests.TypeSystemTestsImperative" name="TS067_string_To_Char_1467119_2_Imperative" time="0.0027580" />
    <testcase classname="ProtoTest.TD.MultiLangTests.TypeSystemTestsImperative" name="TS068_Param_singleton_AlltypeTo_BoolArray_Imperative" time="0.0538740" />
    <testcase classname="ProtoTest.TD.MultiLangTests.TypeSystemTestsImperative" name="TS069_Return_singleton_AlltypeTo_BoolArray_Imperative" time="0.0367520" />
    <testcase classname="ProtoTest.TD.MultiLangTests.TypeSystemTestsImperative" name="TS070_Param_singleton_AlltypeTo_StringArray_Imperative" time="0.0592490" />
    <testcase classname="ProtoTest.TD.MultiLangTests.TypeSystemTestsImperative" name="TS071_return_singleton_AlltypeTo_StringArray_Imperative" time="0.0533480" />
    <testcase classname="ProtoTest.TD.MultiLangTests.TypeSystemTestsImperative" name="TS072_Param_singleton_AlltypeTo_CharArray_Imperative" time="0.0279060" />
    <testcase classname="ProtoTest.TD.MultiLangTests.TypeSystemTestsImperative" name="TS34_CharToString_1467227_Imperative" time="0.0241340" />
    <testcase classname="ProtoTest.TD.MultiLangTests.TypeSystemTestsImperative" name="TS35_nullTobool_1467231_Imperative" time="0.0050600" />
    <testcase classname="ProtoTest.TD.MultiLangTests.TypeSystemTestsImperative" name="TS36_stringTobool_1467239_Imperative" time="0.0039930" />
    <testcase classname="ProtoTest.TD.MultiLangTests.TypeSystemTestsImperative" name="TS37_userdefinedTobool_1467240_Imperative" time="0.0233920" />
    <testcase classname="ProtoTest.TD.MultiLangTests.TypeSystemTestsImperative" name="TS40_null_toBool_1467231_Imperative" time="0.0052820" />
    <testcase classname="ProtoTest.TD.MultiLangTests.TypeSystemTestsImperative" name="TS41_null_toBool_1467231_2_Imperative" time="0.0187480" />
    <testcase classname="ProtoTest.TD.MultiLangTests.TypeSystemTestsImperative" name="TS42_null_toBool_1467231_3_Imperative" time="0.0044050" />
    <testcase classname="ProtoTest.TD.MultiLangTests.TypeSystemTestsImperative" name="TS43_null_toBool_1467231_positive_Imperative" time="0.0063900" />
    <testcase classname="ProtoTest.TD.MultiLangTests.TypeSystemTestsImperative" name="TS44_any_toNull_Imperative" time="0.0395020" />
    <testcase classname="ProtoTest.TD.MultiLangTests.TypeSystemTestsImperative" name="TS45_int_To_Double_1463268_Imperative" time="0.0034840" />
    <testcase classname="ProtoTest.TD.MultiLangTests.TypeSystemTestsImperative" name="TS46_typedassignment_To_array_1467206_Imperative" time="0.0383099" />
    <testcase classname="ProtoTest.TD.MultiLangTests.UseCaseTesting" name="T001_implicit_programming_Robert" time="0.0011700" />
    <testcase classname="ProtoTest.TD.MultiLangTests.UseCaseTesting" name="T001_implicit_programming_Robert_2" time="0.0060080" />
    <testcase classname="ProtoTest.TD.MultiLangTests.UseCaseTesting" name="T002_limits_to_replication_1_Robert" time="0.0040900" />
    <testcase classname="ProtoTest.TD.MultiLangTests.UseCaseTesting" name="T004_simple_order_1_Robert" time="0.0027360" />
    <testcase classname="ProtoTest.TD.MultiLangTests.UseCaseTesting" name="T006_grouped_1_Robert" time="0.0216890" />
    <testcase classname="ProtoTest.TD.MultiLangTests.UseCaseTesting" name="T010_imperative_if_inside_for_loop_1_Robert" time="0.0032850" />
    <testcase classname="ProtoTest.TD.MultiLangTests.UseCaseTesting" name="T014_Robert_2012_09_14_MultipleNestedLanguage" time="0.0047690" />
    <testcase classname="ProtoTest.TD.OtherMiscTests.MiscTest" name="BasicAssign" time="0.0063770" />
    <testcase classname="ProtoTest.TD.OtherMiscTests.MiscTest" name="Comments_1467117" time="0.0067870" />
    <testcase classname="ProtoTest.TD.OtherMiscTests.MiscTest" name="Comments_1467117_1" time="0.0023400" />
    <testcase classname="ProtoTest.TD.OtherMiscTests.MiscTest" name="Comments_basic" time="0.0049880" />
    <testcase classname="ProtoTest.TD.OtherMiscTests.MiscTest" name="DefectVerification" time="0.0061440" />
    <testcase classname="ProtoTest.TD.OtherMiscTests.MiscTest" name="DemoTest_Count" time="0.0074590" />
    <testcase classname="ProtoTest.TD.OtherMiscTests.MiscTest" name="DemoTest_Create1DArray" time="0.0075040" />
    <testcase classname="ProtoTest.TD.OtherMiscTests.MiscTest" name="DemoTest_Create2DArray" time="0.0098400" />
    <testcase classname="ProtoTest.TD.OtherMiscTests.MiscTest" name="error_LineNumber_2" time="0.0054209" />
    <testcase classname="ProtoTest.TD.OtherMiscTests.MiscTest" name="Fibunacci" time="1.0006800" />
    <testcase classname="ProtoTest.TD.OtherMiscTests.MiscTest" name="FunctionCall_With_Default_Arg" time="0.0040220" />
    <testcase classname="ProtoTest.TD.OtherMiscTests.MiscTest" name="functionNotFound_1467444" time="0.0036380" />
    <testcase classname="ProtoTest.TD.OtherMiscTests.MiscTest" name="SquareRoot" time="0.0098120" />
    <testcase classname="ProtoTest.TD.OtherMiscTests.MiscTest" name="TempTest" time="0.0072410" />
    <testcase classname="ProtoTest.TD.OtherMiscTests.MiscTest" name="TestArray" time="0.0067740" />
    <testcase classname="ProtoTest.TD.OtherMiscTests.MiscTest" name="TestDynamicSetValueAfterExecution" time="0.0044560" />
    <testcase classname="ProtoTest.TD.OtherMiscTests.MiscTest" name="TestFrameWork_IntDouble_1467413" time="0.0039480" />
    <testcase classname="ProtoTest.TD.OtherMiscTests.MiscTest" name="TestFrameWork_IntDouble_Array_1467413" time="0.0046350" />
    <testcase classname="ProtoTest.TD.OtherMiscTests.MiscTest" name="TestKeyword_reserved_1467551" time="0.0037190" />
    <testcase classname="ProtoTest.TD.OtherMiscTests.MiscTest" name="TestKeyword_reserved_1467551_2" time="0.0038680" />
    <testcase classname="ProtoTest.TD.OtherMiscTests.MiscTest" name="TestKeyword_reserved_1467551_3" time="0.0039380" />
    <testcase classname="ProtoTest.TD.OtherMiscTests.MiscTest" name="Use_Keyword_Array_1463672" time="0.0041490" />
    <testcase classname="ProtoTest.TD.TraceUtilsTests" name="OverwriteNullTest" time="0.0010039" />
    <testcase classname="ProtoTest.TD.TraceUtilsTests" name="OverwriteTest" time="0.0002140" />
    <testcase classname="ProtoTest.TD.TraceUtilsTests" name="SetGetTest" time="0.0001460" />
    <testcase classname="ProtoTest.UtilsTests.ArrayUtilsTest" name="Defect_OnDepthCount" time="0.0030900" />
    <testcase classname="ProtoTest.UtilsTests.ArrayUtilsTest" name="Defect_TestArrayGetCommonSuperType" time="0.0099690" />
    <testcase classname="ProtoTest.UtilsTests.ArrayUtilsTest" name="Defect_TestArrayGetCommonSuperType_2_EmptyArray" time="0.0058140" />
    <testcase classname="ProtoTest.UtilsTests.ArrayUtilsTest" name="Defect_TestArrayGetCommonSuperType_3" time="0.0045770" />
    <testcase classname="ProtoTest.UtilsTests.ArrayUtilsTest" name="IsArrayTest" time="0.0041240" />
    <testcase classname="ProtoTest.UtilsTests.ArrayUtilsTest" name="StackValueDiffTestDefect" time="0.0028260" />
    <testcase classname="ProtoTest.UtilsTests.ArrayUtilsTest" name="StackValueDiffTestProperty01" time="0.0462609" />
    <testcase classname="ProtoTest.UtilsTests.ArrayUtilsTest" name="StackValueDiffTestProperty02" time="0.0448190" />
    <testcase classname="ProtoTest.UtilsTests.ArrayUtilsTest" name="StackValueDiffTestUserDefined" time="0.0786780" />
    <testcase classname="ProtoTest.UtilsTests.ArrayUtilsTest" name="TestArrayGetCommonSuperType" time="0.0413720" />
    <testcase classname="ProtoTest.UtilsTests.ArrayUtilsTest" name="TestDepthCountOnJaggedArray" time="0.0073690" />
    <testcase classname="ProtoTest.UtilsTests.AstFactoryTest" name="Test_AddReplicationGuide" time="0.0113680" />
    <testcase classname="ProtoTest.UtilsTests.AstVisitorTest" name="TestAstReplacer" time="0.0014580" />
    <testcase classname="ProtoTest.UtilsTests.AstVisitorTest" name="TestAstVisitorForReplacement" time="0.0018140" />
    <testcase classname="ProtoTest.UtilsTests.ClassUtilsTest" name="GetUpcastChainTest" time="0.0026909" />
    <testcase classname="ProtoTest.UtilsTests.CoreUtilsTest" name="Test_GetIdentifierExceptMethodName_01" time="0.0004820" />
    <testcase classname="ProtoTest.UtilsTests.CoreUtilsTest" name="Test_GetIdentifierExceptMethodName_03" time="0.0010160" />
    <testcase classname="ProtoTest.UtilsTests.CoreUtilsTest" name="Test_GetIdentifierStringUntilFirstParenthesis_01" time="0.0010830" />
    <testcase classname="ProtoTest.UtilsTests.CoreUtilsTest" name="Test_GetIdentifierStringUntilFirstParenthesis_03" time="0.0006560" />
    <testcase classname="ProtoTest.UtilsTests.ImperativeAstVistorTest" name="TestBinaryExpression" time="0.0076210" />
    <testcase classname="ProtoTest.UtilsTests.ImperativeAstVistorTest" name="TestExpressionList" time="0.0007800" />
    <testcase classname="ProtoTest.UtilsTests.ImperativeAstVistorTest" name="TestForLoop" time="0.0014890" />
    <testcase classname="ProtoTest.UtilsTests.ImperativeAstVistorTest" name="TestFunctionParameter" time="0.0007970" />
    <testcase classname="ProtoTest.UtilsTests.ImperativeAstVistorTest" name="TestGroupExpression" time="0.0002550" />
    <testcase classname="ProtoTest.UtilsTests.ImperativeAstVistorTest" name="TestIfElse" time="0.0015000" />
    <testcase classname="ProtoTest.UtilsTests.ImperativeAstVistorTest" name="TestInlineCondition" time="0.0021440" />
    <testcase classname="ProtoTest.UtilsTests.ImperativeAstVistorTest" name="TestPropertyAccessing" time="0.0017480" />
    <testcase classname="ProtoTest.UtilsTests.ImperativeAstVistorTest" name="TestRangeExpression" time="0.0004110" />
    <testcase classname="ProtoTest.UtilsTests.ImperativeAstVistorTest" name="TestTypedIdentifier" time="0.0007710" />
    <testcase classname="ProtoTest.UtilsTests.ImperativeAstVistorTest" name="TestUnaryExpression" time="0.0014890" />
    <testcase classname="ProtoTest.UtilsTests.ImperativeAstVistorTest" name="TestWhileLoop" time="0.0015550" />
    <testcase classname="ProtoTest.UtilsTests.TextFxTests" name="BasicRunAndVerify" time="0.0380580" />
    <testcase classname="ProtoTest.UtilsTests.TextFxTests" name="NullVerify" time="0.0141200" />
  </testsuite>
  <testsuite id="5" name="WorkflowTests.dll" tests="82" failures="0" time="191.608">
    <testcase classname="Dynamo.Tests.ComplexTests" name="AttractorPoint" time="3.0201530" />
    <testcase classname="Dynamo.Tests.ComplexTests" name="Combine" time="1.7957200" />
    <testcase classname="Dynamo.Tests.ComplexTests" name="Count" time="1.2151190" />
    <testcase classname="Dynamo.Tests.ComplexTests" name="CreateList" time="1.9924060" />
    <testcase classname="Dynamo.Tests.ComplexTests" name="Flatten" time="3.1657890" />
    <testcase classname="Dynamo.Tests.ComplexTests" name="IndexOutsideBounds_3399" time="2.7830350" />
    <testcase classname="Dynamo.Tests.ComplexTests" name="ListLacing" time="2.9071170" />
    <testcase classname="Dynamo.Tests.ComplexTests" name="Math" time="7.4907490" />
    <testcase classname="Dynamo.Tests.ComplexTests" name="PassingFunctions" time="3.5071870" />
    <testcase classname="Dynamo.Tests.ComplexTests" name="RangeSyntax" time="2.5587380" />
    <testcase classname="Dynamo.Tests.ComplexTests" name="ReadFromCSV" time="3.5791680" />
    <testcase classname="Dynamo.Tests.ComplexTests" name="Test_Basket1" time="3.0358010" />
    <testcase classname="Dynamo.Tests.ComplexTests" name="Test_Basket3" time="5.0853390" />
    <testcase classname="Dynamo.Tests.ComplexTests" name="Test_buckyballInCodeBlock" time="1.9729790" />
    <testcase classname="Dynamo.Tests.ComplexTests" name="Test_CodeBlocksReference" time="2.1964670" />
    <testcase classname="Dynamo.Tests.ComplexTests" name="Test_Core_Python" time="1.8312620" />
    <testcase classname="Dynamo.Tests.ComplexTests" name="Test_File_Migration" time="2.2941170" />
    <testcase classname="Dynamo.Tests.ComplexTests" name="Test_Lacing" time="3.0428980" />
    <testcase classname="Dynamo.Tests.ComplexTests" name="Test_Map" time="3.8525650" />
    <testcase classname="Dynamo.Tests.ComplexTests" name="Test_MinMax" time="2.3165170" />
    <testcase classname="Dynamo.Tests.ComplexTests" name="Test_Mobius" time="3.0382470" />
    <testcase classname="Dynamo.Tests.ComplexTests" name="Test_PassingFunctions" time="2.6479370" />
    <testcase classname="Dynamo.Tests.ComplexTests" name="Test_PerforationsByImage" time="5.3378590" />
    <testcase classname="Dynamo.Tests.ComplexTests" name="Test_Reverse" time="2.3662600" />
    <testcase classname="Dynamo.Tests.ComplexTests" name="Test_SmileyFace" time="2.3445210" />
    <testcase classname="Dynamo.Tests.ComplexTests" name="Test_Sort" time="2.9075590" />
    <testcase classname="Dynamo.Tests.ComplexTests" name="Test_SortGeometry" time="3.0462590" />
    <testcase classname="Dynamo.Tests.ComplexTests" name="Test_Surface" time="2.3078150" />
    <testcase classname="Dynamo.Tests.ComplexTests" name="Test_Transpose" time="2.5946480" />
    <testcase classname="Dynamo.Tests.ComplexTests" name="Test_Vignette_01Plane_Offset" time="3.1947670" />
    <testcase classname="Dynamo.Tests.ComplexTests" name="Test_Vignette_01WireFrame_Section" time="3.7084660" />
    <testcase classname="Dynamo.Tests.ComplexTests" name="Test_WorkFlowTestForCSV" time="2.6535310" />
    <testcase classname="Dynamo.Tests.ComplexTests" name="Test_WovenSurface" time="4.5931490" />
    <testcase classname="Dynamo.Tests.ComplexTests" name="TestSolidSweep" time="4.1786510" />
    <testcase classname="Dynamo.Tests.ComplexTests" name="WriteToExcel" time="5.4656310" />
    <testcase classname="Dynamo.Tests.DynamoSamples" name="Basics_Basic03" time="2.4775960" />
    <testcase classname="Dynamo.Tests.DynamoSamples" name="Core_AttractorPoint" time="2.6676450" />
    <testcase classname="Dynamo.Tests.DynamoSamples" name="Core_CodeBlocks_01" time="2.8428860" />
    <testcase classname="Dynamo.Tests.DynamoSamples" name="Core_CodeBlocks_02" time="3.0045320" />
    <testcase classname="Dynamo.Tests.DynamoSamples" name="Core_CodeBlocks_03" time="2.9126210" />
    <testcase classname="Dynamo.Tests.DynamoSamples" name="Core_CodeBlocks_04" time="2.9729540" />
    <testcase classname="Dynamo.Tests.DynamoSamples" name="Core_CodeBlocks_05" time="2.7829820" />
    <testcase classname="Dynamo.Tests.DynamoSamples" name="Core_ListLacing" time="2.0888380" />
    <testcase classname="Dynamo.Tests.DynamoSamples" name="Core_Math_01" time="3.8528450" />
    <testcase classname="Dynamo.Tests.DynamoSamples" name="Core_Math_02" time="3.6589170" />
    <testcase classname="Dynamo.Tests.DynamoSamples" name="Core_Math_03" time="3.4008780" />
    <testcase classname="Dynamo.Tests.DynamoSamples" name="Core_Math_04" time="3.4161760" />
    <testcase classname="Dynamo.Tests.DynamoSamples" name="Core_PassingFunctions" time="2.1189440" />
    <testcase classname="Dynamo.Tests.DynamoSamples" name="Core_Python" time="1.3721980" />
    <testcase classname="Dynamo.Tests.DynamoSamples" name="Core_RangeSyntax" time="2.1713580" />
    <testcase classname="Dynamo.Tests.DynamoSamples" name="Core_Strings" time="1.2030209" />
    <testcase classname="Dynamo.Tests.DynamoSamples" name="ImportExport_CSV_to_Stuff" time="1.3980060" />
    <testcase classname="Dynamo.Tests.DynamoSamples" name="ImportExport_Data_To_Excel" time="2.6434990" />
    <testcase classname="Dynamo.Tests.GeometryDefectTests" name="IndexOutsideBounds_3399" time="1.1382159" />
    <testcase classname="Dynamo.Tests.GeometryDefectTests" name="MAGN_3996_InputAsPolyCurvetoJoinCurves" time="1.1426220" />
    <testcase classname="Dynamo.Tests.GeometryDefectTests" name="MAGN_4578_CCSForTransformedCuboid" time="1.0532270" />
    <testcase classname="Dynamo.Tests.GeometryDefectTests" name="MAGN_4924_CurveExtractionFromSurface" time="1.1526220" />
    <testcase classname="Dynamo.Tests.GeometryDefectTests" name="MAGN_5029_CopyPasteWarning" time="1.3491340" />
    <testcase classname="Dynamo.Tests.GeometryDefectTests" name="MAGN_5041_NurbsCurveExtend" time="1.0744710" />
    <testcase classname="Dynamo.Tests.GeometryDefectTests" name="MAGN_5155_CrashCurveDivideByLengthFromParameter" time="1.2015260" />
    <testcase classname="Dynamo.Tests.GeometryDefectTests" name="MAGN_5177_LofByGuideCurvesForSurfaceAndSolid" time="1.2189570" />
    <testcase classname="Dynamo.Tests.GeometryDefectTests" name="MAGN_5323_ListUniqueNotWorkingWithNull" time="1.0130330" />
    <testcase classname="Dynamo.Tests.GeometryDefectTests" name="MAGN_5365_WrongFunctionPassingToWatchCrashingDynamo" time="1.0895750" />
    <testcase classname="Dynamo.Tests.GeometryDefectTests" name="MAGN_5397_ListScanWithPolygon" time="1.2353900" />
    <testcase classname="Dynamo.Tests.GeometryDefectTests" name="MAGN_5407_GroupByKeyWithListOfPoints" time="0.9791930" />
    <testcase classname="Dynamo.Tests.GeometryDefectTests" name="MAGN_5408_ListUniqueOnGeometryObjects" time="1.2880100" />
    <testcase classname="Dynamo.Tests.GeometryDefectTests" name="MAGN_6799_ListMapDoesntWorkWithFlatten" time="1.1436140" />
    <testcase classname="Dynamo.Tests.GeometryDefectTests" name="NurbsSurfaceWeights_MAGN_7970" time="1.0189130" />
    <testcase classname="Dynamo.Tests.GeometryDefectTests" name="PolyCurveByPointsExtraLargeScaleSetting_Returns3Curves" time="1.2781930" />
    <testcase classname="Dynamo.Tests.GeometryDefectTests" name="Recursion_CustomNode_5176" time="1.1510840" />
    <testcase classname="Dynamo.Tests.GeometryDefectTests" name="TestCoordinateSystem" time="1.2743940" />
    <testcase classname="Dynamo.Tests.GeometryDefectTests" name="TestExportWithUnits" time="1.0724030" />
    <testcase classname="Dynamo.Tests.GeometryDefectTests" name="TestNodeChange_BoundingBox_ByGeometry" time="1.0919340" />
    <testcase classname="Dynamo.Tests.GeometryDefectTests" name="TestNodeChange_ByUnion" time="1.0118560" />
    <testcase classname="Dynamo.Tests.GeometryDefectTests" name="TestNodeChange_ExportToSaT" time="1.0422380" />
    <testcase classname="Dynamo.Tests.GeometryDefectTests" name="TestNodeChange_Solid_ByLoft" time="1.0950629" />
    <testcase classname="Dynamo.Tests.GeometryDefectTests" name="TestNodeChange_Surface_ByJoin" time="0.9430300" />
    <testcase classname="Dynamo.Tests.GeometryDefectTests" name="TestNodeChange_Surface_ByLoft" time="1.0333000" />
    <testcase classname="Dynamo.Tests.GeometryDefectTests" name="TestSweepAsSolid" time="1.5031200" />
    <testcase classname="Dynamo.Tests.GeometryDefectTests" name="VoronoiByParameterOnSurface_MAGN_8039" time="1.2911740" />
    <testcase classname="Dynamo.Tests.PackageValidationTest" name="TestLoadPackageFromOtherLocation" time="1.8907910" />
    <testcase classname="Dynamo.Tests.PackageValidationTest" name="TestTextFromDynamoText" time="1.8165790" />
  </testsuite>
</testsuites>