<?xml version="1.0" encoding="utf-8"?>
<testsuites time="1,799.883" tests="2036" failures="4">
  <testsuite id="0" name="AnalysisTests.dll" tests="11" failures="0" time="7.488">
    <testcase classname="AnalysisTests.AnalysisTests" name="PointAnalysisDataByPointsAndResults_BadArgs" time="1.3199240" />
    <testcase classname="AnalysisTests.AnalysisTests" name="PointAnalysisDataByPointsAndResults_ValidArgs" time="0.6875530" />
    <testcase classname="AnalysisTests.AnalysisTests" name="SurfaceAnalysisDataBySurfacePointAndResults_BadArgs" time="0.6338760" />
    <testcase classname="AnalysisTests.AnalysisTests" name="SurfaceAnalysisDataBySurfacePointsAndResults_ValidArgs" time="0.7148520" />
    <testcase classname="AnalysisTests.AnalysisTests" name="VectorAnalysisDataByPointsAndResults_BadArgs" time="0.8402510" />
    <testcase classname="AnalysisTests.AnalysisTests" name="VectorAnalysisDataByPointsAndResults_ValidArgs" time="0.8650690" />
    <testcase classname="AnalysisTests.SurfaceDataTests" name="AnalysisExtensionsIsAlmostEqualToTest" time="0.8123680" />
    <testcase classname="AnalysisTests.SurfaceDataTests" name="SurfaceAnalysisDataBySurfaceAndPointsTest_Exceptions" time="0.7844110" />
    <testcase classname="AnalysisTests.SurfaceDataTests" name="SurfaceAnalysisDataBySurfacePointsAndResults_ValuesException" time="0.8129520" />
    <testcase classname="AnalysisTests.UtilsTests" name="CreateGradientColorMapTest" time="0.0148370" />
    <testcase classname="AnalysisTests.UtilsTests" name="CreateGradientValueMapTest" time="0.0023780" />
  </testsuite>
  <testsuite id="1" name="DisplayTests.dll" tests="37" failures="0" time="67.323">
    <testcase classname="DisplayTests.ByMeshColorsTests" name="ByMeshColors_Construction_NoColors_ThrowsException" time="2.0039390" />
    <testcase classname="DisplayTests.ByMeshColorsTests" name="ByMeshColors_Construction_NonQaudMesh_OneColor_CreatesCorrectNumberTriangles" time="1.0329230" />
    <testcase classname="DisplayTests.ByMeshColorsTests" name="ByMeshColors_Construction_NonQuadMesh_FaceColor_CreatesCorrectNumberTriangles" time="1.0576440" />
    <testcase classname="DisplayTests.ByMeshColorsTests" name="ByMeshColors_Construction_NonQuadMesh_PerTriangleVertexColor_CreatesCorrectNumberTriangles" time="0.8351830" />
    <testcase classname="DisplayTests.ByMeshColorsTests" name="ByMeshColors_Construction_NullColors_ThrowsException" time="0.7719049" />
    <testcase classname="DisplayTests.ByMeshColorsTests" name="ByMeshColors_Construction_NullMesh_ThrowsException" time="0.8869540" />
    <testcase classname="DisplayTests.ByMeshColorsTests" name="ByMeshColors_Construction_QuadMesh_FaceColor_CreatesCorrectNumberTriangles" time="1.2441840" />
    <testcase classname="DisplayTests.ByMeshColorsTests" name="ByMeshColors_Construction_QuadMesh_OneColor_CreatesCorrectNumberTriangles" time="1.4505450" />
    <testcase classname="DisplayTests.ByMeshColorsTests" name="ByMeshColors_Construction_QuadMesh_PerTriangleVertexColor_CreatesCorrectNumberTriangles" time="1.1074900" />
    <testcase classname="DisplayTests.ByMeshColorsTests" name="ByMeshColors_Construction_WrongNumberOfColors_ThrowsException" time="1.1342730" />
    <testcase classname="DisplayTests.ByMeshColorsTests" name="ByMeshColors_Contruction_ColorByFace_AllGood" time="1.7238950" />
    <testcase classname="DisplayTests.ByMeshColorsTests" name="ByMeshColors_Contruction_ColorByPerTriangleVertex_AllGood" time="1.2161080" />
    <testcase classname="DisplayTests.ByMeshColorsTests" name="ByMeshColors_Contruction_ColorByVertex_AllGood" time="1.1856199" />
    <testcase classname="DisplayTests.ByMeshColorsTests" name="ByMeshColors_Contruction_OneColor_AllGood" time="1.4460420" />
    <testcase classname="DisplayTests.BySurfaceUvsColorsTests" name="BySurfaceUVsColors_Construction_AllGood" time="1.5279980" />
    <testcase classname="DisplayTests.BySurfaceUvsColorsTests" name="BySurfaceUvsColors_Construction_JaggedArrayColors_ThrowsException" time="1.0245340" />
    <testcase classname="DisplayTests.BySurfaceUvsColorsTests" name="BySurfaceUvsColors_Construction_NoColors_ThrowsException" time="1.2368590" />
    <testcase classname="DisplayTests.BySurfaceUvsColorsTests" name="BySurfaceUvsColors_Construction_NullColors_ThrowsException" time="1.1357790" />
    <testcase classname="DisplayTests.BySurfaceUvsColorsTests" name="BySurfaceUvsColors_Construction_NullSurface_ThrowsException" time="1.4773030" />
    <testcase classname="DisplayTests.BySurfaceUvsColorsTests" name="BySurfaceUvsColors_Construction_SingleDimensionColors_ThrowsException" time="1.2259400" />
    <testcase classname="DisplayTests.DisplayTest" name="RegressMagn9666_DisplayCrash" time="3.9210240" />
    <testcase classname="GeometryColorTests.ByPointsColorsTests" name="Construction_AllGood" time="1.8398250" />
    <testcase classname="GeometryColorTests.ByPointsColorsTests" name="Construction_EmptyColors_ThrowsException" time="1.3990370" />
    <testcase classname="GeometryColorTests.ByPointsColorsTests" name="Construction_EmptyVertices_ThrowsException" time="1.2333400" />
    <testcase classname="GeometryColorTests.ByPointsColorsTests" name="Construction_NullColors_ThrowsException" time="1.7720660" />
    <testcase classname="GeometryColorTests.ByPointsColorsTests" name="Construction_NullVertices_ThrowsException" time="1.5236720" />
    <testcase classname="GeometryColorTests.ByPointsColorsTests" name="Construction_ThreePointsInALine_DoesNotDrawTriangle" time="1.5495620" />
    <testcase classname="GeometryColorTests.ByPointsColorsTests" name="Construction_TWoPointInSamePlace_DoesNotDrawTriangle" time="1.3154760" />
    <testcase classname="GeometryColorTests.ByPointsColorsTests" name="Construction_UnequalPointsAndColors_ThrowsException" time="1.4617300" />
    <testcase classname="GeometryTests.GeometryImportHelperTests" name="SABImportWithNullImportsAsUnitless" time="1.9147600" />
    <testcase classname="GeometryTests.GeometryImportHelperTests" name="SABImportWithSameUnits_ImportsAtSameSize" time="11.7838500" />
    <testcase classname="GeometryTests.GeometryImportHelperTests" name="SABImportWithSmallerUnits_ImportsAsLargerSize" time="1.6807730" />
    <testcase classname="GeometryTests.GeometryImportHelperTests" name="SABImportWithWrongUnitType_Throws" time="1.6328680" />
    <testcase classname="GeometryTests.GeometryImportHelperTests" name="SATImportWithNullImportsAsUnitless" time="1.8729140" />
    <testcase classname="GeometryTests.GeometryImportHelperTests" name="SATImportWithSameUnits_ImportsAtSameSize" time="2.6079640" />
    <testcase classname="GeometryTests.GeometryImportHelperTests" name="SATImportWithSmallerUnits_ImportsAsLargerSize" time="2.4249230" />
    <testcase classname="GeometryTests.GeometryImportHelperTests" name="SATImportWithWrongUnitType_Throws" time="2.6641320" />
  </testsuite>
  <testsuite id="2" name="DSCoreNodesTests.dll" tests="270" failures="2" time="95.293">
    <testcase classname="DSCoreNodesTests.ColorTests" name="TestAddColor" time="2.0964220" />
    <testcase classname="DSCoreNodesTests.ColorTests" name="TestBlerp1" time="1.4628210" />
    <testcase classname="DSCoreNodesTests.ColorTests" name="TestBlerp3" time="1.7951600" />
    <testcase classname="DSCoreNodesTests.ColorTests" name="TestBrightness" time="0.8932280" />
    <testcase classname="DSCoreNodesTests.ColorTests" name="TestBuildColorFrom1DRange" time="0.6715160" />
    <testcase classname="DSCoreNodesTests.ColorTests" name="TestBuildColorFrom2DRange" time="1.5137060" />
    <testcase classname="DSCoreNodesTests.ColorTests" name="TestComponents" time="2.4650480" />
    <testcase classname="DSCoreNodesTests.ColorTests" name="TestConstructorByARGB" time="1.6904140" />
    <testcase classname="DSCoreNodesTests.ColorTests" name="TestDivideColor" time="1.7323930" />
    <testcase classname="DSCoreNodesTests.ColorTests" name="TestDivideColorByZero" time="1.7811360" />
    <testcase classname="DSCoreNodesTests.ColorTests" name="TestHue" time="1.6970060" />
    <testcase classname="DSCoreNodesTests.ColorTests" name="TestMultiplyColor" time="2.8322040" />
    <testcase classname="DSCoreNodesTests.ColorTests" name="TestSaturation" time="2.6765610" />
    <testcase classname="DSCoreNodesTests.ComparisonTests" name="GreaterThan_Doubles" time="0.0041690" />
    <testcase classname="DSCoreNodesTests.ComparisonTests" name="GreaterThan_DoublesAndInts" time="0.0004460" />
    <testcase classname="DSCoreNodesTests.ComparisonTests" name="GreaterThan_Ints" time="0.0002380" />
    <testcase classname="DSCoreNodesTests.ComparisonTests" name="GreaterThan_Strings" time="0.0001890" />
    <testcase classname="DSCoreNodesTests.ComparisonTests" name="GreaterThanOrEqual_Doubles" time="0.0004180" />
    <testcase classname="DSCoreNodesTests.ComparisonTests" name="GreaterThanOrEqual_DoublesAndInts" time="0.0003860" />
    <testcase classname="DSCoreNodesTests.ComparisonTests" name="GreaterThanOrEqual_Ints" time="0.0001910" />
    <testcase classname="DSCoreNodesTests.ComparisonTests" name="GreaterThanOrEqual_Strings" time="0.0001730" />
    <testcase classname="DSCoreNodesTests.ComparisonTests" name="LessThan_Doubles" time="0.0001620" />
    <testcase classname="DSCoreNodesTests.ComparisonTests" name="LessThan_DoublesAndInts" time="0.0001710" />
    <testcase classname="DSCoreNodesTests.ComparisonTests" name="LessThan_Ints" time="0.0001560" />
    <testcase classname="DSCoreNodesTests.ComparisonTests" name="LessThan_Strings" time="0.0001410" />
    <testcase classname="DSCoreNodesTests.ComparisonTests" name="LessThanOrEqual_Doubles" time="0.0001750" />
    <testcase classname="DSCoreNodesTests.ComparisonTests" name="LessThanOrEqual_DoublesAndInts" time="0.0002060" />
    <testcase classname="DSCoreNodesTests.ComparisonTests" name="LessThanOrEqual_Ints" time="0.0001860" />
    <testcase classname="DSCoreNodesTests.ComparisonTests" name="LessThanOrEqual_Strings" time="0.0002640" />
    <testcase classname="DSCoreNodesTests.DateTimeTests" name="DateTimeComponents" time="0.0070550" />
    <testcase classname="DSCoreNodesTests.DateTimeTests" name="DateTimeWrappers" time="0.0665680">
      <error message="  Expected: 1000-10-03 00:00:00&#xD;&#xA;  But was:  1000-03-10 00:00:00&#xD;&#xA;">   at DSCoreNodesTests.DateTimeTests.DateTimeWrappers() in C:\Users\DeyanNenov\Documents\GitHub\Dynamo\test\Libraries\CoreNodesTests\DateTimeTests.cs:line 29
</error>
    </testcase>
    <testcase classname="DSCoreNodesTests.DateTimeTests" name="MaxValueTimeSpan" time="0.0004100" />
    <testcase classname="DSCoreNodesTests.DateTimeTests" name="MinValueTimeSpan" time="0.0006669" />
    <testcase classname="DSCoreNodesTests.DateTimeTests" name="NegateTimeSpan" time="0.0003120" />
    <testcase classname="DSCoreNodesTests.DateTimeTests" name="TestDateTime_DayOfWeek" time="0.0006730" />
    <testcase classname="DSCoreNodesTests.DateTimeTests" name="TestDateTime_Format" time="0.0028310">
      <error message="  String lengths are both 11. Strings differ at index 0.&#xD;&#xA;  Expected: &quot;03 Oct 1000&quot;&#xD;&#xA;  But was:  &quot;10 Mar 1000&quot;&#xD;&#xA;  -----------^&#xD;&#xA;">   at DSCoreNodesTests.DateTimeTests.TestDateTime_Format() in C:\Users\DeyanNenov\Documents\GitHub\Dynamo\test\Libraries\CoreNodesTests\DateTimeTests.cs:line 54
</error>
    </testcase>
    <testcase classname="DSCoreNodesTests.DateTimeTests" name="TestDateTime_Today" time="0.0002790" />
    <testcase classname="DSCoreNodesTests.DateTimeTests" name="TimeSpanComponents" time="0.0004360" />
    <testcase classname="DSCoreNodesTests.DateTimeTests" name="TimeSpanCreation" time="0.0002520" />
    <testcase classname="DSCoreNodesTests.DateTimeTests" name="TimeSpanScaling" time="0.0001820" />
    <testcase classname="DSCoreNodesTests.DateTimeTests" name="TimeSpanWrappers" time="0.0009890" />
    <testcase classname="DSCoreNodesTests.DateTimeTests" name="ZeroTimeSpan" time="0.0001979" />
    <testcase classname="DSCoreNodesTests.DropDownTests" name="OpenXmlDYNwithInvalidSelectedIndex" time="4.1287510" />
    <testcase classname="DSCoreNodesTests.DropDownTests" name="OpenXmlDYNwithInvalidSelectedIndex2" time="1.9575660" />
    <testcase classname="DSCoreNodesTests.DropDownTests" name="OpenXmlDYNwithInvalidSelectedIndex3" time="2.1095870" />
    <testcase classname="DSCoreNodesTests.DropDownTests" name="OpenXmlDYNwithSelectionNode" time="1.9090720" />
    <testcase classname="DSCoreNodesTests.EnumAsStringTests" name="BuildOutputAstTest" time="0.3071610" />
    <testcase classname="DSCoreNodesTests.EnumAsStringTests" name="DeserializeTest" time="0.0042640" />
    <testcase classname="DSCoreNodesTests.EnumAsStringTests" name="PopulateItemsCoreTest" time="0.0005770" />
    <testcase classname="DSCoreNodesTests.EnumAsStringTests" name="SelectedIndexTest" time="0.0003330" />
    <testcase classname="DSCoreNodesTests.EnumAsStringTests" name="SerializeTest" time="0.0004660" />
    <testcase classname="DSCoreNodesTests.EnumAsStringTests" name="UpdateValueCoreTest" time="0.0049890" />
    <testcase classname="DSCoreNodesTests.ListTests" name="AddToList" time="0.0005120" />
    <testcase classname="DSCoreNodesTests.ListTests" name="AllIndicesOf" time="0.0051820" />
    <testcase classname="DSCoreNodesTests.ListTests" name="AllIndicesOfNullTest" time="0.0009570" />
    <testcase classname="DSCoreNodesTests.ListTests" name="Chop1" time="0.0020270" />
    <testcase classname="DSCoreNodesTests.ListTests" name="Chop2" time="0.0007610" />
    <testcase classname="DSCoreNodesTests.ListTests" name="Chop3" time="0.0005380" />
    <testcase classname="DSCoreNodesTests.ListTests" name="Chop4" time="0.0005390" />
    <testcase classname="DSCoreNodesTests.ListTests" name="Chop5" time="0.0005550" />
    <testcase classname="DSCoreNodesTests.ListTests" name="Chop6" time="0.0005800" />
    <testcase classname="DSCoreNodesTests.ListTests" name="CleanNullsChangeIndices" time="0.0020320" />
    <testcase classname="DSCoreNodesTests.ListTests" name="CleanNullsChangeIndicesEdgeCases" time="0.0002999" />
    <testcase classname="DSCoreNodesTests.ListTests" name="CleanNullsPreserveIndices" time="0.0004760" />
    <testcase classname="DSCoreNodesTests.ListTests" name="CleanNullsPreserveIndicesEdgeCases" time="0.0002330" />
    <testcase classname="DSCoreNodesTests.ListTests" name="DropEveryNthValueFromList" time="0.0015600" />
    <testcase classname="DSCoreNodesTests.ListTests" name="DropValuesFromList" time="0.0005400" />
    <testcase classname="DSCoreNodesTests.ListTests" name="EmptyList" time="0.0002160" />
    <testcase classname="DSCoreNodesTests.ListTests" name="FilterListByMask" time="0.0045590" />
    <testcase classname="DSCoreNodesTests.ListTests" name="FirstIndexOf" time="0.0007410" />
    <testcase classname="DSCoreNodesTests.ListTests" name="FirstInList" time="0.0005380" />
    <testcase classname="DSCoreNodesTests.ListTests" name="FlattenListByAmount" time="0.0019930" />
    <testcase classname="DSCoreNodesTests.ListTests" name="FlattenListCompletely" time="0.0013660" />
    <testcase classname="DSCoreNodesTests.ListTests" name="GetFromList" time="0.0006430" />
    <testcase classname="DSCoreNodesTests.ListTests" name="GetNegtiveIndexItemFromList" time="0.0002630" />
    <testcase classname="DSCoreNodesTests.ListTests" name="GetNegtiveIndexItemFromListCouldThrow" time="0.0011520" />
    <testcase classname="DSCoreNodesTests.ListTests" name="GetPositiveIndexItemFromListCouldThrow" time="0.0008260" />
    <testcase classname="DSCoreNodesTests.ListTests" name="GroupByKey1" time="0.0037920" />
    <testcase classname="DSCoreNodesTests.ListTests" name="GroupByKey2" time="0.0005040" />
    <testcase classname="DSCoreNodesTests.ListTests" name="GroupByKey3" time="0.0036950" />
    <testcase classname="DSCoreNodesTests.ListTests" name="GroupByKey4" time="0.0008840" />
    <testcase classname="DSCoreNodesTests.ListTests" name="GroupBySimilarity" time="0.0051900" />
    <testcase classname="DSCoreNodesTests.ListTests" name="GroupBySimilarity_WithDecimals" time="0.0009690" />
    <testcase classname="DSCoreNodesTests.ListTests" name="GroupBySimilarity_WithDecimals_Tolerance0_1" time="0.0009890" />
    <testcase classname="DSCoreNodesTests.ListTests" name="GroupBySimilarity_WithEmptyItems" time="0.0010090" />
    <testcase classname="DSCoreNodesTests.ListTests" name="GroupBySimilarity_WithIntegers_ConsiderAdjacencyFalse" time="0.0007500" />
    <testcase classname="DSCoreNodesTests.ListTests" name="GroupBySimilarity_WithIntegers_Tolerance1" time="0.0006060" />
    <testcase classname="DSCoreNodesTests.ListTests" name="GroupBySimilarity_WithIntegers_Tolerance2" time="0.0005870" />
    <testcase classname="DSCoreNodesTests.ListTests" name="GroupBySimilarity_WithMixedList_ThrowsException" time="0.0005910" />
    <testcase classname="DSCoreNodesTests.ListTests" name="GroupBySimilarity_WithNegativeDecimals_Tolerance0_2" time="0.0004980" />
    <testcase classname="DSCoreNodesTests.ListTests" name="GroupBySimilarity_WithNegativeIntegers" time="0.0004970" />
    <testcase classname="DSCoreNodesTests.ListTests" name="GroupBySimilarity_WithStrings" time="0.0004620" />
    <testcase classname="DSCoreNodesTests.ListTests" name="GroupBySimilarity_WithStrings_ConsiderAdjacencyFalse" time="0.0004450" />
    <testcase classname="DSCoreNodesTests.ListTests" name="GroupBySimilarity_WithStrings_Tolerance1_5" time="0.0004600" />
    <testcase classname="DSCoreNodesTests.ListTests" name="GroupBySimilarity_WithStrings_Tolerance11" time="0.0005300" />
    <testcase classname="DSCoreNodesTests.ListTests" name="GroupBySimilarity_WithStrings_Tolerance2" time="0.0004420" />
    <testcase classname="DSCoreNodesTests.ListTests" name="InsertToList" time="0.0004120" />
    <testcase classname="DSCoreNodesTests.ListTests" name="IsEmptyList" time="0.0006080" />
    <testcase classname="DSCoreNodesTests.ListTests" name="JoinLists" time="0.0005070" />
    <testcase classname="DSCoreNodesTests.ListTests" name="LastInList" time="0.0003310" />
    <testcase classname="DSCoreNodesTests.ListTests" name="ListAnyFalse" time="0.0016630" />
    <testcase classname="DSCoreNodesTests.ListTests" name="ListAnyTrue" time="0.0022039" />
    <testcase classname="DSCoreNodesTests.ListTests" name="ListCombinations" time="0.0058389" />
    <testcase classname="DSCoreNodesTests.ListTests" name="ListContainsInSublists" time="0.0016180" />
    <testcase classname="DSCoreNodesTests.ListTests" name="ListContainsNumbers" time="0.0003470" />
    <testcase classname="DSCoreNodesTests.ListTests" name="ListCount" time="0.0003880" />
    <testcase classname="DSCoreNodesTests.ListTests" name="ListCountFalse" time="0.0007500" />
    <testcase classname="DSCoreNodesTests.ListTests" name="ListCountTrue" time="0.0007130" />
    <testcase classname="DSCoreNodesTests.ListTests" name="ListDiagonalLeft" time="0.0041320" />
    <testcase classname="DSCoreNodesTests.ListTests" name="ListDiagonalRight" time="0.0014030" />
    <testcase classname="DSCoreNodesTests.ListTests" name="ListIndexOf" time="0.0107990" />
    <testcase classname="DSCoreNodesTests.ListTests" name="ListIsHomogeneous" time="0.0012250" />
    <testcase classname="DSCoreNodesTests.ListTests" name="ListIsRectangular" time="0.0011860" />
    <testcase classname="DSCoreNodesTests.ListTests" name="ListIsUniformDepth" time="0.0009970" />
    <testcase classname="DSCoreNodesTests.ListTests" name="ListMaximumValue" time="0.0006130" />
    <testcase classname="DSCoreNodesTests.ListTests" name="ListMaximumValueMixed" time="0.0002340" />
    <testcase classname="DSCoreNodesTests.ListTests" name="ListMinimumValue" time="0.0004000" />
    <testcase classname="DSCoreNodesTests.ListTests" name="ListMinimumValueMixed" time="0.0002180" />
    <testcase classname="DSCoreNodesTests.ListTests" name="ListPermutations" time="0.0046910" />
    <testcase classname="DSCoreNodesTests.ListTests" name="ListSetDifference" time="0.0007339" />
    <testcase classname="DSCoreNodesTests.ListTests" name="ListSetIntersection" time="0.0007720" />
    <testcase classname="DSCoreNodesTests.ListTests" name="ListSetUnion" time="0.0006980" />
    <testcase classname="DSCoreNodesTests.ListTests" name="NormalizeDepthWithRank" time="0.0009350" />
    <testcase classname="DSCoreNodesTests.ListTests" name="PartitionList" time="0.0002730" />
    <testcase classname="DSCoreNodesTests.ListTests" name="RemoveMultipleValuesFromList" time="0.0011260" />
    <testcase classname="DSCoreNodesTests.ListTests" name="RemoveMultipleValuesFromNestedList" time="0.0006390" />
    <testcase classname="DSCoreNodesTests.ListTests" name="RemoveValueFromList" time="0.0004220" />
    <testcase classname="DSCoreNodesTests.ListTests" name="ReorderList" time="0.0011490" />
    <testcase classname="DSCoreNodesTests.ListTests" name="RepeatObject" time="0.0028540" />
    <testcase classname="DSCoreNodesTests.ListTests" name="ReplaceItemAtIndex" time="0.0022130" />
    <testcase classname="DSCoreNodesTests.ListTests" name="ReplaceItemAtIndices" time="0.0043570" />
    <testcase classname="DSCoreNodesTests.ListTests" name="RestOfList" time="0.0007050" />
    <testcase classname="DSCoreNodesTests.ListTests" name="ReverseList" time="0.0008530" />
    <testcase classname="DSCoreNodesTests.ListTests" name="ShiftListIndices" time="0.0016980" />
    <testcase classname="DSCoreNodesTests.ListTests" name="ShuffleList" time="0.0036530" />
    <testcase classname="DSCoreNodesTests.ListTests" name="SortByKey1" time="0.0053630" />
    <testcase classname="DSCoreNodesTests.ListTests" name="SortByKey2" time="0.0005910" />
    <testcase classname="DSCoreNodesTests.ListTests" name="SortByKey3" time="0.0005280" />
    <testcase classname="DSCoreNodesTests.ListTests" name="SortByKey4" time="0.0004140" />
    <testcase classname="DSCoreNodesTests.ListTests" name="SortByKey5" time="0.0007440" />
    <testcase classname="DSCoreNodesTests.ListTests" name="SortByKey6" time="0.0004880" />
    <testcase classname="DSCoreNodesTests.ListTests" name="SortByKey7" time="0.0006530" />
    <testcase classname="DSCoreNodesTests.ListTests" name="SortIndexByValue" time="0.0043380" />
    <testcase classname="DSCoreNodesTests.ListTests" name="SortList" time="0.0025170" />
    <testcase classname="DSCoreNodesTests.ListTests" name="SortMixedList1" time="0.0007180" />
    <testcase classname="DSCoreNodesTests.ListTests" name="SortMixedList2" time="0.0012179" />
    <testcase classname="DSCoreNodesTests.ListTests" name="SplitList" time="0.0050710" />
    <testcase classname="DSCoreNodesTests.ListTests" name="Sublists" time="0.0043660" />
    <testcase classname="DSCoreNodesTests.ListTests" name="TakeEveryNthValueFromList" time="0.0007530" />
    <testcase classname="DSCoreNodesTests.ListTests" name="TakeListSlice" time="0.0011940" />
    <testcase classname="DSCoreNodesTests.ListTests" name="TakeValuesFromList" time="0.0004610" />
    <testcase classname="DSCoreNodesTests.ListTests" name="TransposeJaggedListOfLists" time="0.0036620" />
    <testcase classname="DSCoreNodesTests.ListTests" name="TransposeListOfLists" time="0.0006489" />
    <testcase classname="DSCoreNodesTests.ListTests" name="UniqueInBooleanList" time="0.0054100" />
    <testcase classname="DSCoreNodesTests.ListTests" name="UniqueInCharList" time="0.0015070" />
    <testcase classname="DSCoreNodesTests.ListTests" name="UniqueInCombineList" time="0.0059520" />
    <testcase classname="DSCoreNodesTests.ListTests" name="UniqueInList" time="0.0061490" />
    <testcase classname="DSCoreNodesTests.ListTests" name="UniqueInListWithPoints" time="0.0020480" />
    <testcase classname="DSCoreNodesTests.ListTests" name="UniqueInNullList" time="0.0002290" />
    <testcase classname="DSCoreNodesTests.ListTests" name="UniqueInStringList" time="0.0002390" />
    <testcase classname="DSCoreNodesTests.LogicTests" name="Xor" time="0.0003900" />
    <testcase classname="DSCoreNodesTests.MathTests" name="Factorial" time="0.0019270" />
    <testcase classname="DSCoreNodesTests.MathTests" name="GoldenRatio" time="0.0002470" />
    <testcase classname="DSCoreNodesTests.MathTests" name="Log" time="0.0002550" />
    <testcase classname="DSCoreNodesTests.MathTests" name="Log_Infinity" time="0.0001399" />
    <testcase classname="DSCoreNodesTests.MathTests" name="Log_NegativeInput" time="0.0001210" />
    <testcase classname="DSCoreNodesTests.MathTests" name="Map" time="0.0002980" />
    <testcase classname="DSCoreNodesTests.MathTests" name="MapTo" time="0.0002640" />
    <testcase classname="DSCoreNodesTests.MathTests" name="Sum" time="0.0038410" />
    <testcase classname="DSCoreNodesTests.MathTests" name="Tan_NaN" time="0.0008360" />
    <testcase classname="DSCoreNodesTests.MathTests" name="Test_RemapRange" time="0.0033200" />
    <testcase classname="DSCoreNodesTests.NodeWithUITests" name="IntegerSliderMaxValue" time="0.0044420" />
    <testcase classname="DSCoreNodesTests.NodeWithUITests" name="SliderASTGeneration" time="0.0054630" />
    <testcase classname="DSCoreNodesTests.NodeWithUITests" name="SliderMaxValue" time="0.0016890" />
    <testcase classname="DSCoreNodesTests.NodeWithUITests" name="SliderMaxValueWithBigNum" time="0.0005880" />
    <testcase classname="DSCoreNodesTests.NumberTests" name="SettingValueToLetterSucceeds" time="0.0103680" />
    <testcase classname="DSCoreNodesTests.NumberTests" name="SettingValueToNumberSucceeds" time="0.0005620" />
    <testcase classname="DSCoreNodesTests.NumberTests" name="SettingValueToRangeExpressionSucceeds" time="0.0009240" />
    <testcase classname="DSCoreNodesTests.ObjectTests" name="Test_Identity" time="0.0004270" />
    <testcase classname="DSCoreNodesTests.ObjectTests" name="Type" time="0.0020569" />
    <testcase classname="DSCoreNodesTests.ProtoNodesTests" name="CanDoSimpleLoft" time="3.2465090" />
    <testcase classname="DSCoreNodesTests.QuadtreeTests" name="Node_FindAllNodesUpLevel_FromLeafNode" time="1.9723500" />
    <testcase classname="DSCoreNodesTests.QuadtreeTests" name="Node_FindAllNodesUpLevel_FromRootNode" time="2.5255570" />
    <testcase classname="DSCoreNodesTests.QuadtreeTests" name="Node_FindNodeWhichContains_BadArgs" time="2.3044610" />
    <testcase classname="DSCoreNodesTests.QuadtreeTests" name="Node_FindNodeWhichContains_GoodArgs" time="1.7984710" />
    <testcase classname="DSCoreNodesTests.QuadtreeTests" name="Node_TryFind_BadArgs" time="3.4344340" />
    <testcase classname="DSCoreNodesTests.QuadtreeTests" name="Node_TryFind_GoodArgs" time="1.6188140" />
    <testcase classname="DSCoreNodesTests.QuadtreeTests" name="QuadTree_FindPointsInRectangle" time="1.8826360" />
    <testcase classname="DSCoreNodesTests.QuadtreeTests" name="Quadtree_FindPointsWithinRadius_BadArgs" time="1.9812350" />
    <testcase classname="DSCoreNodesTests.QuadtreeTests" name="Quadtree_FindPointsWithinRadius_GoodArgs" time="1.6556080" />
    <testcase classname="DSCoreNodesTests.QuadtreeTests" name="QuadtreeByUVs_BadArgs" time="3.6182600" />
    <testcase classname="DSCoreNodesTests.QuadtreeTests" name="QuadtreeByUVs_GoodArgs" time="2.3094700" />
    <testcase classname="DSCoreNodesTests.QuadtreeTests" name="UVExtensions_Area" time="1.9953300" />
    <testcase classname="DSCoreNodesTests.SelectionTests" name="ClearSelectionTest" time="2.7184430" />
    <testcase classname="DSCoreNodesTests.SelectionTests" name="ConstructorWithPortsTest" time="3.4635090" />
    <testcase classname="DSCoreNodesTests.SelectionTests" name="DeserializeCoreTest" time="3.2766630" />
    <testcase classname="DSCoreNodesTests.SelectionTests" name="GetSelectionOutputTest" time="2.2714430" />
    <testcase classname="DSCoreNodesTests.SelectionTests" name="SelectionIdentifierTest" time="2.7844750" />
    <testcase classname="DSCoreNodesTests.SelectionTests" name="SelectTest" time="2.0470040" />
    <testcase classname="DSCoreNodesTests.SelectionTests" name="SerializeCoreTest" time="2.3106560" />
    <testcase classname="DSCoreNodesTests.SelectionTests" name="ToStringTest" time="1.8155030" />
    <testcase classname="DSCoreNodesTests.SelectionTests" name="UpdateValueCoreTest" time="2.6892610" />
    <testcase classname="DSCoreNodesTests.StringTests" name="AllIndicesOf" time="0.0102469" />
    <testcase classname="DSCoreNodesTests.StringTests" name="Center" time="0.0060549" />
    <testcase classname="DSCoreNodesTests.StringTests" name="ChangeCase" time="0.0003869" />
    <testcase classname="DSCoreNodesTests.StringTests" name="Concat" time="0.0002970" />
    <testcase classname="DSCoreNodesTests.StringTests" name="Contains" time="0.0003190" />
    <testcase classname="DSCoreNodesTests.StringTests" name="CountOccurences" time="0.0005910" />
    <testcase classname="DSCoreNodesTests.StringTests" name="EndsWith" time="0.0003360" />
    <testcase classname="DSCoreNodesTests.StringTests" name="GetNumber" time="0.0003770" />
    <testcase classname="DSCoreNodesTests.StringTests" name="IndexOf" time="0.0006880" />
    <testcase classname="DSCoreNodesTests.StringTests" name="Insert" time="0.0003770" />
    <testcase classname="DSCoreNodesTests.StringTests" name="Join" time="0.0003710" />
    <testcase classname="DSCoreNodesTests.StringTests" name="Length" time="0.0002580" />
    <testcase classname="DSCoreNodesTests.StringTests" name="PadLeft" time="0.0027970" />
    <testcase classname="DSCoreNodesTests.StringTests" name="PadRight" time="0.0005060" />
    <testcase classname="DSCoreNodesTests.StringTests" name="Remove" time="0.0020840" />
    <testcase classname="DSCoreNodesTests.StringTests" name="Replace" time="0.0003490" />
    <testcase classname="DSCoreNodesTests.StringTests" name="Split" time="0.0037260" />
    <testcase classname="DSCoreNodesTests.StringTests" name="StartsWith" time="0.0004030" />
    <testcase classname="DSCoreNodesTests.StringTests" name="Substring" time="0.0018590" />
    <testcase classname="DSCoreNodesTests.StringTests" name="ToLower" time="0.0003160" />
    <testcase classname="DSCoreNodesTests.StringTests" name="ToNumber" time="0.0004240" />
    <testcase classname="DSCoreNodesTests.StringTests" name="ToTitle" time="0.0003530" />
    <testcase classname="DSCoreNodesTests.StringTests" name="ToUpper" time="0.0002799" />
    <testcase classname="DSCoreNodesTests.StringTests" name="TrimLeadingWhitespace" time="0.0003579" />
    <testcase classname="DSCoreNodesTests.StringTests" name="TrimTrailingWhitespace" time="0.0002980" />
    <testcase classname="DSCoreNodesTests.StringTests" name="TrimWhitespace" time="0.0003200" />
    <testcase classname="DSCoreNodesTests.WebTests" name="WebRequest_BadArgs" time="0.0034580" />
    <testcase classname="DSCoreNodesTests.WebTests" name="WebRequest_EmptyUrl" time="0.0005720" />
    <testcase classname="DSCoreNodesTests.WebTests" name="WebRequest_GitHubAPI" time="0.0383620" />
    <testcase classname="Dynamo.Tests.ColorRangeTests" name="ColorRange1D_ByColorsAndParameters_HandlesNullColors" time="0.0007500" />
    <testcase classname="Dynamo.Tests.ColorRangeTests" name="ColorRange1D_ByColorsAndParameters_HandlesNullParameters" time="0.0002780" />
    <testcase classname="Dynamo.Tests.ColorRangeTests" name="ColorRange1D_ByColorsAndParameters_HasSomeColorsIfNoneProvided" time="0.0002980" />
    <testcase classname="Dynamo.Tests.ColorRangeTests" name="ColorRange1D_ByColorsAndParameters_HasSomeColorsIfNothingProvided" time="0.0002620" />
    <testcase classname="Dynamo.Tests.ColorRangeTests" name="ColorRange1D_ByColorsAndParameters_HasSomeParametersIfNoneProvided" time="0.0005060" />
    <testcase classname="Dynamo.Tests.ColorRangeTests" name="ColorRange1D_ByColorsAndParameters_MakesSolidColorRangeWithOneColor" time="0.0009870" />
    <testcase classname="Dynamo.Tests.ColorRangeTests" name="ColorRange1D_ByColorsAndParameters_RemapsParametersThatAreOutOfRange" time="0.0002999" />
    <testcase classname="Dynamo.Tests.ColorRangeTests" name="ColorRange1D_ByColorsAndParameters_ValidArgs" time="0.0002910" />
    <testcase classname="Dynamo.Tests.FileLibraryTests" name="Directory_Contents" time="0.0078890" />
    <testcase classname="Dynamo.Tests.FileLibraryTests" name="Directory_ContentsRecursive" time="0.0079410" />
    <testcase classname="Dynamo.Tests.FileLibraryTests" name="Directory_Copy" time="0.0112599" />
    <testcase classname="Dynamo.Tests.FileLibraryTests" name="Directory_Delete" time="0.0091930" />
    <testcase classname="Dynamo.Tests.FileLibraryTests" name="Directory_Exists" time="0.0048600" />
    <testcase classname="Dynamo.Tests.FileLibraryTests" name="Directory_FromPath" time="0.0064450" />
    <testcase classname="Dynamo.Tests.FileLibraryTests" name="Directory_Move" time="0.0087800" />
    <testcase classname="Dynamo.Tests.FileLibraryTests" name="File_AbsolutePath_Exists" time="0.0115710" />
    <testcase classname="Dynamo.Tests.FileLibraryTests" name="File_AbsolutePath_RelativePathDontExist" time="0.0041740" />
    <testcase classname="Dynamo.Tests.FileLibraryTests" name="File_AbsolutePath_WithFullPathInput_ReturnsInput" time="0.0021980" />
    <testcase classname="Dynamo.Tests.FileLibraryTests" name="File_AbsolutePath_WithoutSession_ReturnsHintPath" time="0.0029650" />
    <testcase classname="Dynamo.Tests.FileLibraryTests" name="File_AbsolutePath_WithValidHintPath_ReturnsHintPath" time="0.0034000" />
    <testcase classname="Dynamo.Tests.FileLibraryTests" name="File_AppendText" time="0.0178220" />
    <testcase classname="Dynamo.Tests.FileLibraryTests" name="File_Copy" time="0.0058290" />
    <testcase classname="Dynamo.Tests.FileLibraryTests" name="File_Delete" time="0.0030100" />
    <testcase classname="Dynamo.Tests.FileLibraryTests" name="File_Exists" time="0.0047590" />
    <testcase classname="Dynamo.Tests.FileLibraryTests" name="File_FromPath" time="0.0025910" />
    <testcase classname="Dynamo.Tests.FileLibraryTests" name="File_Move" time="0.0061800" />
    <testcase classname="Dynamo.Tests.FileLibraryTests" name="File_ReadText" time="0.0030770" />
    <testcase classname="Dynamo.Tests.FileLibraryTests" name="File_WriteText" time="0.0044079" />
    <testcase classname="Dynamo.Tests.FileLibraryTests" name="FilePath_FileName" time="0.0026210" />
    <testcase classname="Dynamo.Tests.FileLibraryTests" name="Image_Dimensions" time="0.0271410" />
    <testcase classname="Dynamo.Tests.FileLibraryTests" name="Image_FromPixels" time="0.0532840" />
    <testcase classname="Dynamo.Tests.FileLibraryTests" name="Image_FromPixels_ThrowsWhenDataTooLarge" time="0.0034850" />
    <testcase classname="Dynamo.Tests.FileLibraryTests" name="Image_Pixels" time="0.0833660" />
    <testcase classname="Dynamo.Tests.FileLibraryTests" name="Image_ReadFromFile" time="0.0211330" />
    <testcase classname="Dynamo.Tests.FileLibraryTests" name="Image_Write" time="0.0707340" />
    <testcase classname="Dynamo.Tests.FileLibraryTests" name="SimpleWrappers" time="0.0037650" />
    <testcase classname="Dynamo.Tests.FileWritingTests" name="FileWriter" time="2.5209769" />
    <testcase classname="Dynamo.Tests.FileWritingTests" name="ImageFileWriter" time="2.2581440" />
    <testcase classname="Dynamo.Tests.ZeroTouchMigrationFileTests" name="TestZeroTouchMigrationFile" time="2.2906300" />
  </testsuite>
  <testsuite id="3" name="DynamoCoreTests.dll" tests="1378" failures="0" time="1,256.238">
    <testcase classname="Dynamo.NodeConstructionTests" name="DerivedTestNodeHasToolTipsOnInputPorts" time="0.0155560" />
    <testcase classname="Dynamo.NodeConstructionTests" name="TestNodeCanLoadInputPortsFromAttributes" time="0.0142700" />
    <testcase classname="Dynamo.NodeConstructionTests" name="TestNodeCanLoadOutputPortsFromAttributes" time="0.0008440" />
    <testcase classname="Dynamo.NodeConstructionTests" name="TestNodeHasToolTipsOnInputPorts" time="0.0001870" />
    <testcase classname="Dynamo.NodeConstructionTests" name="TestNodeHasToolTipsOnOutputPorts" time="0.0001220" />
    <testcase classname="Dynamo.Tests.AnalyticsTests" name="EventTrackingEnabled" time="3.7964760" />
    <testcase classname="Dynamo.Tests.AnalyticsTests" name="EventTrackingDisabled" time="2.3282190" />
    <testcase classname="Dynamo.Tests.AnnotationModelTest" name="AddModelToAnExistingGroup" time="1.4680210" />
    <testcase classname="Dynamo.Tests.AnnotationModelTest" name="CanAddAnnotation" time="1.9367290" />
    <testcase classname="Dynamo.Tests.AnnotationModelTest" name="CanAddAnnotationWithAnnotationSelected" time="2.3450020" />
    <testcase classname="Dynamo.Tests.AnnotationModelTest" name="CanDeleteAnnotation" time="2.1929720" />
    <testcase classname="Dynamo.Tests.AnnotationModelTest" name="ChangeFontSizeForAGroup" time="2.5330960" />
    <testcase classname="Dynamo.Tests.AnnotationModelTest" name="ChangeTheBackgroundForAGroup" time="2.7142460" />
    <testcase classname="Dynamo.Tests.AnnotationModelTest" name="CopyPasteTextWithCarriageIntoAGroup" time="2.4530170" />
    <testcase classname="Dynamo.Tests.AnnotationModelTest" name="RedoAddModelToAGroup" time="2.4754580" />
    <testcase classname="Dynamo.Tests.AnnotationModelTest" name="TestCopyPasteGroup_IfItsNodeDeletedAfterCopying" time="2.6417670" />
    <testcase classname="Dynamo.Tests.AnnotationModelTest" name="TestCopyPasteGroups" time="1.9291620" />
    <testcase classname="Dynamo.Tests.AnnotationModelTest" name="TestCopyPasteNestedGroup" time="2.1308840" />
    <testcase classname="Dynamo.Tests.AnnotationModelTest" name="TestDefaultColorForAGroup" time="2.0349670" />
    <testcase classname="Dynamo.Tests.AnnotationModelTest" name="TestDefaultFontSizeForAGroup" time="2.2857960" />
    <testcase classname="Dynamo.Tests.AnnotationModelTest" name="TestRedoForGroups" time="1.8996150" />
    <testcase classname="Dynamo.Tests.AnnotationModelTest" name="UndoAModelDeleteShouldGetTheModelInThatGroup" time="2.3334810" />
    <testcase classname="Dynamo.Tests.AnnotationModelTest" name="UndoAnnotationText" time="2.4519620" />
    <testcase classname="Dynamo.Tests.AnnotationModelTest" name="UndoDeleteAllTheModelsShouldBringTheModelsAndGroupBack" time="2.7110740" />
    <testcase classname="Dynamo.Tests.AnnotationModelTest" name="UndoEdditedTitleGroup" time="2.1109740" />
    <testcase classname="Dynamo.Tests.AnnotationModelTest" name="UndoRedoCopyPasteGroups" time="2.8991360" />
    <testcase classname="Dynamo.Tests.AnnotationModelTest" name="UndoUngroupAllTheModelShouldGetTheGroupWithModels" time="3.0731430" />
    <testcase classname="Dynamo.Tests.AnnotationModelTest" name="UngroupAllTheModelsShouldDeleteTheGroup" time="3.7962410" />
    <testcase classname="Dynamo.Tests.AnnotationModelTest" name="UngroupAModelDeleteShouldGetTheModelInThatGroup" time="2.8582980" />
    <testcase classname="Dynamo.Tests.AnnotationModelTests" name="AddToSelectedModels_NotInAnnotationArea_ShouldNotAddTheNodeToTheAnnotation" time="3.1885690" />
    <testcase classname="Dynamo.Tests.AnnotationModelTests" name="CanAddAnotherAnnotationModelToAnnotaionModel" time="2.1497490" />
    <testcase classname="Dynamo.Tests.AnnotationModelTests" name="CanChangeGroupDescriptionText" time="3.1332870" />
    <testcase classname="Dynamo.Tests.AnnotationModelTests" name="GroupAdaptsToSizeAdjustments" time="2.4675850" />
    <testcase classname="Dynamo.Tests.AnnotationModelTests" name="GroupDoesNotExpandBeyondUserSetSizeWhenNodeIsInside" time="2.5891880" />
    <testcase classname="Dynamo.Tests.AnnotationModelTests" name="GroupExpandsWhenNodeExceedsUserSetSize_AndShrinksBackOnRemoval" time="2.0628330" />
    <testcase classname="Dynamo.Tests.AnnotationModelTests" name="ModelRectEqualsWidthAndHeight" time="2.5669630" />
    <testcase classname="Dynamo.Tests.AnnotationModelTests" name="TextPropertyTest" time="2.2784900" />
    <testcase classname="Dynamo.Tests.AnnotationModelTests" name="UndoAddAnnotationModelsToAnnotaionModel" time="2.8604480" />
    <testcase classname="Dynamo.Tests.AnnotationModelTests" name="UpdateValueCoreTest" time="2.4788549" />
    <testcase classname="Dynamo.Tests.AsyncTaskExtensionsTests" name="AllComplete_ExecutesCallbackImmediatelyWhenPassedZeroLength" time="0.0005260" />
    <testcase classname="Dynamo.Tests.AsyncTaskExtensionsTests" name="AllComplete_ExecutesCallbackWhenAllAreCompleted" time="0.0037670" />
    <testcase classname="Dynamo.Tests.AsyncTaskExtensionsTests" name="AllComplete_ExecutesCallbackWhenAllAreDiscarded" time="0.0007970" />
    <testcase classname="Dynamo.Tests.AsyncTaskExtensionsTests" name="AllComplete_ExecutesCallbackWhenSomeDiscardedSomeCompleted" time="0.0003920" />
    <testcase classname="Dynamo.Tests.AsyncTaskExtensionsTests" name="AllComplete_ReturnsDisposableThatDisposesAllRegistrations" time="0.0008640" />
    <testcase classname="Dynamo.Tests.AtLevelTest" name="TestAtLevelForTranspose" time="2.6663090" />
    <testcase classname="Dynamo.Tests.AttributeTest" name="TestKeepReferenceThisAttribute" time="3.6310100" />
    <testcase classname="Dynamo.Tests.AuthenticationManagerTests" name="Login_CausesLoginMethodToBeInvokedOnAuthProvider" time="0.0152110" />
    <testcase classname="Dynamo.Tests.AuthenticationManagerTests" name="Logout_CausesLogoutMethodToBeInvokedOnAuthProvider" time="0.0034380" />
    <testcase classname="Dynamo.Tests.AuthenticationManagerTests" name="Property_AuthProvider" time="0.0003850" />
    <testcase classname="Dynamo.Tests.AuthenticationManagerTests" name="Property_HasAuthProvider" time="0.0001590" />
    <testcase classname="Dynamo.Tests.AuthenticationManagerTests" name="Property_LoginState" time="0.0001260" />
    <testcase classname="Dynamo.Tests.AuthenticationManagerTests" name="Property_Username" time="0.0022720" />
    <testcase classname="Dynamo.Tests.AuthenticationManagerTests" name="ToggleLoginState" time="0.0006340" />
    <testcase classname="Dynamo.Tests.AuthServicesTests" name="Test_OnRequestAuthProvider_FindsAuthProvider" time="1.8952590" />
    <testcase classname="Dynamo.Tests.BinaryVersionTests" name="EqualOperatorTestTest" time="2.8301680" />
    <testcase classname="Dynamo.Tests.BinaryVersionTests" name="EqualsTest" time="2.2067060" />
    <testcase classname="Dynamo.Tests.BinaryVersionTests" name="FromStringTest" time="2.2297910" />
    <testcase classname="Dynamo.Tests.BinaryVersionTests" name="GetHashCodeTest" time="2.3571980" />
    <testcase classname="Dynamo.Tests.BinaryVersionTests" name="GreaterOrEqualOperatorTest" time="1.3789130" />
    <testcase classname="Dynamo.Tests.BinaryVersionTests" name="GreaterThanOperatorTest" time="1.8575620" />
    <testcase classname="Dynamo.Tests.BinaryVersionTests" name="LessOrEqualOperatorTest" time="1.4620260" />
    <testcase classname="Dynamo.Tests.BinaryVersionTests" name="LessThanOperatorTest" time="1.5902810" />
    <testcase classname="Dynamo.Tests.BinaryVersionTests" name="NotEqualOperatorTestTest" time="2.0681540" />
    <testcase classname="Dynamo.Tests.CallsiteTests" name="Callsite_DeleteNodeBeforeRun" time="2.4027530" />
    <testcase classname="Dynamo.Tests.CallsiteTests" name="Callsite_ElementBinding" time="2.2891870" />
    <testcase classname="Dynamo.Tests.CallsiteTests" name="Callsite_ElementBinding_CustomNodes" time="2.0277110" />
    <testcase classname="Dynamo.Tests.CallsiteTests" name="Callsite_ElementBinding_CustomNodes_multiple" time="2.3902940" />
    <testcase classname="Dynamo.Tests.CallsiteTests" name="Callsite_ElementBinding_CustomNodes_MultipleRunsShouldResetInvocationCount" time="1.9564040" />
    <testcase classname="Dynamo.Tests.CallsiteTests" name="Callsite_ElementBinding_CustomNodes_ShouldReturnUniqueIds" time="2.1755180" />
    <testcase classname="Dynamo.Tests.CallsiteTests" name="Callsite_ElementBinding_CustomNodes2dReplication_ShouldReturnUniqueIds" time="1.8057640" />
    <testcase classname="Dynamo.Tests.CallsiteTests" name="Callsite_ElementBinding_Functions_UniqueIds_ForReplicationOfInnerAndOuterFunction" time="2.3388750" />
    <testcase classname="Dynamo.Tests.CallsiteTests" name="Callsite_ElementBinding_ShouldReturnUniqueIds" time="1.9846050" />
    <testcase classname="Dynamo.Tests.CallsiteTests" name="Callsite_ElementBinding_Timing" time="3.1062830" />
    <testcase classname="Dynamo.Tests.CallsiteTests" name="Callsite_MultiDimensionDecreaseDimensionOnOpenAndRun_OrphanCountCorrect" time="2.6120930" />
    <testcase classname="Dynamo.Tests.CallsiteTests" name="CallSite_MultiDimensionIncreaseDimensionOnOpenAndRun" time="2.6068690" />
    <testcase classname="Dynamo.Tests.CallsiteTests" name="Callsite_RunWithTraceDataFromUnresolvedNodes_DoesNotCrash" time="2.7183230" />
    <testcase classname="Dynamo.Tests.CallsiteTests" name="Callsite_SingleDimensionDecreaseDimensionOnOpenAndRun" time="3.1157530" />
    <testcase classname="Dynamo.Tests.CallsiteTests" name="Callsite_SingleDimensionIncreaseDimensionOnOpenAndRun" time="2.8358610" />
    <testcase classname="Dynamo.Tests.CallsiteTests" name="CanDetectLegacyTraceFormat" time="2.7534220" />
    <testcase classname="Dynamo.Tests.CallsiteTests" name="CanWarnAboutLegacyTraceData" time="2.2492920" />
    <testcase classname="Dynamo.Tests.CallsiteTests" name="JsonTraceSerializationTest" time="1.7493880" />
    <testcase classname="Dynamo.Tests.CallsiteTests" name="Single_CallSite_Should_Rebind" time="1.8731060" />
    <testcase classname="Dynamo.Tests.CodeBlockCompletionTests" name="TestBuiltInMethodSignatureCompletion" time="0.0473430" />
    <testcase classname="Dynamo.Tests.CodeBlockCompletionTests" name="TestClassMemberCompletion" time="0.0998250" />
    <testcase classname="Dynamo.Tests.CodeBlockCompletionTests" name="TestCodeCompletionForFullyQualifiedVariableType" time="0.0154760" />
    <testcase classname="Dynamo.Tests.CodeBlockCompletionTests" name="TestCodeCompletionParser" time="0.0406630" />
    <testcase classname="Dynamo.Tests.CodeBlockCompletionTests" name="TestCodeCompletionParserForAllMultiLineContexts" time="0.0539670" />
    <testcase classname="Dynamo.Tests.CodeBlockCompletionTests" name="TestCodeCompletionParserForCharContext" time="0.0299550" />
    <testcase classname="Dynamo.Tests.CodeBlockCompletionTests" name="TestCodeCompletionParserForFunctions" time="0.0214200" />
    <testcase classname="Dynamo.Tests.CodeBlockCompletionTests" name="TestCodeCompletionParserForMultiLineCodeCommentContext" time="0.0153230" />
    <testcase classname="Dynamo.Tests.CodeBlockCompletionTests" name="TestCodeCompletionParserForMultiLineCommentContext" time="0.0293610" />
    <testcase classname="Dynamo.Tests.CodeBlockCompletionTests" name="TestCodeCompletionParserForMultiLineSingleCommentContext" time="0.0537300" />
    <testcase classname="Dynamo.Tests.CodeBlockCompletionTests" name="TestCodeCompletionParserForMultiLineStringContext" time="0.0307030" />
    <testcase classname="Dynamo.Tests.CodeBlockCompletionTests" name="TestCodeCompletionParserForSingleLineCommentContext" time="0.0265000" />
    <testcase classname="Dynamo.Tests.CodeBlockCompletionTests" name="TestCodeCompletionParserForStringContext" time="0.0222540" />
    <testcase classname="Dynamo.Tests.CodeBlockCompletionTests" name="TestCodeCompletionParserForVariableType" time="0.0359460" />
    <testcase classname="Dynamo.Tests.CodeBlockCompletionTests" name="TestCompletionForPrimitiveTypes" time="0.0285820" />
    <testcase classname="Dynamo.Tests.CodeBlockCompletionTests" name="TestCompletionOnBaseTypeReturnsOnlyBaseType" time="0.0365000" />
    <testcase classname="Dynamo.Tests.CodeBlockCompletionTests" name="TestCompletionOnDerivedTypeReturnsBaseType" time="0.0432849" />
    <testcase classname="Dynamo.Tests.CodeBlockCompletionTests" name="TestCompletionOnDerivedTypeReturnsNonHiddenBaseMethods" time="0.0250400" />
    <testcase classname="Dynamo.Tests.CodeBlockCompletionTests" name="TestCompletionOnType1" time="0.0417830" />
    <testcase classname="Dynamo.Tests.CodeBlockCompletionTests" name="TestCompletionOnType2" time="0.0479240" />
    <testcase classname="Dynamo.Tests.CodeBlockCompletionTests" name="TestCompletionWhenTyping" time="0.0444260" />
    <testcase classname="Dynamo.Tests.CodeBlockCompletionTests" name="TestCompletionWithGlobalClassWhenTyping" time="0.0527340" />
    <testcase classname="Dynamo.Tests.CodeBlockCompletionTests" name="TestCtorSignatureCompletion" time="0.0340260" />
    <testcase classname="Dynamo.Tests.CodeBlockCompletionTests" name="TestHiddenClassCompletionWhenTyping" time="0.0491959" />
    <testcase classname="Dynamo.Tests.CodeBlockCompletionTests" name="TestHiddenConflictingClassCompletionWhenTyping" time="0.0632590" />
    <testcase classname="Dynamo.Tests.CodeBlockCompletionTests" name="TestInstanceMemberCompletion" time="0.0278120" />
    <testcase classname="Dynamo.Tests.CodeBlockCompletionTests" name="TestMethodKeywordCompletionWhenTyping" time="0.0461380" />
    <testcase classname="Dynamo.Tests.CodeBlockCompletionTests" name="TestMethodSignatureCompletion" time="0.0200020" />
    <testcase classname="Dynamo.Tests.CodeBlockCompletionTests" name="TestMethodSignatureReturnTypeCompletion" time="0.0372640" />
    <testcase classname="Dynamo.Tests.CodeBlockCompletionTests" name="TestPropertySignatureCompletion" time="0.0377619" />
    <testcase classname="Dynamo.Tests.CodeBlockCompletionTests" name="TestStaticMethodSignatureCompletion" time="0.0266670" />
    <testcase classname="Dynamo.Tests.CodeBlockNodeRenamingTests" name="CodeBlockNodeModelOutputPortLabels" time="1.9836350" />
    <testcase classname="Dynamo.Tests.CodeBlockNodeRenamingTests" name="TestDeprecatedListSyntaxMigration" time="1.7414260" />
    <testcase classname="Dynamo.Tests.CodeBlockNodeRenamingTests" name="TestDictionaryAndListInitializationSyntax" time="1.5644410" />
    <testcase classname="Dynamo.Tests.CodeBlockNodeRenamingTests" name="TestImperativeArrayIndexing" time="1.6924350" />
    <testcase classname="Dynamo.Tests.CodeBlockNodeRenamingTests" name="TestImperativeBinaryExpression" time="1.8244680" />
    <testcase classname="Dynamo.Tests.CodeBlockNodeRenamingTests" name="TestImperativeExpressionList" time="1.7378570" />
    <testcase classname="Dynamo.Tests.CodeBlockNodeRenamingTests" name="TestImperativeForLoop" time="1.7605720" />
    <testcase classname="Dynamo.Tests.CodeBlockNodeRenamingTests" name="TestImperativeFunctionParameter" time="1.6955890" />
    <testcase classname="Dynamo.Tests.CodeBlockNodeRenamingTests" name="TestImperativeIf" time="1.6752300" />
    <testcase classname="Dynamo.Tests.CodeBlockNodeRenamingTests" name="TestImperativeLanguageBlock" time="0.0005370" />
    <testcase classname="Dynamo.Tests.CodeBlockNodeRenamingTests" name="TestImperativePropertyAccessing" time="1.8353880" />
    <testcase classname="Dynamo.Tests.CodeBlockNodeRenamingTests" name="TestImperativeRangeExpression" time="1.6435680" />
    <testcase classname="Dynamo.Tests.CodeBlockNodeRenamingTests" name="TestImperativeUnaryExpression" time="1.9344500" />
    <testcase classname="Dynamo.Tests.CodeBlockNodeRenamingTests" name="TestImperativeWhileLoop" time="1.5195500" />
    <testcase classname="Dynamo.Tests.CodeBlockNodeRenamingTests" name="TestPropertyAccessing" time="1.9329110" />
    <testcase classname="Dynamo.Tests.CodeBlockNodeRenamingTests" name="TestReplicationGuidesWithASTRewrite" time="1.8349080" />
    <testcase classname="Dynamo.Tests.ComparisonTests" name="testCompare_BooleanBoolean" time="1.3071510" />
    <testcase classname="Dynamo.Tests.ComparisonTests" name="testCompare_BooleanInteger" time="1.7169440" />
    <testcase classname="Dynamo.Tests.ComparisonTests" name="testCompare_DoubleInteger" time="1.4447020" />
    <testcase classname="Dynamo.Tests.ComparisonTests" name="testCompare_StringDouble" time="1.3926420" />
    <testcase classname="Dynamo.Tests.ComparisonTests" name="testCompare_StringInteger" time="1.3842130" />
    <testcase classname="Dynamo.Tests.ComparisonTests" name="testEqual_InvalidInput" time="1.3742390" />
    <testcase classname="Dynamo.Tests.ComparisonTests" name="testEqual_NumberInput" time="1.5211020" />
    <testcase classname="Dynamo.Tests.ComparisonTests" name="testEqual_StringInput" time="1.7923960" />
    <testcase classname="Dynamo.Tests.ComparisonTests" name="testGreaterThan_InvalidInput" time="1.3116800" />
    <testcase classname="Dynamo.Tests.ComparisonTests" name="testGreaterThan_NumberInput" time="1.9478610" />
    <testcase classname="Dynamo.Tests.ComparisonTests" name="testGreaterThan_StringInput" time="1.5292360" />
    <testcase classname="Dynamo.Tests.ComparisonTests" name="testGreaterThanOrEqual_InvalidInput" time="1.5513630" />
    <testcase classname="Dynamo.Tests.ComparisonTests" name="testGreaterThanOrEqual_NumberInput" time="1.8722260" />
    <testcase classname="Dynamo.Tests.ComparisonTests" name="testGreaterThanOrEqual_StringInput" time="1.6438670" />
    <testcase classname="Dynamo.Tests.ComparisonTests" name="testLessThan_InvalidInput" time="2.0344640" />
    <testcase classname="Dynamo.Tests.ComparisonTests" name="testLessThan_NumberInput" time="1.5902200" />
    <testcase classname="Dynamo.Tests.ComparisonTests" name="testLessThan_StringInput" time="2.7196990" />
    <testcase classname="Dynamo.Tests.ComparisonTests" name="testLessThanOrEqual_InvalidInput" time="1.6291970" />
    <testcase classname="Dynamo.Tests.ComparisonTests" name="testLessThanOrEqual_NumberInput" time="1.8253880" />
    <testcase classname="Dynamo.Tests.ComparisonTests" name="testLessThanOrEqual_StringInput" time="1.7056590" />
    <testcase classname="Dynamo.Tests.ComparisonTests" name="testToleranceEquals_defaultTolerance" time="1.5979560" />
    <testcase classname="Dynamo.Tests.ComparisonTests" name="testToleranceEquals_lacing" time="1.6078550" />
    <testcase classname="Dynamo.Tests.ComparisonTests" name="testToleranceEquals_map" time="1.8856890" />
    <testcase classname="Dynamo.Tests.ComparisonTests" name="testToleranceEquals_map2" time="1.6611620" />
    <testcase classname="Dynamo.Tests.ConditionalTest" name="testAnd_NumberInput" time="1.7478700" />
    <testcase classname="Dynamo.Tests.ConditionalTest" name="testIf_StringInput" time="1.7903590" />
    <testcase classname="Dynamo.Tests.ConditionalTest" name="testNot_NumberInput" time="1.8006350" />
    <testcase classname="Dynamo.Tests.ConditionalTest" name="testOr_NumberInput" time="2.0417869" />
    <testcase classname="Dynamo.Tests.ConditionalTest" name="testVariableInput_OrAnd_Lacing" time="1.8910570" />
    <testcase classname="Dynamo.Tests.ConditionalTest" name="testVariableInput_OrAnd_ListAtLevel" time="1.5836880" />
    <testcase classname="Dynamo.Tests.ConditionalTest" name="testXor_NumberInput" time="2.0970030" />
    <testcase classname="Dynamo.Tests.Configuration.ContextTests" name="TestIsUnix" time="1.3674230" />
    <testcase classname="Dynamo.Tests.Configuration.DebugModesTests" name="TestLoadDebugModes" time="2.1416360" />
    <testcase classname="Dynamo.Tests.Configuration.DebugModesTests" name="TestLoadNoDebugModes" time="1.6334230" />
    <testcase classname="Dynamo.Tests.Configuration.DebugModesTests" name="TestMissingConfig" time="1.8649990" />
    <testcase classname="Dynamo.Tests.Configuration.ExecutionSessionTests" name="TestExecutionSession" time="2.3441380" />
    <testcase classname="Dynamo.Tests.Configuration.ExecutionSessionTests" name="TestExecutionSessionPackagePaths" time="2.3313850" />
    <testcase classname="Dynamo.Tests.Core.AssemblyLoadedEventArgsTests" name="AssemblyLoadedEventArgsConstructorTests" time="0.0004200" />
    <testcase classname="Dynamo.Tests.Core.CrashPromptArgsTests" name="CrashPromptArgsConstructorTest" time="1.9596970" />
    <testcase classname="Dynamo.Tests.Core.DynamoSelectionTests" name="SelectionAddRangeTest" time="0.0033490" />
    <testcase classname="Dynamo.Tests.Core.DynamoSelectionTests" name="SelectionDeferTest" time="0.0032620" />
    <testcase classname="Dynamo.Tests.Core.DynamoSelectionTests" name="SelectionPropertyTest" time="0.0005210" />
    <testcase classname="Dynamo.Tests.Core.DynamoSelectionTests" name="SelectionRemoveRangeTest" time="0.0013800" />
    <testcase classname="Dynamo.Tests.Core.DynamoSelectionTests" name="SelectionSetCollectionTest" time="0.0015000" />
    <testcase classname="Dynamo.Tests.Core.DynamoSelectionTests" name="SmartCollectionConstructorTest" time="0.0013320" />
    <testcase classname="Dynamo.Tests.Core.NotificationObjectTests" name="RaisePropertyChangedTest" time="2.0801680" />
    <testcase classname="Dynamo.Tests.Core.PropertiesTests" name="NotifyPropertyChangedInvocatorAttributeTest" time="2.7673970" />
    <testcase classname="Dynamo.Tests.Core.UtilitiesTests" name="HashTest" time="1.8739640" />
    <testcase classname="Dynamo.Tests.Core.UtilitiesTests" name="ResourceLoaderLoadManyTest" time="2.0452499" />
    <testcase classname="Dynamo.Tests.Core.UtilitiesTests" name="ResourceLoaderLoadOneTest" time="2.3642230" />
    <testcase classname="Dynamo.Tests.CoreDynTests" name="Add" time="2.8661040" />
    <testcase classname="Dynamo.Tests.CoreDynTests" name="AddSubtractMapReduceFilterBasic" time="3.6952630" />
    <testcase classname="Dynamo.Tests.CoreDynTests" name="AndNode" time="2.1056370" />
    <testcase classname="Dynamo.Tests.CoreDynTests" name="CanOpenBadFile" time="3.2755390" />
    <testcase classname="Dynamo.Tests.CoreDynTests" name="CanOpenGoodFileWithoutExtension" time="2.9615580" />
    <testcase classname="Dynamo.Tests.CoreDynTests" name="Ceiling" time="3.0028010" />
    <testcase classname="Dynamo.Tests.CoreDynTests" name="Constants" time="2.6948830" />
    <testcase classname="Dynamo.Tests.CoreDynTests" name="Cosine" time="2.5141480" />
    <testcase classname="Dynamo.Tests.CoreDynTests" name="DefaultIntegerSlider" time="2.3540770" />
    <testcase classname="Dynamo.Tests.CoreDynTests" name="DefaultNumberSlider" time="1.2711060" />
    <testcase classname="Dynamo.Tests.CoreDynTests" name="DefaultRange" time="1.6487490" />
    <testcase classname="Dynamo.Tests.CoreDynTests" name="DefaultSequence" time="1.6165880" />
    <testcase classname="Dynamo.Tests.CoreDynTests" name="Divide" time="1.4974000" />
    <testcase classname="Dynamo.Tests.CoreDynTests" name="Floor" time="1.6756770" />
    <testcase classname="Dynamo.Tests.CoreDynTests" name="Formula" time="2.1117309" />
    <testcase classname="Dynamo.Tests.CoreDynTests" name="IfNode" time="2.7037550" />
    <testcase classname="Dynamo.Tests.CoreDynTests" name="InfinityInputDoesNotThrowWarning" time="3.3338770" />
    <testcase classname="Dynamo.Tests.CoreDynTests" name="Modulo" time="2.1677630" />
    <testcase classname="Dynamo.Tests.CoreDynTests" name="ModuloDivisionByZero" time="2.6108020" />
    <testcase classname="Dynamo.Tests.CoreDynTests" name="MultipleOutputs" time="2.4714750" />
    <testcase classname="Dynamo.Tests.CoreDynTests" name="Multiply" time="2.1751980" />
    <testcase classname="Dynamo.Tests.CoreDynTests" name="MultithreadingWithFutureAndNow" time="2.3383930" />
    <testcase classname="Dynamo.Tests.CoreDynTests" name="OpeningDynWithDyfMissingIsOkayAndRunsOkay" time="2.0830280" />
    <testcase classname="Dynamo.Tests.CoreDynTests" name="OrNode" time="2.0474430" />
    <testcase classname="Dynamo.Tests.CoreDynTests" name="PartialApplicationWithMultipleOutputs" time="2.0959960" />
    <testcase classname="Dynamo.Tests.CoreDynTests" name="PerformAllNode" time="2.6471120" />
    <testcase classname="Dynamo.Tests.CoreDynTests" name="Power" time="2.7601630" />
    <testcase classname="Dynamo.Tests.CoreDynTests" name="ReadImageFile" time="2.1466010" />
    <testcase classname="Dynamo.Tests.CoreDynTests" name="Repeat" time="1.9081380" />
    <testcase classname="Dynamo.Tests.CoreDynTests" name="RepeatFail" time="3.2251310" />
    <testcase classname="Dynamo.Tests.CoreDynTests" name="Round" time="2.8378830" />
    <testcase classname="Dynamo.Tests.CoreDynTests" name="Sequence" time="3.9190080" />
    <testcase classname="Dynamo.Tests.CoreDynTests" name="Sine" time="2.2183340" />
    <testcase classname="Dynamo.Tests.CoreDynTests" name="Sorting" time="2.5895810" />
    <testcase classname="Dynamo.Tests.CoreDynTests" name="StringInputNodeWorksWithSpecialCharacters" time="2.4170950" />
    <testcase classname="Dynamo.Tests.CoreDynTests" name="Subtract" time="2.1043430" />
    <testcase classname="Dynamo.Tests.CoreDynTests" name="Tangent" time="2.6295590" />
    <testcase classname="Dynamo.Tests.CoreDynTests" name="TestBigNumber" time="2.3875910" />
    <testcase classname="Dynamo.Tests.CoreDynTests" name="TestExportToCSVFile" time="2.0813040" />
    <testcase classname="Dynamo.Tests.CoreDynTests" name="TestExportToCSVFile_Negativ" time="2.2599440" />
    <testcase classname="Dynamo.Tests.CoreDynTests" name="TestNumber_RangeExpr01" time="2.3132760" />
    <testcase classname="Dynamo.Tests.CoreDynTests" name="TestNumber_RangeExpr02" time="1.9929310" />
    <testcase classname="Dynamo.Tests.CoreDynTests" name="TestNumber_RangeExpr03" time="2.1535180" />
    <testcase classname="Dynamo.Tests.CoreDynTests" name="TestNumber_RangeExpr04" time="2.0954550" />
    <testcase classname="Dynamo.Tests.CoreDynTests" name="TestRangeMap" time="1.9199910" />
    <testcase classname="Dynamo.Tests.CoreDynTests" name="TestSequenceMap" time="2.2028819" />
    <testcase classname="Dynamo.Tests.CoreDynTests" name="Thunks" time="1.8854910" />
    <testcase classname="Dynamo.Tests.CoreDynTests" name="UsingDefaultValue" time="2.1170910" />
    <testcase classname="Dynamo.Tests.CoreDynTests" name="verifyNodeStates" time="1.9067070" />
    <testcase classname="Dynamo.Tests.CoreTests" name="CanAdd100NodesToClipboard" time="8.7061250" />
    <testcase classname="Dynamo.Tests.CoreTests" name="CanAdd100NodesToClipboardAndPaste" time="8.7847090" />
    <testcase classname="Dynamo.Tests.CoreTests" name="CanAdd100NodesToClipboardAndPaste3Times" time="11.4700930" />
    <testcase classname="Dynamo.Tests.CoreTests" name="CanAdd1NodeToClipboardAndPaste" time="0.9477110" />
    <testcase classname="Dynamo.Tests.CoreTests" name="CanAddANodeByName" time="1.0823879" />
    <testcase classname="Dynamo.Tests.CoreTests" name="CanAddANote" time="0.8303330" />
    <testcase classname="Dynamo.Tests.CoreTests" name="CanAddOneNodeToClipboard" time="1.0494030" />
    <testcase classname="Dynamo.Tests.CoreTests" name="CanAddToSelectionAndNotThrowExceptionWhenPassedIncorrectType" time="0.8855250" />
    <testcase classname="Dynamo.Tests.CoreTests" name="CanAddToSelectionCommand" time="5.3849100" />
    <testcase classname="Dynamo.Tests.CoreTests" name="CanClearLog" time="1.2005500" />
    <testcase classname="Dynamo.Tests.CoreTests" name="CanClearWorkspaceWithEmptyWorkspace" time="0.8343480" />
    <testcase classname="Dynamo.Tests.CoreTests" name="CanClearWorkspaceWithNodes" time="0.8419270" />
    <testcase classname="Dynamo.Tests.CoreTests" name="CanCopyAndPaste2NodesWithRightOffset" time="1.1349040" />
    <testcase classname="Dynamo.Tests.CoreTests" name="CanCopyAndPasteAndUndoInputState" time="0.9005960" />
    <testcase classname="Dynamo.Tests.CoreTests" name="CanCopyAndPasteAndUndoOutputState" time="0.8272210" />
    <testcase classname="Dynamo.Tests.CoreTests" name="CanCopyAndPasteAndUndoShowLabels" time="1.1341520" />
    <testcase classname="Dynamo.Tests.CoreTests" name="CanCopyAndPasteDSVarArgFunctionNode" time="0.8763670" />
    <testcase classname="Dynamo.Tests.CoreTests" name="CanCopyAndPasteNodeWithRightOffset" time="0.8809370" />
    <testcase classname="Dynamo.Tests.CoreTests" name="CannotRemoveDefaultDSVarArgFunctionPorts" time="0.7884530" />
    <testcase classname="Dynamo.Tests.CoreTests" name="CannotSaveEmptyWorkspaceIfSaveIsCalledWithoutSettingPath" time="1.0022500" />
    <testcase classname="Dynamo.Tests.CoreTests" name="CannotSavePopulatedWorkspaceIfSaveIsCalledWithoutSettingPath" time="5.2743440" />
    <testcase classname="Dynamo.Tests.CoreTests" name="CanOpenDoubleInputFile" time="1.0474460" />
    <testcase classname="Dynamo.Tests.CoreTests" name="CanOpenDSVarArgFunctionFile" time="0.9939480" />
    <testcase classname="Dynamo.Tests.CoreTests" name="CanOpenGoodFile" time="0.8592660" />
    <testcase classname="Dynamo.Tests.CoreTests" name="CanReadPythonTemplateSetting" time="0.7927020" />
    <testcase classname="Dynamo.Tests.CoreTests" name="CanSaveAsEmptyFile" time="0.8977690" />
    <testcase classname="Dynamo.Tests.CoreTests" name="CanSaveAsFileWithNodesInIt" time="4.6140640" />
    <testcase classname="Dynamo.Tests.CoreTests" name="CanSelectAndNotThrowExceptionWhenPassedIncorrectType" time="0.6054760" />
    <testcase classname="Dynamo.Tests.CoreTests" name="CanStayHomeWhenInHomeWorkspace" time="0.6010460" />
    <testcase classname="Dynamo.Tests.CoreTests" name="CanSumTwoNumbers" time="0.8820720" />
    <testcase classname="Dynamo.Tests.CoreTests" name="CanUpdatePythonTemplateSettings" time="1.1839950" />
    <testcase classname="Dynamo.Tests.CoreTests" name="Defect_MAGN_3166" time="0.8355950" />
    <testcase classname="Dynamo.Tests.CoreTests" name="ModelEventCommand_SetInPortCount_nPortsRequested_nPortsCreated" time="0.7167650" />
    <testcase classname="Dynamo.Tests.CoreTests" name="ModelEventCommand_SetInPortCount_Zero_LeavesOnePort" time="0.7637950" />
    <testcase classname="Dynamo.Tests.CoreTests" name="PasteInputAndOutputNodeInHomeWorkspace" time="0.6394460" />
    <testcase classname="Dynamo.Tests.CoreTests" name="SelectionDoesNotChangeWhenAddingAlreadySelectedNode" time="4.4793300" />
    <testcase classname="Dynamo.Tests.CoreTests" name="TestBooleanCoercion" time="0.5359350" />
    <testcase classname="Dynamo.Tests.CoreTests" name="TestFileDirtyOnLacingChange" time="0.7815970" />
    <testcase classname="Dynamo.Tests.CoreTests" name="TestHasUnsavedChangesOnNodeRemovalEdgeCase" time="0.5745260" />
    <testcase classname="Dynamo.Tests.CoreTests" name="TestRecordAndDeleteModelsWithEmptyInput" time="0.5891490" />
    <testcase classname="Dynamo.Tests.CoreTests" name="TestRecordCreatedModelsWithEmptyInput" time="0.6792670" />
    <testcase classname="Dynamo.Tests.CoreTests" name="TestRecordModelsForModificationWithEmptyInput" time="0.6099940" />
    <testcase classname="Dynamo.Tests.CoreTests" name="UndoMoveDoesNotForceExecution" time="0.7815770" />
    <testcase classname="Dynamo.Tests.CoreTests" name="UpdateModelValue_EmptyList_ThrowsException" time="0.5082740" />
    <testcase classname="Dynamo.Tests.CoreTests" name="UpdateModelValue_MissingNode_ThrowsException" time="0.4953560" />
    <testcase classname="Dynamo.Tests.CoreTests" name="UpdatingAWorkspaceWithExtraViewInfo_DoesNotDupliateNotesAndGroups" time="0.5218490" />
    <testcase classname="Dynamo.Tests.CoreTests" name="UpstreamNodesComputedCorrectly" time="0.7188059" />
    <testcase classname="Dynamo.Tests.CoreTests" name="ValidateConnectionsDoesNotClearError" time="0.5709620" />
    <testcase classname="Dynamo.Tests.CoreTests" name="ValidateWrongConnectionIsNotCreated" time="0.5111320" />
    <testcase classname="Dynamo.Tests.CoreTests" name="WorkspaceModelHasCorrectDependencies" time="0.4816070" />
    <testcase classname="Dynamo.Tests.CrashProtectionTests" name="FlagIsFalseWhenEvaluationStarted" time="0.4724970" />
    <testcase classname="Dynamo.Tests.CrashProtectionTests" name="FlagIsSetToTrueAfterRunSuccessfullyCompletes" time="0.5492060" />
    <testcase classname="Dynamo.Tests.CrashProtectionTests" name="MAGN_7146" time="0.5604340" />
    <testcase classname="Dynamo.Tests.CrashProtectionTests" name="RunAutoFileWithFalseFlagOpensInManual" time="0.5613200" />
    <testcase classname="Dynamo.Tests.CrashProtectionTests" name="RunAutoFileWithoutFlagOpensInManual" time="0.5974800" />
    <testcase classname="Dynamo.Tests.CrashProtectionTests" name="RunAutoFileWithSuccessfulRunSavesFlag" time="0.6079770" />
    <testcase classname="Dynamo.Tests.CrashProtectionTests" name="RunAutoFileWithTrueFlagOpensInAuto" time="0.5763549" />
    <testcase classname="Dynamo.Tests.CustomNodeEvaluationViewModel" name="CustomNodeConditional" time="0.6386180" />
    <testcase classname="Dynamo.Tests.CustomNodeEvaluationViewModel" name="CustomNodeNoInput01" time="0.5611520" />
    <testcase classname="Dynamo.Tests.CustomNodeEvaluationViewModel" name="CustomNodeWithInput02" time="0.5972860" />
    <testcase classname="Dynamo.Tests.CustomNodeEvaluationViewModel" name="CustomNodeWithSimpleGeometry" time="0.7361990" />
    <testcase classname="Dynamo.Tests.CustomNodeEvaluationViewModel" name="LogicUINodesDeleted" time="0.5745880" />
    <testcase classname="Dynamo.Tests.CustomNodeEvaluationViewModel" name="TestProxyCustomNode" time="0.5871490" />
    <testcase classname="Dynamo.Tests.CustomNodes" name="CanAddNodesWithTheSameNameAndEmptyPath2Times" time="0.6373210" />
    <testcase classname="Dynamo.Tests.CustomNodes" name="CanCollapseAndUndoRedo" time="0.7739440" />
    <testcase classname="Dynamo.Tests.CustomNodes" name="CanCollapseNodesAndGetSameResult" time="0.7597890" />
    <testcase classname="Dynamo.Tests.CustomNodes" name="CanCollapseNodesWithDefaultValues" time="0.7235310" />
    <testcase classname="Dynamo.Tests.CustomNodes" name="CanCreateAndPlaceNewCustomNode" time="0.7218909" />
    <testcase classname="Dynamo.Tests.CustomNodes" name="CanEvaluateCustomNodeWithDuplicateInputs" time="0.7202910" />
    <testcase classname="Dynamo.Tests.CustomNodes" name="CollapsedNodeShouldHaveNewIdentfifer" time="0.7388250" />
    <testcase classname="Dynamo.Tests.CustomNodes" name="CollapsedNodeWOrkspaceIsAddedToDynamoWithUnsavedChanges" time="0.8771470" />
    <testcase classname="Dynamo.Tests.CustomNodes" name="CreatingAndEditingCustomNodeShouldNotDuplicateNotes" time="0.9165270" />
    <testcase classname="Dynamo.Tests.CustomNodes" name="EvaluateProxyCustomNodeInstances" time="1.0734740" />
    <testcase classname="Dynamo.Tests.CustomNodes" name="FilterWithCustomNode" time="0.8392410" />
    <testcase classname="Dynamo.Tests.CustomNodes" name="GitHub_461_DeleteNodesFromCustomNodeWorkspaceAfterCollapse" time="0.9380010" />
    <testcase classname="Dynamo.Tests.CustomNodes" name="InputNameWithSpacesShouldCauseErrorStateAndReadOnly" time="0.6851699" />
    <testcase classname="Dynamo.Tests.CustomNodes" name="InputNameWithSpacesShouldCauseWarningInGraph" time="0.8606970" />
    <testcase classname="Dynamo.Tests.CustomNodes" name="InputNodeShouldHaveNameByDefault" time="0.7682450" />
    <testcase classname="Dynamo.Tests.CustomNodes" name="InputNodesShouldMaintainCommentsWhenOpening" time="0.6559610" />
    <testcase classname="Dynamo.Tests.CustomNodes" name="InputNodesShouldMaintainCommentsWhenSaving" time="0.6930760" />
    <testcase classname="Dynamo.Tests.CustomNodes" name="InputNodesShouldMaintainCommentsWhenSavingBrandNewCustomNode" time="0.6369460" />
    <testcase classname="Dynamo.Tests.CustomNodes" name="LooseCustomNodeShouldNotHavePackageInfoOrPackageMember" time="0.6302210" />
    <testcase classname="Dynamo.Tests.CustomNodes" name="ModificationUITesting" time="0.6696800" />
    <testcase classname="Dynamo.Tests.CustomNodes" name="ModificationUITesting_Recursive" time="0.7715000" />
    <testcase classname="Dynamo.Tests.CustomNodes" name="MultipleOutputs" time="0.7104130" />
    <testcase classname="Dynamo.Tests.CustomNodes" name="PartialApplicationWithMultipleOutputs" time="0.7583569" />
    <testcase classname="Dynamo.Tests.CustomNodes" name="ReduceAndRecursion" time="1.3819510" />
    <testcase classname="Dynamo.Tests.CustomNodes" name="Regress3786_InputNodesDeserilization" time="0.6450300" />
    <testcase classname="Dynamo.Tests.CustomNodes" name="Regress3872_InputNodesDeserilization" time="0.6938600" />
    <testcase classname="Dynamo.Tests.CustomNodes" name="Regress3872_XMLInputNodesDeserilization" time="0.5978760" />
    <testcase classname="Dynamo.Tests.CustomNodes" name="Regress9548_OutputNameIsClassName" time="0.6608550" />
    <testcase classname="Dynamo.Tests.CustomNodes" name="TailCallOptimization" time="0.7057510" />
    <testcase classname="Dynamo.Tests.CustomNodes" name="TestCustomNodeDefaultValue" time="0.7237880" />
    <testcase classname="Dynamo.Tests.CustomNodes" name="TestCustomNodeDefaultValueJson" time="0.7057180" />
    <testcase classname="Dynamo.Tests.CustomNodes" name="TestCustomNodeDefaultValueOpenedinJson" time="0.6553360" />
    <testcase classname="Dynamo.Tests.CustomNodes" name="TestCustomNodeFromCollapsedNodeHasSpecificTypes" time="0.8432850" />
    <testcase classname="Dynamo.Tests.CustomNodes" name="TestCustomNodeFromCollapsedNodeHasSpecificTypes_WithConflict" time="1.1281340" />
    <testcase classname="Dynamo.Tests.CustomNodes" name="TestCustomNodeFromCollapsedNodeHasTypes" time="0.7494170" />
    <testcase classname="Dynamo.Tests.CustomNodes" name="TestCustomNodeInputType" time="0.7364150" />
    <testcase classname="Dynamo.Tests.CustomNodes" name="TestCustomNodeInputType2" time="0.8925160" />
    <testcase classname="Dynamo.Tests.CustomNodes" name="TestCustomNodeInSyncWithDefinition" time="0.7004890" />
    <testcase classname="Dynamo.Tests.CustomNodes" name="TestCustomNodeInvalidInput" time="0.7758699" />
    <testcase classname="Dynamo.Tests.CustomNodes" name="TestCustomNodeInvalidType" time="0.7640610" />
    <testcase classname="Dynamo.Tests.CustomNodes" name="TestCustomNodeLacing" time="0.7562310" />
    <testcase classname="Dynamo.Tests.CustomNodes" name="TestGroupsOnCustomNodes" time="0.7089390" />
    <testcase classname="Dynamo.Tests.CustomNodes" name="TestInputOutputNodeDocumentation" time="0.6965800" />
    <testcase classname="Dynamo.Tests.CustomNodes" name="TestOuputNodes" time="0.8157540" />
    <testcase classname="Dynamo.Tests.CustomNodes" name="TestPartialCustomMultiOutputNode" time="0.7954800" />
    <testcase classname="Dynamo.Tests.CustomNodes" name="UpdateCBNInCustomNodeDef_DoesNotCrash" time="0.6657990" />
    <testcase classname="Dynamo.Tests.CustomNodeWorkspaceModelTests" name="GetSharedNameTest" time="0.5401820" />
    <testcase classname="Dynamo.Tests.CustomNodeWorkspaceModelTests" name="OnPropertyNameChangedTest" time="0.5818730" />
    <testcase classname="Dynamo.Tests.CustomNodeWorkspaceOpening" name="CanLoadReadOnlyNode" time="0.6105870" />
    <testcase classname="Dynamo.Tests.CustomNodeWorkspaceOpening" name="CanOpenJsonCustomNodeWorkspace" time="0.5718640" />
    <testcase classname="Dynamo.Tests.CustomNodeWorkspaceOpening" name="CanOpenWorkspaceWithMissingCustomNodeThenFixByOpeningNeededCustomNodeWorkspace" time="0.5423230" />
    <testcase classname="Dynamo.Tests.CustomNodeWorkspaceOpening" name="CanOpenXmlCustomNodeWorkspace" time="0.5243430" />
    <testcase classname="Dynamo.Tests.CustomNodeWorkspaceOpening" name="JsonCustomNodeWorkspaceIsAddedToSearchOnOpeningDyf" time="0.8743290" />
    <testcase classname="Dynamo.Tests.CustomNodeWorkspaceOpening" name="JsonCustomNodeWorkspaceIsAddedToSearchOnOpeningDyn" time="0.8153580" />
    <testcase classname="Dynamo.Tests.CustomNodeWorkspaceOpening" name="TestOnWorkspaceAdded" time="0.6655259" />
    <testcase classname="Dynamo.Tests.CustomNodeWorkspaceOpening" name="XmlCustomNodeWorkspaceIsAddedToSearchOnOpening" time="0.5811210" />
    <testcase classname="Dynamo.Tests.DefaultArgumentMigrationTests" name="TestDisableDefaultArgumentOfFunctionObject" time="0.8465350" />
    <testcase classname="Dynamo.Tests.DefaultArgumentMigrationTests" name="TestEnableDefaultArgumentForAddedParamComplexType" time="0.6799920" />
    <testcase classname="Dynamo.Tests.DefaultArgumentMigrationTests" name="TestEnableDefaultArgumentForAddedParamInstanceMethod" time="0.6954650" />
    <testcase classname="Dynamo.Tests.DefaultArgumentMigrationTests" name="TestEnableDefaultArgumentForAddedParamSimpleType" time="0.6486320" />
    <testcase classname="Dynamo.Tests.DefaultArgumentTests" name="TestDefaultArgumentExpressionResolution" time="1.0186280" />
    <testcase classname="Dynamo.Tests.DefaultArgumentTests" name="TestDefaultArgumentExpressionResolutionWithConflict" time="1.0821460" />
    <testcase classname="Dynamo.Tests.DefaultArgumentTests" name="TestDefaultArgumentExpressionWithReplicationGuides" time="0.9581050" />
    <testcase classname="Dynamo.Tests.DefaultPythonEngineTests" name="NewPythonNodeUsingSystemDefaultEngine" time="0.5949440" />
    <testcase classname="Dynamo.Tests.DefaultPythonEngineTests" name="NewPythonNodeUsingUserDefaultEngine" time="0.6020070" />
    <testcase classname="Dynamo.Tests.DelayedGraphExecutionTests" name="DelayedExecutionNodeToCodeTest" time="2.5957830" />
    <testcase classname="Dynamo.Tests.DelayedGraphExecutionTests" name="DelayedExecutionOnCopyPaste" time="1.0346530" />
    <testcase classname="Dynamo.Tests.DelayedGraphExecutionTests" name="DelayedExecutionOnDeletionUndoTest" time="0.8244640" />
    <testcase classname="Dynamo.Tests.DelayedGraphExecutionTests" name="DelayedExecutionUndoRedoTest" time="2.2734090" />
    <testcase classname="Dynamo.Tests.DSCoreDataTests" name="CanObjectBeCachedRejectsEmptyString" time="0.6634760" />
    <testcase classname="Dynamo.Tests.DSCoreDataTests" name="CanObjectBeCachedRejectsNull" time="0.7173200" />
    <testcase classname="Dynamo.Tests.DSCoreDataTests" name="CanObjectBeCachedRejectsNullString" time="0.7517050" />
    <testcase classname="Dynamo.Tests.DSCoreDataTests" name="CompareDictionaryAndJSON" time="1.0196780" />
    <testcase classname="Dynamo.Tests.DSCoreDataTests" name="IsNotSupportedNullInput" time="0.7594220" />
    <testcase classname="Dynamo.Tests.DSCoreDataTests" name="IsSupportedGeometryDataType" time="0.7958410" />
    <testcase classname="Dynamo.Tests.DSCoreDataTests" name="IsSupportedInheritanceDataType" time="0.6699650" />
    <testcase classname="Dynamo.Tests.DSCoreDataTests" name="IsSupportedPrimitiveDataType" time="0.6854160" />
    <testcase classname="Dynamo.Tests.DSCoreDataTests" name="LoadJSONFromFile" time="0.7819600" />
    <testcase classname="Dynamo.Tests.DSCoreDataTests" name="ParseJSON" time="0.7070920" />
    <testcase classname="Dynamo.Tests.DSCoreDataTests" name="ParsingJSONInPythonReturnsSameResult" time="0.6882070" />
    <testcase classname="Dynamo.Tests.DSCoreDataTests" name="RememberRestoresFromCacheWhenPassedUnsupportedInputAndvCacheJson" time="0.6138230" />
    <testcase classname="Dynamo.Tests.DSCoreDataTests" name="RememberReturnUnsupportedInputWhenPassedUnsupportedInputAndEmptyCacheJson" time="0.6887120" />
    <testcase classname="Dynamo.Tests.DSCoreDataTests" name="RememberWillUpdateCacheWhenPassedSupportedInputAndEmptyCacheJson" time="0.7385950" />
    <testcase classname="Dynamo.Tests.DSCoreDataTests" name="RememberWillUpdateCacheWhenPassedSupportedInputAndvCacheJson" time="0.7436410" />
    <testcase classname="Dynamo.Tests.DSCoreDataTests" name="RoundTripForArcReturnsSameResult" time="0.8309900" />
    <testcase classname="Dynamo.Tests.DSCoreDataTests" name="RoundTripForBoundingBoxReturnsSameResult" time="0.7673840" />
    <testcase classname="Dynamo.Tests.DSCoreDataTests" name="RoundTripForCircleReturnsSameResult" time="0.7698430" />
    <testcase classname="Dynamo.Tests.DSCoreDataTests" name="RoundTripForColorReturnsSameResult" time="0.7001430" />
    <testcase classname="Dynamo.Tests.DSCoreDataTests" name="RoundTripForCoordinateSystemReturnsSameResult" time="0.8128940" />
    <testcase classname="Dynamo.Tests.DSCoreDataTests" name="RoundTripForCylinderReturnsSameResult" time="0.8308910" />
    <testcase classname="Dynamo.Tests.DSCoreDataTests" name="RoundTripForEllipseArcReturnsSameResult" time="0.8265460" />
    <testcase classname="Dynamo.Tests.DSCoreDataTests" name="RoundTripForEllipseReturnsSameResult" time="0.7251100" />
    <testcase classname="Dynamo.Tests.DSCoreDataTests" name="RoundTripForHelixReturnsSameResult" time="0.7393860" />
    <testcase classname="Dynamo.Tests.DSCoreDataTests" name="RoundTripForImageReturnsSameResult" time="0.6700660" />
[...]
    <testcase classname="DynamoCoreWpfTests.ConverterTests" name="GroupFontSizeToEditorEnabledConverterTest" time="0.0006630" />
    <testcase classname="DynamoCoreWpfTests.ConverterTests" name="InOutParamTypeConverterTest" time="0.0003610" />
    <testcase classname="DynamoCoreWpfTests.ConverterTests" name="IntToVisibilityConverterTest" time="0.0006579" />
    <testcase classname="DynamoCoreWpfTests.ConverterTests" name="LibraryTreeItemsHostVisibilityConverterTest" time="0.0002250" />
    <testcase classname="DynamoCoreWpfTests.ConverterTests" name="LibraryViewModeToBoolConverterTest" time="0.0007560" />
    <testcase classname="DynamoCoreWpfTests.ConverterTests" name="MenuItemCheckConverterTest" time="0.0003590" />
    <testcase classname="DynamoCoreWpfTests.ConverterTests" name="NodeTypeToColorConverterTest" time="0.0008370" />
    <testcase classname="DynamoCoreWpfTests.ConverterTests" name="NullValueToCollapsedConverterTest" time="0.0001780" />
    <testcase classname="DynamoCoreWpfTests.ConverterTests" name="RootElementToBoolConverterTest" time="0.0001720" />
    <testcase classname="DynamoCoreWpfTests.ConverterTests" name="SearchHighlightMarginConverterTest" time="0.2913980" />
    <testcase classname="DynamoCoreWpfTests.ConverterTests" name="SearchResultsToVisibilityConverterTest" time="0.0003379" />
    <testcase classname="DynamoCoreWpfTests.ConverterTests" name="SelectedItemToActiveConverterTest" time="0.0011880" />
    <testcase classname="DynamoCoreWpfTests.ConverterTests" name="ViewModeToVisibilityConverterTest" time="0.0006260" />
    <testcase classname="DynamoCoreWpfTests.CustomNodeTests" name="TestDataInputInitializationTest" time="0.5245600" />
    <testcase classname="DynamoCoreWpfTests.CustomNodeTests" name="TestNestedGroupsOnCustomNodes" time="1.0762930" />
    <testcase classname="DynamoCoreWpfTests.CustomNodeTests" name="TestNewNodeFromSelectionCommandState" time="0.7785910" />
    <testcase classname="DynamoCoreWpfTests.DateTimeTests" name="DateTimeNode_Open_DeserializesCorrectly" time="0.9857050" />
    <testcase classname="DynamoCoreWpfTests.DateTimeTests" name="DateTimeNode_Open_Edit_SerializesCorrectly" time="0.8735110" />
    <testcase classname="DynamoCoreWpfTests.DateTimeTests" name="DateTimeNode_Open_MangledDateTime_ResetsToDynamoDefault" time="0.7091050" />
    <testcase classname="DynamoCoreWpfTests.DateTimeTests" name="DateTimeNodeDeprecated_Test" time="0.6705550" />
    <testcase classname="DynamoCoreWpfTests.DynamoConverterTest" name="CanConstructConverterNode" time="0.7028030" />
    <testcase classname="DynamoCoreWpfTests.DynamoConverterTest" name="ConvertBetweenAreaUnits" time="0.7860730" />
    <testcase classname="DynamoCoreWpfTests.DynamoConverterTest" name="ConvertBetweenHectaresToSquareMeter" time="0.7050840" />
    <testcase classname="DynamoCoreWpfTests.DynamoConverterTest" name="ConvertBetweenUnitsTestForForceReExecute" time="0.6851080" />
    <testcase classname="DynamoCoreWpfTests.DynamoConverterTest" name="ConverterDefaultValues" time="0.7168350" />
    <testcase classname="DynamoCoreWpfTests.DynamoConverterTest" name="ConverterItemSourceCount" time="0.6709610" />
    <testcase classname="DynamoCoreWpfTests.DynamoConverterTest" name="ConverterTestToggleState" time="0.6314430" />
    <testcase classname="DynamoCoreWpfTests.DynamoConverterTest" name="ConvertSetConversionFromValue" time="0.5944620" />
    <testcase classname="DynamoCoreWpfTests.DynamoConverterTest" name="ConvertSetConversionToValue" time="0.6467780" />
    <testcase classname="DynamoCoreWpfTests.DynamoConverterTest" name="SetConverterValues" time="0.6448990" />
    <testcase classname="DynamoCoreWpfTests.GateTests" name="SettingNodeAsClosedBlocksData" time="0.9513190" />
    <testcase classname="DynamoCoreWpfTests.GateTests" name="SettingNodeAsOpenPassesData" time="0.8491310" />
    <testcase classname="DynamoCoreWpfTests.GuidedTourTests" name="CanReadGuidedTourJsonFile" time="2.2948850" />
    <testcase classname="DynamoCoreWpfTests.GuidedTourTests" name="GetStartedGuide_ValidateControlNames" time="2.2467060" />
    <testcase classname="DynamoCoreWpfTests.GuidedTourTests" name="OnboardingGuideFirstStep_ValidateTexts" time="2.2373610" />
    <testcase classname="DynamoCoreWpfTests.HomePageTests" name="ActionDelegates_ShouldBeProperlySetAfterConstruction" time="1.5592700" />
    <testcase classname="DynamoCoreWpfTests.HomePageTests" name="CanClickRecentGraph" time="0.0004190" />
    <testcase classname="DynamoCoreWpfTests.HomePageTests" name="CanClickSampleGraph" time="0.0000040" />
    <testcase classname="DynamoCoreWpfTests.HomePageTests" name="CanClickTourGuide" time="0.0000010" />
    <testcase classname="DynamoCoreWpfTests.HomePageTests" name="CanOpenGraphOnDragAndDrop" time="0.0000010" />
    <testcase classname="DynamoCoreWpfTests.HomePageTests" name="CanOpenWorkspaceCommandFromHomePage" time="0.0000010" />
    <testcase classname="DynamoCoreWpfTests.HomePageTests" name="CanRunNewCustomNodeCommandFromHomePage" time="0.0000010" />
    <testcase classname="DynamoCoreWpfTests.HomePageTests" name="CanRunNewHomeWorkspaceCommandFromHomePage" time="0.0000010" />
    <testcase classname="DynamoCoreWpfTests.HomePageTests" name="GuidedTourItems_InitializationShouldContainExpectedItems" time="1.7247290" />
    <testcase classname="DynamoCoreWpfTests.HomePageTests" name="HomePage_NewSettingsAreAddedCorrectly" time="1.9359950" />
    <testcase classname="DynamoCoreWpfTests.HomePageTests" name="ReceiveCorrectNumberOfCarouselVideos" time="0.0000070" />
    <testcase classname="DynamoCoreWpfTests.HomePageTests" name="ReceiveCorrectNumberOfRecentGrphs" time="0.0000010" />
    <testcase classname="DynamoCoreWpfTests.HomePageTests" name="ReceiveCorrectNumberOfSamples" time="0.0000010" />
    <testcase classname="DynamoCoreWpfTests.HomePageTests" name="ReceiveCorrectNumberOfTourGuides" time="0.0000010" />
    <testcase classname="DynamoCoreWpfTests.HomePageTests" name="ShowBackupFolderCommandFromHomePage" time="0.0000010" />
    <testcase classname="DynamoCoreWpfTests.HomePageTests" name="ShowSampleFilesFolderCommandFromHomePage" time="0.0000010" />
    <testcase classname="DynamoCoreWpfTests.HomePageTests" name="ShowTemplateCommandFromHomePage" time="0.0000010" />
    <testcase classname="DynamoCoreWpfTests.HomePageTests" name="TestDeserializeDynamoGraphProperties" time="1.6885150" />
    <testcase classname="DynamoCoreWpfTests.InCanvasSearchTests" name="MoveToNextMemberTest" time="0.0041220" />
    <testcase classname="DynamoCoreWpfTests.InfoBubbleTests" name="CanAddUserFacingMessagesToNode" time="0.6561990" />
    <testcase classname="DynamoCoreWpfTests.InfoBubbleTests" name="CanDismissUserFacingMessages" time="0.7546480" />
    <testcase classname="DynamoCoreWpfTests.InfoBubbleTests" name="CanTriggerDocumentationLinkEvent" time="0.6382160" />
    <testcase classname="DynamoCoreWpfTests.InfoBubbleTests" name="DataPacketConstructorCanParseLinksCorrectly" time="0.5969489" />
    <testcase classname="DynamoCoreWpfTests.InfoBubbleTests" name="DataPacketConstructorCanParseLinksCorrectly_ContainingMultipleHREFs" time="0.6636620" />
    <testcase classname="DynamoCoreWpfTests.InfoBubbleTests" name="IteratorsDisplayWhenMoreThanOneMessage" time="0.4711720" />
    <testcase classname="DynamoCoreWpfTests.InfoBubbleTests" name="NodeWarningBarVisibility" time="0.4479500" />
    <testcase classname="DynamoCoreWpfTests.InfoBubbleTests" name="TestIntSliderInfoState" time="0.4620510" />
    <testcase classname="DynamoCoreWpfTests.LibraryTests" name="CanResolveCorrectOverloadByRecognizingDoubleArrayParameter" time="0.5609130" />
    <testcase classname="DynamoCoreWpfTests.LibraryTests" name="DumpLibraryToXmlZeroTouchTest" time="0.4647560" />
    <testcase classname="DynamoCoreWpfTests.LibraryTests" name="SearchHiddenEnumTest" time="0.8569020" />
    <testcase classname="DynamoCoreWpfTests.LibraryTests" name="SearchHiddenInterfaceNodeTest" time="0.8447310" />
    <testcase classname="DynamoCoreWpfTests.ListAtLevelInteractionTests" name="KeepListStructureChangesOutput" time="1.4123320" />
    <testcase classname="DynamoCoreWpfTests.ListAtLevelInteractionTests" name="KeepListStructureUpdatesPortViewCorrectly" time="2.0943220" />
    <testcase classname="DynamoCoreWpfTests.ListAtLevelTest" name="Test01" time="2.7277910" />
    <testcase classname="DynamoCoreWpfTests.MediatoDSColorConverterTest" name="MediatoDSColorConverterConvertConvertBackTest" time="0.0007870" />
    <testcase classname="DynamoCoreWpfTests.PublishPackageWizardTests" name="ArePackageContentsEqual_DifferentCounts_ReturnsFalse" time="0.6794610" />
    <testcase classname="DynamoCoreWpfTests.PublishPackageWizardTests" name="ArePackageContentsEqual_DifferentFilePathInNestedStructure_ReturnsFalse" time="0.6735420" />
    <testcase classname="DynamoCoreWpfTests.PublishPackageWizardTests" name="ArePackageContentsEqual_DifferentLists_ReturnsFalse" time="0.7208900" />
    <testcase classname="DynamoCoreWpfTests.PublishPackageWizardTests" name="ArePackageContentsEqual_DifferentNestedStructure_ReturnsFalse" time="0.7171870" />
    <testcase classname="DynamoCoreWpfTests.PublishPackageWizardTests" name="ArePackageContentsEqual_IdenticalLists_ReturnsTrue" time="0.6116009" />
    <testcase classname="DynamoCoreWpfTests.PublishPackageWizardTests" name="ArePackageContentsEqual_IdenticalNestedStructure_ReturnsTrue" time="0.7373459" />
    <testcase classname="DynamoCoreWpfTests.PublishPackageWizardTests" name="ArePackageContentsEqual_SameItemsDifferentOrder_ReturnsTrue" time="0.6525609" />
    <testcase classname="DynamoCoreWpfTests.PublishPackageWizardTests" name="ArePackageContentsEqual_SameNestedItemsDifferentOrder_ReturnsTrue" time="0.4576600" />
    <testcase classname="DynamoCoreWpfTests.Utility.NodeContextMenuBuilderTests" name="AddNodeViewCustomizationMenuItems" time="1.6194650" />
    <testcase classname="DynamoCoreWpfTests.Utility.NodeContextMenuBuilderTests" name="TestAddMenuItem" time="1.3589050" />
    <testcase classname="DynamoCoreWpfTests.Utility.NodeContextMenuBuilderTests" name="TestAddSeparator" time="1.5158180" />
    <testcase classname="DynamoCoreWpfTests.Utility.NodeContextMenuBuilderTests" name="TestBuildContextMenu" time="1.4549570" />
    <testcase classname="DynamoCoreWpfTests.Utility.NodeContextMenuBuilderTests" name="TestBuildMethods" time="1.6363170" />
  </testsuite>
  <testsuite id="7" name="DynamoMSOfficeTests.dll" tests="46" failures="0" time="30.028">
    <testcase classname="Dynamo.Tests.CSVTests" name="ExportCSVTest" time="0.0894880" />
    <testcase classname="Dynamo.Tests.CSVTests" name="ImportCSV_PathTest" time="0.0046680" />
    <testcase classname="Dynamo.Tests.CSVTests" name="ImportCSVRowsGreaterThanColumnsTest" time="0.0100090" />
    <testcase classname="Dynamo.Tests.CSVTests" name="ImportCSVTest" time="0.0099440" />
    <testcase classname="Dynamo.Tests.CSVTests" name="ImportCSVWithTransposeTest" time="0.0123220" />
    <testcase classname="Dynamo.Tests.CSVTests" name="OpemXML_ImportExcelTest" time="0.1243770" />
    <testcase classname="Dynamo.Tests.CSVTests" name="OpenXML_ExportExcelTestWhenHavingEmptyRow" time="0.0296020" />
    <testcase classname="Dynamo.Tests.CSVTests" name="OpenXML_ImportExcelTestWhenHavingEmptyRow" time="0.0108860" />
    <testcase classname="Dynamo.Tests.ExcelTests" name="CanAdd1DListToExcelWorksheet" time="2.8600710" />
    <testcase classname="Dynamo.Tests.ExcelTests" name="CanAdd2DListToExcelWorksheet" time="0.6953930" />
    <testcase classname="Dynamo.Tests.ExcelTests" name="CanAddNullItemToExcelWorksheet" time="0.6843190" />
    <testcase classname="Dynamo.Tests.ExcelTests" name="CanAddSingleItemToExcelWorksheet" time="0.6444850" />
    <testcase classname="Dynamo.Tests.ExcelTests" name="CanCreateNewWorksheetInNewWorkbook" time="0.6835070" />
    <testcase classname="Dynamo.Tests.ExcelTests" name="CanExportToExcelAsString" time="0.8664370" />
    <testcase classname="Dynamo.Tests.ExcelTests" name="CanGetLargeWorkbookWithinThresholdTime" time="0.8147410" />
    <testcase classname="Dynamo.Tests.ExcelTests" name="CanGetWorksheetByNameWithValidInput" time="0.7831439" />
    <testcase classname="Dynamo.Tests.ExcelTests" name="CanGetWorksheets" time="0.7166430" />
    <testcase classname="Dynamo.Tests.ExcelTests" name="CanOverWritePartiallyToExcel" time="0.7398770" />
    <testcase classname="Dynamo.Tests.ExcelTests" name="CanOverWriteToExcel" time="0.7366710" />
    <testcase classname="Dynamo.Tests.ExcelTests" name="CanReadAndWriteExcel" time="0.8736720" />
    <testcase classname="Dynamo.Tests.ExcelTests" name="CanReadEmptyCellsAsStrings" time="0.6631430" />
    <testcase classname="Dynamo.Tests.ExcelTests" name="CanReadExcelAsStrings" time="0.6233560" />
    <testcase classname="Dynamo.Tests.ExcelTests" name="CanReadMultiDimensionalWorksheet" time="0.6446660" />
    <testcase classname="Dynamo.Tests.ExcelTests" name="CanReadWorksheetWithEmptyCellInUsedRange" time="0.6188180" />
    <testcase classname="Dynamo.Tests.ExcelTests" name="CanReadWorksheetWithMixedNumbersAndStrings" time="0.6177280" />
    <testcase classname="Dynamo.Tests.ExcelTests" name="CanReadWorksheetWithSingleColumnOfNumbers" time="0.6217549" />
    <testcase classname="Dynamo.Tests.ExcelTests" name="CanSaveAsWorksheet" time="0.6632670" />
    <testcase classname="Dynamo.Tests.ExcelTests" name="CanWrite1DDataOfMixedTypesToExcelWorksheet" time="0.6344080" />
    <testcase classname="Dynamo.Tests.ExcelTests" name="CanWriteEmptyArrayToExcel" time="0.6944860" />
    <testcase classname="Dynamo.Tests.ExcelTests" name="CanWriteEmptyListToExcel" time="0.7223790" />
    <testcase classname="Dynamo.Tests.ExcelTests" name="CanWriteJaggedArrayToExcel" time="0.7386680" />
    <testcase classname="Dynamo.Tests.ExcelTests" name="CanWriteNestedEmptyListToExcel" time="0.7648650" />
    <testcase classname="Dynamo.Tests.ExcelTests" name="CanWriteNullValueInListToExcel" time="0.6798340" />
    <testcase classname="Dynamo.Tests.ExcelTests" name="CanWriteNullValueToExcel" time="0.6957930" />
    <testcase classname="Dynamo.Tests.ExcelTests" name="CanWriteToExcelAndUpdateData" time="0.7139110" />
    <testcase classname="Dynamo.Tests.ExcelTests" name="Defect_MAGN_883" time="0.6189990" />
    <testcase classname="Dynamo.Tests.ExcelTests" name="Excel_MAGN6872" time="0.6057160" />
    <testcase classname="Dynamo.Tests.ExcelTests" name="Excel_OverWriteEmptyList_MAGN7213" time="0.7050080" />
    <testcase classname="Dynamo.Tests.ExcelTests" name="Excel_OverwriteWithnull_7213" time="0.6675250" />
    <testcase classname="Dynamo.Tests.ExcelTests" name="ExcelAppIsClosedOnCleanup" time="0.4700360" />
    <testcase classname="Dynamo.Tests.ExcelTests" name="ImportExcelShowExcelReturnDataObjectArray" time="0.8570400" />
    <testcase classname="Dynamo.Tests.ExcelTests" name="ReadChangeFilename" time="1.3104780" />
    <testcase classname="Dynamo.Tests.ExcelTests" name="ReadNonExistingFile" time="0.6319350" />
    <testcase classname="Dynamo.Tests.ExcelTests" name="ReadOnlyFile" time="0.8164700" />
    <testcase classname="Dynamo.Tests.ExcelTests" name="TestWriteFunctionObjectToExcel" time="1.0379220" />
    <testcase classname="Dynamo.Tests.ExcelTests" name="ThrowExceptionOnGetWorksheetByNameWithInvalidInput" time="0.8197080" />
  </testsuite>
  <testsuite id="8" name="DynamoServicesTests.dll" tests="2" failures="0" time="0.006">
    <testcase classname="DynamoServicesTests.TraceUtilsTest" name="TestGetSetData" time="0.0048760" />
    <testcase classname="DynamoServicesTests.TraceUtilsTest" name="TestGetSetDataOnDifferentThreads" time="0.0009750" />
  </testsuite>
  <testsuite id="9" name="NodeDocumentationMarkdownGeneratorTests.dll" tests="13" failures="1" time="3.478">
    <testcase classname="NodeDocumentationMarkdownGeneratorTests.MarkdownGeneratorCommandTests" name="CanOverWriteExistingFiles" time="0.5058510" />
    <testcase classname="NodeDocumentationMarkdownGeneratorTests.MarkdownGeneratorCommandTests" name="CanRenameFile" time="0.0350130" />
    <testcase classname="NodeDocumentationMarkdownGeneratorTests.MarkdownGeneratorCommandTests" name="CanRenameFileLongName" time="0.0306960" />
    <testcase classname="NodeDocumentationMarkdownGeneratorTests.MarkdownGeneratorCommandTests" name="CanRenameFilesInADirectory" time="0.0287930" />
    <testcase classname="NodeDocumentationMarkdownGeneratorTests.MarkdownGeneratorCommandTests" name="CanScanAssemblyFromPath" time="0.0193090" />
    <testcase classname="NodeDocumentationMarkdownGeneratorTests.MarkdownGeneratorCommandTests" name="DictionaryContentIsFoundCorrectlyForCoreNodes" time="0.1425880" />
    <testcase classname="NodeDocumentationMarkdownGeneratorTests.MarkdownGeneratorCommandTests" name="DictionaryImagesAreCompressed" time="1.2175410" />
    <testcase classname="NodeDocumentationMarkdownGeneratorTests.MarkdownGeneratorCommandTests" name="ProducesCorrectOutputFromCoreDirectory_dsFiles" time="0.2620690" />
    <testcase classname="NodeDocumentationMarkdownGeneratorTests.MarkdownGeneratorCommandTests" name="ProducesCorrectOutputFromCoreDirectory_preloadedbinaries" time="1.0389000">
      <error message="  Expected: 755&#xD;&#xA;  But was:  757&#xD;&#xA;">   at NodeDocumentationMarkdownGeneratorTests.MarkdownGeneratorCommandTests.ProducesCorrectOutputFromCoreDirectory_preloadedbinaries() in C:\Users\DeyanNenov\Documents\GitHub\Dynamo\test\Tools\NodeDocumentationMarkdownGeneratorTests\MarkdownGeneratorCommandTests.cs:line 166
</error>
    </testcase>
    <testcase classname="NodeDocumentationMarkdownGeneratorTests.MarkdownGeneratorCommandTests" name="ProducesCorrectOutputFromDirectory" time="0.0390729" />
    <testcase classname="NodeDocumentationMarkdownGeneratorTests.MarkdownGeneratorCommandTests" name="ProducesCorrectOutputFromPackage" time="0.1039330" />
    <testcase classname="NodeDocumentationMarkdownGeneratorTests.MarkdownGeneratorCommandTests" name="ProducesCorrectOutputFromPackageIncludingDYF" time="0.0331500" />
    <testcase classname="NodeDocumentationMarkdownGeneratorTests.MarkdownGeneratorCommandTests" name="ReferencesFlagAddsReferencePaths" time="0.0208510" />
  </testsuite>
  <testsuite id="10" name="ViewExtensionLibraryTests.dll" tests="11" failures="0" time="1.901">
    <testcase classname="ViewExtensionLibraryTests.DynamoLibraryItemsTests" name="SearchNodeTest" time="1.8558400" />
    <testcase classname="ViewExtensionLibraryTests.LibraryResourceProviderTests" name="BuiltInPackagedNodeSearchElementLoadedType" time="0.0179789" />
    <testcase classname="ViewExtensionLibraryTests.LibraryResourceProviderTests" name="CustomNodeSearchElementLoadedType" time="0.0015530" />
    <testcase classname="ViewExtensionLibraryTests.LibraryResourceProviderTests" name="NodeSearchElementLoadedType" time="0.0048500" />
    <testcase classname="ViewExtensionLibraryTests.LibraryResourceProviderTests" name="PackagedCustomNodeSearchElementLoadedType" time="0.0014620" />
    <testcase classname="ViewExtensionLibraryTests.LibraryResourceProviderTests" name="PackagedNodeSearchElementLoadedType" time="0.0014070" />
    <testcase classname="ViewExtensionLibraryTests.LibraryViewCustomizationTests" name="AddElementsShouldMergeIfExistingCategory" time="0.0140300" />
    <testcase classname="ViewExtensionLibraryTests.LibraryViewCustomizationTests" name="MergeLayoutSpecWithNewSection" time="0.0009700" />
    <testcase classname="ViewExtensionLibraryTests.LibraryViewCustomizationTests" name="MergeLayoutSpecWithSameCategory" time="0.0007700" />
    <testcase classname="ViewExtensionLibraryTests.LibraryViewCustomizationTests" name="MergeLayoutSpecWithSameGroup" time="0.0010520" />
    <testcase classname="ViewExtensionLibraryTests.LibraryViewCustomizationTests" name="MergeLayoutSpecWithSameSection" time="0.0007829" />
  </testsuite>
</testsuites>