<?xml version="1.0" encoding="utf-8"?>
<!--This file represents the results of running a test suite-->
<test-results name="C:\Users\boyerp\Dropbox\Github\Autodesk\DynamoNew\Dynamo\bin\AnyCPU\Debug\DynamoTestFramework.dll" total="4" failures="2" not-run="0" date="2013-12-11" time="15:03:00" errors="0" inconclusive="0" ignored="0" skipped="0" invalid="0">
  <test-suite name="DynamoTestFrameworkTests" description="Unit tests in Revit." time="2.2852285" asserts="6" type="TestFixture" result="Failure" executed="True">
    <results>
      <test-suite name="PerspectiveViewTests" description="Unit tests in Revit." time="2.2852285" asserts="6" type="TestFixture" result="Failure" executed="True">
        <results>
          <test-case name="ByEyePointTargetAndBoundingBox_ValidArgs" success="True" time="0.6690669" executed="True" asserts="2" result="Success" />
          <test-case name="ByEyePointTargetAndBoundingBox_BadArgs" success="False" time="0.490049" executed="True" asserts="1" result="Failure">
            <failure>
              <message>  Expected: &lt;System.ArgumentNullException&gt;
  But was:  &lt;System.NullReferenceException&gt; (Object reference not set to an instance of an object.)
   at DSRevitNodes.GeometryConversion.Extensions.ToXyz(Point pt) in c:\Users\boyerp\Dropbox\Github\Autodesk\DynamoNew\Dynamo\src\DSRevitNodes\GeometryConversion\Extensions.cs:line 25
   at DSRevitNodes.Elements.DSPerspectiveView.ByEyePointTargetAndBoundingBox(Point eyePoint, Point target, DSBoundingBox boundingBox, String name, Boolean isolateElement) in c:\Users\boyerp\Dropbox\Github\Autodesk\DynamoNew\Dynamo\src\DSRevitNodes\Elements\Views\DSPerspectiveView.cs:line 163
   at DSRevitNodesTests.PerspectiveViewTests.&lt;&gt;c__DisplayClass4.&lt;ByEyePointTargetAndBoundingBox_BadArgs&gt;b__0() in c:\Users\boyerp\Dropbox\Github\Autodesk\DynamoNew\Dynamo\src\DSRevitNodesTests\Elements\Views\PerspectiveViewTests.cs:line 45
   at NUnit.Framework.Assert.Throws(IResolveConstraint expression, TestDelegate code, String message, Object[] args)
</message>
              <stack-trace>   at NUnit.Framework.Assert.Throws(IResolveConstraint expression, TestDelegate code, String message, Object[] args)
   at NUnit.Framework.Assert.Throws(Type expectedExceptionType, TestDelegate code)
   at DSRevitNodesTests.PerspectiveViewTests.ByEyePointTargetAndBoundingBox_BadArgs() in c:\Users\boyerp\Dropbox\Github\Autodesk\DynamoNew\Dynamo\src\DSRevitNodesTests\Elements\Views\PerspectiveViewTests.cs:line 45</stack-trace>
            </failure>
          </test-case>
          <test-case name="ByEyePointTargetAndElement_ValidArgs" success="True" time="0.6340634" executed="True" asserts="2" result="Success" />
          <test-case name="ByEyePointTargetAndElement_BadArgs" success="False" time="0.4920492" executed="True" asserts="1" result="Failure">
            <failure>
              <message>  Expected: &lt;System.ArgumentNullException&gt;
  But was:  &lt;System.NullReferenceException&gt; (Object reference not set to an instance of an object.)
   at DSRevitNodes.GeometryConversion.Extensions.ToXyz(Point pt) in c:\Users\boyerp\Dropbox\Github\Autodesk\DynamoNew\Dynamo\src\DSRevitNodes\GeometryConversion\Extensions.cs:line 25
   at DSRevitNodes.Elements.DSPerspectiveView.ByEyePointTargetAndElement(Point eyePoint, Point target, AbstractElement element, String name, Boolean isolateElement) in c:\Users\boyerp\Dropbox\Github\Autodesk\DynamoNew\Dynamo\src\DSRevitNodes\Elements\Views\DSPerspectiveView.cs:line 144
   at DSRevitNodesTests.PerspectiveViewTests.&lt;&gt;c__DisplayClassa.&lt;ByEyePointTargetAndElement_BadArgs&gt;b__6() in c:\Users\boyerp\Dropbox\Github\Autodesk\DynamoNew\Dynamo\src\DSRevitNodesTests\Elements\Views\PerspectiveViewTests.cs:line 79
   at NUnit.Framework.Assert.Throws(IResolveConstraint expression, TestDelegate code, String message, Object[] args)
</message>
              <stack-trace>   at NUnit.Framework.Assert.Throws(IResolveConstraint expression, TestDelegate code, String message, Object[] args)
   at NUnit.Framework.Assert.Throws(Type expectedExceptionType, TestDelegate code)
   at DSRevitNodesTests.PerspectiveViewTests.ByEyePointTargetAndElement_BadArgs() in c:\Users\boyerp\Dropbox\Github\Autodesk\DynamoNew\Dynamo\src\DSRevitNodesTests\Elements\Views\PerspectiveViewTests.cs:line 79</stack-trace>
            </failure>
          </test-case>
        </results>
      </test-suite>
    </results>
  </test-suite>
</test-results>