<?xml version="1.0" encoding="utf-8"?>
<!--This file represents the results of running a test suite-->
<test-results name="C:\Users\Ian\Documents\GitHub\Dynamo\bin\AnyCPU\Debug\DynamoTestFramework.dll" total="60" failures="1" not-run="0" date="2013-10-11" time="17:17:28" errors="2" inconclusive="0" ignored="0" skipped="0" invalid="0">
  <test-suite name="DynamoTestFrameworkTests" description="Unit tests in Revit." time="115.7824741" asserts="89" type="TestFixture" result="Failure" executed="True">
    <results>
      <test-suite name="AnalysisTests" description="Unit tests in Revit." time="0.8204752" asserts="2" type="TestFixture" result="Success" executed="True">
        <results>
          <test-case name="RayBounce" success="True" time="0.8204752" executed="True" asserts="2" result="Success" />
        </results>
      </test-suite>
      <test-suite name="AdaptiveComponentTests" description="Unit tests in Revit." time="5.9499878" asserts="4" type="TestFixture" result="Success" executed="True">
        <results>
          <test-case name="AdaptiveComponentByFace" success="True" time="3.920284" executed="True" asserts="1" result="Success" />
          <test-case name="AdaptiveComponentByCurve" success="True" time="1.0087075" executed="True" asserts="1" result="Success" />
          <test-case name="AdaptiveComponent" success="True" time="1.0209963" executed="True" asserts="2" result="Success" />
        </results>
      </test-suite>
      <test-suite name="BugTests" description="Unit tests in Revit." time="0.6706518" asserts="1" type="TestFixture" result="Success" executed="True">
        <results>
          <test-case name="MAGN_66" success="True" time="0.6706518" executed="True" asserts="1" result="Success" />
        </results>
      </test-suite>
      <test-suite name="CoreTests" description="Unit tests in Revit." time="1.4526083" asserts="10" type="TestFixture" result="Failure" executed="True">
        <results>
          <test-case name="SanityCheck" success="True" time="0.2744863" executed="True" asserts="1" result="Success" />
          <test-case name="CanChangeLacingAndHaveElementsUpdate" success="True" time="0.5825542" executed="True" asserts="5" result="Success" />
          <test-case name="ElementNodeReassociation" success="False" time="0.5585327" executed="True" asserts="4" result="Failure">
            <failure>
              <message>  Expected: 10
  But was:  1
</message>
              <stack-trace>   at NUnit.Framework.Assert.That(Object actual, IResolveConstraint expression, String message, Object[] args)
   at NUnit.Framework.Assert.AreEqual(Int32 expected, Int32 actual)
   at Dynamo.Tests.CoreTests.ElementNodeReassociation() in C:\Users\Ian\Documents\GitHub\Dynamo\src\DynamoRevitTests\CoreTests.cs:line 112</stack-trace>
            </failure>
          </test-case>
          <test-case name="SwitchDocuments" success="False" time="0.0370351" executed="True" asserts="0" result="Error" />
        </results>
      </test-suite>
      <test-suite name="CurveTests" description="Unit tests in Revit." time="7.5422196" asserts="24" type="TestFixture" result="Success" executed="True">
        <results>
          <test-case name="ModelCurve" success="True" time="0.811647" executed="True" asserts="4" result="Success" />
          <test-case name="ReferenceCurve" success="True" time="0.810664" executed="True" asserts="5" result="Success" />
          <test-case name="CurveByPoints" success="True" time="0.6356032" executed="True" asserts="4" result="Success" />
          <test-case name="CurveLoop" success="True" time="0.4813869" executed="True" asserts="1" result="Success" />
          <test-case name="CurvebyPointsArc" success="True" time="0.8397996" executed="True" asserts="2" result="Success" />
          <test-case name="OffsetCurve" success="True" time="0.6856519" executed="True" asserts="1" result="Success" />
          <test-case name="ThickenCurve" success="True" time="0.6152258" executed="True" asserts="1" result="Success" />
          <test-case name="CurveByPointsByLineNode" success="True" time="0.8310209" executed="True" asserts="2" result="Success" />
          <test-case name="ClosedCurve" success="True" time="0.8514192" executed="True" asserts="2" result="Success" />
          <test-case name="CurvebyPointsEllipse" success="True" time="0.9798011" executed="True" asserts="2" result="Success" />
        </results>
      </test-suite>
      <test-suite name="FamilyTests" description="Unit tests in Revit." time="2.0059062" asserts="8" type="TestFixture" result="Success" executed="True">
        <results>
          <test-case name="FamilyTypeSelectorNode" success="True" time="0.2422301" executed="True" asserts="4" result="Success" />
          <test-case name="GetFamilyInstancesByType" success="True" time="0.8858419" executed="True" asserts="3" result="Success" />
          <test-case name="GetFamilyInstanceLocation" success="True" time="0.8778342" executed="True" asserts="1" result="Success" />
        </results>
      </test-suite>
      <test-suite name="DividedSurfaceTests" description="Unit tests in Revit." time="2.1918809" asserts="6" type="TestFixture" result="Success" executed="True">
        <results>
          <test-case name="DividedSurface" success="True" time="2.1918809" executed="True" asserts="6" result="Success" />
        </results>
      </test-suite>
      <test-suite name="DatumsTests" description="Unit tests in Revit." time="0.8425484" asserts="4" type="TestFixture" result="Success" executed="True">
        <results>
          <test-case name="Level" success="True" time="0.8425484" executed="True" asserts="4" result="Success" />
        </results>
      </test-suite>
      <test-suite name="IntersectionTests" description="Unit tests in Revit." time="3.0436082" asserts="3" type="TestFixture" result="Success" executed="True">
        <results>
          <test-case name="CurveCurveIntersection" success="True" time="0.6107856" executed="True" asserts="1" result="Success" />
          <test-case name="CurveFaceIntersection" success="True" time="1.6981228" executed="True" asserts="1" result="Success" />
          <test-case name="FaceFaceIntersection" success="True" time="0.7346998" executed="True" asserts="1" result="Success" />
        </results>
      </test-suite>
      <test-suite name="MeasureTests" description="Unit tests in Revit." time="1.3823137" asserts="3" type="TestFixture" result="Success" executed="True">
        <results>
          <test-case name="GetCurveDomain" success="True" time="0.6526207" executed="True" asserts="1" result="Success" />
          <test-case name="Length" success="True" time="0.3263101" executed="True" asserts="1" result="Success" />
          <test-case name="UVRandom" success="True" time="0.4033829" executed="True" asserts="1" result="Success" />
        </results>
      </test-suite>
      <test-suite name="MiscTests" description="Unit tests in Revit." time="1.929816" asserts="2" type="TestFixture" result="Success" executed="True">
        <results>
          <test-case name="GetMaterialByName" success="True" time="0.4598973" executed="True" asserts="1" result="Success" />
          <test-case name="ModelText" success="True" time="1.4699187" executed="True" asserts="1" result="Success" />
        </results>
      </test-suite>
      <test-suite name="PointTests" description="Unit tests in Revit." time="0.7727312" asserts="2" type="TestFixture" result="Success" executed="True">
        <results>
          <test-case name="ReferencePoint" success="True" time="0.4904644" executed="True" asserts="1" result="Success" />
          <test-case name="CanCreateAndDeleteAReferencePoint" success="False" time="0.0390372" executed="True" asserts="0" result="Error" />
          <test-case name="XYZFromReferencePoint" success="True" time="0.2432296" executed="True" asserts="1" result="Success" />
        </results>
      </test-suite>
      <test-suite name="RegressionTests" description="Unit tests in Revit." time="0.0090089" asserts="0" type="TestFixture" result="Success" executed="True">
        <results>
          <test-case name="Regressions" success="False" time="0.0090089" executed="False" asserts="0" result="NotRunnable" />
        </results>
      </test-suite>
      <test-suite name="SampleTests" description="Unit tests in Revit." time="62.3400284" asserts="9" type="TestFixture" result="Success" executed="True">
        <results>
          <test-case name="CreatePointSequenceSample" success="True" time="0.5869814" executed="True" asserts="0" result="Success" />
          <test-case name="CreatePointEndSample" success="True" time="0.8208366" executed="True" asserts="0" result="Success" />
          <test-case name="CreatePointSample" success="True" time="0.5068999" executed="True" asserts="0" result="Success" />
          <test-case name="RefGridSlidersSample" success="True" time="1.2948495" executed="True" asserts="0" result="Success" />
          <test-case name="RefGridSlidersEndSample" success="True" time="0.917765" executed="True" asserts="0" result="Success" />
          <test-case name="DivideSelectedCurveEndSample" success="True" time="0.6395184" executed="True" asserts="1" result="Success" />
          <test-case name="DivideSelectedCurveSample" success="True" time="0.7770908" executed="True" asserts="1" result="Success" />
          <test-case name="FormFromCurveSelectionListSample" success="True" time="1.5412188" executed="True" asserts="1" result="Success" />
          <test-case name="FormFromCurveSelectionSample" success="True" time="0.7945548" executed="True" asserts="0" result="Success" />
          <test-case name="GraphFunctionAndConnectPointsSample" success="True" time="1.3331944" executed="True" asserts="4" result="Success" />
          <test-case name="ScalableGraphFunctionSample" success="True" time="0.9128454" executed="True" asserts="0" result="Success" />
          <test-case name="GraphFunctionSample" success="True" time="0.6727523" executed="True" asserts="2" result="Success" />
          <test-case name="InstParamSample" success="True" time="26.3266774" executed="True" asserts="0" result="Success" />
          <test-case name="InstParam2MassesSample" success="True" time="8.8900959" executed="True" asserts="0" result="Success" />
          <test-case name="InstParam2MassesDrivingEachOtherSample" success="True" time="7.9169147" executed="True" asserts="0" result="Success" />
          <test-case name="InstParam2MassesDrivingEachOtherSample" success="True" time="8.4078331" executed="True" asserts="0" result="Success" />
        </results>
      </test-suite>
      <test-suite name="SolidTests" description="Unit tests in Revit." time="4.6690531" asserts="8" type="TestFixture" result="Success" executed="True">
        <results>
          <test-case name="BlendSolid" success="True" time="0.7681283" executed="True" asserts="2" result="Success" />
          <test-case name="Loft" success="True" time="1.0392082" executed="True" asserts="2" result="Success" />
          <test-case name="RevolveSolid" success="True" time="1.8917364" executed="True" asserts="2" result="Success" />
          <test-case name="SolidBySkeleton" success="True" time="0.0340322" executed="True" asserts="0" result="Success" />
          <test-case name="SweepToMakeSolid" success="True" time="0.935948" executed="True" asserts="2" result="Success" />
        </results>
      </test-suite>
      <test-suite name="ViewTests" description="Unit tests in Revit." time="20.1596364" asserts="3" type="TestFixture" result="Success" executed="True">
        <results>
          <test-case name="AxonometricView" success="True" time="8.5273313" executed="True" asserts="1" result="Success" />
          <test-case name="OverrideElementColorInView" success="True" time="2.6258428" executed="True" asserts="1" result="Success" />
          <test-case name="PerspectiveView" success="True" time="9.0064623" executed="True" asserts="1" result="Success" />
        </results>
      </test-suite>
    </results>
  </test-suite>
</test-results>